<?xml version="1.0" encoding="UTF-8" ?>
<testsuite tests="1" failures="1" name="teamsnap.entities.LeagueTest" time="9.864" errors="0" skipped="0">
  <properties>
    <property name="java.runtime.name" value="Java(TM) SE Runtime Environment"/>
    <property name="sun.boot.library.path" value="C:\Program Files\Java\jdk1.8.0_101\jre\bin"/>
    <property name="java.vm.version" value="25.101-b13"/>
    <property name="java.vm.vendor" value="Oracle Corporation"/>
    <property name="maven.multiModuleProjectDirectory" value="C:\Users\rolan\workspace\teamsnap"/>
    <property name="java.vendor.url" value="http://java.oracle.com/"/>
    <property name="path.separator" value=";"/>
    <property name="guice.disable.misplaced.annotation.check" value="true"/>
    <property name="java.vm.name" value="Java HotSpot(TM) 64-Bit Server VM"/>
    <property name="file.encoding.pkg" value="sun.io"/>
    <property name="user.script" value=""/>
    <property name="user.country" value="CA"/>
    <property name="sun.java.launcher" value="SUN_STANDARD"/>
    <property name="sun.os.patch.level" value=""/>
    <property name="java.vm.specification.name" value="Java Virtual Machine Specification"/>
    <property name="user.dir" value="C:\Users\rolan\workspace\teamsnap"/>
    <property name="java.runtime.version" value="1.8.0_101-b13"/>
    <property name="java.awt.graphicsenv" value="sun.awt.Win32GraphicsEnvironment"/>
    <property name="java.endorsed.dirs" value="C:\Program Files\Java\jdk1.8.0_101\jre\lib\endorsed"/>
    <property name="os.arch" value="amd64"/>
    <property name="java.io.tmpdir" value="C:\Users\rolan\AppData\Local\Temp\"/>
    <property name="line.separator" value="
"/>
    <property name="java.vm.specification.vendor" value="Oracle Corporation"/>
    <property name="user.variant" value=""/>
    <property name="os.name" value="Windows 10"/>
    <property name="classworlds.conf" value="C:\Users\rolan\workspace\.metadata\.plugins\org.eclipse.m2e.launching\launches\m2conf1901788629112410308.tmp"/>
    <property name="sun.jnu.encoding" value="Cp1252"/>
    <property name="java.library.path" value="C:\Program Files\Java\jdk1.8.0_101\bin;C:\WINDOWS\Sun\Java\bin;C:\WINDOWS\system32;C:\WINDOWS;C:/Program Files/Java/jre1.8.0_121/bin/server;C:/Program Files/Java/jre1.8.0_121/bin;C:/Program Files/Java/jre1.8.0_121/lib/amd64;C:\ProgramData\Oracle\Java\javapath;C:\Program Files (x86)\Intel\iCLS Client\;C:\Program Files\Intel\iCLS Client\;C:\WINDOWS\system32;C:\WINDOWS;C:\WINDOWS\System32\Wbem;C:\WINDOWS\System32\WindowsPowerShell\v1.0\;C:\Program Files\Intel\IntelSGXPSW\bin\x64\Release\;C:\Program Files\Intel\IntelSGXPSW\bin\win32\Release\;C:\Program Files\Hewlett-Packard\SimplePass\;C:\Program Files (x86)\Intel\Intel(R) Management Engine Components\DAL;C:\Program Files\Intel\Intel(R) Management Engine Components\DAL;C:\Program Files (x86)\Intel\Intel(R) Management Engine Components\IPT;C:\Program Files\Intel\Intel(R) Management Engine Components\IPT;C:\Program Files\Intel\WiFi\bin\;C:\Program Files\Common Files\Intel\WirelessCommon\;C:\Program Files\CloudFoundry;C:\WINDOWS\system32\config\systemprofile\.dnx\bin;C:\Program Files\Microsoft DNX\Dnvm\;C:\Program Files\Microsoft SQL Server\130\Tools\Binn\;C:\Program Files\Git\cmd;C:\Program Files\Git\mingw64\bin;C:\Program Files\Git\usr\bin;C:\Program Files (x86)\Windows Kits\8.1\Windows Performance Toolkit\;C:\Program Files (x86)\nodejs\;C:\Program Files (x86)\Skype\Phone\;C:\Users\rolan\AppData\Local\Microsoft\WindowsApps;C:\Users\rolan\AppData\Roaming\npm;C:\Program Files (x86)\Microsoft VS Code\bin;;C:\Program Files\eclipse;;."/>
    <property name="java.specification.name" value="Java Platform API Specification"/>
    <property name="java.class.version" value="52.0"/>
    <property name="sun.management.compiler" value="HotSpot 64-Bit Tiered Compilers"/>
    <property name="os.version" value="10.0"/>
    <property name="user.home" value="C:\Users\rolan"/>
    <property name="user.timezone" value="America/New_York"/>
    <property name="java.awt.printerjob" value="sun.awt.windows.WPrinterJob"/>
    <property name="java.specification.version" value="1.8"/>
    <property name="file.encoding" value="Cp1252"/>
    <property name="user.name" value="rolan"/>
    <property name="java.class.path" value="/C:/Program Files/eclipse/../../Users/rolan/.eclipse/org.eclipse.platform_4.6.1_1709980481_win32_win32_x86_64/plugins/org.eclipse.m2e.maven.runtime_1.7.0.20160603-1931/jars/plexus-classworlds-2.5.2.jar"/>
    <property name="java.vm.specification.version" value="1.8"/>
    <property name="sun.arch.data.model" value="64"/>
    <property name="java.home" value="C:\Program Files\Java\jdk1.8.0_101\jre"/>
    <property name="sun.java.command" value="org.codehaus.plexus.classworlds.launcher.Launcher -B install exec:java"/>
    <property name="java.specification.vendor" value="Oracle Corporation"/>
    <property name="user.language" value="en"/>
    <property name="awt.toolkit" value="sun.awt.windows.WToolkit"/>
    <property name="java.vm.info" value="mixed mode"/>
    <property name="java.version" value="1.8.0_101"/>
    <property name="java.ext.dirs" value="C:\Program Files\Java\jdk1.8.0_101\jre\lib\ext;C:\WINDOWS\Sun\Java\lib\ext"/>
    <property name="sun.boot.class.path" value="C:\Program Files\Java\jdk1.8.0_101\jre\lib\resources.jar;C:\Program Files\Java\jdk1.8.0_101\jre\lib\rt.jar;C:\Program Files\Java\jdk1.8.0_101\jre\lib\sunrsasign.jar;C:\Program Files\Java\jdk1.8.0_101\jre\lib\jsse.jar;C:\Program Files\Java\jdk1.8.0_101\jre\lib\jce.jar;C:\Program Files\Java\jdk1.8.0_101\jre\lib\charsets.jar;C:\Program Files\Java\jdk1.8.0_101\jre\lib\jfr.jar;C:\Program Files\Java\jdk1.8.0_101\jre\classes"/>
    <property name="java.vendor" value="Oracle Corporation"/>
    <property name="maven.home" value="C:\Users\rolan\workspace\teamsnap\EMBEDDED"/>
    <property name="file.separator" value="\"/>
    <property name="java.vendor.url.bug" value="http://bugreport.sun.com/bugreport/"/>
    <property name="sun.cpu.endian" value="little"/>
    <property name="sun.io.unicode.encoding" value="UnicodeLittle"/>
    <property name="sun.desktop" value="windows"/>
    <property name="sun.cpu.isalist" value="amd64"/>
  </properties>
  <testcase classname="teamsnap.entities.LeagueTest" name="testGetLocationByName" time="9.864">
    <failure type="java.lang.AssertionError">java.lang.AssertionError
	at org.junit.Assert.fail(Assert.java:86)
	at org.junit.Assert.assertTrue(Assert.java:41)
	at org.junit.Assert.assertNotNull(Assert.java:621)
	at org.junit.Assert.assertNotNull(Assert.java:631)
	at teamsnap.entities.LeagueTest.testGetLocationByName(LeagueTest.java:14)
	at sun.reflect.NativeMethodAccessorImpl.invoke0(Native Method)
	at sun.reflect.NativeMethodAccessorImpl.invoke(NativeMethodAccessorImpl.java:62)
	at sun.reflect.DelegatingMethodAccessorImpl.invoke(DelegatingMethodAccessorImpl.java:43)
	at java.lang.reflect.Method.invoke(Method.java:498)
	at org.junit.runners.model.FrameworkMethod$1.runReflectiveCall(FrameworkMethod.java:47)
	at org.junit.internal.runners.model.ReflectiveCallable.run(ReflectiveCallable.java:12)
	at org.junit.runners.model.FrameworkMethod.invokeExplosively(FrameworkMethod.java:44)
	at org.junit.internal.runners.statements.InvokeMethod.evaluate(InvokeMethod.java:17)
	at org.junit.runners.ParentRunner.runLeaf(ParentRunner.java:271)
	at org.junit.runners.BlockJUnit4ClassRunner.runChild(BlockJUnit4ClassRunner.java:70)
	at org.junit.runners.BlockJUnit4ClassRunner.runChild(BlockJUnit4ClassRunner.java:50)
	at org.junit.runners.ParentRunner$3.run(ParentRunner.java:238)
	at org.junit.runners.ParentRunner$1.schedule(ParentRunner.java:63)
	at org.junit.runners.ParentRunner.runChildren(ParentRunner.java:236)
	at org.junit.runners.ParentRunner.access$000(ParentRunner.java:53)
	at org.junit.runners.ParentRunner$2.evaluate(ParentRunner.java:229)
	at org.junit.runners.ParentRunner.run(ParentRunner.java:309)
	at org.apache.maven.surefire.junit4.JUnit4Provider.execute(JUnit4Provider.java:252)
	at org.apache.maven.surefire.junit4.JUnit4Provider.executeTestSet(JUnit4Provider.java:141)
	at org.apache.maven.surefire.junit4.JUnit4Provider.invoke(JUnit4Provider.java:112)
	at sun.reflect.NativeMethodAccessorImpl.invoke0(Native Method)
	at sun.reflect.NativeMethodAccessorImpl.invoke(NativeMethodAccessorImpl.java:62)
	at sun.reflect.DelegatingMethodAccessorImpl.invoke(DelegatingMethodAccessorImpl.java:43)
	at java.lang.reflect.Method.invoke(Method.java:498)
	at org.apache.maven.surefire.util.ReflectionUtils.invokeMethodWithArray(ReflectionUtils.java:189)
	at org.apache.maven.surefire.booter.ProviderFactory$ProviderProxy.invoke(ProviderFactory.java:165)
	at org.apache.maven.surefire.booter.ProviderFactory.invokeProvider(ProviderFactory.java:85)
	at org.apache.maven.surefire.booter.ForkedBooter.runSuitesInProcess(ForkedBooter.java:115)
	at org.apache.maven.surefire.booter.ForkedBooter.main(ForkedBooter.java:75)
</failure>
    <system-err>Aug 05, 2017 6:33:21 PM teamsnap.auth.Authorization &lt;init&gt;
INFO: {&quot;access_token&quot;:&quot;a68d8edd32c91d14d5a562b311a229bdc31ec77e724f03bb671c7bdcaeca0a81&quot;,&quot;scope&quot;:&quot;read write&quot;,&quot;created_at&quot;:1501972404,&quot;token_type&quot;:&quot;bearer&quot;}
Aug 05, 2017 6:33:22 PM teamsnap.apiClient.Query execute
INFO: {&quot;collection&quot;:{&quot;template&quot;:{&quot;data&quot;:[{&quot;name&quot;:&quot;name&quot;,&quot;value&quot;:null},{&quot;name&quot;:&quot;url&quot;,&quot;value&quot;:null},{&quot;name&quot;:&quot;phone&quot;,&quot;value&quot;:null},{&quot;name&quot;:&quot;notes&quot;,&quot;value&quot;:null},{&quot;name&quot;:&quot;address&quot;,&quot;value&quot;:null},{&quot;name&quot;:&quot;division_id&quot;,&quot;value&quot;:null},{&quot;name&quot;:&quot;type&quot;,&quot;value&quot;:&quot;division_location&quot;}]},&quot;rel&quot;:&quot;division_locations&quot;,&quot;links&quot;:[{&quot;rel&quot;:&quot;events&quot;,&quot;href&quot;:&quot;https://api.teamsnap.com/v3/events&quot;},{&quot;rel&quot;:&quot;root&quot;,&quot;href&quot;:&quot;https://api.teamsnap.com/v3/&quot;},{&quot;rel&quot;:&quot;self&quot;,&quot;href&quot;:&quot;https://api.teamsnap.com/v3/division_locations/search?division_id=219060&quot;}],&quot;href&quot;:&quot;https://api.teamsnap.com/v3/division_locations&quot;,&quot;version&quot;:&quot;3.518.0&quot;,&quot;queries&quot;:[{&quot;data&quot;:[{&quot;name&quot;:&quot;division_id&quot;,&quot;value&quot;:null},{&quot;name&quot;:&quot;team_id&quot;,&quot;value&quot;:null},{&quot;name&quot;:&quot;id&quot;,&quot;value&quot;:null},{&quot;name&quot;:&quot;page_size&quot;,&quot;value&quot;:null,&quot;prompt&quot;:&quot;The number of items to return for each page. Sending this parameter with the query will enable paging for the returned collection.&quot;},{&quot;name&quot;:&quot;page_number&quot;,&quot;value&quot;:null,&quot;prompt&quot;:&quot;The number of the page to be returned. This requires that paging be turned on by also providing the page_size parameter.&quot;}],&quot;rel&quot;:&quot;search&quot;,&quot;href&quot;:&quot;https://api.teamsnap.com/v3/division_locations/search&quot;}],&quot;items&quot;:[{&quot;data&quot;:[{&quot;name&quot;:&quot;id&quot;,&quot;type&quot;:&quot;String&quot;,&quot;value&quot;:28324699},{&quot;name&quot;:&quot;type&quot;,&quot;type&quot;:&quot;String&quot;,&quot;value&quot;:&quot;division_location&quot;},{&quot;name&quot;:&quot;address&quot;,&quot;type&quot;:&quot;String&quot;,&quot;value&quot;:&quot;10 rue Radisson, Candiac, Quebec&quot;},{&quot;name&quot;:&quot;name&quot;,&quot;type&quot;:&quot;String&quot;,&quot;value&quot;:&quot;2 Glaces - Candiac&quot;},{&quot;name&quot;:&quot;notes&quot;,&quot;type&quot;:&quot;String&quot;,&quot;value&quot;:null},{&quot;name&quot;:&quot;phone&quot;,&quot;type&quot;:&quot;String&quot;,&quot;value&quot;:null},{&quot;name&quot;:&quot;division_id&quot;,&quot;type&quot;:&quot;String&quot;,&quot;value&quot;:219060},{&quot;name&quot;:&quot;url&quot;,&quot;type&quot;:&quot;String&quot;,&quot;value&quot;:&quot;https://maps.google.com/?ie=UTF8&amp;mrt=loc&amp;t=h&amp;view=map&amp;z=15&amp;output=embed&amp;q=10%2brue%2bRadisson%2bCandiac%2bQuebec%2bCanada%2bJ5R3X8&quot;}],&quot;rel&quot;:&quot;division_location-28324699&quot;,&quot;links&quot;:[{&quot;rel&quot;:&quot;events&quot;,&quot;href&quot;:&quot;https://api.teamsnap.com/v3/events/search?location_id=28324699&quot;}],&quot;href&quot;:&quot;https://api.teamsnap.com/v3/division_locations/28324699&quot;},{&quot;data&quot;:[{&quot;name&quot;:&quot;id&quot;,&quot;type&quot;:&quot;String&quot;,&quot;value&quot;:28324702},{&quot;name&quot;:&quot;type&quot;,&quot;type&quot;:&quot;String&quot;,&quot;value&quot;:&quot;division_location&quot;},{&quot;name&quot;:&quot;address&quot;,&quot;type&quot;:&quot;String&quot;,&quot;value&quot;:&quot;450 Centrale Street,, Memramcook, New Brunswick&quot;},{&quot;name&quot;:&quot;name&quot;,&quot;type&quot;:&quot;String&quot;,&quot;value&quot;:&quot;Arena Eugene Leblanc&quot;},{&quot;name&quot;:&quot;notes&quot;,&quot;type&quot;:&quot;String&quot;,&quot;value&quot;:null},{&quot;name&quot;:&quot;phone&quot;,&quot;type&quot;:&quot;String&quot;,&quot;value&quot;:null},{&quot;name&quot;:&quot;division_id&quot;,&quot;type&quot;:&quot;String&quot;,&quot;value&quot;:219060},{&quot;name&quot;:&quot;url&quot;,&quot;type&quot;:&quot;String&quot;,&quot;value&quot;:&quot;https://maps.google.com/?ie=UTF8&amp;mrt=loc&amp;t=h&amp;view=map&amp;z=15&amp;output=embed&amp;q=450%2bCentrale%2bStreet%2c%2bMemramcook%2bNew%2bBrunswick%2bCanada%2bE4K%2b3S5&quot;}],&quot;rel&quot;:&quot;division_location-28324702&quot;,&quot;links&quot;:[{&quot;rel&quot;:&quot;events&quot;,&quot;href&quot;:&quot;https://api.teamsnap.com/v3/events/search?location_id=28324702&quot;}],&quot;href&quot;:&quot;https://api.teamsnap.com/v3/division_locations/28324702&quot;},{&quot;data&quot;:[{&quot;name&quot;:&quot;id&quot;,&quot;type&quot;:&quot;String&quot;,&quot;value&quot;:28324703},{&quot;name&quot;:&quot;type&quot;,&quot;type&quot;:&quot;String&quot;,&quot;value&quot;:&quot;division_location&quot;},{&quot;name&quot;:&quot;address&quot;,&quot;type&quot;:&quot;String&quot;,&quot;value&quot;:&quot;77 James St., Arnprior, Ontario&quot;},{&quot;name&quot;:&quot;name&quot;,&quot;type&quot;:&quot;String&quot;,&quot;value&quot;:&quot;Arnprior A&quot;},{&quot;name&quot;:&quot;notes&quot;,&quot;type&quot;:&quot;String&quot;,&quot;value&quot;:null},{&quot;name&quot;:&quot;phone&quot;,&quot;type&quot;:&quot;String&quot;,&quot;value&quot;:null},{&quot;name&quot;:&quot;division_id&quot;,&quot;type&quot;:&quot;String&quot;,&quot;value&quot;:219060},{&quot;name&quot;:&quot;url&quot;,&quot;type&quot;:&quot;String&quot;,&quot;value&quot;:&quot;https://maps.google.com/?ie=UTF8&amp;mrt=loc&amp;t=h&amp;view=map&amp;z=15&amp;output=embed&amp;q=77%2bJames%2bSt.%2bArnprior%2bOntario%2bCanada&quot;}],&quot;rel&quot;:&quot;division_location-28324703&quot;,&quot;links&quot;:[{&quot;rel&quot;:&quot;events&quot;,&quot;href&quot;:&quot;https://api.teamsnap.com/v3/events/search?location_id=28324703&quot;}],&quot;href&quot;:&quot;https://api.teamsnap.com/v3/division_locations/28324703&quot;},{&quot;data&quot;:[{&quot;name&quot;:&quot;id&quot;,&quot;type&quot;:&quot;String&quot;,&quot;value&quot;:28324705},{&quot;name&quot;:&quot;type&quot;,&quot;type&quot;:&quot;String&quot;,&quot;value&quot;:&quot;division_location&quot;},{&quot;name&quot;:&quot;address&quot;,&quot;type&quot;:&quot;String&quot;,&quot;value&quot;:&quot;77 James St., Arnprior, Ontario&quot;},{&quot;name&quot;:&quot;name&quot;,&quot;type&quot;:&quot;String&quot;,&quot;value&quot;:&quot;Arnprior B&quot;},{&quot;name&quot;:&quot;notes&quot;,&quot;type&quot;:&quot;String&quot;,&quot;value&quot;:null},{&quot;name&quot;:&quot;phone&quot;,&quot;type&quot;:&quot;String&quot;,&quot;value&quot;:null},{&quot;name&quot;:&quot;division_id&quot;,&quot;type&quot;:&quot;String&quot;,&quot;value&quot;:219060},{&quot;name&quot;:&quot;url&quot;,&quot;type&quot;:&quot;String&quot;,&quot;value&quot;:&quot;https://maps.google.com/?ie=UTF8&amp;mrt=loc&amp;t=h&amp;view=map&amp;z=15&amp;output=embed&amp;q=77%2bJames%2bSt.%2bArnprior%2bOntario%2bCanada&quot;}],&quot;rel&quot;:&quot;division_location-28324705&quot;,&quot;links&quot;:[{&quot;rel&quot;:&quot;events&quot;,&quot;href&quot;:&quot;https://api.teamsnap.com/v3/events/search?location_id=28324705&quot;}],&quot;href&quot;:&quot;https://api.teamsnap.com/v3/division_locations/28324705&quot;},{&quot;data&quot;:[{&quot;name&quot;:&quot;id&quot;,&quot;type&quot;:&quot;String&quot;,&quot;value&quot;:28324708},{&quot;name&quot;:&quot;type&quot;,&quot;type&quot;:&quot;String&quot;,&quot;value&quot;:&quot;division_location&quot;},{&quot;name&quot;:&quot;address&quot;,&quot;type&quot;:&quot;String&quot;,&quot;value&quot;:&quot;2250 Torquay Ave, Ottawa, Ontario&quot;},{&quot;name&quot;:&quot;name&quot;,&quot;type&quot;:&quot;String&quot;,&quot;value&quot;:&quot;Barbara Anne Scott&quot;},{&quot;name&quot;:&quot;notes&quot;,&quot;type&quot;:&quot;String&quot;,&quot;value&quot;:null},{&quot;name&quot;:&quot;phone&quot;,&quot;type&quot;:&quot;String&quot;,&quot;value&quot;:null},{&quot;name&quot;:&quot;division_id&quot;,&quot;type&quot;:&quot;String&quot;,&quot;value&quot;:219060},{&quot;name&quot;:&quot;url&quot;,&quot;type&quot;:&quot;String&quot;,&quot;value&quot;:&quot;https://maps.google.com/?ie=UTF8&amp;mrt=loc&amp;t=h&amp;view=map&amp;z=15&amp;output=embed&amp;q=2250%2bTorquay%2bAve%2bOttawa%2bOntario%2bCanada%2bK2C1J3&quot;}],&quot;rel&quot;:&quot;division_location-28324708&quot;,&quot;links&quot;:[{&quot;rel&quot;:&quot;events&quot;,&quot;href&quot;:&quot;https://api.teamsnap.com/v3/events/search?location_id=28324708&quot;}],&quot;href&quot;:&quot;https://api.teamsnap.com/v3/division_locations/28324708&quot;},{&quot;data&quot;:[{&quot;name&quot;:&quot;id&quot;,&quot;type&quot;:&quot;String&quot;,&quot;value&quot;:28324711},{&quot;name&quot;:&quot;type&quot;,&quot;type&quot;:&quot;String&quot;,&quot;value&quot;:&quot;division_location&quot;},{&quot;name&quot;:&quot;address&quot;,&quot;type&quot;:&quot;String&quot;,&quot;value&quot;:&quot;231 Magnus Rue E, Gatineau, Quebec&quot;},{&quot;name&quot;:&quot;name&quot;,&quot;type&quot;:&quot;String&quot;,&quot;value&quot;:&quot;Baribeau&quot;},{&quot;name&quot;:&quot;notes&quot;,&quot;type&quot;:&quot;String&quot;,&quot;value&quot;:null},{&quot;name&quot;:&quot;phone&quot;,&quot;type&quot;:&quot;String&quot;,&quot;value&quot;:null},{&quot;name&quot;:&quot;division_id&quot;,&quot;type&quot;:&quot;String&quot;,&quot;value&quot;:219060},{&quot;name&quot;:&quot;url&quot;,&quot;type&quot;:&quot;String&quot;,&quot;value&quot;:&quot;https://maps.google.com/?ie=UTF8&amp;mrt=loc&amp;t=h&amp;view=map&amp;z=15&amp;output=embed&amp;q=231%2bMagnus%2bRue%2bE%2bGatineau%2bQuebec%2bCanada&quot;}],&quot;rel&quot;:&quot;division_location-28324711&quot;,&quot;links&quot;:[{&quot;rel&quot;:&quot;events&quot;,&quot;href&quot;:&quot;https://api.teamsnap.com/v3/events/search?location_id=28324711&quot;}],&quot;href&quot;:&quot;https://api.teamsnap.com/v3/division_locations/28324711&quot;},{&quot;data&quot;:[{&quot;name&quot;:&quot;id&quot;,&quot;type&quot;:&quot;String&quot;,&quot;value&quot;:28324714},{&quot;name&quot;:&quot;type&quot;,&quot;type&quot;:&quot;String&quot;,&quot;value&quot;:&quot;division_location&quot;},{&quot;name&quot;:&quot;address&quot;,&quot;type&quot;:&quot;String&quot;,&quot;value&quot;:&quot;3280 Leitrim Rd., Ottawa, Ontario&quot;},{&quot;name&quot;:&quot;name&quot;,&quot;type&quot;:&quot;String&quot;,&quot;value&quot;:&quot;Barrett East&quot;},{&quot;name&quot;:&quot;notes&quot;,&quot;type&quot;:&quot;String&quot;,&quot;value&quot;:null},{&quot;name&quot;:&quot;phone&quot;,&quot;type&quot;:&quot;String&quot;,&quot;value&quot;:null},{&quot;name&quot;:&quot;division_id&quot;,&quot;type&quot;:&quot;String&quot;,&quot;value&quot;:219060},{&quot;name&quot;:&quot;url&quot;,&quot;type&quot;:&quot;String&quot;,&quot;value&quot;:&quot;https://maps.google.com/?ie=UTF8&amp;mrt=loc&amp;t=h&amp;view=map&amp;z=15&amp;output=embed&amp;q=3280%2bLeitrim%2bRd.%2bOttawa%2bOntario%2bCanada&quot;}],&quot;rel&quot;:&quot;division_location-28324714&quot;,&quot;links&quot;:[{&quot;rel&quot;:&quot;events&quot;,&quot;href&quot;:&quot;https://api.teamsnap.com/v3/events/search?location_id=28324714&quot;}],&quot;href&quot;:&quot;https://api.teamsnap.com/v3/division_locations/28324714&quot;},{&quot;data&quot;:[{&quot;name&quot;:&quot;id&quot;,&quot;type&quot;:&quot;String&quot;,&quot;value&quot;:28324717},{&quot;name&quot;:&quot;type&quot;,&quot;type&quot;:&quot;String&quot;,&quot;value&quot;:&quot;division_location&quot;},{&quot;name&quot;:&quot;address&quot;,&quot;type&quot;:&quot;String&quot;,&quot;value&quot;:&quot;3280 Leitrim Rd., Ottawa, Ontario&quot;},{&quot;name&quot;:&quot;name&quot;,&quot;type&quot;:&quot;String&quot;,&quot;value&quot;:&quot;Barrett West&quot;},{&quot;name&quot;:&quot;notes&quot;,&quot;type&quot;:&quot;String&quot;,&quot;value&quot;:null},{&quot;name&quot;:&quot;phone&quot;,&quot;type&quot;:&quot;String&quot;,&quot;value&quot;:null},{&quot;name&quot;:&quot;division_id&quot;,&quot;type&quot;:&quot;String&quot;,&quot;value&quot;:219060},{&quot;name&quot;:&quot;url&quot;,&quot;type&quot;:&quot;String&quot;,&quot;value&quot;:&quot;https://maps.google.com/?ie=UTF8&amp;mrt=loc&amp;t=h&amp;view=map&amp;z=15&amp;output=embed&amp;q=3280%2bLeitrim%2bRd.%2bOttawa%2bOntario%2bCanada&quot;}],&quot;rel&quot;:&quot;division_location-28324717&quot;,&quot;links&quot;:[{&quot;rel&quot;:&quot;events&quot;,&quot;href&quot;:&quot;https://api.teamsnap.com/v3/events/search?location_id=28324717&quot;}],&quot;href&quot;:&quot;https://api.teamsnap.com/v3/division_locations/28324717&quot;},{&quot;data&quot;:[{&quot;name&quot;:&quot;id&quot;,&quot;type&quot;:&quot;String&quot;,&quot;value&quot;:28324718},{&quot;name&quot;:&quot;type&quot;,&quot;type&quot;:&quot;String&quot;,&quot;value&quot;:&quot;division_location&quot;},{&quot;name&quot;:&quot;address&quot;,&quot;type&quot;:&quot;String&quot;,&quot;value&quot;:&quot;1974 City Ln, Beaconsfield, Quebec&quot;},{&quot;name&quot;:&quot;name&quot;,&quot;type&quot;:&quot;String&quot;,&quot;value&quot;:&quot;Beaconsfield&quot;},{&quot;name&quot;:&quot;notes&quot;,&quot;type&quot;:&quot;String&quot;,&quot;value&quot;:null},{&quot;name&quot;:&quot;phone&quot;,&quot;type&quot;:&quot;String&quot;,&quot;value&quot;:null},{&quot;name&quot;:&quot;division_id&quot;,&quot;type&quot;:&quot;String&quot;,&quot;value&quot;:219060},{&quot;name&quot;:&quot;url&quot;,&quot;type&quot;:&quot;String&quot;,&quot;value&quot;:&quot;https://maps.google.com/?ie=UTF8&amp;mrt=loc&amp;t=h&amp;view=map&amp;z=15&amp;output=embed&amp;q=1974%2bCity%2bLn%2bBeaconsfield%2bQuebec%2bCanada&quot;}],&quot;rel&quot;:&quot;division_location-28324718&quot;,&quot;links&quot;:[{&quot;rel&quot;:&quot;events&quot;,&quot;href&quot;:&quot;https://api.teamsnap.com/v3/events/search?location_id=28324718&quot;}],&quot;href&quot;:&quot;https://api.teamsnap.com/v3/division_locations/28324718&quot;},{&quot;data&quot;:[{&quot;name&quot;:&quot;id&quot;,&quot;type&quot;:&quot;String&quot;,&quot;value&quot;:28324721},{&quot;name&quot;:&quot;type&quot;,&quot;type&quot;:&quot;String&quot;,&quot;value&quot;:&quot;division_location&quot;},{&quot;name&quot;:&quot;address&quot;,&quot;type&quot;:&quot;String&quot;,&quot;value&quot;:&quot;23 rue St-Alexandre, Gatineau, Quebec&quot;},{&quot;name&quot;:&quot;name&quot;,&quot;type&quot;:&quot;String&quot;,&quot;value&quot;:&quot;Beaudry&quot;},{&quot;name&quot;:&quot;notes&quot;,&quot;type&quot;:&quot;String&quot;,&quot;value&quot;:null},{&quot;name&quot;:&quot;phone&quot;,&quot;type&quot;:&quot;String&quot;,&quot;value&quot;:null},{&quot;name&quot;:&quot;division_id&quot;,&quot;type&quot;:&quot;String&quot;,&quot;value&quot;:219060},{&quot;name&quot;:&quot;url&quot;,&quot;type&quot;:&quot;String&quot;,&quot;value&quot;:&quot;https://maps.google.com/?ie=UTF8&amp;mrt=loc&amp;t=h&amp;view=map&amp;z=15&amp;output=embed&amp;q=23%2brue%2bSt-Alexandre%2bGatineau%2bQuebec%2bCanada&quot;}],&quot;rel&quot;:&quot;division_location-28324721&quot;,&quot;links&quot;:[{&quot;rel&quot;:&quot;events&quot;,&quot;href&quot;:&quot;https://api.teamsnap.com/v3/events/search?location_id=28324721&quot;}],&quot;href&quot;:&quot;https://api.teamsnap.com/v3/division_locations/28324721&quot;},{&quot;data&quot;:[{&quot;name&quot;:&quot;id&quot;,&quot;type&quot;:&quot;String&quot;,&quot;value&quot;:28324723},{&quot;name&quot;:&quot;type&quot;,&quot;type&quot;:&quot;String&quot;,&quot;value&quot;:&quot;division_location&quot;},{&quot;name&quot;:&quot;address&quot;,&quot;type&quot;:&quot;String&quot;,&quot;value&quot;:&quot;50 Cedarview Rd, Nepean, Ontario&quot;},{&quot;name&quot;:&quot;name&quot;,&quot;type&quot;:&quot;String&quot;,&quot;value&quot;:&quot;Bell&quot;},{&quot;name&quot;:&quot;notes&quot;,&quot;type&quot;:&quot;String&quot;,&quot;value&quot;:null},{&quot;name&quot;:&quot;phone&quot;,&quot;type&quot;:&quot;String&quot;,&quot;value&quot;:null},{&quot;name&quot;:&quot;division_id&quot;,&quot;type&quot;:&quot;String&quot;,&quot;value&quot;:219060},{&quot;name&quot;:&quot;url&quot;,&quot;type&quot;:&quot;String&quot;,&quot;value&quot;:&quot;https://maps.google.com/?ie=UTF8&amp;mrt=loc&amp;t=h&amp;view=map&amp;z=15&amp;output=embed&amp;q=50%2bCedarview%2bRd%2bNepean%2bOntario%2bCanada&quot;}],&quot;rel&quot;:&quot;division_location-28324723&quot;,&quot;links&quot;:[{&quot;rel&quot;:&quot;events&quot;,&quot;href&quot;:&quot;https://api.teamsnap.com/v3/events/search?location_id=28324723&quot;}],&quot;href&quot;:&quot;https://api.teamsnap.com/v3/division_locations/28324723&quot;},{&quot;data&quot;:[{&quot;name&quot;:&quot;id&quot;,&quot;type&quot;:&quot;String&quot;,&quot;value&quot;:28324726},{&quot;name&quot;:&quot;type&quot;,&quot;type&quot;:&quot;String&quot;,&quot;value&quot;:&quot;division_location&quot;},{&quot;name&quot;:&quot;address&quot;,&quot;type&quot;:&quot;String&quot;,&quot;value&quot;:&quot;2915 Haughton Ave, Ottawa, Ontario&quot;},{&quot;name&quot;:&quot;name&quot;,&quot;type&quot;:&quot;String&quot;,&quot;value&quot;:&quot;Belltown Dome&quot;},{&quot;name&quot;:&quot;notes&quot;,&quot;type&quot;:&quot;String&quot;,&quot;value&quot;:null},{&quot;name&quot;:&quot;phone&quot;,&quot;type&quot;:&quot;String&quot;,&quot;value&quot;:null},{&quot;name&quot;:&quot;division_id&quot;,&quot;type&quot;:&quot;String&quot;,&quot;value&quot;:219060},{&quot;name&quot;:&quot;url&quot;,&quot;type&quot;:&quot;String&quot;,&quot;value&quot;:&quot;https://maps.google.com/?ie=UTF8&amp;mrt=loc&amp;t=h&amp;view=map&amp;z=15&amp;output=embed&amp;q=2915%2bHaughton%2bAve%2bOttawa%2bOntario%2bCanada%2bK2B6Z4&quot;}],&quot;rel&quot;:&quot;division_location-28324726&quot;,&quot;links&quot;:[{&quot;rel&quot;:&quot;events&quot;,&quot;href&quot;:&quot;https://api.teamsnap.com/v3/events/search?location_id=28324726&quot;}],&quot;href&quot;:&quot;https://api.teamsnap.com/v3/division_locations/28324726&quot;},{&quot;data&quot;:[{&quot;name&quot;:&quot;id&quot;,&quot;type&quot;:&quot;String&quot;,&quot;value&quot;:28324729},{&quot;name&quot;:&quot;type&quot;,&quot;type&quot;:&quot;String&quot;,&quot;value&quot;:&quot;division_location&quot;},{&quot;name&quot;:&quot;address&quot;,&quot;type&quot;:&quot;String&quot;,&quot;value&quot;:&quot;200 Glen Park Dr, Ottawa&quot;},{&quot;name&quot;:&quot;name&quot;,&quot;type&quot;:&quot;String&quot;,&quot;value&quot;:&quot;Blackburn&quot;},{&quot;name&quot;:&quot;notes&quot;,&quot;type&quot;:&quot;String&quot;,&quot;value&quot;:null},{&quot;name&quot;:&quot;phone&quot;,&quot;type&quot;:&quot;String&quot;,&quot;value&quot;:null},{&quot;name&quot;:&quot;division_id&quot;,&quot;type&quot;:&quot;String&quot;,&quot;value&quot;:219060},{&quot;name&quot;:&quot;url&quot;,&quot;type&quot;:&quot;String&quot;,&quot;value&quot;:&quot;https://maps.google.com/?ie=UTF8&amp;mrt=loc&amp;t=h&amp;view=map&amp;z=15&amp;output=embed&amp;q=200%2bGlen%2bPark%2bDr%2bOttawa%2bK1B%2b5A3&quot;}],&quot;rel&quot;:&quot;division_location-28324729&quot;,&quot;links&quot;:[{&quot;rel&quot;:&quot;events&quot;,&quot;href&quot;:&quot;https://api.teamsnap.com/v3/events/search?location_id=28324729&quot;}],&quot;href&quot;:&quot;https://api.teamsnap.com/v3/division_locations/28324729&quot;},{&quot;data&quot;:[{&quot;name&quot;:&quot;id&quot;,&quot;type&quot;:&quot;String&quot;,&quot;value&quot;:28324732},{&quot;name&quot;:&quot;type&quot;,&quot;type&quot;:&quot;String&quot;,&quot;value&quot;:&quot;division_location&quot;},{&quot;name&quot;:&quot;address&quot;,&quot;type&quot;:&quot;String&quot;,&quot;value&quot;:&quot;1009 rue de la Mairie, Blainville, Quebec&quot;},{&quot;name&quot;:&quot;name&quot;,&quot;type&quot;:&quot;String&quot;,&quot;value&quot;:&quot;Blainville&quot;},{&quot;name&quot;:&quot;notes&quot;,&quot;type&quot;:&quot;String&quot;,&quot;value&quot;:null},{&quot;name&quot;:&quot;phone&quot;,&quot;type&quot;:&quot;String&quot;,&quot;value&quot;:null},{&quot;name&quot;:&quot;division_id&quot;,&quot;type&quot;:&quot;String&quot;,&quot;value&quot;:219060},{&quot;name&quot;:&quot;url&quot;,&quot;type&quot;:&quot;String&quot;,&quot;value&quot;:&quot;https://maps.google.com/?ie=UTF8&amp;mrt=loc&amp;t=h&amp;view=map&amp;z=15&amp;output=embed&amp;q=1009%2brue%2bde%2bla%2bMairie%2bBlainville%2bQuebec%2bCanada&quot;}],&quot;rel&quot;:&quot;division_location-28324732&quot;,&quot;links&quot;:[{&quot;rel&quot;:&quot;events&quot;,&quot;href&quot;:&quot;https://api.teamsnap.com/v3/events/search?location_id=28324732&quot;}],&quot;href&quot;:&quot;https://api.teamsnap.com/v3/division_locations/28324732&quot;},{&quot;data&quot;:[{&quot;name&quot;:&quot;id&quot;,&quot;type&quot;:&quot;String&quot;,&quot;value&quot;:28324735},{&quot;name&quot;:&quot;type&quot;,&quot;type&quot;:&quot;String&quot;,&quot;value&quot;:&quot;division_location&quot;},{&quot;name&quot;:&quot;address&quot;,&quot;type&quot;:&quot;String&quot;,&quot;value&quot;:&quot;999 boul. de la Grande-AllÃ©e, Boisbriand,, Quebec&quot;},{&quot;name&quot;:&quot;name&quot;,&quot;type&quot;:&quot;String&quot;,&quot;value&quot;:&quot;Boisbriand&quot;},{&quot;name&quot;:&quot;notes&quot;,&quot;type&quot;:&quot;String&quot;,&quot;value&quot;:null},{&quot;name&quot;:&quot;phone&quot;,&quot;type&quot;:&quot;String&quot;,&quot;value&quot;:null},{&quot;name&quot;:&quot;division_id&quot;,&quot;type&quot;:&quot;String&quot;,&quot;value&quot;:219060},{&quot;name&quot;:&quot;url&quot;,&quot;type&quot;:&quot;String&quot;,&quot;value&quot;:&quot;https://maps.google.com/?ie=UTF8&amp;mrt=loc&amp;t=h&amp;view=map&amp;z=15&amp;output=embed&amp;q=999%2bboul.%2bde%2bla%2bGrande-All%c3%a9e%2bBoisbriand%2c%2bQuebec%2bCanada%2bJ7G1W&quot;}],&quot;rel&quot;:&quot;division_location-28324735&quot;,&quot;links&quot;:[{&quot;rel&quot;:&quot;events&quot;,&quot;href&quot;:&quot;https://api.teamsnap.com/v3/events/search?location_id=28324735&quot;}],&quot;href&quot;:&quot;https://api.teamsnap.com/v3/division_locations/28324735&quot;},{&quot;data&quot;:[{&quot;name&quot;:&quot;id&quot;,&quot;type&quot;:&quot;String&quot;,&quot;value&quot;:28324741},{&quot;name&quot;:&quot;type&quot;,&quot;type&quot;:&quot;String&quot;,&quot;value&quot;:&quot;division_location&quot;},{&quot;name&quot;:&quot;address&quot;,&quot;type&quot;:&quot;String&quot;,&quot;value&quot;:&quot;25 Rue De Parc, Bouctouche, New Brunswick&quot;},{&quot;name&quot;:&quot;name&quot;,&quot;type&quot;:&quot;String&quot;,&quot;value&quot;:&quot;Bouctouche Forum&quot;},{&quot;name&quot;:&quot;notes&quot;,&quot;type&quot;:&quot;String&quot;,&quot;value&quot;:null},{&quot;name&quot;:&quot;phone&quot;,&quot;type&quot;:&quot;String&quot;,&quot;value&quot;:null},{&quot;name&quot;:&quot;division_id&quot;,&quot;type&quot;:&quot;String&quot;,&quot;value&quot;:219060},{&quot;name&quot;:&quot;url&quot;,&quot;type&quot;:&quot;String&quot;,&quot;value&quot;:&quot;https://maps.google.com/?ie=UTF8&amp;mrt=loc&amp;t=h&amp;view=map&amp;z=15&amp;output=embed&amp;q=25%2bRue%2bDe%2bParc%2bBouctouche%2bNew%2bBrunswick%2bCanada%2bE4S%2b3C3&quot;}],&quot;rel&quot;:&quot;division_location-28324741&quot;,&quot;links&quot;:[{&quot;rel&quot;:&quot;events&quot;,&quot;href&quot;:&quot;https://api.teamsnap.com/v3/events/search?location_id=28324741&quot;}],&quot;href&quot;:&quot;https://api.teamsnap.com/v3/division_locations/28324741&quot;},{&quot;data&quot;:[{&quot;name&quot;:&quot;id&quot;,&quot;type&quot;:&quot;String&quot;,&quot;value&quot;:28324744},{&quot;name&quot;:&quot;type&quot;,&quot;type&quot;:&quot;String&quot;,&quot;value&quot;:&quot;division_location&quot;},{&quot;name&quot;:&quot;address&quot;,&quot;type&quot;:&quot;String&quot;,&quot;value&quot;:&quot;499 Boulevard Labrosse, Gatineau, Quebec&quot;},{&quot;name&quot;:&quot;name&quot;,&quot;type&quot;:&quot;String&quot;,&quot;value&quot;:&quot;Branchaud-Briere&quot;},{&quot;name&quot;:&quot;notes&quot;,&quot;type&quot;:&quot;String&quot;,&quot;value&quot;:null},{&quot;name&quot;:&quot;phone&quot;,&quot;type&quot;:&quot;String&quot;,&quot;value&quot;:null},{&quot;name&quot;:&quot;division_id&quot;,&quot;type&quot;:&quot;String&quot;,&quot;value&quot;:219060},{&quot;name&quot;:&quot;url&quot;,&quot;type&quot;:&quot;String&quot;,&quot;value&quot;:&quot;https://maps.google.com/?ie=UTF8&amp;mrt=loc&amp;t=h&amp;view=map&amp;z=15&amp;output=embed&amp;q=499%2bBoulevard%2bLabrosse%2bGatineau%2bQuebec%2bCanada&quot;}],&quot;rel&quot;:&quot;division_location-28324744&quot;,&quot;links&quot;:[{&quot;rel&quot;:&quot;events&quot;,&quot;href&quot;:&quot;https://api.teamsnap.com/v3/events/search?location_id=28324744&quot;}],&quot;href&quot;:&quot;https://api.teamsnap.com/v3/division_locations/28324744&quot;},{&quot;data&quot;:[{&quot;name&quot;:&quot;id&quot;,&quot;type&quot;:&quot;String&quot;,&quot;value&quot;:28324747},{&quot;name&quot;:&quot;type&quot;,&quot;type&quot;:&quot;String&quot;,&quot;value&quot;:&quot;division_location&quot;},{&quot;name&quot;:&quot;address&quot;,&quot;type&quot;:&quot;String&quot;,&quot;value&quot;:&quot;210 Hopewell Ave., Ottawa, Ontario&quot;},{&quot;name&quot;:&quot;name&quot;,&quot;type&quot;:&quot;String&quot;,&quot;value&quot;:&quot;Brewer&quot;},{&quot;name&quot;:&quot;notes&quot;,&quot;type&quot;:&quot;String&quot;,&quot;value&quot;:null},{&quot;name&quot;:&quot;phone&quot;,&quot;type&quot;:&quot;String&quot;,&quot;value&quot;:null},{&quot;name&quot;:&quot;division_id&quot;,&quot;type&quot;:&quot;String&quot;,&quot;value&quot;:219060},{&quot;name&quot;:&quot;url&quot;,&quot;type&quot;:&quot;String&quot;,&quot;value&quot;:&quot;https://maps.google.com/?ie=UTF8&amp;mrt=loc&amp;t=h&amp;view=map&amp;z=15&amp;output=embed&amp;q=210%2bHopewell%2bAve.%2bOttawa%2bOntario%2bCanada&quot;}],&quot;rel&quot;:&quot;division_location-28324747&quot;,&quot;links&quot;:[{&quot;rel&quot;:&quot;events&quot;,&quot;href&quot;:&quot;https://api.teamsnap.com/v3/events/search?location_id=28324747&quot;}],&quot;href&quot;:&quot;https://api.teamsnap.com/v3/division_locations/28324747&quot;},{&quot;data&quot;:[{&quot;name&quot;:&quot;id&quot;,&quot;type&quot;:&quot;String&quot;,&quot;value&quot;:28324750},{&quot;name&quot;:&quot;type&quot;,&quot;type&quot;:&quot;String&quot;,&quot;value&quot;:&quot;division_location&quot;},{&quot;name&quot;:&quot;address&quot;,&quot;type&quot;:&quot;String&quot;,&quot;value&quot;:&quot;981 route Lagueux, Saint-Ã\u2030tienne, Quebec&quot;},{&quot;name&quot;:&quot;name&quot;,&quot;type&quot;:&quot;String&quot;,&quot;value&quot;:&quot;Bruno Verret 1&quot;},{&quot;name&quot;:&quot;notes&quot;,&quot;type&quot;:&quot;String&quot;,&quot;value&quot;:null},{&quot;name&quot;:&quot;phone&quot;,&quot;type&quot;:&quot;String&quot;,&quot;value&quot;:null},{&quot;name&quot;:&quot;division_id&quot;,&quot;type&quot;:&quot;String&quot;,&quot;value&quot;:219060},{&quot;name&quot;:&quot;url&quot;,&quot;type&quot;:&quot;String&quot;,&quot;value&quot;:&quot;https://maps.google.com/?ie=UTF8&amp;mrt=loc&amp;t=h&amp;view=map&amp;z=15&amp;output=embed&amp;q=981%2broute%2bLagueux%2bSaint-%c3%89tienne%2bQuebec%2bCanada&quot;}],&quot;rel&quot;:&quot;division_location-28324750&quot;,&quot;links&quot;:[{&quot;rel&quot;:&quot;events&quot;,&quot;href&quot;:&quot;https://api.teamsnap.com/v3/events/search?location_id=28324750&quot;}],&quot;href&quot;:&quot;https://api.teamsnap.com/v3/division_locations/28324750&quot;},{&quot;data&quot;:[{&quot;name&quot;:&quot;id&quot;,&quot;type&quot;:&quot;String&quot;,&quot;value&quot;:28324753},{&quot;name&quot;:&quot;type&quot;,&quot;type&quot;:&quot;String&quot;,&quot;value&quot;:&quot;division_location&quot;},{&quot;name&quot;:&quot;address&quot;,&quot;type&quot;:&quot;String&quot;,&quot;value&quot;:&quot;185 rue de l`arÃ©na, Levis, Quebec&quot;},{&quot;name&quot;:&quot;name&quot;,&quot;type&quot;:&quot;String&quot;,&quot;value&quot;:&quot;BSR&quot;},{&quot;name&quot;:&quot;notes&quot;,&quot;type&quot;:&quot;String&quot;,&quot;value&quot;:null},{&quot;name&quot;:&quot;phone&quot;,&quot;type&quot;:&quot;String&quot;,&quot;value&quot;:null},{&quot;name&quot;:&quot;division_id&quot;,&quot;type&quot;:&quot;String&quot;,&quot;value&quot;:219060},{&quot;name&quot;:&quot;url&quot;,&quot;type&quot;:&quot;String&quot;,&quot;value&quot;:&quot;https://maps.google.com/?ie=UTF8&amp;mrt=loc&amp;t=h&amp;view=map&amp;z=15&amp;output=embed&amp;q=185%2brue%2bde%2bl%60ar%c3%a9na%2bLevis%2bQuebec%2bCanada%2bG7A%2b1E4&quot;}],&quot;rel&quot;:&quot;division_location-28324753&quot;,&quot;links&quot;:[{&quot;rel&quot;:&quot;events&quot;,&quot;href&quot;:&quot;https://api.teamsnap.com/v3/events/search?location_id=28324753&quot;}],&quot;href&quot;:&quot;https://api.teamsnap.com/v3/division_locations/28324753&quot;},{&quot;data&quot;:[{&quot;name&quot;:&quot;id&quot;,&quot;type&quot;:&quot;String&quot;,&quot;value&quot;:28324756},{&quot;name&quot;:&quot;type&quot;,&quot;type&quot;:&quot;String&quot;,&quot;value&quot;:&quot;division_location&quot;},{&quot;name&quot;:&quot;address&quot;,&quot;type&quot;:&quot;String&quot;,&quot;value&quot;:&quot;485, rue James, Buckingham, Quebec&quot;},{&quot;name&quot;:&quot;name&quot;,&quot;type&quot;:&quot;String&quot;,&quot;value&quot;:&quot;Buckingham&quot;},{&quot;name&quot;:&quot;notes&quot;,&quot;type&quot;:&quot;String&quot;,&quot;value&quot;:null},{&quot;name&quot;:&quot;phone&quot;,&quot;type&quot;:&quot;String&quot;,&quot;value&quot;:null},{&quot;name&quot;:&quot;division_id&quot;,&quot;type&quot;:&quot;String&quot;,&quot;value&quot;:219060},{&quot;name&quot;:&quot;url&quot;,&quot;type&quot;:&quot;String&quot;,&quot;value&quot;:&quot;https://maps.google.com/?ie=UTF8&amp;mrt=loc&amp;t=h&amp;view=map&amp;z=15&amp;output=embed&amp;q=485%2c%2brue%2bJames%2bBuckingham%2bQuebec%2bCanada&quot;}],&quot;rel&quot;:&quot;division_location-28324756&quot;,&quot;links&quot;:[{&quot;rel&quot;:&quot;events&quot;,&quot;href&quot;:&quot;https://api.teamsnap.com/v3/events/search?location_id=28324756&quot;}],&quot;href&quot;:&quot;https://api.teamsnap.com/v3/division_locations/28324756&quot;},{&quot;data&quot;:[{&quot;name&quot;:&quot;id&quot;,&quot;type&quot;:&quot;String&quot;,&quot;value&quot;:28324759},{&quot;name&quot;:&quot;type&quot;,&quot;type&quot;:&quot;String&quot;,&quot;value&quot;:&quot;division_location&quot;},{&quot;name&quot;:&quot;address&quot;,&quot;type&quot;:&quot;String&quot;,&quot;value&quot;:&quot;University Dr., Ottawa, Ontario&quot;},{&quot;name&quot;:&quot;name&quot;,&quot;type&quot;:&quot;String&quot;,&quot;value&quot;:&quot;Carleton University&quot;},{&quot;name&quot;:&quot;notes&quot;,&quot;type&quot;:&quot;String&quot;,&quot;value&quot;:null},{&quot;name&quot;:&quot;phone&quot;,&quot;type&quot;:&quot;String&quot;,&quot;value&quot;:null},{&quot;name&quot;:&quot;division_id&quot;,&quot;type&quot;:&quot;String&quot;,&quot;value&quot;:219060},{&quot;name&quot;:&quot;url&quot;,&quot;type&quot;:&quot;String&quot;,&quot;value&quot;:&quot;https://maps.google.com/?ie=UTF8&amp;mrt=loc&amp;t=h&amp;view=map&amp;z=15&amp;output=embed&amp;q=University%2bDr.%2bOttawa%2bOntario%2bCanada&quot;}],&quot;rel&quot;:&quot;division_location-28324759&quot;,&quot;links&quot;:[{&quot;rel&quot;:&quot;events&quot;,&quot;href&quot;:&quot;https://api.teamsnap.com/v3/events/search?location_id=28324759&quot;}],&quot;href&quot;:&quot;https://api.teamsnap.com/v3/division_locations/28324759&quot;},{&quot;data&quot;:[{&quot;name&quot;:&quot;id&quot;,&quot;type&quot;:&quot;String&quot;,&quot;value&quot;:28324762},{&quot;name&quot;:&quot;type&quot;,&quot;type&quot;:&quot;String&quot;,&quot;value&quot;:&quot;division_location&quot;},{&quot;name&quot;:&quot;address&quot;,&quot;type&quot;:&quot;String&quot;,&quot;value&quot;:&quot;3832 Carp Rd, Carp, Ontario&quot;},{&quot;name&quot;:&quot;name&quot;,&quot;type&quot;:&quot;String&quot;,&quot;value&quot;:&quot;Carp&quot;},{&quot;name&quot;:&quot;notes&quot;,&quot;type&quot;:&quot;String&quot;,&quot;value&quot;:null},{&quot;name&quot;:&quot;phone&quot;,&quot;type&quot;:&quot;String&quot;,&quot;value&quot;:null},{&quot;name&quot;:&quot;division_id&quot;,&quot;type&quot;:&quot;String&quot;,&quot;value&quot;:219060},{&quot;name&quot;:&quot;url&quot;,&quot;type&quot;:&quot;String&quot;,&quot;value&quot;:&quot;https://maps.google.com/?ie=UTF8&amp;mrt=loc&amp;t=h&amp;view=map&amp;z=15&amp;output=embed&amp;q=3832%2bCarp%2bRd%2bCarp%2bOntario%2bCanada&quot;}],&quot;rel&quot;:&quot;division_location-28324762&quot;,&quot;links&quot;:[{&quot;rel&quot;:&quot;events&quot;,&quot;href&quot;:&quot;https://api.teamsnap.com/v3/events/search?location_id=28324762&quot;}],&quot;href&quot;:&quot;https://api.teamsnap.com/v3/division_locations/28324762&quot;},{&quot;data&quot;:[{&quot;name&quot;:&quot;id&quot;,&quot;type&quot;:&quot;String&quot;,&quot;value&quot;:28324763},{&quot;name&quot;:&quot;type&quot;,&quot;type&quot;:&quot;String&quot;,&quot;value&quot;:&quot;division_location&quot;},{&quot;name&quot;:&quot;address&quot;,&quot;type&quot;:&quot;String&quot;,&quot;value&quot;:&quot;1030 Sunnyside Rd., Kingston, Ontario&quot;},{&quot;name&quot;:&quot;name&quot;,&quot;type&quot;:&quot;String&quot;,&quot;value&quot;:&quot;Cataraqui&quot;},{&quot;name&quot;:&quot;notes&quot;,&quot;type&quot;:&quot;String&quot;,&quot;value&quot;:null},{&quot;name&quot;:&quot;phone&quot;,&quot;type&quot;:&quot;String&quot;,&quot;value&quot;:null},{&quot;name&quot;:&quot;division_id&quot;,&quot;type&quot;:&quot;String&quot;,&quot;value&quot;:219060},{&quot;name&quot;:&quot;url&quot;,&quot;type&quot;:&quot;String&quot;,&quot;value&quot;:&quot;https://maps.google.com/?ie=UTF8&amp;mrt=loc&amp;t=h&amp;view=map&amp;z=15&amp;output=embed&amp;q=1030%2bSunnyside%2bRd.%2bKingston%2bOntario%2bCanada&quot;}],&quot;rel&quot;:&quot;division_location-28324763&quot;,&quot;links&quot;:[{&quot;rel&quot;:&quot;events&quot;,&quot;href&quot;:&quot;https://api.teamsnap.com/v3/events/search?location_id=28324763&quot;}],&quot;href&quot;:&quot;https://api.teamsnap.com/v3/division_locations/28324763&quot;},{&quot;data&quot;:[{&quot;name&quot;:&quot;id&quot;,&quot;type&quot;:&quot;String&quot;,&quot;value&quot;:28324765},{&quot;name&quot;:&quot;type&quot;,&quot;type&quot;:&quot;String&quot;,&quot;value&quot;:&quot;division_location&quot;},{&quot;name&quot;:&quot;address&quot;,&quot;type&quot;:&quot;String&quot;,&quot;value&quot;:&quot;905 Route Saint Martin, Sainte-Marie, Quebec&quot;},{&quot;name&quot;:&quot;name&quot;,&quot;type&quot;:&quot;String&quot;,&quot;value&quot;:&quot;Centre Caztel&quot;},{&quot;name&quot;:&quot;notes&quot;,&quot;type&quot;:&quot;String&quot;,&quot;value&quot;:null},{&quot;name&quot;:&quot;phone&quot;,&quot;type&quot;:&quot;String&quot;,&quot;value&quot;:null},{&quot;name&quot;:&quot;division_id&quot;,&quot;type&quot;:&quot;String&quot;,&quot;value&quot;:219060},{&quot;name&quot;:&quot;url&quot;,&quot;type&quot;:&quot;String&quot;,&quot;value&quot;:&quot;https://maps.google.com/?ie=UTF8&amp;mrt=loc&amp;t=h&amp;view=map&amp;z=15&amp;output=embed&amp;q=905%2bRoute%2bSaint%2bMartin%2bSainte-Marie%2bQuebec%2bCanada%2bG6E%2b1E6&quot;}],&quot;rel&quot;:&quot;division_location-28324765&quot;,&quot;links&quot;:[{&quot;rel&quot;:&quot;events&quot;,&quot;href&quot;:&quot;https://api.teamsnap.com/v3/events/search?location_id=28324765&quot;}],&quot;href&quot;:&quot;https://api.teamsnap.com/v3/division_locations/28324765&quot;},{&quot;data&quot;:[{&quot;name&quot;:&quot;id&quot;,&quot;type&quot;:&quot;String&quot;,&quot;value&quot;:28324768},{&quot;name&quot;:&quot;type&quot;,&quot;type&quot;:&quot;String&quot;,&quot;value&quot;:&quot;division_location&quot;},{&quot;name&quot;:&quot;address&quot;,&quot;type&quot;:&quot;String&quot;,&quot;value&quot;:&quot;156 boul. de la CitÃ©-des Jeunes, Gatineau, Quebec&quot;},{&quot;name&quot;:&quot;name&quot;,&quot;type&quot;:&quot;String&quot;,&quot;value&quot;:&quot;Cholette&quot;},{&quot;name&quot;:&quot;notes&quot;,&quot;type&quot;:&quot;String&quot;,&quot;value&quot;:null},{&quot;name&quot;:&quot;phone&quot;,&quot;type&quot;:&quot;String&quot;,&quot;value&quot;:null},{&quot;name&quot;:&quot;division_id&quot;,&quot;type&quot;:&quot;String&quot;,&quot;value&quot;:219060},{&quot;name&quot;:&quot;url&quot;,&quot;type&quot;:&quot;String&quot;,&quot;value&quot;:&quot;https://maps.google.com/?ie=UTF8&amp;mrt=loc&amp;t=h&amp;view=map&amp;z=15&amp;output=embed&amp;q=156%2bboul.%2bde%2bla%2bCit%c3%a9-des%2bJeunes%2bGatineau%2bQuebec%2bCanada&quot;}],&quot;rel&quot;:&quot;division_location-28324768&quot;,&quot;links&quot;:[{&quot;rel&quot;:&quot;events&quot;,&quot;href&quot;:&quot;https://api.teamsnap.com/v3/events/search?location_id=28324768&quot;}],&quot;href&quot;:&quot;https://api.teamsnap.com/v3/division_locations/28324768&quot;},{&quot;data&quot;:[{&quot;name&quot;:&quot;id&quot;,&quot;type&quot;:&quot;String&quot;,&quot;value&quot;:28324771},{&quot;name&quot;:&quot;type&quot;,&quot;type&quot;:&quot;String&quot;,&quot;value&quot;:&quot;division_location&quot;},{&quot;name&quot;:&quot;address&quot;,&quot;type&quot;:&quot;String&quot;,&quot;value&quot;:&quot;County Road 17, Rockland, Ontario&quot;},{&quot;name&quot;:&quot;name&quot;,&quot;type&quot;:&quot;String&quot;,&quot;value&quot;:&quot;CIHA - Rockland&quot;},{&quot;name&quot;:&quot;notes&quot;,&quot;type&quot;:&quot;String&quot;,&quot;value&quot;:null},{&quot;name&quot;:&quot;phone&quot;,&quot;type&quot;:&quot;String&quot;,&quot;value&quot;:null},{&quot;name&quot;:&quot;division_id&quot;,&quot;type&quot;:&quot;String&quot;,&quot;value&quot;:219060},{&quot;name&quot;:&quot;url&quot;,&quot;type&quot;:&quot;String&quot;,&quot;value&quot;:&quot;https://maps.google.com/?ie=UTF8&amp;mrt=loc&amp;t=h&amp;view=map&amp;z=15&amp;output=embed&amp;q=County%2bRoad%2b17%2bRockland%2bOntario%2bCanada%2bK4K%2b1T2&quot;}],&quot;rel&quot;:&quot;division_location-28324771&quot;,&quot;links&quot;:[{&quot;rel&quot;:&quot;events&quot;,&quot;href&quot;:&quot;https://api.teamsnap.com/v3/events/search?location_id=28324771&quot;}],&quot;href&quot;:&quot;https://api.teamsnap.com/v3/division_locations/28324771&quot;},{&quot;data&quot;:[{&quot;name&quot;:&quot;id&quot;,&quot;type&quot;:&quot;String&quot;,&quot;value&quot;:28324774},{&quot;name&quot;:&quot;type&quot;,&quot;type&quot;:&quot;String&quot;,&quot;value&quot;:&quot;division_location&quot;},{&quot;name&quot;:&quot;address&quot;,&quot;type&quot;:&quot;String&quot;,&quot;value&quot;:&quot;418 Lemay St., Clarence Creek (Rockland), Ontario&quot;},{&quot;name&quot;:&quot;name&quot;,&quot;type&quot;:&quot;String&quot;,&quot;value&quot;:&quot;Clarence&quot;},{&quot;name&quot;:&quot;notes&quot;,&quot;type&quot;:&quot;String&quot;,&quot;value&quot;:null},{&quot;name&quot;:&quot;phone&quot;,&quot;type&quot;:&quot;String&quot;,&quot;value&quot;:null},{&quot;name&quot;:&quot;division_id&quot;,&quot;type&quot;:&quot;String&quot;,&quot;value&quot;:219060},{&quot;name&quot;:&quot;url&quot;,&quot;type&quot;:&quot;String&quot;,&quot;value&quot;:&quot;https://maps.google.com/?ie=UTF8&amp;mrt=loc&amp;t=h&amp;view=map&amp;z=15&amp;output=embed&amp;q=418%2bLemay%2bSt.%2bClarence%2bCreek%2b(Rockland)%2bOntario%2bCanada&quot;}],&quot;rel&quot;:&quot;division_location-28324774&quot;,&quot;links&quot;:[{&quot;rel&quot;:&quot;events&quot;,&quot;href&quot;:&quot;https://api.teamsnap.com/v3/events/search?location_id=28324774&quot;}],&quot;href&quot;:&quot;https://api.teamsnap.com/v3/division_locations/28324774&quot;},{&quot;data&quot;:[{&quot;name&quot;:&quot;id&quot;,&quot;type&quot;:&quot;String&quot;,&quot;value&quot;:28324777},{&quot;name&quot;:&quot;type&quot;,&quot;type&quot;:&quot;String&quot;,&quot;value&quot;:&quot;division_location&quot;},{&quot;name&quot;:&quot;address&quot;,&quot;type&quot;:&quot;String&quot;,&quot;value&quot;:&quot;43 Astrolabe Rd., Cobden, Ontario&quot;},{&quot;name&quot;:&quot;name&quot;,&quot;type&quot;:&quot;String&quot;,&quot;value&quot;:&quot;Cobden&quot;},{&quot;name&quot;:&quot;notes&quot;,&quot;type&quot;:&quot;String&quot;,&quot;value&quot;:null},{&quot;name&quot;:&quot;phone&quot;,&quot;type&quot;:&quot;String&quot;,&quot;value&quot;:null},{&quot;name&quot;:&quot;division_id&quot;,&quot;type&quot;:&quot;String&quot;,&quot;value&quot;:219060},{&quot;name&quot;:&quot;url&quot;,&quot;type&quot;:&quot;String&quot;,&quot;value&quot;:&quot;https://maps.google.com/?ie=UTF8&amp;mrt=loc&amp;t=h&amp;view=map&amp;z=15&amp;output=embed&amp;q=43%2bAstrolabe%2bRd.%2bCobden%2bOntario%2bCanada&quot;}],&quot;rel&quot;:&quot;division_location-28324777&quot;,&quot;links&quot;:[{&quot;rel&quot;:&quot;events&quot;,&quot;href&quot;:&quot;https://api.teamsnap.com/v3/events/search?location_id=28324777&quot;}],&quot;href&quot;:&quot;https://api.teamsnap.com/v3/division_locations/28324777&quot;},{&quot;data&quot;:[{&quot;name&quot;:&quot;id&quot;,&quot;type&quot;:&quot;String&quot;,&quot;value&quot;:28324780},{&quot;name&quot;:&quot;type&quot;,&quot;type&quot;:&quot;String&quot;,&quot;value&quot;:&quot;division_location&quot;},{&quot;name&quot;:&quot;address&quot;,&quot;type&quot;:&quot;String&quot;,&quot;value&quot;:&quot;565 Boulevard de Mortagne, Boucherville, Quebec&quot;},{&quot;name&quot;:&quot;name&quot;,&quot;type&quot;:&quot;String&quot;,&quot;value&quot;:&quot;Complexe Sportif Duval Auto&quot;},{&quot;name&quot;:&quot;notes&quot;,&quot;type&quot;:&quot;String&quot;,&quot;value&quot;:null},{&quot;name&quot;:&quot;phone&quot;,&quot;type&quot;:&quot;String&quot;,&quot;value&quot;:null},{&quot;name&quot;:&quot;division_id&quot;,&quot;type&quot;:&quot;String&quot;,&quot;value&quot;:219060},{&quot;name&quot;:&quot;url&quot;,&quot;type&quot;:&quot;String&quot;,&quot;value&quot;:&quot;https://maps.google.com/?ie=UTF8&amp;mrt=loc&amp;t=h&amp;view=map&amp;z=15&amp;output=embed&amp;q=565%2bBoulevard%2bde%2bMortagne%2bBoucherville%2bQuebec%2bCanada%2bJ4B%2b1B7&quot;}],&quot;rel&quot;:&quot;division_location-28324780&quot;,&quot;links&quot;:[{&quot;rel&quot;:&quot;events&quot;,&quot;href&quot;:&quot;https://api.teamsnap.com/v3/events/search?location_id=28324780&quot;}],&quot;href&quot;:&quot;https://api.teamsnap.com/v3/division_locations/28324780&quot;},{&quot;data&quot;:[{&quot;name&quot;:&quot;id&quot;,&quot;type&quot;:&quot;String&quot;,&quot;value&quot;:28324781},{&quot;name&quot;:&quot;type&quot;,&quot;type&quot;:&quot;String&quot;,&quot;value&quot;:&quot;division_location&quot;},{&quot;name&quot;:&quot;address&quot;,&quot;type&quot;:&quot;String&quot;,&quot;value&quot;:&quot;1115 Dunning Rd, Cumberland, Ontario&quot;},{&quot;name&quot;:&quot;name&quot;,&quot;type&quot;:&quot;String&quot;,&quot;value&quot;:&quot;Cumberland&quot;},{&quot;name&quot;:&quot;notes&quot;,&quot;type&quot;:&quot;String&quot;,&quot;value&quot;:null},{&quot;name&quot;:&quot;phone&quot;,&quot;type&quot;:&quot;String&quot;,&quot;value&quot;:null},{&quot;name&quot;:&quot;division_id&quot;,&quot;type&quot;:&quot;String&quot;,&quot;value&quot;:219060},{&quot;name&quot;:&quot;url&quot;,&quot;type&quot;:&quot;String&quot;,&quot;value&quot;:&quot;https://maps.google.com/?ie=UTF8&amp;mrt=loc&amp;t=h&amp;view=map&amp;z=15&amp;output=embed&amp;q=1115%2bDunning%2bRd%2bCumberland%2bOntario%2bCanada&quot;}],&quot;rel&quot;:&quot;division_location-28324781&quot;,&quot;links&quot;:[{&quot;rel&quot;:&quot;events&quot;,&quot;href&quot;:&quot;https://api.teamsnap.com/v3/events/search?location_id=28324781&quot;}],&quot;href&quot;:&quot;https://api.teamsnap.com/v3/division_locations/28324781&quot;},{&quot;data&quot;:[{&quot;name&quot;:&quot;id&quot;,&quot;type&quot;:&quot;String&quot;,&quot;value&quot;:28324783},{&quot;name&quot;:&quot;type&quot;,&quot;type&quot;:&quot;String&quot;,&quot;value&quot;:&quot;division_location&quot;},{&quot;name&quot;:&quot;address&quot;,&quot;type&quot;:&quot;String&quot;,&quot;value&quot;:&quot;12001 de Salaberry, Dollard des Ormeaux, Quebec&quot;},{&quot;name&quot;:&quot;name&quot;,&quot;type&quot;:&quot;String&quot;,&quot;value&quot;:&quot;D.D.O. Centre civique&quot;},{&quot;name&quot;:&quot;notes&quot;,&quot;type&quot;:&quot;String&quot;,&quot;value&quot;:null},{&quot;name&quot;:&quot;phone&quot;,&quot;type&quot;:&quot;String&quot;,&quot;value&quot;:null},{&quot;name&quot;:&quot;division_id&quot;,&quot;type&quot;:&quot;String&quot;,&quot;value&quot;:219060},{&quot;name&quot;:&quot;url&quot;,&quot;type&quot;:&quot;String&quot;,&quot;value&quot;:&quot;https://maps.google.com/?ie=UTF8&amp;mrt=loc&amp;t=h&amp;view=map&amp;z=15&amp;output=embed&amp;q=12001%2bde%2bSalaberry%2bDollard%2bdes%2bOrmeaux%2bQuebec%2bCanada%2bH9B2A7&quot;}],&quot;rel&quot;:&quot;division_location-28324783&quot;,&quot;links&quot;:[{&quot;rel&quot;:&quot;events&quot;,&quot;href&quot;:&quot;https://api.teamsnap.com/v3/events/search?location_id=28324783&quot;}],&quot;href&quot;:&quot;https://api.teamsnap.com/v3/division_locations/28324783&quot;},{&quot;data&quot;:[{&quot;name&quot;:&quot;id&quot;,&quot;type&quot;:&quot;String&quot;,&quot;value&quot;:28324786},{&quot;name&quot;:&quot;type&quot;,&quot;type&quot;:&quot;String&quot;,&quot;value&quot;:&quot;division_location&quot;},{&quot;name&quot;:&quot;address&quot;,&quot;type&quot;:&quot;String&quot;,&quot;value&quot;:&quot;null, null&quot;},{&quot;name&quot;:&quot;name&quot;,&quot;type&quot;:&quot;String&quot;,&quot;value&quot;:&quot;D.D.O. Centre civique&quot;},{&quot;name&quot;:&quot;notes&quot;,&quot;type&quot;:&quot;String&quot;,&quot;value&quot;:null},{&quot;name&quot;:&quot;phone&quot;,&quot;type&quot;:&quot;String&quot;,&quot;value&quot;:null},{&quot;name&quot;:&quot;division_id&quot;,&quot;type&quot;:&quot;String&quot;,&quot;value&quot;:219060},{&quot;name&quot;:&quot;url&quot;,&quot;type&quot;:&quot;String&quot;,&quot;value&quot;:&quot;https://maps.google.com/?ie=UTF8&amp;mrt=loc&amp;t=h&amp;view=map&amp;z=15&amp;output=embed&amp;q=DDO%2bCentre%2bcivique&quot;}],&quot;rel&quot;:&quot;division_location-28324786&quot;,&quot;links&quot;:[{&quot;rel&quot;:&quot;events&quot;,&quot;href&quot;:&quot;https://api.teamsnap.com/v3/events/search?location_id=28324786&quot;}],&quot;href&quot;:&quot;https://api.teamsnap.com/v3/division_locations/28324786&quot;},{&quot;data&quot;:[{&quot;name&quot;:&quot;id&quot;,&quot;type&quot;:&quot;String&quot;,&quot;value&quot;:28324789},{&quot;name&quot;:&quot;type&quot;,&quot;type&quot;:&quot;String&quot;,&quot;value&quot;:&quot;division_location&quot;},{&quot;name&quot;:&quot;address&quot;,&quot;type&quot;:&quot;String&quot;,&quot;value&quot;:&quot;100 ave. de Delson, Delson, Quebec&quot;},{&quot;name&quot;:&quot;name&quot;,&quot;type&quot;:&quot;String&quot;,&quot;value&quot;:&quot;Delson&quot;},{&quot;name&quot;:&quot;notes&quot;,&quot;type&quot;:&quot;String&quot;,&quot;value&quot;:null},{&quot;name&quot;:&quot;phone&quot;,&quot;type&quot;:&quot;String&quot;,&quot;value&quot;:null},{&quot;name&quot;:&quot;division_id&quot;,&quot;type&quot;:&quot;String&quot;,&quot;value&quot;:219060},{&quot;name&quot;:&quot;url&quot;,&quot;type&quot;:&quot;String&quot;,&quot;value&quot;:&quot;https://maps.google.com/?ie=UTF8&amp;mrt=loc&amp;t=h&amp;view=map&amp;z=15&amp;output=embed&amp;q=100%2bave.%2bde%2bDelson%2bDelson%2bQuebec%2bCanada%2bJ5B1T3&quot;}],&quot;rel&quot;:&quot;division_location-28324789&quot;,&quot;links&quot;:[{&quot;rel&quot;:&quot;events&quot;,&quot;href&quot;:&quot;https://api.teamsnap.com/v3/events/search?location_id=28324789&quot;}],&quot;href&quot;:&quot;https://api.teamsnap.com/v3/division_locations/28324789&quot;},{&quot;data&quot;:[{&quot;name&quot;:&quot;id&quot;,&quot;type&quot;:&quot;String&quot;,&quot;value&quot;:28324792},{&quot;name&quot;:&quot;type&quot;,&quot;type&quot;:&quot;String&quot;,&quot;value&quot;:&quot;division_location&quot;},{&quot;name&quot;:&quot;address&quot;,&quot;type&quot;:&quot;String&quot;,&quot;value&quot;:&quot;941 Clyde Ave, Ottawa, Ontario&quot;},{&quot;name&quot;:&quot;name&quot;,&quot;type&quot;:&quot;String&quot;,&quot;value&quot;:&quot;Dulude&quot;},{&quot;name&quot;:&quot;notes&quot;,&quot;type&quot;:&quot;String&quot;,&quot;value&quot;:null},{&quot;name&quot;:&quot;phone&quot;,&quot;type&quot;:&quot;String&quot;,&quot;value&quot;:null},{&quot;name&quot;:&quot;division_id&quot;,&quot;type&quot;:&quot;String&quot;,&quot;value&quot;:219060},{&quot;name&quot;:&quot;url&quot;,&quot;type&quot;:&quot;String&quot;,&quot;value&quot;:&quot;https://maps.google.com/?ie=UTF8&amp;mrt=loc&amp;t=h&amp;view=map&amp;z=15&amp;output=embed&amp;q=941%2bClyde%2bAve%2bOttawa%2bOntario%2bCanada%2bK2C%2b4B2&quot;}],&quot;rel&quot;:&quot;division_location-28324792&quot;,&quot;links&quot;:[{&quot;rel&quot;:&quot;events&quot;,&quot;href&quot;:&quot;https://api.teamsnap.com/v3/events/search?location_id=28324792&quot;}],&quot;href&quot;:&quot;https://api.teamsnap.com/v3/division_locations/28324792&quot;},{&quot;data&quot;:[{&quot;name&quot;:&quot;id&quot;,&quot;type&quot;:&quot;String&quot;,&quot;value&quot;:28324795},{&quot;name&quot;:&quot;type&quot;,&quot;type&quot;:&quot;String&quot;,&quot;value&quot;:&quot;division_location&quot;},{&quot;name&quot;:&quot;address&quot;,&quot;type&quot;:&quot;String&quot;,&quot;value&quot;:&quot;2020 Ogilvie Road, Ottawa, Ontario&quot;},{&quot;name&quot;:&quot;name&quot;,&quot;type&quot;:&quot;String&quot;,&quot;value&quot;:&quot;Earl Armstrong&quot;},{&quot;name&quot;:&quot;notes&quot;,&quot;type&quot;:&quot;String&quot;,&quot;value&quot;:null},{&quot;name&quot;:&quot;phone&quot;,&quot;type&quot;:&quot;String&quot;,&quot;value&quot;:null},{&quot;name&quot;:&quot;division_id&quot;,&quot;type&quot;:&quot;String&quot;,&quot;value&quot;:219060},{&quot;name&quot;:&quot;url&quot;,&quot;type&quot;:&quot;String&quot;,&quot;value&quot;:&quot;https://maps.google.com/?ie=UTF8&amp;mrt=loc&amp;t=h&amp;view=map&amp;z=15&amp;output=embed&amp;q=2020%2bOgilvie%2bRoad%2bOttawa%2bOntario%2bCanada%2bK1J%2b7N8&quot;}],&quot;rel&quot;:&quot;division_location-28324795&quot;,&quot;links&quot;:[{&quot;rel&quot;:&quot;events&quot;,&quot;href&quot;:&quot;https://api.teamsnap.com/v3/events/search?location_id=28324795&quot;}],&quot;href&quot;:&quot;https://api.teamsnap.com/v3/division_locations/28324795&quot;},{&quot;data&quot;:[{&quot;name&quot;:&quot;id&quot;,&quot;type&quot;:&quot;String&quot;,&quot;value&quot;:28324798},{&quot;name&quot;:&quot;type&quot;,&quot;type&quot;:&quot;String&quot;,&quot;value&quot;:&quot;division_location&quot;},{&quot;name&quot;:&quot;address&quot;,&quot;type&quot;:&quot;String&quot;,&quot;value&quot;:&quot;311 Valleymede Drive, Richmond Hill, Ontario&quot;},{&quot;name&quot;:&quot;name&quot;,&quot;type&quot;:&quot;String&quot;,&quot;value&quot;:&quot;Ed Sackfield Arena&quot;},{&quot;name&quot;:&quot;notes&quot;,&quot;type&quot;:&quot;String&quot;,&quot;value&quot;:null},{&quot;name&quot;:&quot;phone&quot;,&quot;type&quot;:&quot;String&quot;,&quot;value&quot;:null},{&quot;name&quot;:&quot;division_id&quot;,&quot;type&quot;:&quot;String&quot;,&quot;value&quot;:219060},{&quot;name&quot;:&quot;url&quot;,&quot;type&quot;:&quot;String&quot;,&quot;value&quot;:&quot;https://maps.google.com/?ie=UTF8&amp;mrt=loc&amp;t=h&amp;view=map&amp;z=15&amp;output=embed&amp;q=311%2bValleymede%2bDrive%2bRichmond%2bHill%2bOntario%2bCanada&quot;}],&quot;rel&quot;:&quot;division_location-28324798&quot;,&quot;links&quot;:[{&quot;rel&quot;:&quot;events&quot;,&quot;href&quot;:&quot;https://api.teamsnap.com/v3/events/search?location_id=28324798&quot;}],&quot;href&quot;:&quot;https://api.teamsnap.com/v3/division_locations/28324798&quot;},{&quot;data&quot;:[{&quot;name&quot;:&quot;id&quot;,&quot;type&quot;:&quot;String&quot;,&quot;value&quot;:28324801},{&quot;name&quot;:&quot;type&quot;,&quot;type&quot;:&quot;String&quot;,&quot;value&quot;:&quot;division_location&quot;},{&quot;name&quot;:&quot;address&quot;,&quot;type&quot;:&quot;String&quot;,&quot;value&quot;:&quot;178 Jane St., Eganville, Ontario&quot;},{&quot;name&quot;:&quot;name&quot;,&quot;type&quot;:&quot;String&quot;,&quot;value&quot;:&quot;Eganville&quot;},{&quot;name&quot;:&quot;notes&quot;,&quot;type&quot;:&quot;String&quot;,&quot;value&quot;:null},{&quot;name&quot;:&quot;phone&quot;,&quot;type&quot;:&quot;String&quot;,&quot;value&quot;:null},{&quot;name&quot;:&quot;division_id&quot;,&quot;type&quot;:&quot;String&quot;,&quot;value&quot;:219060},{&quot;name&quot;:&quot;url&quot;,&quot;type&quot;:&quot;String&quot;,&quot;value&quot;:&quot;https://maps.google.com/?ie=UTF8&amp;mrt=loc&amp;t=h&amp;view=map&amp;z=15&amp;output=embed&amp;q=178%2bJane%2bSt.%2bEganville%2bOntario%2bCanada%2bK0J%2b1T0&quot;}],&quot;rel&quot;:&quot;division_location-28324801&quot;,&quot;links&quot;:[{&quot;rel&quot;:&quot;events&quot;,&quot;href&quot;:&quot;https://api.teamsnap.com/v3/events/search?location_id=28324801&quot;}],&quot;href&quot;:&quot;https://api.teamsnap.com/v3/division_locations/28324801&quot;},{&quot;data&quot;:[{&quot;name&quot;:&quot;id&quot;,&quot;type&quot;:&quot;String&quot;,&quot;value&quot;:28324804},{&quot;name&quot;:&quot;type&quot;,&quot;type&quot;:&quot;String&quot;,&quot;value&quot;:&quot;division_location&quot;},{&quot;name&quot;:&quot;address&quot;,&quot;type&quot;:&quot;String&quot;,&quot;value&quot;:&quot;200 Rue de Gentilly E, Longueuil, Quebec&quot;},{&quot;name&quot;:&quot;name&quot;,&quot;type&quot;:&quot;String&quot;,&quot;value&quot;:&quot;Emile Bouchard - Longueuil&quot;},{&quot;name&quot;:&quot;notes&quot;,&quot;type&quot;:&quot;String&quot;,&quot;value&quot;:null},{&quot;name&quot;:&quot;phone&quot;,&quot;type&quot;:&quot;String&quot;,&quot;value&quot;:null},{&quot;name&quot;:&quot;division_id&quot;,&quot;type&quot;:&quot;String&quot;,&quot;value&quot;:219060},{&quot;name&quot;:&quot;url&quot;,&quot;type&quot;:&quot;String&quot;,&quot;value&quot;:&quot;https://maps.google.com/?ie=UTF8&amp;mrt=loc&amp;t=h&amp;view=map&amp;z=15&amp;output=embed&amp;q=200%2bRue%2bde%2bGentilly%2bE%2bLongueuil%2bQuebec%2bCanada%2bJ4J%2b4H4&quot;}],&quot;rel&quot;:&quot;division_location-28324804&quot;,&quot;links&quot;:[{&quot;rel&quot;:&quot;events&quot;,&quot;href&quot;:&quot;https://api.teamsnap.com/v3/events/search?location_id=28324804&quot;}],&quot;href&quot;:&quot;https://api.teamsnap.com/v3/division_locations/28324804&quot;},{&quot;data&quot;:[{&quot;name&quot;:&quot;id&quot;,&quot;type&quot;:&quot;String&quot;,&quot;value&quot;:28324807},{&quot;name&quot;:&quot;type&quot;,&quot;type&quot;:&quot;String&quot;,&quot;value&quot;:&quot;division_location&quot;},{&quot;name&quot;:&quot;address&quot;,&quot;type&quot;:&quot;String&quot;,&quot;value&quot;:&quot;3700 rue Fleury est, Montreal&quot;},{&quot;name&quot;:&quot;name&quot;,&quot;type&quot;:&quot;String&quot;,&quot;value&quot;:&quot;Fleury&quot;},{&quot;name&quot;:&quot;notes&quot;,&quot;type&quot;:&quot;String&quot;,&quot;value&quot;:null},{&quot;name&quot;:&quot;phone&quot;,&quot;type&quot;:&quot;String&quot;,&quot;value&quot;:null},{&quot;name&quot;:&quot;division_id&quot;,&quot;type&quot;:&quot;String&quot;,&quot;value&quot;:219060},{&quot;name&quot;:&quot;url&quot;,&quot;type&quot;:&quot;String&quot;,&quot;value&quot;:&quot;https://maps.google.com/?ie=UTF8&amp;mrt=loc&amp;t=h&amp;view=map&amp;z=15&amp;output=embed&amp;q=3700%2brue%2bFleury%2best%2bMontreal%2bH1H5P9&quot;}],&quot;rel&quot;:&quot;division_location-28324807&quot;,&quot;links&quot;:[{&quot;rel&quot;:&quot;events&quot;,&quot;href&quot;:&quot;https://api.teamsnap.com/v3/events/search?location_id=28324807&quot;}],&quot;href&quot;:&quot;https://api.teamsnap.com/v3/division_locations/28324807&quot;},{&quot;data&quot;:[{&quot;name&quot;:&quot;id&quot;,&quot;type&quot;:&quot;String&quot;,&quot;value&quot;:28324810},{&quot;name&quot;:&quot;type&quot;,&quot;type&quot;:&quot;String&quot;,&quot;value&quot;:&quot;division_location&quot;},{&quot;name&quot;:&quot;address&quot;,&quot;type&quot;:&quot;String&quot;,&quot;value&quot;:&quot;565 Mortagne, Boucherville, Quebec&quot;},{&quot;name&quot;:&quot;name&quot;,&quot;type&quot;:&quot;String&quot;,&quot;value&quot;:&quot;Gilles Chabot - Boucherville&quot;},{&quot;name&quot;:&quot;notes&quot;,&quot;type&quot;:&quot;String&quot;,&quot;value&quot;:null},{&quot;name&quot;:&quot;phone&quot;,&quot;type&quot;:&quot;String&quot;,&quot;value&quot;:null},{&quot;name&quot;:&quot;division_id&quot;,&quot;type&quot;:&quot;String&quot;,&quot;value&quot;:219060},{&quot;name&quot;:&quot;url&quot;,&quot;type&quot;:&quot;String&quot;,&quot;value&quot;:&quot;https://maps.google.com/?ie=UTF8&amp;mrt=loc&amp;t=h&amp;view=map&amp;z=15&amp;output=embed&amp;q=565%2bMortagne%2bBoucherville%2bQuebec%2bCanada%2bJ4B%2b5E4&quot;}],&quot;rel&quot;:&quot;division_location-28324810&quot;,&quot;links&quot;:[{&quot;rel&quot;:&quot;events&quot;,&quot;href&quot;:&quot;https://api.teamsnap.com/v3/events/search?location_id=28324810&quot;}],&quot;href&quot;:&quot;https://api.teamsnap.com/v3/division_locations/28324810&quot;},{&quot;data&quot;:[{&quot;name&quot;:&quot;id&quot;,&quot;type&quot;:&quot;String&quot;,&quot;value&quot;:28324813},{&quot;name&quot;:&quot;type&quot;,&quot;type&quot;:&quot;String&quot;,&quot;value&quot;:&quot;division_location&quot;},{&quot;name&quot;:&quot;address&quot;,&quot;type&quot;:&quot;String&quot;,&quot;value&quot;:&quot;1500 Shea Rd., Stittsville, Ontario&quot;},{&quot;name&quot;:&quot;name&quot;,&quot;type&quot;:&quot;String&quot;,&quot;value&quot;:&quot;Goulbourn Rec Centre&quot;},{&quot;name&quot;:&quot;notes&quot;,&quot;type&quot;:&quot;String&quot;,&quot;value&quot;:null},{&quot;name&quot;:&quot;phone&quot;,&quot;type&quot;:&quot;String&quot;,&quot;value&quot;:null},{&quot;name&quot;:&quot;division_id&quot;,&quot;type&quot;:&quot;String&quot;,&quot;value&quot;:219060},{&quot;name&quot;:&quot;url&quot;,&quot;type&quot;:&quot;String&quot;,&quot;value&quot;:&quot;https://maps.google.com/?ie=UTF8&amp;mrt=loc&amp;t=h&amp;view=map&amp;z=15&amp;output=embed&amp;q=1500%2bShea%2bRd.%2bStittsville%2bOntario%2bCanada&quot;}],&quot;rel&quot;:&quot;division_location-28324813&quot;,&quot;links&quot;:[{&quot;rel&quot;:&quot;events&quot;,&quot;href&quot;:&quot;https://api.teamsnap.com/v3/events/search?location_id=28324813&quot;}],&quot;href&quot;:&quot;https://api.teamsnap.com/v3/division_locations/28324813&quot;},{&quot;data&quot;:[{&quot;name&quot;:&quot;id&quot;,&quot;type&quot;:&quot;String&quot;,&quot;value&quot;:28324816},{&quot;name&quot;:&quot;type&quot;,&quot;type&quot;:&quot;String&quot;,&quot;value&quot;:&quot;division_location&quot;},{&quot;name&quot;:&quot;address&quot;,&quot;type&quot;:&quot;String&quot;,&quot;value&quot;:&quot;1500 Shea Rd., Ottawa, Ontario&quot;},{&quot;name&quot;:&quot;name&quot;,&quot;type&quot;:&quot;String&quot;,&quot;value&quot;:&quot;Goulbourn Rec Centre B&quot;},{&quot;name&quot;:&quot;notes&quot;,&quot;type&quot;:&quot;String&quot;,&quot;value&quot;:null},{&quot;name&quot;:&quot;phone&quot;,&quot;type&quot;:&quot;String&quot;,&quot;value&quot;:null},{&quot;name&quot;:&quot;division_id&quot;,&quot;type&quot;:&quot;String&quot;,&quot;value&quot;:219060},{&quot;name&quot;:&quot;url&quot;,&quot;type&quot;:&quot;String&quot;,&quot;value&quot;:&quot;https://maps.google.com/?ie=UTF8&amp;mrt=loc&amp;t=h&amp;view=map&amp;z=15&amp;output=embed&amp;q=1500%2bShea%2bRd.%2bOttawa%2bOntario%2bCanada%2bK2S%2b0B2%2b%3f&quot;}],&quot;rel&quot;:&quot;division_location-28324816&quot;,&quot;links&quot;:[{&quot;rel&quot;:&quot;events&quot;,&quot;href&quot;:&quot;https://api.teamsnap.com/v3/events/search?location_id=28324816&quot;}],&quot;href&quot;:&quot;https://api.teamsnap.com/v3/division_locations/28324816&quot;},{&quot;data&quot;:[{&quot;name&quot;:&quot;id&quot;,&quot;type&quot;:&quot;String&quot;,&quot;value&quot;:28324817},{&quot;name&quot;:&quot;type&quot;,&quot;type&quot;:&quot;String&quot;,&quot;value&quot;:&quot;division_location&quot;},{&quot;name&quot;:&quot;address&quot;,&quot;type&quot;:&quot;String&quot;,&quot;value&quot;:&quot;309 McArthur Ave., Ottawa, Ontario&quot;},{&quot;name&quot;:&quot;name&quot;,&quot;type&quot;:&quot;String&quot;,&quot;value&quot;:&quot;Grandmaitre&quot;},{&quot;name&quot;:&quot;notes&quot;,&quot;type&quot;:&quot;String&quot;,&quot;value&quot;:null},{&quot;name&quot;:&quot;phone&quot;,&quot;type&quot;:&quot;String&quot;,&quot;value&quot;:null},{&quot;name&quot;:&quot;division_id&quot;,&quot;type&quot;:&quot;String&quot;,&quot;value&quot;:219060},{&quot;name&quot;:&quot;url&quot;,&quot;type&quot;:&quot;String&quot;,&quot;value&quot;:&quot;https://maps.google.com/?ie=UTF8&amp;mrt=loc&amp;t=h&amp;view=map&amp;z=15&amp;output=embed&amp;q=309%2bMcArthur%2bAve.%2bOttawa%2bOntario%2bCanada%2bK1L%2b6P1&quot;}],&quot;rel&quot;:&quot;division_location-28324817&quot;,&quot;links&quot;:[{&quot;rel&quot;:&quot;events&quot;,&quot;href&quot;:&quot;https://api.teamsnap.com/v3/events/search?location_id=28324817&quot;}],&quot;href&quot;:&quot;https://api.teamsnap.com/v3/division_locations/28324817&quot;},{&quot;data&quot;:[{&quot;name&quot;:&quot;id&quot;,&quot;type&quot;:&quot;String&quot;,&quot;value&quot;:28324819},{&quot;name&quot;:&quot;type&quot;,&quot;type&quot;:&quot;String&quot;,&quot;value&quot;:&quot;division_location&quot;},{&quot;name&quot;:&quot;address&quot;,&quot;type&quot;:&quot;String&quot;,&quot;value&quot;:&quot;12000 Boulevard Rolland, MontrÃ©al-Nord, Quebec&quot;},{&quot;name&quot;:&quot;name&quot;,&quot;type&quot;:&quot;String&quot;,&quot;value&quot;:&quot;Henri Bourassa&quot;},{&quot;name&quot;:&quot;notes&quot;,&quot;type&quot;:&quot;String&quot;,&quot;value&quot;:null},{&quot;name&quot;:&quot;phone&quot;,&quot;type&quot;:&quot;String&quot;,&quot;value&quot;:null},{&quot;name&quot;:&quot;division_id&quot;,&quot;type&quot;:&quot;String&quot;,&quot;value&quot;:219060},{&quot;name&quot;:&quot;url&quot;,&quot;type&quot;:&quot;String&quot;,&quot;value&quot;:&quot;https://maps.google.com/?ie=UTF8&amp;mrt=loc&amp;t=h&amp;view=map&amp;z=15&amp;output=embed&amp;q=12000%2bBoulevard%2bRolland%2bMontr%c3%a9al-Nord%2bQuebec%2bCanada&quot;}],&quot;rel&quot;:&quot;division_location-28324819&quot;,&quot;links&quot;:[{&quot;rel&quot;:&quot;events&quot;,&quot;href&quot;:&quot;https://api.teamsnap.com/v3/events/search?location_id=28324819&quot;}],&quot;href&quot;:&quot;https://api.teamsnap.com/v3/division_locations/28324819&quot;},{&quot;data&quot;:[{&quot;name&quot;:&quot;id&quot;,&quot;type&quot;:&quot;String&quot;,&quot;value&quot;:28324822},{&quot;name&quot;:&quot;type&quot;,&quot;type&quot;:&quot;String&quot;,&quot;value&quot;:&quot;division_location&quot;},{&quot;name&quot;:&quot;address&quot;,&quot;type&quot;:&quot;String&quot;,&quot;value&quot;:&quot;null, null&quot;},{&quot;name&quot;:&quot;name&quot;,&quot;type&quot;:&quot;String&quot;,&quot;value&quot;:&quot;Hespeler Arena&quot;},{&quot;name&quot;:&quot;notes&quot;,&quot;type&quot;:&quot;String&quot;,&quot;value&quot;:null},{&quot;name&quot;:&quot;phone&quot;,&quot;type&quot;:&quot;String&quot;,&quot;value&quot;:null},{&quot;name&quot;:&quot;division_id&quot;,&quot;type&quot;:&quot;String&quot;,&quot;value&quot;:219060},{&quot;name&quot;:&quot;url&quot;,&quot;type&quot;:&quot;String&quot;,&quot;value&quot;:&quot;https://maps.google.com/?ie=UTF8&amp;mrt=loc&amp;t=h&amp;view=map&amp;z=15&amp;output=embed&amp;q=Hespeler%2bArena&quot;}],&quot;rel&quot;:&quot;division_location-28324822&quot;,&quot;links&quot;:[{&quot;rel&quot;:&quot;events&quot;,&quot;href&quot;:&quot;https://api.teamsnap.com/v3/events/search?location_id=28324822&quot;}],&quot;href&quot;:&quot;https://api.teamsnap.com/v3/division_locations/28324822&quot;},{&quot;data&quot;:[{&quot;name&quot;:&quot;id&quot;,&quot;type&quot;:&quot;String&quot;,&quot;value&quot;:28324825},{&quot;name&quot;:&quot;type&quot;,&quot;type&quot;:&quot;String&quot;,&quot;value&quot;:&quot;division_location&quot;},{&quot;name&quot;:&quot;address&quot;,&quot;type&quot;:&quot;String&quot;,&quot;value&quot;:&quot;705 Matheson Blvd. E, Mississauga, Ontario&quot;},{&quot;name&quot;:&quot;name&quot;,&quot;type&quot;:&quot;String&quot;,&quot;value&quot;:&quot;Iceland Mississauga&quot;},{&quot;name&quot;:&quot;notes&quot;,&quot;type&quot;:&quot;String&quot;,&quot;value&quot;:null},{&quot;name&quot;:&quot;phone&quot;,&quot;type&quot;:&quot;String&quot;,&quot;value&quot;:null},{&quot;name&quot;:&quot;division_id&quot;,&quot;type&quot;:&quot;String&quot;,&quot;value&quot;:219060},{&quot;name&quot;:&quot;url&quot;,&quot;type&quot;:&quot;String&quot;,&quot;value&quot;:&quot;https://maps.google.com/?ie=UTF8&amp;mrt=loc&amp;t=h&amp;view=map&amp;z=15&amp;output=embed&amp;q=705%2bMatheson%2bBlvd.%2bE%2bMississauga%2bOntario%2bCanada&quot;}],&quot;rel&quot;:&quot;division_location-28324825&quot;,&quot;links&quot;:[{&quot;rel&quot;:&quot;events&quot;,&quot;href&quot;:&quot;https://api.teamsnap.com/v3/events/search?location_id=28324825&quot;}],&quot;href&quot;:&quot;https://api.teamsnap.com/v3/division_locations/28324825&quot;},{&quot;data&quot;:[{&quot;name&quot;:&quot;id&quot;,&quot;type&quot;:&quot;String&quot;,&quot;value&quot;:28324826},{&quot;name&quot;:&quot;type&quot;,&quot;type&quot;:&quot;String&quot;,&quot;value&quot;:&quot;division_location&quot;},{&quot;name&quot;:&quot;address&quot;,&quot;type&quot;:&quot;String&quot;,&quot;value&quot;:&quot;1350 Gardiners Rd. (&amp; Fortune Cr.), Kingston, Ontario&quot;},{&quot;name&quot;:&quot;name&quot;,&quot;type&quot;:&quot;String&quot;,&quot;value&quot;:&quot;Invista Centre&quot;},{&quot;name&quot;:&quot;notes&quot;,&quot;type&quot;:&quot;String&quot;,&quot;value&quot;:null},{&quot;name&quot;:&quot;phone&quot;,&quot;type&quot;:&quot;String&quot;,&quot;value&quot;:null},{&quot;name&quot;:&quot;division_id&quot;,&quot;type&quot;:&quot;String&quot;,&quot;value&quot;:219060},{&quot;name&quot;:&quot;url&quot;,&quot;type&quot;:&quot;String&quot;,&quot;value&quot;:&quot;https://maps.google.com/?ie=UTF8&amp;mrt=loc&amp;t=h&amp;view=map&amp;z=15&amp;output=embed&amp;q=1350%2bGardiners%2bRd.%2b(%26%2bFortune%2bCr.)%2bKingston%2bOntario%2bCanada&quot;}],&quot;rel&quot;:&quot;division_location-28324826&quot;,&quot;links&quot;:[{&quot;rel&quot;:&quot;events&quot;,&quot;href&quot;:&quot;https://api.teamsnap.com/v3/events/search?location_id=28324826&quot;}],&quot;href&quot;:&quot;https://api.teamsnap.com/v3/division_locations/28324826&quot;},{&quot;data&quot;:[{&quot;name&quot;:&quot;id&quot;,&quot;type&quot;:&quot;String&quot;,&quot;value&quot;:28324829},{&quot;name&quot;:&quot;type&quot;,&quot;type&quot;:&quot;String&quot;,&quot;value&quot;:&quot;division_location&quot;},{&quot;name&quot;:&quot;address&quot;,&quot;type&quot;:&quot;String&quot;,&quot;value&quot;:&quot;1350 Gardiners Rd. (&amp; Fortune Cr.), Kingston, Ontario&quot;},{&quot;name&quot;:&quot;name&quot;,&quot;type&quot;:&quot;String&quot;,&quot;value&quot;:&quot;Invista Rona&quot;},{&quot;name&quot;:&quot;notes&quot;,&quot;type&quot;:&quot;String&quot;,&quot;value&quot;:null},{&quot;name&quot;:&quot;phone&quot;,&quot;type&quot;:&quot;String&quot;,&quot;value&quot;:null},{&quot;name&quot;:&quot;division_id&quot;,&quot;type&quot;:&quot;String&quot;,&quot;value&quot;:219060},{&quot;name&quot;:&quot;url&quot;,&quot;type&quot;:&quot;String&quot;,&quot;value&quot;:&quot;https://maps.google.com/?ie=UTF8&amp;mrt=loc&amp;t=h&amp;view=map&amp;z=15&amp;output=embed&amp;q=1350%2bGardiners%2bRd.%2b(%26%2bFortune%2bCr.)%2bKingston%2bOntario%2bCanada%2bK7P%2b2Y2&quot;}],&quot;rel&quot;:&quot;division_location-28324829&quot;,&quot;links&quot;:[{&quot;rel&quot;:&quot;events&quot;,&quot;href&quot;:&quot;https://api.teamsnap.com/v3/events/search?location_id=28324829&quot;}],&quot;href&quot;:&quot;https://api.teamsnap.com/v3/division_locations/28324829&quot;},{&quot;data&quot;:[{&quot;name&quot;:&quot;id&quot;,&quot;type&quot;:&quot;String&quot;,&quot;value&quot;:28324831},{&quot;name&quot;:&quot;type&quot;,&quot;type&quot;:&quot;String&quot;,&quot;value&quot;:&quot;division_location&quot;},{&quot;name&quot;:&quot;address&quot;,&quot;type&quot;:&quot;String&quot;,&quot;value&quot;:&quot;600 Rue Turcot, Saint-Hyacinthe, Quebec&quot;},{&quot;name&quot;:&quot;name&quot;,&quot;type&quot;:&quot;String&quot;,&quot;value&quot;:&quot;Isatis St-Hyacinthe&quot;},{&quot;name&quot;:&quot;notes&quot;,&quot;type&quot;:&quot;String&quot;,&quot;value&quot;:null},{&quot;name&quot;:&quot;phone&quot;,&quot;type&quot;:&quot;String&quot;,&quot;value&quot;:null},{&quot;name&quot;:&quot;division_id&quot;,&quot;type&quot;:&quot;String&quot;,&quot;value&quot;:219060},{&quot;name&quot;:&quot;url&quot;,&quot;type&quot;:&quot;String&quot;,&quot;value&quot;:&quot;https://maps.google.com/?ie=UTF8&amp;mrt=loc&amp;t=h&amp;view=map&amp;z=15&amp;output=embed&amp;q=600%2bRue%2bTurcot%2bSaint-Hyacinthe%2bQuebec%2bCanada%2bJ2S%2b1M5&quot;}],&quot;rel&quot;:&quot;division_location-28324831&quot;,&quot;links&quot;:[{&quot;rel&quot;:&quot;events&quot;,&quot;href&quot;:&quot;https://api.teamsnap.com/v3/events/search?location_id=28324831&quot;}],&quot;href&quot;:&quot;https://api.teamsnap.com/v3/division_locations/28324831&quot;},{&quot;data&quot;:[{&quot;name&quot;:&quot;id&quot;,&quot;type&quot;:&quot;String&quot;,&quot;value&quot;:28324832},{&quot;name&quot;:&quot;type&quot;,&quot;type&quot;:&quot;String&quot;,&quot;value&quot;:&quot;division_location&quot;},{&quot;name&quot;:&quot;address&quot;,&quot;type&quot;:&quot;String&quot;,&quot;value&quot;:&quot;100 Walter Baker Pl., Kanata, Ontario&quot;},{&quot;name&quot;:&quot;name&quot;,&quot;type&quot;:&quot;String&quot;,&quot;value&quot;:&quot;Kanata Rec Centre&quot;},{&quot;name&quot;:&quot;notes&quot;,&quot;type&quot;:&quot;String&quot;,&quot;value&quot;:null},{&quot;name&quot;:&quot;phone&quot;,&quot;type&quot;:&quot;String&quot;,&quot;value&quot;:null},{&quot;name&quot;:&quot;division_id&quot;,&quot;type&quot;:&quot;String&quot;,&quot;value&quot;:219060},{&quot;name&quot;:&quot;url&quot;,&quot;type&quot;:&quot;String&quot;,&quot;value&quot;:&quot;https://maps.google.com/?ie=UTF8&amp;mrt=loc&amp;t=h&amp;view=map&amp;z=15&amp;output=embed&amp;q=100%2bWalter%2bBaker%2bPl.%2bKanata%2bOntario%2bCanada&quot;}],&quot;rel&quot;:&quot;division_location-28324832&quot;,&quot;links&quot;:[{&quot;rel&quot;:&quot;events&quot;,&quot;href&quot;:&quot;https://api.teamsnap.com/v3/events/search?location_id=28324832&quot;}],&quot;href&quot;:&quot;https://api.teamsnap.com/v3/division_locations/28324832&quot;},{&quot;data&quot;:[{&quot;name&quot;:&quot;id&quot;,&quot;type&quot;:&quot;String&quot;,&quot;value&quot;:28324837},{&quot;name&quot;:&quot;type&quot;,&quot;type&quot;:&quot;String&quot;,&quot;value&quot;:&quot;division_location&quot;},{&quot;name&quot;:&quot;address&quot;,&quot;type&quot;:&quot;String&quot;,&quot;value&quot;:&quot;2185 Arch St., Ottawa, Ontario&quot;},{&quot;name&quot;:&quot;name&quot;,&quot;type&quot;:&quot;String&quot;,&quot;value&quot;:&quot;Kilrea&quot;},{&quot;name&quot;:&quot;notes&quot;,&quot;type&quot;:&quot;String&quot;,&quot;value&quot;:null},{&quot;name&quot;:&quot;phone&quot;,&quot;type&quot;:&quot;String&quot;,&quot;value&quot;:null},{&quot;name&quot;:&quot;division_id&quot;,&quot;type&quot;:&quot;String&quot;,&quot;value&quot;:219060},{&quot;name&quot;:&quot;url&quot;,&quot;type&quot;:&quot;String&quot;,&quot;value&quot;:&quot;https://maps.google.com/?ie=UTF8&amp;mrt=loc&amp;t=h&amp;view=map&amp;z=15&amp;output=embed&amp;q=2185%2bArch%2bSt.%2bOttawa%2bOntario%2bCanada%2bK1G2H5&quot;}],&quot;rel&quot;:&quot;division_location-28324837&quot;,&quot;links&quot;:[{&quot;rel&quot;:&quot;events&quot;,&quot;href&quot;:&quot;https://api.teamsnap.com/v3/events/search?location_id=28324837&quot;}],&quot;href&quot;:&quot;https://api.teamsnap.com/v3/division_locations/28324837&quot;},{&quot;data&quot;:[{&quot;name&quot;:&quot;id&quot;,&quot;type&quot;:&quot;String&quot;,&quot;value&quot;:28324840},{&quot;name&quot;:&quot;type&quot;,&quot;type&quot;:&quot;String&quot;,&quot;value&quot;:&quot;division_location&quot;},{&quot;name&quot;:&quot;address&quot;,&quot;type&quot;:&quot;String&quot;,&quot;value&quot;:&quot;16950 Hymus Blvd, Kirkland, Quebec&quot;},{&quot;name&quot;:&quot;name&quot;,&quot;type&quot;:&quot;String&quot;,&quot;value&quot;:&quot;Kirkland&quot;},{&quot;name&quot;:&quot;notes&quot;,&quot;type&quot;:&quot;String&quot;,&quot;value&quot;:null},{&quot;name&quot;:&quot;phone&quot;,&quot;type&quot;:&quot;String&quot;,&quot;value&quot;:null},{&quot;name&quot;:&quot;division_id&quot;,&quot;type&quot;:&quot;String&quot;,&quot;value&quot;:219060},{&quot;name&quot;:&quot;url&quot;,&quot;type&quot;:&quot;String&quot;,&quot;value&quot;:&quot;https://maps.google.com/?ie=UTF8&amp;mrt=loc&amp;t=h&amp;view=map&amp;z=15&amp;output=embed&amp;q=16950%2bHymus%2bBlvd%2bKirkland%2bQuebec%2bCanada%2bH9H%2b3W7&quot;}],&quot;rel&quot;:&quot;division_location-28324840&quot;,&quot;links&quot;:[{&quot;rel&quot;:&quot;events&quot;,&quot;href&quot;:&quot;https://api.teamsnap.com/v3/events/search?location_id=28324840&quot;}],&quot;href&quot;:&quot;https://api.teamsnap.com/v3/division_locations/28324840&quot;},{&quot;data&quot;:[{&quot;name&quot;:&quot;id&quot;,&quot;type&quot;:&quot;String&quot;,&quot;value&quot;:28324843},{&quot;name&quot;:&quot;type&quot;,&quot;type&quot;:&quot;String&quot;,&quot;value&quot;:&quot;division_location&quot;},{&quot;name&quot;:&quot;address&quot;,&quot;type&quot;:&quot;String&quot;,&quot;value&quot;:&quot;6881 boul. Laurier, La Plaine, Quebec&quot;},{&quot;name&quot;:&quot;name&quot;,&quot;type&quot;:&quot;String&quot;,&quot;value&quot;:&quot;La Plaine - Forum&quot;},{&quot;name&quot;:&quot;notes&quot;,&quot;type&quot;:&quot;String&quot;,&quot;value&quot;:null},{&quot;name&quot;:&quot;phone&quot;,&quot;type&quot;:&quot;String&quot;,&quot;value&quot;:null},{&quot;name&quot;:&quot;division_id&quot;,&quot;type&quot;:&quot;String&quot;,&quot;value&quot;:219060},{&quot;name&quot;:&quot;url&quot;,&quot;type&quot;:&quot;String&quot;,&quot;value&quot;:&quot;https://maps.google.com/?ie=UTF8&amp;mrt=loc&amp;t=h&amp;view=map&amp;z=15&amp;output=embed&amp;q=6881%2bboul.%2bLaurier%2bLa%2bPlaine%2bQuebec%2bCanada&quot;}],&quot;rel&quot;:&quot;division_location-28324843&quot;,&quot;links&quot;:[{&quot;rel&quot;:&quot;events&quot;,&quot;href&quot;:&quot;https://api.teamsnap.com/v3/events/search?location_id=28324843&quot;}],&quot;href&quot;:&quot;https://api.teamsnap.com/v3/division_locations/28324843&quot;},{&quot;data&quot;:[{&quot;name&quot;:&quot;id&quot;,&quot;type&quot;:&quot;String&quot;,&quot;value&quot;:28324849},{&quot;name&quot;:&quot;type&quot;,&quot;type&quot;:&quot;String&quot;,&quot;value&quot;:&quot;division_location&quot;},{&quot;name&quot;:&quot;address&quot;,&quot;type&quot;:&quot;String&quot;,&quot;value&quot;:&quot;800  Mulock Drive, Newmarket, Ontario&quot;},{&quot;name&quot;:&quot;name&quot;,&quot;type&quot;:&quot;String&quot;,&quot;value&quot;:&quot;Magna Centre&quot;},{&quot;name&quot;:&quot;notes&quot;,&quot;type&quot;:&quot;String&quot;,&quot;value&quot;:null},{&quot;name&quot;:&quot;phone&quot;,&quot;type&quot;:&quot;String&quot;,&quot;value&quot;:null},{&quot;name&quot;:&quot;division_id&quot;,&quot;type&quot;:&quot;String&quot;,&quot;value&quot;:219060},{&quot;name&quot;:&quot;url&quot;,&quot;type&quot;:&quot;String&quot;,&quot;value&quot;:&quot;https://maps.google.com/?ie=UTF8&amp;mrt=loc&amp;t=h&amp;view=map&amp;z=15&amp;output=embed&amp;q=800%2b%2bMulock%2bDrive%2bNewmarket%2bOntario%2bCanada&quot;}],&quot;rel&quot;:&quot;division_location-28324849&quot;,&quot;links&quot;:[{&quot;rel&quot;:&quot;events&quot;,&quot;href&quot;:&quot;https://api.teamsnap.com/v3/events/search?location_id=28324849&quot;}],&quot;href&quot;:&quot;https://api.teamsnap.com/v3/division_locations/28324849&quot;},{&quot;data&quot;:[{&quot;name&quot;:&quot;id&quot;,&quot;type&quot;:&quot;String&quot;,&quot;value&quot;:28324852},{&quot;name&quot;:&quot;type&quot;,&quot;type&quot;:&quot;String&quot;,&quot;value&quot;:&quot;division_location&quot;},{&quot;name&quot;:&quot;address&quot;,&quot;type&quot;:&quot;String&quot;,&quot;value&quot;:&quot;130 chemin Arena, Cocagne, New Brunswick&quot;},{&quot;name&quot;:&quot;name&quot;,&quot;type&quot;:&quot;String&quot;,&quot;value&quot;:&quot;Marina Arena&quot;},{&quot;name&quot;:&quot;notes&quot;,&quot;type&quot;:&quot;String&quot;,&quot;value&quot;:null},{&quot;name&quot;:&quot;phone&quot;,&quot;type&quot;:&quot;String&quot;,&quot;value&quot;:null},{&quot;name&quot;:&quot;division_id&quot;,&quot;type&quot;:&quot;String&quot;,&quot;value&quot;:219060},{&quot;name&quot;:&quot;url&quot;,&quot;type&quot;:&quot;String&quot;,&quot;value&quot;:&quot;https://maps.google.com/?ie=UTF8&amp;mrt=loc&amp;t=h&amp;view=map&amp;z=15&amp;output=embed&amp;q=130%2bchemin%2bArena%2bCocagne%2bNew%2bBrunswick%2bCanada&quot;}],&quot;rel&quot;:&quot;division_location-28324852&quot;,&quot;links&quot;:[{&quot;rel&quot;:&quot;events&quot;,&quot;href&quot;:&quot;https://api.teamsnap.com/v3/events/search?location_id=28324852&quot;}],&quot;href&quot;:&quot;https://api.teamsnap.com/v3/division_locations/28324852&quot;},{&quot;data&quot;:[{&quot;name&quot;:&quot;id&quot;,&quot;type&quot;:&quot;String&quot;,&quot;value&quot;:28324855},{&quot;name&quot;:&quot;type&quot;,&quot;type&quot;:&quot;String&quot;,&quot;value&quot;:&quot;division_location&quot;},{&quot;name&quot;:&quot;address&quot;,&quot;type&quot;:&quot;String&quot;,&quot;value&quot;:&quot;840 Rue Brien, Mascouche, Quebec&quot;},{&quot;name&quot;:&quot;name&quot;,&quot;type&quot;:&quot;String&quot;,&quot;value&quot;:&quot;Mascouche&quot;},{&quot;name&quot;:&quot;notes&quot;,&quot;type&quot;:&quot;String&quot;,&quot;value&quot;:null},{&quot;name&quot;:&quot;phone&quot;,&quot;type&quot;:&quot;String&quot;,&quot;value&quot;:null},{&quot;name&quot;:&quot;division_id&quot;,&quot;type&quot;:&quot;String&quot;,&quot;value&quot;:219060},{&quot;name&quot;:&quot;url&quot;,&quot;type&quot;:&quot;String&quot;,&quot;value&quot;:&quot;https://maps.google.com/?ie=UTF8&amp;mrt=loc&amp;t=h&amp;view=map&amp;z=15&amp;output=embed&amp;q=840%2bRue%2bBrien%2bMascouche%2bQuebec%2bCanada%2bJ7K%2b2X3&quot;}],&quot;rel&quot;:&quot;division_location-28324855&quot;,&quot;links&quot;:[{&quot;rel&quot;:&quot;events&quot;,&quot;href&quot;:&quot;https://api.teamsnap.com/v3/events/search?location_id=28324855&quot;}],&quot;href&quot;:&quot;https://api.teamsnap.com/v3/division_locations/28324855&quot;},{&quot;data&quot;:[{&quot;name&quot;:&quot;id&quot;,&quot;type&quot;:&quot;String&quot;,&quot;value&quot;:28324858},{&quot;name&quot;:&quot;type&quot;,&quot;type&quot;:&quot;String&quot;,&quot;value&quot;:&quot;division_location&quot;},{&quot;name&quot;:&quot;address&quot;,&quot;type&quot;:&quot;String&quot;,&quot;value&quot;:&quot;97 Rue de l&apos;ArÃ©na, Gatineau, Quebec&quot;},{&quot;name&quot;:&quot;name&quot;,&quot;type&quot;:&quot;String&quot;,&quot;value&quot;:&quot;Masson&quot;},{&quot;name&quot;:&quot;notes&quot;,&quot;type&quot;:&quot;String&quot;,&quot;value&quot;:null},{&quot;name&quot;:&quot;phone&quot;,&quot;type&quot;:&quot;String&quot;,&quot;value&quot;:null},{&quot;name&quot;:&quot;division_id&quot;,&quot;type&quot;:&quot;String&quot;,&quot;value&quot;:219060},{&quot;name&quot;:&quot;url&quot;,&quot;type&quot;:&quot;String&quot;,&quot;value&quot;:&quot;https://maps.google.com/?ie=UTF8&amp;mrt=loc&amp;t=h&amp;view=map&amp;z=15&amp;output=embed&amp;q=97%2bRue%2bde%2bl%27Ar%c3%a9na%2bGatineau%2bQuebec%2bCanada%2bJ8M%2b1C8&quot;}],&quot;rel&quot;:&quot;division_location-28324858&quot;,&quot;links&quot;:[{&quot;rel&quot;:&quot;events&quot;,&quot;href&quot;:&quot;https://api.teamsnap.com/v3/events/search?location_id=28324858&quot;}],&quot;href&quot;:&quot;https://api.teamsnap.com/v3/division_locations/28324858&quot;},{&quot;data&quot;:[{&quot;name&quot;:&quot;id&quot;,&quot;type&quot;:&quot;String&quot;,&quot;value&quot;:28324861},{&quot;name&quot;:&quot;type&quot;,&quot;type&quot;:&quot;String&quot;,&quot;value&quot;:&quot;division_location&quot;},{&quot;name&quot;:&quot;address&quot;,&quot;type&quot;:&quot;String&quot;,&quot;value&quot;:&quot;180 Percy St, Ottawa, Ontario&quot;},{&quot;name&quot;:&quot;name&quot;,&quot;type&quot;:&quot;String&quot;,&quot;value&quot;:&quot;McNabb&quot;},{&quot;name&quot;:&quot;notes&quot;,&quot;type&quot;:&quot;String&quot;,&quot;value&quot;:null},{&quot;name&quot;:&quot;phone&quot;,&quot;type&quot;:&quot;String&quot;,&quot;value&quot;:null},{&quot;name&quot;:&quot;division_id&quot;,&quot;type&quot;:&quot;String&quot;,&quot;value&quot;:219060},{&quot;name&quot;:&quot;url&quot;,&quot;type&quot;:&quot;String&quot;,&quot;value&quot;:&quot;https://maps.google.com/?ie=UTF8&amp;mrt=loc&amp;t=h&amp;view=map&amp;z=15&amp;output=embed&amp;q=180%2bPercy%2bSt%2bOttawa%2bOntario%2bCanada&quot;}],&quot;rel&quot;:&quot;division_location-28324861&quot;,&quot;links&quot;:[{&quot;rel&quot;:&quot;events&quot;,&quot;href&quot;:&quot;https://api.teamsnap.com/v3/events/search?location_id=28324861&quot;}],&quot;href&quot;:&quot;https://api.teamsnap.com/v3/division_locations/28324861&quot;},{&quot;data&quot;:[{&quot;name&quot;:&quot;id&quot;,&quot;type&quot;:&quot;String&quot;,&quot;value&quot;:28324864},{&quot;name&quot;:&quot;type&quot;,&quot;type&quot;:&quot;String&quot;,&quot;value&quot;:&quot;division_location&quot;},{&quot;name&quot;:&quot;address&quot;,&quot;type&quot;:&quot;String&quot;,&quot;value&quot;:&quot;1765 Merivale Rd., Nepean, Ontario&quot;},{&quot;name&quot;:&quot;name&quot;,&quot;type&quot;:&quot;String&quot;,&quot;value&quot;:&quot;Merivale&quot;},{&quot;name&quot;:&quot;notes&quot;,&quot;type&quot;:&quot;String&quot;,&quot;value&quot;:null},{&quot;name&quot;:&quot;phone&quot;,&quot;type&quot;:&quot;String&quot;,&quot;value&quot;:null},{&quot;name&quot;:&quot;division_id&quot;,&quot;type&quot;:&quot;String&quot;,&quot;value&quot;:219060},{&quot;name&quot;:&quot;url&quot;,&quot;type&quot;:&quot;String&quot;,&quot;value&quot;:&quot;https://maps.google.com/?ie=UTF8&amp;mrt=loc&amp;t=h&amp;view=map&amp;z=15&amp;output=embed&amp;q=1765%2bMerivale%2bRd.%2bNepean%2bOntario%2bCanada&quot;}],&quot;rel&quot;:&quot;division_location-28324864&quot;,&quot;links&quot;:[{&quot;rel&quot;:&quot;events&quot;,&quot;href&quot;:&quot;https://api.teamsnap.com/v3/events/search?location_id=28324864&quot;}],&quot;href&quot;:&quot;https://api.teamsnap.com/v3/division_locations/28324864&quot;},{&quot;data&quot;:[{&quot;name&quot;:&quot;id&quot;,&quot;type&quot;:&quot;String&quot;,&quot;value&quot;:28324867},{&quot;name&quot;:&quot;type&quot;,&quot;type&quot;:&quot;String&quot;,&quot;value&quot;:&quot;division_location&quot;},{&quot;name&quot;:&quot;address&quot;,&quot;type&quot;:&quot;String&quot;,&quot;value&quot;:&quot;2785 Albert St., Metcalfe, Ontario&quot;},{&quot;name&quot;:&quot;name&quot;,&quot;type&quot;:&quot;String&quot;,&quot;value&quot;:&quot;Metcalfe&quot;},{&quot;name&quot;:&quot;notes&quot;,&quot;type&quot;:&quot;String&quot;,&quot;value&quot;:null},{&quot;name&quot;:&quot;phone&quot;,&quot;type&quot;:&quot;String&quot;,&quot;value&quot;:null},{&quot;name&quot;:&quot;division_id&quot;,&quot;type&quot;:&quot;String&quot;,&quot;value&quot;:219060},{&quot;name&quot;:&quot;url&quot;,&quot;type&quot;:&quot;String&quot;,&quot;value&quot;:&quot;https://maps.google.com/?ie=UTF8&amp;mrt=loc&amp;t=h&amp;view=map&amp;z=15&amp;output=embed&amp;q=2785%2bAlbert%2bSt.%2bMetcalfe%2bOntario%2bCanada&quot;}],&quot;rel&quot;:&quot;division_location-28324867&quot;,&quot;links&quot;:[{&quot;rel&quot;:&quot;events&quot;,&quot;href&quot;:&quot;https://api.teamsnap.com/v3/events/search?location_id=28324867&quot;}],&quot;href&quot;:&quot;https://api.teamsnap.com/v3/division_locations/28324867&quot;},{&quot;data&quot;:[{&quot;name&quot;:&quot;id&quot;,&quot;type&quot;:&quot;String&quot;,&quot;value&quot;:28324870},{&quot;name&quot;:&quot;type&quot;,&quot;type&quot;:&quot;String&quot;,&quot;value&quot;:&quot;division_location&quot;},{&quot;name&quot;:&quot;address&quot;,&quot;type&quot;:&quot;String&quot;,&quot;value&quot;:&quot;850 ave. Ã\u2030mile-Journault, Montreal, Quebec&quot;},{&quot;name&quot;:&quot;name&quot;,&quot;type&quot;:&quot;String&quot;,&quot;value&quot;:&quot;Michel Normandin - Montreal&quot;},{&quot;name&quot;:&quot;notes&quot;,&quot;type&quot;:&quot;String&quot;,&quot;value&quot;:null},{&quot;name&quot;:&quot;phone&quot;,&quot;type&quot;:&quot;String&quot;,&quot;value&quot;:null},{&quot;name&quot;:&quot;division_id&quot;,&quot;type&quot;:&quot;String&quot;,&quot;value&quot;:219060},{&quot;name&quot;:&quot;url&quot;,&quot;type&quot;:&quot;String&quot;,&quot;value&quot;:&quot;https://maps.google.com/?ie=UTF8&amp;mrt=loc&amp;t=h&amp;view=map&amp;z=15&amp;output=embed&amp;q=850%2bave.%2b%c3%89mile-Journault%2bMontreal%2bQuebec%2bCanada&quot;}],&quot;rel&quot;:&quot;division_location-28324870&quot;,&quot;links&quot;:[{&quot;rel&quot;:&quot;events&quot;,&quot;href&quot;:&quot;https://api.teamsnap.com/v3/events/search?location_id=28324870&quot;}],&quot;href&quot;:&quot;https://api.teamsnap.com/v3/division_locations/28324870&quot;},{&quot;data&quot;:[{&quot;name&quot;:&quot;id&quot;,&quot;type&quot;:&quot;String&quot;,&quot;value&quot;:28324873},{&quot;name&quot;:&quot;type&quot;,&quot;type&quot;:&quot;String&quot;,&quot;value&quot;:&quot;division_location&quot;},{&quot;name&quot;:&quot;address&quot;,&quot;type&quot;:&quot;String&quot;,&quot;value&quot;:&quot;3105 boul. Rome, Brossard , Quebec&quot;},{&quot;name&quot;:&quot;name&quot;,&quot;type&quot;:&quot;String&quot;,&quot;value&quot;:&quot;Michel-Normandin - Brossard&quot;},{&quot;name&quot;:&quot;notes&quot;,&quot;type&quot;:&quot;String&quot;,&quot;value&quot;:null},{&quot;name&quot;:&quot;phone&quot;,&quot;type&quot;:&quot;String&quot;,&quot;value&quot;:null},{&quot;name&quot;:&quot;division_id&quot;,&quot;type&quot;:&quot;String&quot;,&quot;value&quot;:219060},{&quot;name&quot;:&quot;url&quot;,&quot;type&quot;:&quot;String&quot;,&quot;value&quot;:&quot;https://maps.google.com/?ie=UTF8&amp;mrt=loc&amp;t=h&amp;view=map&amp;z=15&amp;output=embed&amp;q=3105%2bboul.%2bRome%2bBrossard%2bQuebec%2bCanada&quot;}],&quot;rel&quot;:&quot;division_location-28324873&quot;,&quot;links&quot;:[{&quot;rel&quot;:&quot;events&quot;,&quot;href&quot;:&quot;https://api.teamsnap.com/v3/events/search?location_id=28324873&quot;}],&quot;href&quot;:&quot;https://api.teamsnap.com/v3/division_locations/28324873&quot;},{&quot;data&quot;:[{&quot;name&quot;:&quot;id&quot;,&quot;type&quot;:&quot;String&quot;,&quot;value&quot;:28324876},{&quot;name&quot;:&quot;type&quot;,&quot;type&quot;:&quot;String&quot;,&quot;value&quot;:&quot;division_location&quot;},{&quot;name&quot;:&quot;address&quot;,&quot;type&quot;:&quot;String&quot;,&quot;value&quot;:&quot;2571 Lancaster Rd., Ottawa, Ontario&quot;},{&quot;name&quot;:&quot;name&quot;,&quot;type&quot;:&quot;String&quot;,&quot;value&quot;:&quot;Minto&quot;},{&quot;name&quot;:&quot;notes&quot;,&quot;type&quot;:&quot;String&quot;,&quot;value&quot;:null},{&quot;name&quot;:&quot;phone&quot;,&quot;type&quot;:&quot;String&quot;,&quot;value&quot;:null},{&quot;name&quot;:&quot;division_id&quot;,&quot;type&quot;:&quot;String&quot;,&quot;value&quot;:219060},{&quot;name&quot;:&quot;url&quot;,&quot;type&quot;:&quot;String&quot;,&quot;value&quot;:&quot;https://maps.google.com/?ie=UTF8&amp;mrt=loc&amp;t=h&amp;view=map&amp;z=15&amp;output=embed&amp;q=2571%2bLancaster%2bRd.%2bOttawa%2bOntario%2bCanada&quot;}],&quot;rel&quot;:&quot;division_location-28324876&quot;,&quot;links&quot;:[{&quot;rel&quot;:&quot;events&quot;,&quot;href&quot;:&quot;https://api.teamsnap.com/v3/events/search?location_id=28324876&quot;}],&quot;href&quot;:&quot;https://api.teamsnap.com/v3/division_locations/28324876&quot;},{&quot;data&quot;:[{&quot;name&quot;:&quot;id&quot;,&quot;type&quot;:&quot;String&quot;,&quot;value&quot;:28324879},{&quot;name&quot;:&quot;type&quot;,&quot;type&quot;:&quot;String&quot;,&quot;value&quot;:&quot;division_location&quot;},{&quot;name&quot;:&quot;address&quot;,&quot;type&quot;:&quot;String&quot;,&quot;value&quot;:&quot;3500 Cambrian Drive, Nepean, Ontario&quot;},{&quot;name&quot;:&quot;name&quot;,&quot;type&quot;:&quot;String&quot;,&quot;value&quot;:&quot;Minto Recreation Complex (Barrhaven)&quot;},{&quot;name&quot;:&quot;notes&quot;,&quot;type&quot;:&quot;String&quot;,&quot;value&quot;:null},{&quot;name&quot;:&quot;phone&quot;,&quot;type&quot;:&quot;String&quot;,&quot;value&quot;:null},{&quot;name&quot;:&quot;division_id&quot;,&quot;type&quot;:&quot;String&quot;,&quot;value&quot;:219060},{&quot;name&quot;:&quot;url&quot;,&quot;type&quot;:&quot;String&quot;,&quot;value&quot;:&quot;https://maps.google.com/?ie=UTF8&amp;mrt=loc&amp;t=h&amp;view=map&amp;z=15&amp;output=embed&amp;q=3500%2bCambrian%2bDrive%2bNepean%2bOntario%2bCanada%2bK2J%2b0V1&quot;}],&quot;rel&quot;:&quot;division_location-28324879&quot;,&quot;links&quot;:[{&quot;rel&quot;:&quot;events&quot;,&quot;href&quot;:&quot;https://api.teamsnap.com/v3/events/search?location_id=28324879&quot;}],&quot;href&quot;:&quot;https://api.teamsnap.com/v3/division_locations/28324879&quot;},{&quot;data&quot;:[{&quot;name&quot;:&quot;id&quot;,&quot;type&quot;:&quot;String&quot;,&quot;value&quot;:28324882},{&quot;name&quot;:&quot;type&quot;,&quot;type&quot;:&quot;String&quot;,&quot;value&quot;:&quot;division_location&quot;},{&quot;name&quot;:&quot;address&quot;,&quot;type&quot;:&quot;String&quot;,&quot;value&quot;:&quot;2571 Lancaster Rd., Ottawa, Ontario&quot;},{&quot;name&quot;:&quot;name&quot;,&quot;type&quot;:&quot;String&quot;,&quot;value&quot;:&quot;Minto Studio&quot;},{&quot;name&quot;:&quot;notes&quot;,&quot;type&quot;:&quot;String&quot;,&quot;value&quot;:null},{&quot;name&quot;:&quot;phone&quot;,&quot;type&quot;:&quot;String&quot;,&quot;value&quot;:null},{&quot;name&quot;:&quot;division_id&quot;,&quot;type&quot;:&quot;String&quot;,&quot;value&quot;:219060},{&quot;name&quot;:&quot;url&quot;,&quot;type&quot;:&quot;String&quot;,&quot;value&quot;:&quot;https://maps.google.com/?ie=UTF8&amp;mrt=loc&amp;t=h&amp;view=map&amp;z=15&amp;output=embed&amp;q=2571%2bLancaster%2bRd.%2bOttawa%2bOntario%2bCanada&quot;}],&quot;rel&quot;:&quot;division_location-28324882&quot;,&quot;links&quot;:[{&quot;rel&quot;:&quot;events&quot;,&quot;href&quot;:&quot;https://api.teamsnap.com/v3/events/search?location_id=28324882&quot;}],&quot;href&quot;:&quot;https://api.teamsnap.com/v3/division_locations/28324882&quot;},{&quot;data&quot;:[{&quot;name&quot;:&quot;id&quot;,&quot;type&quot;:&quot;String&quot;,&quot;value&quot;:28324885},{&quot;name&quot;:&quot;type&quot;,&quot;type&quot;:&quot;String&quot;,&quot;value&quot;:&quot;division_location&quot;},{&quot;name&quot;:&quot;address&quot;,&quot;type&quot;:&quot;String&quot;,&quot;value&quot;:&quot;null, null&quot;},{&quot;name&quot;:&quot;name&quot;,&quot;type&quot;:&quot;String&quot;,&quot;value&quot;:&quot;Montreal&quot;},{&quot;name&quot;:&quot;notes&quot;,&quot;type&quot;:&quot;String&quot;,&quot;value&quot;:null},{&quot;name&quot;:&quot;phone&quot;,&quot;type&quot;:&quot;String&quot;,&quot;value&quot;:null},{&quot;name&quot;:&quot;division_id&quot;,&quot;type&quot;:&quot;String&quot;,&quot;value&quot;:219060},{&quot;name&quot;:&quot;url&quot;,&quot;type&quot;:&quot;String&quot;,&quot;value&quot;:&quot;https://maps.google.com/?ie=UTF8&amp;mrt=loc&amp;t=h&amp;view=map&amp;z=15&amp;output=embed&amp;q=Montreal&quot;}],&quot;rel&quot;:&quot;division_location-28324885&quot;,&quot;links&quot;:[{&quot;rel&quot;:&quot;events&quot;,&quot;href&quot;:&quot;https://api.teamsnap.com/v3/events/search?location_id=28324885&quot;}],&quot;href&quot;:&quot;https://api.teamsnap.com/v3/division_locations/28324885&quot;},{&quot;data&quot;:[{&quot;name&quot;:&quot;id&quot;,&quot;type&quot;:&quot;String&quot;,&quot;value&quot;:28324891},{&quot;name&quot;:&quot;type&quot;,&quot;type&quot;:&quot;String&quot;,&quot;value&quot;:&quot;division_location&quot;},{&quot;name&quot;:&quot;address&quot;,&quot;type&quot;:&quot;String&quot;,&quot;value&quot;:&quot;1701 Woodroffe Avenue, Nepean, Ontario&quot;},{&quot;name&quot;:&quot;name&quot;,&quot;type&quot;:&quot;String&quot;,&quot;value&quot;:&quot;Nepean Sportsplex Rink 1&quot;},{&quot;name&quot;:&quot;notes&quot;,&quot;type&quot;:&quot;String&quot;,&quot;value&quot;:null},{&quot;name&quot;:&quot;phone&quot;,&quot;type&quot;:&quot;String&quot;,&quot;value&quot;:null},{&quot;name&quot;:&quot;division_id&quot;,&quot;type&quot;:&quot;String&quot;,&quot;value&quot;:219060},{&quot;name&quot;:&quot;url&quot;,&quot;type&quot;:&quot;String&quot;,&quot;value&quot;:&quot;https://maps.google.com/?ie=UTF8&amp;mrt=loc&amp;t=h&amp;view=map&amp;z=15&amp;output=embed&amp;q=1701%2bWoodroffe%2bAvenue%2bNepean%2bOntario%2bCanada&quot;}],&quot;rel&quot;:&quot;division_location-28324891&quot;,&quot;links&quot;:[{&quot;rel&quot;:&quot;events&quot;,&quot;href&quot;:&quot;https://api.teamsnap.com/v3/events/search?location_id=28324891&quot;}],&quot;href&quot;:&quot;https://api.teamsnap.com/v3/division_locations/28324891&quot;},{&quot;data&quot;:[{&quot;name&quot;:&quot;id&quot;,&quot;type&quot;:&quot;String&quot;,&quot;value&quot;:28324894},{&quot;name&quot;:&quot;type&quot;,&quot;type&quot;:&quot;String&quot;,&quot;value&quot;:&quot;division_location&quot;},{&quot;name&quot;:&quot;address&quot;,&quot;type&quot;:&quot;String&quot;,&quot;value&quot;:&quot;1701 Woodroffe Avenue, Ottawa, Ontario&quot;},{&quot;name&quot;:&quot;name&quot;,&quot;type&quot;:&quot;String&quot;,&quot;value&quot;:&quot;Nepean Sportsplex Rink 2&quot;},{&quot;name&quot;:&quot;notes&quot;,&quot;type&quot;:&quot;String&quot;,&quot;value&quot;:null},{&quot;name&quot;:&quot;phone&quot;,&quot;type&quot;:&quot;String&quot;,&quot;value&quot;:null},{&quot;name&quot;:&quot;division_id&quot;,&quot;type&quot;:&quot;String&quot;,&quot;value&quot;:219060},{&quot;name&quot;:&quot;url&quot;,&quot;type&quot;:&quot;String&quot;,&quot;value&quot;:&quot;https://maps.google.com/?ie=UTF8&amp;mrt=loc&amp;t=h&amp;view=map&amp;z=15&amp;output=embed&amp;q=1701%2bWoodroffe%2bAvenue%2bOttawa%2bOntario%2bCanada%2bK2G%2b0C4&quot;}],&quot;rel&quot;:&quot;division_location-28324894&quot;,&quot;links&quot;:[{&quot;rel&quot;:&quot;events&quot;,&quot;href&quot;:&quot;https://api.teamsnap.com/v3/events/search?location_id=28324894&quot;}],&quot;href&quot;:&quot;https://api.teamsnap.com/v3/division_locations/28324894&quot;},{&quot;data&quot;:[{&quot;name&quot;:&quot;id&quot;,&quot;type&quot;:&quot;String&quot;,&quot;value&quot;:28324895},{&quot;name&quot;:&quot;type&quot;,&quot;type&quot;:&quot;String&quot;,&quot;value&quot;:&quot;division_location&quot;},{&quot;name&quot;:&quot;address&quot;,&quot;type&quot;:&quot;String&quot;,&quot;value&quot;:&quot;1701 Woodroffe Avenue, Nepean, Ontario&quot;},{&quot;name&quot;:&quot;name&quot;,&quot;type&quot;:&quot;String&quot;,&quot;value&quot;:&quot;Nepean Sportsplex Rink 3&quot;},{&quot;name&quot;:&quot;notes&quot;,&quot;type&quot;:&quot;String&quot;,&quot;value&quot;:null},{&quot;name&quot;:&quot;phone&quot;,&quot;type&quot;:&quot;String&quot;,&quot;value&quot;:null},{&quot;name&quot;:&quot;division_id&quot;,&quot;type&quot;:&quot;String&quot;,&quot;value&quot;:219060},{&quot;name&quot;:&quot;url&quot;,&quot;type&quot;:&quot;String&quot;,&quot;value&quot;:&quot;https://maps.google.com/?ie=UTF8&amp;mrt=loc&amp;t=h&amp;view=map&amp;z=15&amp;output=embed&amp;q=1701%2bWoodroffe%2bAvenue%2bNepean%2bOntario%2bCanada&quot;}],&quot;rel&quot;:&quot;division_location-28324895&quot;,&quot;links&quot;:[{&quot;rel&quot;:&quot;events&quot;,&quot;href&quot;:&quot;https://api.teamsnap.com/v3/events/search?location_id=28324895&quot;}],&quot;href&quot;:&quot;https://api.teamsnap.com/v3/division_locations/28324895&quot;},{&quot;data&quot;:[{&quot;name&quot;:&quot;id&quot;,&quot;type&quot;:&quot;String&quot;,&quot;value&quot;:28324919},{&quot;name&quot;:&quot;type&quot;,&quot;type&quot;:&quot;String&quot;,&quot;value&quot;:&quot;division_location&quot;},{&quot;name&quot;:&quot;address&quot;,&quot;type&quot;:&quot;String&quot;,&quot;value&quot;:&quot;1490 Youville Dr., Orleans, Ontario&quot;},{&quot;name&quot;:&quot;name&quot;,&quot;type&quot;:&quot;String&quot;,&quot;value&quot;:&quot;Orleans&quot;},{&quot;name&quot;:&quot;notes&quot;,&quot;type&quot;:&quot;String&quot;,&quot;value&quot;:null},{&quot;name&quot;:&quot;phone&quot;,&quot;type&quot;:&quot;String&quot;,&quot;value&quot;:null},{&quot;name&quot;:&quot;division_id&quot;,&quot;type&quot;:&quot;String&quot;,&quot;value&quot;:219060},{&quot;name&quot;:&quot;url&quot;,&quot;type&quot;:&quot;String&quot;,&quot;value&quot;:&quot;https://maps.google.com/?ie=UTF8&amp;mrt=loc&amp;t=h&amp;view=map&amp;z=15&amp;output=embed&amp;q=1490%2bYouville%2bDr.%2bOrleans%2bOntario%2bCanada%2bK1C2X8&quot;}],&quot;rel&quot;:&quot;division_location-28324919&quot;,&quot;links&quot;:[{&quot;rel&quot;:&quot;events&quot;,&quot;href&quot;:&quot;https://api.teamsnap.com/v3/events/search?location_id=28324919&quot;}],&quot;href&quot;:&quot;https://api.teamsnap.com/v3/division_locations/28324919&quot;},{&quot;data&quot;:[{&quot;name&quot;:&quot;id&quot;,&quot;type&quot;:&quot;String&quot;,&quot;value&quot;:28324921},{&quot;name&quot;:&quot;type&quot;,&quot;type&quot;:&quot;String&quot;,&quot;value&quot;:&quot;division_location&quot;},{&quot;name&quot;:&quot;address&quot;,&quot;type&quot;:&quot;String&quot;,&quot;value&quot;:&quot;1490 Youville Dr., Orleans, Ontario&quot;},{&quot;name&quot;:&quot;name&quot;,&quot;type&quot;:&quot;String&quot;,&quot;value&quot;:&quot;Orleans Rec - Senecal&quot;},{&quot;name&quot;:&quot;notes&quot;,&quot;type&quot;:&quot;String&quot;,&quot;value&quot;:null},{&quot;name&quot;:&quot;phone&quot;,&quot;type&quot;:&quot;String&quot;,&quot;value&quot;:null},{&quot;name&quot;:&quot;division_id&quot;,&quot;type&quot;:&quot;String&quot;,&quot;value&quot;:219060},{&quot;name&quot;:&quot;url&quot;,&quot;type&quot;:&quot;String&quot;,&quot;value&quot;:&quot;https://maps.google.com/?ie=UTF8&amp;mrt=loc&amp;t=h&amp;view=map&amp;z=15&amp;output=embed&amp;q=1490%2bYouville%2bDr.%2bOrleans%2bOntario%2bCanada%2bK1C2X8&quot;}],&quot;rel&quot;:&quot;division_location-28324921&quot;,&quot;links&quot;:[{&quot;rel&quot;:&quot;events&quot;,&quot;href&quot;:&quot;https://api.teamsnap.com/v3/events/search?location_id=28324921&quot;}],&quot;href&quot;:&quot;https://api.teamsnap.com/v3/division_locations/28324921&quot;},{&quot;data&quot;:[{&quot;name&quot;:&quot;id&quot;,&quot;type&quot;:&quot;String&quot;,&quot;value&quot;:28324924},{&quot;name&quot;:&quot;type&quot;,&quot;type&quot;:&quot;String&quot;,&quot;value&quot;:&quot;division_location&quot;},{&quot;name&quot;:&quot;address&quot;,&quot;type&quot;:&quot;String&quot;,&quot;value&quot;:&quot;5660 Main St, Osgood, Ontario&quot;},{&quot;name&quot;:&quot;name&quot;,&quot;type&quot;:&quot;String&quot;,&quot;value&quot;:&quot;Osgoode&quot;},{&quot;name&quot;:&quot;notes&quot;,&quot;type&quot;:&quot;String&quot;,&quot;value&quot;:null},{&quot;name&quot;:&quot;phone&quot;,&quot;type&quot;:&quot;String&quot;,&quot;value&quot;:null},{&quot;name&quot;:&quot;division_id&quot;,&quot;type&quot;:&quot;String&quot;,&quot;value&quot;:219060},{&quot;name&quot;:&quot;url&quot;,&quot;type&quot;:&quot;String&quot;,&quot;value&quot;:&quot;https://maps.google.com/?ie=UTF8&amp;mrt=loc&amp;t=h&amp;view=map&amp;z=15&amp;output=embed&amp;q=5660%2bMain%2bSt%2bOsgood%2bOntario%2bCanada&quot;}],&quot;rel&quot;:&quot;division_location-28324924&quot;,&quot;links&quot;:[{&quot;rel&quot;:&quot;events&quot;,&quot;href&quot;:&quot;https://api.teamsnap.com/v3/events/search?location_id=28324924&quot;}],&quot;href&quot;:&quot;https://api.teamsnap.com/v3/division_locations/28324924&quot;},{&quot;data&quot;:[{&quot;name&quot;:&quot;id&quot;,&quot;type&quot;:&quot;String&quot;,&quot;value&quot;:28324927},{&quot;name&quot;:&quot;type&quot;,&quot;type&quot;:&quot;String&quot;,&quot;value&quot;:&quot;division_location&quot;},{&quot;name&quot;:&quot;address&quot;,&quot;type&quot;:&quot;String&quot;,&quot;value&quot;:&quot;1264 Walkley Rd., Ottawa, Ontario&quot;},{&quot;name&quot;:&quot;name&quot;,&quot;type&quot;:&quot;String&quot;,&quot;value&quot;:&quot;Peplinski&quot;},{&quot;name&quot;:&quot;notes&quot;,&quot;type&quot;:&quot;String&quot;,&quot;value&quot;:null},{&quot;name&quot;:&quot;phone&quot;,&quot;type&quot;:&quot;String&quot;,&quot;value&quot;:null},{&quot;name&quot;:&quot;division_id&quot;,&quot;type&quot;:&quot;String&quot;,&quot;value&quot;:219060},{&quot;name&quot;:&quot;url&quot;,&quot;type&quot;:&quot;String&quot;,&quot;value&quot;:&quot;https://maps.google.com/?ie=UTF8&amp;mrt=loc&amp;t=h&amp;view=map&amp;z=15&amp;output=embed&amp;q=1264%2bWalkley%2bRd.%2bOttawa%2bOntario%2bCanada&quot;}],&quot;rel&quot;:&quot;division_location-28324927&quot;,&quot;links&quot;:[{&quot;rel&quot;:&quot;events&quot;,&quot;href&quot;:&quot;https://api.teamsnap.com/v3/events/search?location_id=28324927&quot;}],&quot;href&quot;:&quot;https://api.teamsnap.com/v3/division_locations/28324927&quot;},{&quot;data&quot;:[{&quot;name&quot;:&quot;id&quot;,&quot;type&quot;:&quot;String&quot;,&quot;value&quot;:28324930},{&quot;name&quot;:&quot;type&quot;,&quot;type&quot;:&quot;String&quot;,&quot;value&quot;:&quot;division_location&quot;},{&quot;name&quot;:&quot;address&quot;,&quot;type&quot;:&quot;String&quot;,&quot;value&quot;:&quot;14700 Boul. Pierrefonds, Pierrefonds, Quebec&quot;},{&quot;name&quot;:&quot;name&quot;,&quot;type&quot;:&quot;String&quot;,&quot;value&quot;:&quot;Pierrefonds&quot;},{&quot;name&quot;:&quot;notes&quot;,&quot;type&quot;:&quot;String&quot;,&quot;value&quot;:null},{&quot;name&quot;:&quot;phone&quot;,&quot;type&quot;:&quot;String&quot;,&quot;value&quot;:null},{&quot;name&quot;:&quot;division_id&quot;,&quot;type&quot;:&quot;String&quot;,&quot;value&quot;:219060},{&quot;name&quot;:&quot;url&quot;,&quot;type&quot;:&quot;String&quot;,&quot;value&quot;:&quot;https://maps.google.com/?ie=UTF8&amp;mrt=loc&amp;t=h&amp;view=map&amp;z=15&amp;output=embed&amp;q=14700%2bBoul.%2bPierrefonds%2bPierrefonds%2bQuebec%2bCanada%2bH9H4Y6&quot;}],&quot;rel&quot;:&quot;division_location-28324930&quot;,&quot;links&quot;:[{&quot;rel&quot;:&quot;events&quot;,&quot;href&quot;:&quot;https://api.teamsnap.com/v3/events/search?location_id=28324930&quot;}],&quot;href&quot;:&quot;https://api.teamsnap.com/v3/division_locations/28324930&quot;},{&quot;data&quot;:[{&quot;name&quot;:&quot;id&quot;,&quot;type&quot;:&quot;String&quot;,&quot;value&quot;:28324933},{&quot;name&quot;:&quot;type&quot;,&quot;type&quot;:&quot;String&quot;,&quot;value&quot;:&quot;division_location&quot;},{&quot;name&quot;:&quot;address&quot;,&quot;type&quot;:&quot;String&quot;,&quot;value&quot;:&quot;96 ave. Douglas Shand, Pointe Claire, Quebec&quot;},{&quot;name&quot;:&quot;name&quot;,&quot;type&quot;:&quot;String&quot;,&quot;value&quot;:&quot;Pointe-Claire - LSL&quot;},{&quot;name&quot;:&quot;notes&quot;,&quot;type&quot;:&quot;String&quot;,&quot;value&quot;:null},{&quot;name&quot;:&quot;phone&quot;,&quot;type&quot;:&quot;String&quot;,&quot;value&quot;:null},{&quot;name&quot;:&quot;division_id&quot;,&quot;type&quot;:&quot;String&quot;,&quot;value&quot;:219060},{&quot;name&quot;:&quot;url&quot;,&quot;type&quot;:&quot;String&quot;,&quot;value&quot;:&quot;https://maps.google.com/?ie=UTF8&amp;mrt=loc&amp;t=h&amp;view=map&amp;z=15&amp;output=embed&amp;q=96%2bave.%2bDouglas%2bShand%2bPointe%2bClaire%2bQuebec%2bCanada&quot;}],&quot;rel&quot;:&quot;division_location-28324933&quot;,&quot;links&quot;:[{&quot;rel&quot;:&quot;events&quot;,&quot;href&quot;:&quot;https://api.teamsnap.com/v3/events/search?location_id=28324933&quot;}],&quot;href&quot;:&quot;https://api.teamsnap.com/v3/division_locations/28324933&quot;},{&quot;data&quot;:[{&quot;name&quot;:&quot;id&quot;,&quot;type&quot;:&quot;String&quot;,&quot;value&quot;:28324936},{&quot;name&quot;:&quot;type&quot;,&quot;type&quot;:&quot;String&quot;,&quot;value&quot;:&quot;division_location&quot;},{&quot;name&quot;:&quot;address&quot;,&quot;type&quot;:&quot;String&quot;,&quot;value&quot;:&quot;813 Shefford Rd, Gloucester, Ontario&quot;},{&quot;name&quot;:&quot;name&quot;,&quot;type&quot;:&quot;String&quot;,&quot;value&quot;:&quot;Potvin&quot;},{&quot;name&quot;:&quot;notes&quot;,&quot;type&quot;:&quot;String&quot;,&quot;value&quot;:null},{&quot;name&quot;:&quot;phone&quot;,&quot;type&quot;:&quot;String&quot;,&quot;value&quot;:null},{&quot;name&quot;:&quot;division_id&quot;,&quot;type&quot;:&quot;String&quot;,&quot;value&quot;:219060},{&quot;name&quot;:&quot;url&quot;,&quot;type&quot;:&quot;String&quot;,&quot;value&quot;:&quot;https://maps.google.com/?ie=UTF8&amp;mrt=loc&amp;t=h&amp;view=map&amp;z=15&amp;output=embed&amp;q=813%2bShefford%2bRd%2bGloucester%2bOntario%2bCanada&quot;}],&quot;rel&quot;:&quot;division_location-28324936&quot;,&quot;links&quot;:[{&quot;rel&quot;:&quot;events&quot;,&quot;href&quot;:&quot;https://api.teamsnap.com/v3/events/search?location_id=28324936&quot;}],&quot;href&quot;:&quot;https://api.teamsnap.com/v3/division_locations/28324936&quot;},{&quot;data&quot;:[{&quot;name&quot;:&quot;id&quot;,&quot;type&quot;:&quot;String&quot;,&quot;value&quot;:28324939},{&quot;name&quot;:&quot;type&quot;,&quot;type&quot;:&quot;String&quot;,&quot;value&quot;:&quot;division_location&quot;},{&quot;name&quot;:&quot;address&quot;,&quot;type&quot;:&quot;String&quot;,&quot;value&quot;:&quot;1585 Tenth Line Road, Orleans&quot;},{&quot;name&quot;:&quot;name&quot;,&quot;type&quot;:&quot;String&quot;,&quot;value&quot;:&quot;Ray Friel&quot;},{&quot;name&quot;:&quot;notes&quot;,&quot;type&quot;:&quot;String&quot;,&quot;value&quot;:null},{&quot;name&quot;:&quot;phone&quot;,&quot;type&quot;:&quot;String&quot;,&quot;value&quot;:null},{&quot;name&quot;:&quot;division_id&quot;,&quot;type&quot;:&quot;String&quot;,&quot;value&quot;:219060},{&quot;name&quot;:&quot;url&quot;,&quot;type&quot;:&quot;String&quot;,&quot;value&quot;:&quot;https://maps.google.com/?ie=UTF8&amp;mrt=loc&amp;t=h&amp;view=map&amp;z=15&amp;output=embed&amp;q=1585%2bTenth%2bLine%2bRoad%2bOrleans&quot;}],&quot;rel&quot;:&quot;division_location-28324939&quot;,&quot;links&quot;:[{&quot;rel&quot;:&quot;events&quot;,&quot;href&quot;:&quot;https://api.teamsnap.com/v3/events/search?location_id=28324939&quot;}],&quot;href&quot;:&quot;https://api.teamsnap.com/v3/division_locations/28324939&quot;},{&quot;data&quot;:[{&quot;name&quot;:&quot;id&quot;,&quot;type&quot;:&quot;String&quot;,&quot;value&quot;:28324942},{&quot;name&quot;:&quot;type&quot;,&quot;type&quot;:&quot;String&quot;,&quot;value&quot;:&quot;division_location&quot;},{&quot;name&quot;:&quot;address&quot;,&quot;type&quot;:&quot;String&quot;,&quot;value&quot;:&quot;null, null&quot;},{&quot;name&quot;:&quot;name&quot;,&quot;type&quot;:&quot;String&quot;,&quot;value&quot;:&quot;RayFriel 1&quot;},{&quot;name&quot;:&quot;notes&quot;,&quot;type&quot;:&quot;String&quot;,&quot;value&quot;:null},{&quot;name&quot;:&quot;phone&quot;,&quot;type&quot;:&quot;String&quot;,&quot;value&quot;:null},{&quot;name&quot;:&quot;division_id&quot;,&quot;type&quot;:&quot;String&quot;,&quot;value&quot;:219060},{&quot;name&quot;:&quot;url&quot;,&quot;type&quot;:&quot;String&quot;,&quot;value&quot;:&quot;https://maps.google.com/?ie=UTF8&amp;mrt=loc&amp;t=h&amp;view=map&amp;z=15&amp;output=embed&amp;q=RayFriel%2b1&quot;}],&quot;rel&quot;:&quot;division_location-28324942&quot;,&quot;links&quot;:[{&quot;rel&quot;:&quot;events&quot;,&quot;href&quot;:&quot;https://api.teamsnap.com/v3/events/search?location_id=28324942&quot;}],&quot;href&quot;:&quot;https://api.teamsnap.com/v3/division_locations/28324942&quot;},{&quot;data&quot;:[{&quot;name&quot;:&quot;id&quot;,&quot;type&quot;:&quot;String&quot;,&quot;value&quot;:28324945},{&quot;name&quot;:&quot;type&quot;,&quot;type&quot;:&quot;String&quot;,&quot;value&quot;:&quot;division_location&quot;},{&quot;name&quot;:&quot;address&quot;,&quot;type&quot;:&quot;String&quot;,&quot;value&quot;:&quot;2345 Thimens Boul, Saint-Laurent, Quebec&quot;},{&quot;name&quot;:&quot;name&quot;,&quot;type&quot;:&quot;String&quot;,&quot;value&quot;:&quot;Raymond Bourque&quot;},{&quot;name&quot;:&quot;notes&quot;,&quot;type&quot;:&quot;String&quot;,&quot;value&quot;:null},{&quot;name&quot;:&quot;phone&quot;,&quot;type&quot;:&quot;String&quot;,&quot;value&quot;:null},{&quot;name&quot;:&quot;division_id&quot;,&quot;type&quot;:&quot;String&quot;,&quot;value&quot;:219060},{&quot;name&quot;:&quot;url&quot;,&quot;type&quot;:&quot;String&quot;,&quot;value&quot;:&quot;https://maps.google.com/?ie=UTF8&amp;mrt=loc&amp;t=h&amp;view=map&amp;z=15&amp;output=embed&amp;q=2345%2bThimens%2bBoul%2bSaint-Laurent%2bQuebec%2bCanada&quot;}],&quot;rel&quot;:&quot;division_location-28324945&quot;,&quot;links&quot;:[{&quot;rel&quot;:&quot;events&quot;,&quot;href&quot;:&quot;https://api.teamsnap.com/v3/events/search?location_id=28324945&quot;}],&quot;href&quot;:&quot;https://api.teamsnap.com/v3/division_locations/28324945&quot;},{&quot;data&quot;:[{&quot;name&quot;:&quot;id&quot;,&quot;type&quot;:&quot;String&quot;,&quot;value&quot;:28324948},{&quot;name&quot;:&quot;type&quot;,&quot;type&quot;:&quot;String&quot;,&quot;value&quot;:&quot;division_location&quot;},{&quot;name&quot;:&quot;address&quot;,&quot;type&quot;:&quot;String&quot;,&quot;value&quot;:&quot;1 Ma-Te-Way Park Dr., Renfrew, Ontario&quot;},{&quot;name&quot;:&quot;name&quot;,&quot;type&quot;:&quot;String&quot;,&quot;value&quot;:&quot;Renfrew&quot;},{&quot;name&quot;:&quot;notes&quot;,&quot;type&quot;:&quot;String&quot;,&quot;value&quot;:null},{&quot;name&quot;:&quot;phone&quot;,&quot;type&quot;:&quot;String&quot;,&quot;value&quot;:null},{&quot;name&quot;:&quot;division_id&quot;,&quot;type&quot;:&quot;String&quot;,&quot;value&quot;:219060},{&quot;name&quot;:&quot;url&quot;,&quot;type&quot;:&quot;String&quot;,&quot;value&quot;:&quot;https://maps.google.com/?ie=UTF8&amp;mrt=loc&amp;t=h&amp;view=map&amp;z=15&amp;output=embed&amp;q=1%2bMa-Te-Way%2bPark%2bDr.%2bRenfrew%2bOntario%2bCanada%2bK7V1P8&quot;}],&quot;rel&quot;:&quot;division_location-28324948&quot;,&quot;links&quot;:[{&quot;rel&quot;:&quot;events&quot;,&quot;href&quot;:&quot;https://api.teamsnap.com/v3/events/search?location_id=28324948&quot;}],&quot;href&quot;:&quot;https://api.teamsnap.com/v3/division_locations/28324948&quot;},{&quot;data&quot;:[{&quot;name&quot;:&quot;id&quot;,&quot;type&quot;:&quot;String&quot;,&quot;value&quot;:28324951},{&quot;name&quot;:&quot;type&quot;,&quot;type&quot;:&quot;String&quot;,&quot;value&quot;:&quot;division_location&quot;},{&quot;name&quot;:&quot;address&quot;,&quot;type&quot;:&quot;String&quot;,&quot;value&quot;:&quot;80 boul. Brien, Repentigny , Quebec&quot;},{&quot;name&quot;:&quot;name&quot;,&quot;type&quot;:&quot;String&quot;,&quot;value&quot;:&quot;Repentigny&quot;},{&quot;name&quot;:&quot;notes&quot;,&quot;type&quot;:&quot;String&quot;,&quot;value&quot;:null},{&quot;name&quot;:&quot;phone&quot;,&quot;type&quot;:&quot;String&quot;,&quot;value&quot;:null},{&quot;name&quot;:&quot;division_id&quot;,&quot;type&quot;:&quot;String&quot;,&quot;value&quot;:219060},{&quot;name&quot;:&quot;url&quot;,&quot;type&quot;:&quot;String&quot;,&quot;value&quot;:&quot;https://maps.google.com/?ie=UTF8&amp;mrt=loc&amp;t=h&amp;view=map&amp;z=15&amp;output=embed&amp;q=80%2bboul.%2bBrien%2bRepentigny%2bQuebec%2bCanada%2bJ6A5K7&quot;}],&quot;rel&quot;:&quot;division_location-28324951&quot;,&quot;links&quot;:[{&quot;rel&quot;:&quot;events&quot;,&quot;href&quot;:&quot;https://api.teamsnap.com/v3/events/search?location_id=28324951&quot;}],&quot;href&quot;:&quot;https://api.teamsnap.com/v3/division_locations/28324951&quot;},{&quot;data&quot;:[{&quot;name&quot;:&quot;id&quot;,&quot;type&quot;:&quot;String&quot;,&quot;value&quot;:28324954},{&quot;name&quot;:&quot;type&quot;,&quot;type&quot;:&quot;String&quot;,&quot;value&quot;:&quot;division_location&quot;},{&quot;name&quot;:&quot;address&quot;,&quot;type&quot;:&quot;String&quot;,&quot;value&quot;:&quot;813 Shefford Road, Ottawa, Ontario&quot;},{&quot;name&quot;:&quot;name&quot;,&quot;type&quot;:&quot;String&quot;,&quot;value&quot;:&quot;Richcraft Sensplex&quot;},{&quot;name&quot;:&quot;notes&quot;,&quot;type&quot;:&quot;String&quot;,&quot;value&quot;:null},{&quot;name&quot;:&quot;phone&quot;,&quot;type&quot;:&quot;String&quot;,&quot;value&quot;:null},{&quot;name&quot;:&quot;division_id&quot;,&quot;type&quot;:&quot;String&quot;,&quot;value&quot;:219060},{&quot;name&quot;:&quot;url&quot;,&quot;type&quot;:&quot;String&quot;,&quot;value&quot;:&quot;https://maps.google.com/?ie=UTF8&amp;mrt=loc&amp;t=h&amp;view=map&amp;z=15&amp;output=embed&amp;q=813%2bShefford%2bRoad%2bOttawa%2bOntario%2bCanada%2bK1J%2b8H9&quot;}],&quot;rel&quot;:&quot;division_location-28324954&quot;,&quot;links&quot;:[{&quot;rel&quot;:&quot;events&quot;,&quot;href&quot;:&quot;https://api.teamsnap.com/v3/events/search?location_id=28324954&quot;}],&quot;href&quot;:&quot;https://api.teamsnap.com/v3/division_locations/28324954&quot;},{&quot;data&quot;:[{&quot;name&quot;:&quot;id&quot;,&quot;type&quot;:&quot;String&quot;,&quot;value&quot;:28324957},{&quot;name&quot;:&quot;type&quot;,&quot;type&quot;:&quot;String&quot;,&quot;value&quot;:&quot;division_location&quot;},{&quot;name&quot;:&quot;address&quot;,&quot;type&quot;:&quot;String&quot;,&quot;value&quot;:&quot;813 Shefford Rd, Gloucester, Ontario&quot;},{&quot;name&quot;:&quot;name&quot;,&quot;type&quot;:&quot;String&quot;,&quot;value&quot;:&quot;Richcraft-Canadian Tire&quot;},{&quot;name&quot;:&quot;notes&quot;,&quot;type&quot;:&quot;String&quot;,&quot;value&quot;:null},{&quot;name&quot;:&quot;phone&quot;,&quot;type&quot;:&quot;String&quot;,&quot;value&quot;:null},{&quot;name&quot;:&quot;division_id&quot;,&quot;type&quot;:&quot;String&quot;,&quot;value&quot;:219060},{&quot;name&quot;:&quot;url&quot;,&quot;type&quot;:&quot;String&quot;,&quot;value&quot;:&quot;https://maps.google.com/?ie=UTF8&amp;mrt=loc&amp;t=h&amp;view=map&amp;z=15&amp;output=embed&amp;q=813%2bShefford%2bRd%2bGloucester%2bOntario%2bCanada%2bK1J%2b8H9&quot;}],&quot;rel&quot;:&quot;division_location-28324957&quot;,&quot;links&quot;:[{&quot;rel&quot;:&quot;events&quot;,&quot;href&quot;:&quot;https://api.teamsnap.com/v3/events/search?location_id=28324957&quot;}],&quot;href&quot;:&quot;https://api.teamsnap.com/v3/division_locations/28324957&quot;},{&quot;data&quot;:[{&quot;name&quot;:&quot;id&quot;,&quot;type&quot;:&quot;String&quot;,&quot;value&quot;:28324960},{&quot;name&quot;:&quot;type&quot;,&quot;type&quot;:&quot;String&quot;,&quot;value&quot;:&quot;division_location&quot;},{&quot;name&quot;:&quot;address&quot;,&quot;type&quot;:&quot;String&quot;,&quot;value&quot;:&quot;813 Shefford Road, Ottawa, Ontario&quot;},{&quot;name&quot;:&quot;name&quot;,&quot;type&quot;:&quot;String&quot;,&quot;value&quot;:&quot;Richcraft-HEO&quot;},{&quot;name&quot;:&quot;notes&quot;,&quot;type&quot;:&quot;String&quot;,&quot;value&quot;:null},{&quot;name&quot;:&quot;phone&quot;,&quot;type&quot;:&quot;String&quot;,&quot;value&quot;:null},{&quot;name&quot;:&quot;division_id&quot;,&quot;type&quot;:&quot;String&quot;,&quot;value&quot;:219060},{&quot;name&quot;:&quot;url&quot;,&quot;type&quot;:&quot;String&quot;,&quot;value&quot;:&quot;https://maps.google.com/?ie=UTF8&amp;mrt=loc&amp;t=h&amp;view=map&amp;z=15&amp;output=embed&amp;q=813%2bShefford%2bRoad%2bOttawa%2bOntario%2bCanada%2bK1J%2b8H9&quot;}],&quot;rel&quot;:&quot;division_location-28324960&quot;,&quot;links&quot;:[{&quot;rel&quot;:&quot;events&quot;,&quot;href&quot;:&quot;https://api.teamsnap.com/v3/events/search?location_id=28324960&quot;}],&quot;href&quot;:&quot;https://api.teamsnap.com/v3/division_locations/28324960&quot;},{&quot;data&quot;:[{&quot;name&quot;:&quot;id&quot;,&quot;type&quot;:&quot;String&quot;,&quot;value&quot;:28324961},{&quot;name&quot;:&quot;type&quot;,&quot;type&quot;:&quot;String&quot;,&quot;value&quot;:&quot;division_location&quot;},{&quot;name&quot;:&quot;address&quot;,&quot;type&quot;:&quot;String&quot;,&quot;value&quot;:&quot;813 Shefford Road, Ottawa&quot;},{&quot;name&quot;:&quot;name&quot;,&quot;type&quot;:&quot;String&quot;,&quot;value&quot;:&quot;Richcraft-Potvin&quot;},{&quot;name&quot;:&quot;notes&quot;,&quot;type&quot;:&quot;String&quot;,&quot;value&quot;:null},{&quot;name&quot;:&quot;phone&quot;,&quot;type&quot;:&quot;String&quot;,&quot;value&quot;:null},{&quot;name&quot;:&quot;division_id&quot;,&quot;type&quot;:&quot;String&quot;,&quot;value&quot;:219060},{&quot;name&quot;:&quot;url&quot;,&quot;type&quot;:&quot;String&quot;,&quot;value&quot;:&quot;https://maps.google.com/?ie=UTF8&amp;mrt=loc&amp;t=h&amp;view=map&amp;z=15&amp;output=embed&amp;q=813%2bShefford%2bRoad%2bOttawa%2bK1J%2b8H9&quot;}],&quot;rel&quot;:&quot;division_location-28324961&quot;,&quot;links&quot;:[{&quot;rel&quot;:&quot;events&quot;,&quot;href&quot;:&quot;https://api.teamsnap.com/v3/events/search?location_id=28324961&quot;}],&quot;href&quot;:&quot;https://api.teamsnap.com/v3/division_locations/28324961&quot;},{&quot;data&quot;:[{&quot;name&quot;:&quot;id&quot;,&quot;type&quot;:&quot;String&quot;,&quot;value&quot;:28324963},{&quot;name&quot;:&quot;type&quot;,&quot;type&quot;:&quot;String&quot;,&quot;value&quot;:&quot;division_location&quot;},{&quot;name&quot;:&quot;address&quot;,&quot;type&quot;:&quot;String&quot;,&quot;value&quot;:&quot;813 Shefford Road, Ottawa, Ontario&quot;},{&quot;name&quot;:&quot;name&quot;,&quot;type&quot;:&quot;String&quot;,&quot;value&quot;:&quot;Richcraft-Scotiabank&quot;},{&quot;name&quot;:&quot;notes&quot;,&quot;type&quot;:&quot;String&quot;,&quot;value&quot;:null},{&quot;name&quot;:&quot;phone&quot;,&quot;type&quot;:&quot;String&quot;,&quot;value&quot;:null},{&quot;name&quot;:&quot;division_id&quot;,&quot;type&quot;:&quot;String&quot;,&quot;value&quot;:219060},{&quot;name&quot;:&quot;url&quot;,&quot;type&quot;:&quot;String&quot;,&quot;value&quot;:&quot;https://maps.google.com/?ie=UTF8&amp;mrt=loc&amp;t=h&amp;view=map&amp;z=15&amp;output=embed&amp;q=813%2bShefford%2bRoad%2bOttawa%2bOntario%2bCanada%2bK1J%2b8H9&quot;}],&quot;rel&quot;:&quot;division_location-28324963&quot;,&quot;links&quot;:[{&quot;rel&quot;:&quot;events&quot;,&quot;href&quot;:&quot;https://api.teamsnap.com/v3/events/search?location_id=28324963&quot;}],&quot;href&quot;:&quot;https://api.teamsnap.com/v3/division_locations/28324963&quot;},{&quot;data&quot;:[{&quot;name&quot;:&quot;id&quot;,&quot;type&quot;:&quot;String&quot;,&quot;value&quot;:28324964},{&quot;name&quot;:&quot;type&quot;,&quot;type&quot;:&quot;String&quot;,&quot;value&quot;:&quot;division_location&quot;},{&quot;name&quot;:&quot;address&quot;,&quot;type&quot;:&quot;String&quot;,&quot;value&quot;:&quot;6095 Perth St, Richmond, Ontario&quot;},{&quot;name&quot;:&quot;name&quot;,&quot;type&quot;:&quot;String&quot;,&quot;value&quot;:&quot;Richmond&quot;},{&quot;name&quot;:&quot;notes&quot;,&quot;type&quot;:&quot;String&quot;,&quot;value&quot;:null},{&quot;name&quot;:&quot;phone&quot;,&quot;type&quot;:&quot;String&quot;,&quot;value&quot;:null},{&quot;name&quot;:&quot;division_id&quot;,&quot;type&quot;:&quot;String&quot;,&quot;value&quot;:219060},{&quot;name&quot;:&quot;url&quot;,&quot;type&quot;:&quot;String&quot;,&quot;value&quot;:&quot;https://maps.google.com/?ie=UTF8&amp;mrt=loc&amp;t=h&amp;view=map&amp;z=15&amp;output=embed&amp;q=6095%2bPerth%2bSt%2bRichmond%2bOntario%2bCanada&quot;}],&quot;rel&quot;:&quot;division_location-28324964&quot;,&quot;links&quot;:[{&quot;rel&quot;:&quot;events&quot;,&quot;href&quot;:&quot;https://api.teamsnap.com/v3/events/search?location_id=28324964&quot;}],&quot;href&quot;:&quot;https://api.teamsnap.com/v3/division_locations/28324964&quot;},{&quot;data&quot;:[{&quot;name&quot;:&quot;id&quot;,&quot;type&quot;:&quot;String&quot;,&quot;value&quot;:28324966},{&quot;name&quot;:&quot;type&quot;,&quot;type&quot;:&quot;String&quot;,&quot;value&quot;:&quot;division_location&quot;},{&quot;name&quot;:&quot;address&quot;,&quot;type&quot;:&quot;String&quot;,&quot;value&quot;:&quot;2001 University Ave. E, Waterloo, Ontario&quot;},{&quot;name&quot;:&quot;name&quot;,&quot;type&quot;:&quot;String&quot;,&quot;value&quot;:&quot;RIM Park&quot;},{&quot;name&quot;:&quot;notes&quot;,&quot;type&quot;:&quot;String&quot;,&quot;value&quot;:null},{&quot;name&quot;:&quot;phone&quot;,&quot;type&quot;:&quot;String&quot;,&quot;value&quot;:null},{&quot;name&quot;:&quot;division_id&quot;,&quot;type&quot;:&quot;String&quot;,&quot;value&quot;:219060},{&quot;name&quot;:&quot;url&quot;,&quot;type&quot;:&quot;String&quot;,&quot;value&quot;:&quot;https://maps.google.com/?ie=UTF8&amp;mrt=loc&amp;t=h&amp;view=map&amp;z=15&amp;output=embed&amp;q=2001%2bUniversity%2bAve.%2bE%2bWaterloo%2bOntario%2bCanada&quot;}],&quot;rel&quot;:&quot;division_location-28324966&quot;,&quot;links&quot;:[{&quot;rel&quot;:&quot;events&quot;,&quot;href&quot;:&quot;https://api.teamsnap.com/v3/events/search?location_id=28324966&quot;}],&quot;href&quot;:&quot;https://api.teamsnap.com/v3/division_locations/28324966&quot;},{&quot;data&quot;:[{&quot;name&quot;:&quot;id&quot;,&quot;type&quot;:&quot;String&quot;,&quot;value&quot;:28324967},{&quot;name&quot;:&quot;type&quot;,&quot;type&quot;:&quot;String&quot;,&quot;value&quot;:&quot;division_location&quot;},{&quot;name&quot;:&quot;address&quot;,&quot;type&quot;:&quot;String&quot;,&quot;value&quot;:&quot;1115 Dunning Rd, Cumberland, Ontario&quot;},{&quot;name&quot;:&quot;name&quot;,&quot;type&quot;:&quot;String&quot;,&quot;value&quot;:&quot;RJ Kennedy&quot;},{&quot;name&quot;:&quot;notes&quot;,&quot;type&quot;:&quot;String&quot;,&quot;value&quot;:null},{&quot;name&quot;:&quot;phone&quot;,&quot;type&quot;:&quot;String&quot;,&quot;value&quot;:null},{&quot;name&quot;:&quot;division_id&quot;,&quot;type&quot;:&quot;String&quot;,&quot;value&quot;:219060},{&quot;name&quot;:&quot;url&quot;,&quot;type&quot;:&quot;String&quot;,&quot;value&quot;:&quot;https://maps.google.com/?ie=UTF8&amp;mrt=loc&amp;t=h&amp;view=map&amp;z=15&amp;output=embed&amp;q=1115%2bDunning%2bRd%2bCumberland%2bOntario%2bCanada%2bK4C1P6&quot;}],&quot;rel&quot;:&quot;division_location-28324967&quot;,&quot;links&quot;:[{&quot;rel&quot;:&quot;events&quot;,&quot;href&quot;:&quot;https://api.teamsnap.com/v3/events/search?location_id=28324967&quot;}],&quot;href&quot;:&quot;https://api.teamsnap.com/v3/division_locations/28324967&quot;},{&quot;data&quot;:[{&quot;name&quot;:&quot;id&quot;,&quot;type&quot;:&quot;String&quot;,&quot;value&quot;:28324970},{&quot;name&quot;:&quot;type&quot;,&quot;type&quot;:&quot;String&quot;,&quot;value&quot;:&quot;division_location&quot;},{&quot;name&quot;:&quot;address&quot;,&quot;type&quot;:&quot;String&quot;,&quot;value&quot;:&quot;60 Mann Ave, Ottawa, Ontario&quot;},{&quot;name&quot;:&quot;name&quot;,&quot;type&quot;:&quot;String&quot;,&quot;value&quot;:&quot;Sandy Hill&quot;},{&quot;name&quot;:&quot;notes&quot;,&quot;type&quot;:&quot;String&quot;,&quot;value&quot;:null},{&quot;name&quot;:&quot;phone&quot;,&quot;type&quot;:&quot;String&quot;,&quot;value&quot;:null},{&quot;name&quot;:&quot;division_id&quot;,&quot;type&quot;:&quot;String&quot;,&quot;value&quot;:219060},{&quot;name&quot;:&quot;url&quot;,&quot;type&quot;:&quot;String&quot;,&quot;value&quot;:&quot;https://maps.google.com/?ie=UTF8&amp;mrt=loc&amp;t=h&amp;view=map&amp;z=15&amp;output=embed&amp;q=60%2bMann%2bAve%2bOttawa%2bOntario%2bCanada&quot;}],&quot;rel&quot;:&quot;division_location-28324970&quot;,&quot;links&quot;:[{&quot;rel&quot;:&quot;events&quot;,&quot;href&quot;:&quot;https://api.teamsnap.com/v3/events/search?location_id=28324970&quot;}],&quot;href&quot;:&quot;https://api.teamsnap.com/v3/division_locations/28324970&quot;},{&quot;data&quot;:[{&quot;name&quot;:&quot;id&quot;,&quot;type&quot;:&quot;String&quot;,&quot;value&quot;:28324972},{&quot;name&quot;:&quot;type&quot;,&quot;type&quot;:&quot;String&quot;,&quot;value&quot;:&quot;division_location&quot;},{&quot;name&quot;:&quot;address&quot;,&quot;type&quot;:&quot;String&quot;,&quot;value&quot;:&quot;1565 Maple Grove Rd, Kanata, Ontario&quot;},{&quot;name&quot;:&quot;name&quot;,&quot;type&quot;:&quot;String&quot;,&quot;value&quot;:&quot;Sensplex 1 - Mattamy&quot;},{&quot;name&quot;:&quot;notes&quot;,&quot;type&quot;:&quot;String&quot;,&quot;value&quot;:null},{&quot;name&quot;:&quot;phone&quot;,&quot;type&quot;:&quot;String&quot;,&quot;value&quot;:null},{&quot;name&quot;:&quot;division_id&quot;,&quot;type&quot;:&quot;String&quot;,&quot;value&quot;:219060},{&quot;name&quot;:&quot;url&quot;,&quot;type&quot;:&quot;String&quot;,&quot;value&quot;:&quot;https://maps.google.com/?ie=UTF8&amp;mrt=loc&amp;t=h&amp;view=map&amp;z=15&amp;output=embed&amp;q=1565%2bMaple%2bGrove%2bRd%2bKanata%2bOntario%2bCanada%2bK2V%2b1A3&quot;}],&quot;rel&quot;:&quot;division_location-28324972&quot;,&quot;links&quot;:[{&quot;rel&quot;:&quot;events&quot;,&quot;href&quot;:&quot;https://api.teamsnap.com/v3/events/search?location_id=28324972&quot;}],&quot;href&quot;:&quot;https://api.teamsnap.com/v3/division_locations/28324972&quot;},{&quot;data&quot;:[{&quot;name&quot;:&quot;id&quot;,&quot;type&quot;:&quot;String&quot;,&quot;value&quot;:28324973},{&quot;name&quot;:&quot;type&quot;,&quot;type&quot;:&quot;String&quot;,&quot;value&quot;:&quot;division_location&quot;},{&quot;name&quot;:&quot;address&quot;,&quot;type&quot;:&quot;String&quot;,&quot;value&quot;:&quot;1565 Maple Grove Rd, Kanata, Ontario&quot;},{&quot;name&quot;:&quot;name&quot;,&quot;type&quot;:&quot;String&quot;,&quot;value&quot;:&quot;Sensplex 2 - Citizen&quot;},{&quot;name&quot;:&quot;notes&quot;,&quot;type&quot;:&quot;String&quot;,&quot;value&quot;:null},{&quot;name&quot;:&quot;phone&quot;,&quot;type&quot;:&quot;String&quot;,&quot;value&quot;:null},{&quot;name&quot;:&quot;division_id&quot;,&quot;type&quot;:&quot;String&quot;,&quot;value&quot;:219060},{&quot;name&quot;:&quot;url&quot;,&quot;type&quot;:&quot;String&quot;,&quot;value&quot;:&quot;https://maps.google.com/?ie=UTF8&amp;mrt=loc&amp;t=h&amp;view=map&amp;z=15&amp;output=embed&amp;q=1565%2bMaple%2bGrove%2bRd%2bKanata%2bOntario%2bCanada%2bK2V%2b1A3&quot;}],&quot;rel&quot;:&quot;division_location-28324973&quot;,&quot;links&quot;:[{&quot;rel&quot;:&quot;events&quot;,&quot;href&quot;:&quot;https://api.teamsnap.com/v3/events/search?location_id=28324973&quot;}],&quot;href&quot;:&quot;https://api.teamsnap.com/v3/division_locations/28324973&quot;},{&quot;data&quot;:[{&quot;name&quot;:&quot;id&quot;,&quot;type&quot;:&quot;String&quot;,&quot;value&quot;:28324975},{&quot;name&quot;:&quot;type&quot;,&quot;type&quot;:&quot;String&quot;,&quot;value&quot;:&quot;division_location&quot;},{&quot;name&quot;:&quot;address&quot;,&quot;type&quot;:&quot;String&quot;,&quot;value&quot;:&quot;1565 Maple Grove Rd, Kanata, Ontario&quot;},{&quot;name&quot;:&quot;name&quot;,&quot;type&quot;:&quot;String&quot;,&quot;value&quot;:&quot;Sensplex 3 - Scotiabank&quot;},{&quot;name&quot;:&quot;notes&quot;,&quot;type&quot;:&quot;String&quot;,&quot;value&quot;:null},{&quot;name&quot;:&quot;phone&quot;,&quot;type&quot;:&quot;String&quot;,&quot;value&quot;:null},{&quot;name&quot;:&quot;division_id&quot;,&quot;type&quot;:&quot;String&quot;,&quot;value&quot;:219060},{&quot;name&quot;:&quot;url&quot;,&quot;type&quot;:&quot;String&quot;,&quot;value&quot;:&quot;https://maps.google.com/?ie=UTF8&amp;mrt=loc&amp;t=h&amp;view=map&amp;z=15&amp;output=embed&amp;q=1565%2bMaple%2bGrove%2bRd%2bKanata%2bOntario%2bCanada%2bK2V%2b1A3&quot;}],&quot;rel&quot;:&quot;division_location-28324975&quot;,&quot;links&quot;:[{&quot;rel&quot;:&quot;events&quot;,&quot;href&quot;:&quot;https://api.teamsnap.com/v3/events/search?location_id=28324975&quot;}],&quot;href&quot;:&quot;https://api.teamsnap.com/v3/division_locations/28324975&quot;},{&quot;data&quot;:[{&quot;name&quot;:&quot;id&quot;,&quot;type&quot;:&quot;String&quot;,&quot;value&quot;:28324978},{&quot;name&quot;:&quot;type&quot;,&quot;type&quot;:&quot;String&quot;,&quot;value&quot;:&quot;division_location&quot;},{&quot;name&quot;:&quot;address&quot;,&quot;type&quot;:&quot;String&quot;,&quot;value&quot;:&quot;1565 Maple Grove Rd, Kanata, Ontario&quot;},{&quot;name&quot;:&quot;name&quot;,&quot;type&quot;:&quot;String&quot;,&quot;value&quot;:&quot;Sensplex 4 - Palladium&quot;},{&quot;name&quot;:&quot;notes&quot;,&quot;type&quot;:&quot;String&quot;,&quot;value&quot;:null},{&quot;name&quot;:&quot;phone&quot;,&quot;type&quot;:&quot;String&quot;,&quot;value&quot;:null},{&quot;name&quot;:&quot;division_id&quot;,&quot;type&quot;:&quot;String&quot;,&quot;value&quot;:219060},{&quot;name&quot;:&quot;url&quot;,&quot;type&quot;:&quot;String&quot;,&quot;value&quot;:&quot;https://maps.google.com/?ie=UTF8&amp;mrt=loc&amp;t=h&amp;view=map&amp;z=15&amp;output=embed&amp;q=1565%2bMaple%2bGrove%2bRd%2bKanata%2bOntario%2bCanada%2bK2V%2b1A3&quot;}],&quot;rel&quot;:&quot;division_location-28324978&quot;,&quot;links&quot;:[{&quot;rel&quot;:&quot;events&quot;,&quot;href&quot;:&quot;https://api.teamsnap.com/v3/events/search?location_id=28324978&quot;}],&quot;href&quot;:&quot;https://api.teamsnap.com/v3/division_locations/28324978&quot;},{&quot;data&quot;:[{&quot;name&quot;:&quot;id&quot;,&quot;type&quot;:&quot;String&quot;,&quot;value&quot;:28324981},{&quot;name&quot;:&quot;type&quot;,&quot;type&quot;:&quot;String&quot;,&quot;value&quot;:&quot;division_location&quot;},{&quot;name&quot;:&quot;address&quot;,&quot;type&quot;:&quot;String&quot;,&quot;value&quot;:&quot;105 Pl Charles Lemoyne, Sainte-Catherine, Quebec&quot;},{&quot;name&quot;:&quot;name&quot;,&quot;type&quot;:&quot;String&quot;,&quot;value&quot;:&quot;Sportium Ste. - Catherine&quot;},{&quot;name&quot;:&quot;notes&quot;,&quot;type&quot;:&quot;String&quot;,&quot;value&quot;:null},{&quot;name&quot;:&quot;phone&quot;,&quot;type&quot;:&quot;String&quot;,&quot;value&quot;:null},{&quot;name&quot;:&quot;division_id&quot;,&quot;type&quot;:&quot;String&quot;,&quot;value&quot;:219060},{&quot;name&quot;:&quot;url&quot;,&quot;type&quot;:&quot;String&quot;,&quot;value&quot;:&quot;https://maps.google.com/?ie=UTF8&amp;mrt=loc&amp;t=h&amp;view=map&amp;z=15&amp;output=embed&amp;q=105%2bPl%2bCharles%2bLemoyne%2bSainte-Catherine%2bQuebec%2bCanada%2bJ5C%2b0A2&quot;}],&quot;rel&quot;:&quot;division_location-28324981&quot;,&quot;links&quot;:[{&quot;rel&quot;:&quot;events&quot;,&quot;href&quot;:&quot;https://api.teamsnap.com/v3/events/search?location_id=28324981&quot;}],&quot;href&quot;:&quot;https://api.teamsnap.com/v3/division_locations/28324981&quot;},{&quot;data&quot;:[{&quot;name&quot;:&quot;id&quot;,&quot;type&quot;:&quot;String&quot;,&quot;value&quot;:28324982},{&quot;name&quot;:&quot;type&quot;,&quot;type&quot;:&quot;String&quot;,&quot;value&quot;:&quot;division_location&quot;},{&quot;name&quot;:&quot;address&quot;,&quot;type&quot;:&quot;String&quot;,&quot;value&quot;:&quot;525 Cote St, Ottawa, Ontario&quot;},{&quot;name&quot;:&quot;name&quot;,&quot;type&quot;:&quot;String&quot;,&quot;value&quot;:&quot;St Laurent&quot;},{&quot;name&quot;:&quot;notes&quot;,&quot;type&quot;:&quot;String&quot;,&quot;value&quot;:null},{&quot;name&quot;:&quot;phone&quot;,&quot;type&quot;:&quot;String&quot;,&quot;value&quot;:null},{&quot;name&quot;:&quot;division_id&quot;,&quot;type&quot;:&quot;String&quot;,&quot;value&quot;:219060},{&quot;name&quot;:&quot;url&quot;,&quot;type&quot;:&quot;String&quot;,&quot;value&quot;:&quot;https://maps.google.com/?ie=UTF8&amp;mrt=loc&amp;t=h&amp;view=map&amp;z=15&amp;output=embed&amp;q=525%2bCote%2bSt%2bOttawa%2bOntario%2bCanada&quot;}],&quot;rel&quot;:&quot;division_location-28324982&quot;,&quot;links&quot;:[{&quot;rel&quot;:&quot;events&quot;,&quot;href&quot;:&quot;https://api.teamsnap.com/v3/events/search?location_id=28324982&quot;}],&quot;href&quot;:&quot;https://api.teamsnap.com/v3/division_locations/28324982&quot;},{&quot;data&quot;:[{&quot;name&quot;:&quot;id&quot;,&quot;type&quot;:&quot;String&quot;,&quot;value&quot;:28324984},{&quot;name&quot;:&quot;type&quot;,&quot;type&quot;:&quot;String&quot;,&quot;value&quot;:&quot;division_location&quot;},{&quot;name&quot;:&quot;address&quot;,&quot;type&quot;:&quot;String&quot;,&quot;value&quot;:&quot;10 Rue Bella Vista, Saint-Basile-le-Grand, Quebec&quot;},{&quot;name&quot;:&quot;name&quot;,&quot;type&quot;:&quot;String&quot;,&quot;value&quot;:&quot;St-Basile-Jean Rougeau&quot;},{&quot;name&quot;:&quot;notes&quot;,&quot;type&quot;:&quot;String&quot;,&quot;value&quot;:null},{&quot;name&quot;:&quot;phone&quot;,&quot;type&quot;:&quot;String&quot;,&quot;value&quot;:null},{&quot;name&quot;:&quot;division_id&quot;,&quot;type&quot;:&quot;String&quot;,&quot;value&quot;:219060},{&quot;name&quot;:&quot;url&quot;,&quot;type&quot;:&quot;String&quot;,&quot;value&quot;:&quot;https://maps.google.com/?ie=UTF8&amp;mrt=loc&amp;t=h&amp;view=map&amp;z=15&amp;output=embed&amp;q=10%2bRue%2bBella%2bVista%2bSaint-Basile-le-Grand%2bQuebec%2bCanada&quot;}],&quot;rel&quot;:&quot;division_location-28324984&quot;,&quot;links&quot;:[{&quot;rel&quot;:&quot;events&quot;,&quot;href&quot;:&quot;https://api.teamsnap.com/v3/events/search?location_id=28324984&quot;}],&quot;href&quot;:&quot;https://api.teamsnap.com/v3/division_locations/28324984&quot;},{&quot;data&quot;:[{&quot;name&quot;:&quot;id&quot;,&quot;type&quot;:&quot;String&quot;,&quot;value&quot;:28324987},{&quot;name&quot;:&quot;type&quot;,&quot;type&quot;:&quot;String&quot;,&quot;value&quot;:&quot;division_location&quot;},{&quot;name&quot;:&quot;address&quot;,&quot;type&quot;:&quot;String&quot;,&quot;value&quot;:&quot;201, boul. Clairevue Est, St Bruno, Quebec&quot;},{&quot;name&quot;:&quot;name&quot;,&quot;type&quot;:&quot;String&quot;,&quot;value&quot;:&quot;St-Bruno Michael-Bilodeau&quot;},{&quot;name&quot;:&quot;notes&quot;,&quot;type&quot;:&quot;String&quot;,&quot;value&quot;:null},{&quot;name&quot;:&quot;phone&quot;,&quot;type&quot;:&quot;String&quot;,&quot;value&quot;:null},{&quot;name&quot;:&quot;division_id&quot;,&quot;type&quot;:&quot;String&quot;,&quot;value&quot;:219060},{&quot;name&quot;:&quot;url&quot;,&quot;type&quot;:&quot;String&quot;,&quot;value&quot;:&quot;https://maps.google.com/?ie=UTF8&amp;mrt=loc&amp;t=h&amp;view=map&amp;z=15&amp;output=embed&amp;q=201%2c%2bboul.%2bClairevue%2bEst%2bSt%2bBruno%2bQuebec%2bCanada&quot;}],&quot;rel&quot;:&quot;division_location-28324987&quot;,&quot;links&quot;:[{&quot;rel&quot;:&quot;events&quot;,&quot;href&quot;:&quot;https://api.teamsnap.com/v3/events/search?location_id=28324987&quot;}],&quot;href&quot;:&quot;https://api.teamsnap.com/v3/division_locations/28324987&quot;},{&quot;data&quot;:[{&quot;name&quot;:&quot;id&quot;,&quot;type&quot;:&quot;String&quot;,&quot;value&quot;:28324990},{&quot;name&quot;:&quot;type&quot;,&quot;type&quot;:&quot;String&quot;,&quot;value&quot;:&quot;division_location&quot;},{&quot;name&quot;:&quot;address&quot;,&quot;type&quot;:&quot;String&quot;,&quot;value&quot;:&quot;220 boul. Arthur SauvÃ©, Saint-Eustache, Quebec&quot;},{&quot;name&quot;:&quot;name&quot;,&quot;type&quot;:&quot;String&quot;,&quot;value&quot;:&quot;St-Eustache&quot;},{&quot;name&quot;:&quot;notes&quot;,&quot;type&quot;:&quot;String&quot;,&quot;value&quot;:null},{&quot;name&quot;:&quot;phone&quot;,&quot;type&quot;:&quot;String&quot;,&quot;value&quot;:null},{&quot;name&quot;:&quot;division_id&quot;,&quot;type&quot;:&quot;String&quot;,&quot;value&quot;:219060},{&quot;name&quot;:&quot;url&quot;,&quot;type&quot;:&quot;String&quot;,&quot;value&quot;:&quot;https://maps.google.com/?ie=UTF8&amp;mrt=loc&amp;t=h&amp;view=map&amp;z=15&amp;output=embed&amp;q=220%2bboul.%2bArthur%2bSauv%c3%a9%2bSaint-Eustache%2bQuebec%2bCanada&quot;}],&quot;rel&quot;:&quot;division_location-28324990&quot;,&quot;links&quot;:[{&quot;rel&quot;:&quot;events&quot;,&quot;href&quot;:&quot;https://api.teamsnap.com/v3/events/search?location_id=28324990&quot;}],&quot;href&quot;:&quot;https://api.teamsnap.com/v3/division_locations/28324990&quot;},{&quot;data&quot;:[{&quot;name&quot;:&quot;id&quot;,&quot;type&quot;:&quot;String&quot;,&quot;value&quot;:28324993},{&quot;name&quot;:&quot;type&quot;,&quot;type&quot;:&quot;String&quot;,&quot;value&quot;:&quot;division_location&quot;},{&quot;name&quot;:&quot;address&quot;,&quot;type&quot;:&quot;String&quot;,&quot;value&quot;:&quot;12640 Gouin Blvd E, Montreal, Quebec&quot;},{&quot;name&quot;:&quot;name&quot;,&quot;type&quot;:&quot;String&quot;,&quot;value&quot;:&quot;St-Jean-Vianney&quot;},{&quot;name&quot;:&quot;notes&quot;,&quot;type&quot;:&quot;String&quot;,&quot;value&quot;:null},{&quot;name&quot;:&quot;phone&quot;,&quot;type&quot;:&quot;String&quot;,&quot;value&quot;:null},{&quot;name&quot;:&quot;division_id&quot;,&quot;type&quot;:&quot;String&quot;,&quot;value&quot;:219060},{&quot;name&quot;:&quot;url&quot;,&quot;type&quot;:&quot;String&quot;,&quot;value&quot;:&quot;https://maps.google.com/?ie=UTF8&amp;mrt=loc&amp;t=h&amp;view=map&amp;z=15&amp;output=embed&amp;q=12640%2bGouin%2bBlvd%2bE%2bMontreal%2bQuebec%2bCanada%2bH1C%2b1B9&quot;}],&quot;rel&quot;:&quot;division_location-28324993&quot;,&quot;links&quot;:[{&quot;rel&quot;:&quot;events&quot;,&quot;href&quot;:&quot;https://api.teamsnap.com/v3/events/search?location_id=28324993&quot;}],&quot;href&quot;:&quot;https://api.teamsnap.com/v3/division_locations/28324993&quot;},{&quot;data&quot;:[{&quot;name&quot;:&quot;id&quot;,&quot;type&quot;:&quot;String&quot;,&quot;value&quot;:28324996},{&quot;name&quot;:&quot;type&quot;,&quot;type&quot;:&quot;String&quot;,&quot;value&quot;:&quot;division_location&quot;},{&quot;name&quot;:&quot;address&quot;,&quot;type&quot;:&quot;String&quot;,&quot;value&quot;:&quot;1850 rue des Loisirs, Saint-Lazare, Quebec&quot;},{&quot;name&quot;:&quot;name&quot;,&quot;type&quot;:&quot;String&quot;,&quot;value&quot;:&quot;St-Lazare&quot;},{&quot;name&quot;:&quot;notes&quot;,&quot;type&quot;:&quot;String&quot;,&quot;value&quot;:null},{&quot;name&quot;:&quot;phone&quot;,&quot;type&quot;:&quot;String&quot;,&quot;value&quot;:null},{&quot;name&quot;:&quot;division_id&quot;,&quot;type&quot;:&quot;String&quot;,&quot;value&quot;:219060},{&quot;name&quot;:&quot;url&quot;,&quot;type&quot;:&quot;String&quot;,&quot;value&quot;:&quot;https://maps.google.com/?ie=UTF8&amp;mrt=loc&amp;t=h&amp;view=map&amp;z=15&amp;output=embed&amp;q=1850%2brue%2bdes%2bLoisirs%2bSaint-Lazare%2bQuebec%2bCanada%2bJ7T3P4&quot;}],&quot;rel&quot;:&quot;division_location-28324996&quot;,&quot;links&quot;:[{&quot;rel&quot;:&quot;events&quot;,&quot;href&quot;:&quot;https://api.teamsnap.com/v3/events/search?location_id=28324996&quot;}],&quot;href&quot;:&quot;https://api.teamsnap.com/v3/division_locations/28324996&quot;},{&quot;data&quot;:[{&quot;name&quot;:&quot;id&quot;,&quot;type&quot;:&quot;String&quot;,&quot;value&quot;:28324997},{&quot;name&quot;:&quot;type&quot;,&quot;type&quot;:&quot;String&quot;,&quot;value&quot;:&quot;division_location&quot;},{&quot;name&quot;:&quot;address&quot;,&quot;type&quot;:&quot;String&quot;,&quot;value&quot;:&quot;265 Avenue Taniata, , QC, LÃ©vis, Quebec&quot;},{&quot;name&quot;:&quot;name&quot;,&quot;type&quot;:&quot;String&quot;,&quot;value&quot;:&quot;St-Romuald&quot;},{&quot;name&quot;:&quot;notes&quot;,&quot;type&quot;:&quot;String&quot;,&quot;value&quot;:null},{&quot;name&quot;:&quot;phone&quot;,&quot;type&quot;:&quot;String&quot;,&quot;value&quot;:null},{&quot;name&quot;:&quot;division_id&quot;,&quot;type&quot;:&quot;String&quot;,&quot;value&quot;:219060},{&quot;name&quot;:&quot;url&quot;,&quot;type&quot;:&quot;String&quot;,&quot;value&quot;:&quot;https://maps.google.com/?ie=UTF8&amp;mrt=loc&amp;t=h&amp;view=map&amp;z=15&amp;output=embed&amp;q=265%2bAvenue%2bTaniata%2c%2b%2c%2bQC%2bL%c3%a9vis%2bQuebec%2bCanada%2bG6W%2b5M6&quot;}],&quot;rel&quot;:&quot;division_location-28324997&quot;,&quot;links&quot;:[{&quot;rel&quot;:&quot;events&quot;,&quot;href&quot;:&quot;https://api.teamsnap.com/v3/events/search?location_id=28324997&quot;}],&quot;href&quot;:&quot;https://api.teamsnap.com/v3/division_locations/28324997&quot;},{&quot;data&quot;:[{&quot;name&quot;:&quot;id&quot;,&quot;type&quot;:&quot;String&quot;,&quot;value&quot;:28324999},{&quot;name&quot;:&quot;type&quot;,&quot;type&quot;:&quot;String&quot;,&quot;value&quot;:&quot;division_location&quot;},{&quot;name&quot;:&quot;address&quot;,&quot;type&quot;:&quot;String&quot;,&quot;value&quot;:&quot;201 Boulevard Armand Frappier, Sainte-Julie&quot;},{&quot;name&quot;:&quot;name&quot;,&quot;type&quot;:&quot;String&quot;,&quot;value&quot;:&quot;Ste-Julie&quot;},{&quot;name&quot;:&quot;notes&quot;,&quot;type&quot;:&quot;String&quot;,&quot;value&quot;:null},{&quot;name&quot;:&quot;phone&quot;,&quot;type&quot;:&quot;String&quot;,&quot;value&quot;:null},{&quot;name&quot;:&quot;division_id&quot;,&quot;type&quot;:&quot;String&quot;,&quot;value&quot;:219060},{&quot;name&quot;:&quot;url&quot;,&quot;type&quot;:&quot;String&quot;,&quot;value&quot;:&quot;https://maps.google.com/?ie=UTF8&amp;mrt=loc&amp;t=h&amp;view=map&amp;z=15&amp;output=embed&amp;q=201%2bBoulevard%2bArmand%2bFrappier%2bSainte-Julie%2bJ3E0C7&quot;}],&quot;rel&quot;:&quot;division_location-28324999&quot;,&quot;links&quot;:[{&quot;rel&quot;:&quot;events&quot;,&quot;href&quot;:&quot;https://api.teamsnap.com/v3/events/search?location_id=28324999&quot;}],&quot;href&quot;:&quot;https://api.teamsnap.com/v3/division_locations/28324999&quot;},{&quot;data&quot;:[{&quot;name&quot;:&quot;id&quot;,&quot;type&quot;:&quot;String&quot;,&quot;value&quot;:28325001},{&quot;name&quot;:&quot;type&quot;,&quot;type&quot;:&quot;String&quot;,&quot;value&quot;:&quot;division_location&quot;},{&quot;name&quot;:&quot;address&quot;,&quot;type&quot;:&quot;String&quot;,&quot;value&quot;:&quot;10 Warner-Colpitts Ln., Stittsville, Ontario&quot;},{&quot;name&quot;:&quot;name&quot;,&quot;type&quot;:&quot;String&quot;,&quot;value&quot;:&quot;Stittsville&quot;},{&quot;name&quot;:&quot;notes&quot;,&quot;type&quot;:&quot;String&quot;,&quot;value&quot;:null},{&quot;name&quot;:&quot;phone&quot;,&quot;type&quot;:&quot;String&quot;,&quot;value&quot;:null},{&quot;name&quot;:&quot;division_id&quot;,&quot;type&quot;:&quot;String&quot;,&quot;value&quot;:219060},{&quot;name&quot;:&quot;url&quot;,&quot;type&quot;:&quot;String&quot;,&quot;value&quot;:&quot;https://maps.google.com/?ie=UTF8&amp;mrt=loc&amp;t=h&amp;view=map&amp;z=15&amp;output=embed&amp;q=10%2bWarner-Colpitts%2bLn.%2bStittsville%2bOntario%2bCanada%2bK2S1B8&quot;}],&quot;rel&quot;:&quot;division_location-28325001&quot;,&quot;links&quot;:[{&quot;rel&quot;:&quot;events&quot;,&quot;href&quot;:&quot;https://api.teamsnap.com/v3/events/search?location_id=28325001&quot;}],&quot;href&quot;:&quot;https://api.teamsnap.com/v3/division_locations/28325001&quot;},{&quot;data&quot;:[{&quot;name&quot;:&quot;id&quot;,&quot;type&quot;:&quot;String&quot;,&quot;value&quot;:28325009},{&quot;name&quot;:&quot;type&quot;,&quot;type&quot;:&quot;String&quot;,&quot;value&quot;:&quot;division_location&quot;},{&quot;name&quot;:&quot;address&quot;,&quot;type&quot;:&quot;String&quot;,&quot;value&quot;:&quot;141 Bayview Rd., Ottawa, Ontario&quot;},{&quot;name&quot;:&quot;name&quot;,&quot;type&quot;:&quot;String&quot;,&quot;value&quot;:&quot;Tom Brown&quot;},{&quot;name&quot;:&quot;notes&quot;,&quot;type&quot;:&quot;String&quot;,&quot;value&quot;:null},{&quot;name&quot;:&quot;phone&quot;,&quot;type&quot;:&quot;String&quot;,&quot;value&quot;:null},{&quot;name&quot;:&quot;division_id&quot;,&quot;type&quot;:&quot;String&quot;,&quot;value&quot;:219060},{&quot;name&quot;:&quot;url&quot;,&quot;type&quot;:&quot;String&quot;,&quot;value&quot;:&quot;https://maps.google.com/?ie=UTF8&amp;mrt=loc&amp;t=h&amp;view=map&amp;z=15&amp;output=embed&amp;q=141%2bBayview%2bRd.%2bOttawa%2bOntario%2bCanada&quot;}],&quot;rel&quot;:&quot;division_location-28325009&quot;,&quot;links&quot;:[{&quot;rel&quot;:&quot;events&quot;,&quot;href&quot;:&quot;https://api.teamsnap.com/v3/events/search?location_id=28325009&quot;}],&quot;href&quot;:&quot;https://api.teamsnap.com/v3/division_locations/28325009&quot;},{&quot;data&quot;:[{&quot;name&quot;:&quot;id&quot;,&quot;type&quot;:&quot;String&quot;,&quot;value&quot;:28325010},{&quot;name&quot;:&quot;type&quot;,&quot;type&quot;:&quot;String&quot;,&quot;value&quot;:&quot;division_location&quot;},{&quot;name&quot;:&quot;address&quot;,&quot;type&quot;:&quot;String&quot;,&quot;value&quot;:&quot;1300 Elgin Mills Rd., Richmond Hill, Ontario&quot;},{&quot;name&quot;:&quot;name&quot;,&quot;type&quot;:&quot;String&quot;,&quot;value&quot;:&quot;Tom Graham Arena&quot;},{&quot;name&quot;:&quot;notes&quot;,&quot;type&quot;:&quot;String&quot;,&quot;value&quot;:null},{&quot;name&quot;:&quot;phone&quot;,&quot;type&quot;:&quot;String&quot;,&quot;value&quot;:null},{&quot;name&quot;:&quot;division_id&quot;,&quot;type&quot;:&quot;String&quot;,&quot;value&quot;:219060},{&quot;name&quot;:&quot;url&quot;,&quot;type&quot;:&quot;String&quot;,&quot;value&quot;:&quot;https://maps.google.com/?ie=UTF8&amp;mrt=loc&amp;t=h&amp;view=map&amp;z=15&amp;output=embed&amp;q=1300%2bElgin%2bMills%2bRd.%2bRichmond%2bHill%2bOntario%2bCanada&quot;}],&quot;rel&quot;:&quot;division_location-28325010&quot;,&quot;links&quot;:[{&quot;rel&quot;:&quot;events&quot;,&quot;href&quot;:&quot;https://api.teamsnap.com/v3/events/search?location_id=28325010&quot;}],&quot;href&quot;:&quot;https://api.teamsnap.com/v3/division_locations/28325010&quot;},{&quot;data&quot;:[{&quot;name&quot;:&quot;id&quot;,&quot;type&quot;:&quot;String&quot;,&quot;value&quot;:28325013},{&quot;name&quot;:&quot;type&quot;,&quot;type&quot;:&quot;String&quot;,&quot;value&quot;:&quot;division_location&quot;},{&quot;name&quot;:&quot;address&quot;,&quot;type&quot;:&quot;String&quot;,&quot;value&quot;:&quot;null, null&quot;},{&quot;name&quot;:&quot;name&quot;,&quot;type&quot;:&quot;String&quot;,&quot;value&quot;:&quot;Unknown&quot;},{&quot;name&quot;:&quot;notes&quot;,&quot;type&quot;:&quot;String&quot;,&quot;value&quot;:null},{&quot;name&quot;:&quot;phone&quot;,&quot;type&quot;:&quot;String&quot;,&quot;value&quot;:null},{&quot;name&quot;:&quot;division_id&quot;,&quot;type&quot;:&quot;String&quot;,&quot;value&quot;:219060},{&quot;name&quot;:&quot;url&quot;,&quot;type&quot;:&quot;String&quot;,&quot;value&quot;:&quot;https://maps.google.com/?ie=UTF8&amp;mrt=loc&amp;t=h&amp;view=map&amp;z=15&amp;output=embed&amp;q=Unknown&quot;}],&quot;rel&quot;:&quot;division_location-28325013&quot;,&quot;links&quot;:[{&quot;rel&quot;:&quot;events&quot;,&quot;href&quot;:&quot;https://api.teamsnap.com/v3/events/search?location_id=28325013&quot;}],&quot;href&quot;:&quot;https://api.teamsnap.com/v3/division_locations/28325013&quot;},{&quot;data&quot;:[{&quot;name&quot;:&quot;id&quot;,&quot;type&quot;:&quot;String&quot;,&quot;value&quot;:28325015},{&quot;name&quot;:&quot;type&quot;,&quot;type&quot;:&quot;String&quot;,&quot;value&quot;:&quot;division_location&quot;},{&quot;name&quot;:&quot;address&quot;,&quot;type&quot;:&quot;String&quot;,&quot;value&quot;:&quot;1515 rue de l`Innovation, Val-BÃ©lair, Quebec&quot;},{&quot;name&quot;:&quot;name&quot;,&quot;type&quot;:&quot;String&quot;,&quot;value&quot;:&quot;Val Belair&quot;},{&quot;name&quot;:&quot;notes&quot;,&quot;type&quot;:&quot;String&quot;,&quot;value&quot;:null},{&quot;name&quot;:&quot;phone&quot;,&quot;type&quot;:&quot;String&quot;,&quot;value&quot;:null},{&quot;name&quot;:&quot;division_id&quot;,&quot;type&quot;:&quot;String&quot;,&quot;value&quot;:219060},{&quot;name&quot;:&quot;url&quot;,&quot;type&quot;:&quot;String&quot;,&quot;value&quot;:&quot;https://maps.google.com/?ie=UTF8&amp;mrt=loc&amp;t=h&amp;view=map&amp;z=15&amp;output=embed&amp;q=1515%2brue%2bde%2bl%60Innovation%2bVal-B%c3%a9lair%2bQuebec%2bCanada%2bG3K2P9&quot;}],&quot;rel&quot;:&quot;division_location-28325015&quot;,&quot;links&quot;:[{&quot;rel&quot;:&quot;events&quot;,&quot;href&quot;:&quot;https://api.teamsnap.com/v3/events/search?location_id=28325015&quot;}],&quot;href&quot;:&quot;https://api.teamsnap.com/v3/division_locations/28325015&quot;},{&quot;data&quot;:[{&quot;name&quot;:&quot;id&quot;,&quot;type&quot;:&quot;String&quot;,&quot;value&quot;:28325016},{&quot;name&quot;:&quot;type&quot;,&quot;type&quot;:&quot;String&quot;,&quot;value&quot;:&quot;division_location&quot;},{&quot;name&quot;:&quot;address&quot;,&quot;type&quot;:&quot;String&quot;,&quot;value&quot;:&quot;17700 Rue du Val d&apos;Espoir,  QC, Mirabel,, Quebec&quot;},{&quot;name&quot;:&quot;name&quot;,&quot;type&quot;:&quot;String&quot;,&quot;value&quot;:&quot;Val D&apos;Espoire&quot;},{&quot;name&quot;:&quot;notes&quot;,&quot;type&quot;:&quot;String&quot;,&quot;value&quot;:null},{&quot;name&quot;:&quot;phone&quot;,&quot;type&quot;:&quot;String&quot;,&quot;value&quot;:null},{&quot;name&quot;:&quot;division_id&quot;,&quot;type&quot;:&quot;String&quot;,&quot;value&quot;:219060},{&quot;name&quot;:&quot;url&quot;,&quot;type&quot;:&quot;String&quot;,&quot;value&quot;:&quot;https://maps.google.com/?ie=UTF8&amp;mrt=loc&amp;t=h&amp;view=map&amp;z=15&amp;output=embed&amp;q=17700%2bRue%2bdu%2bVal%2bd%27Espoir%2c%2b%2bQC%2bMirabel%2c%2bQuebec%2bCanada%2bJ7J%2b1V7&quot;}],&quot;rel&quot;:&quot;division_location-28325016&quot;,&quot;links&quot;:[{&quot;rel&quot;:&quot;events&quot;,&quot;href&quot;:&quot;https://api.teamsnap.com/v3/events/search?location_id=28325016&quot;}],&quot;href&quot;:&quot;https://api.teamsnap.com/v3/division_locations/28325016&quot;},{&quot;data&quot;:[{&quot;name&quot;:&quot;id&quot;,&quot;type&quot;:&quot;String&quot;,&quot;value&quot;:28325019},{&quot;name&quot;:&quot;type&quot;,&quot;type&quot;:&quot;String&quot;,&quot;value&quot;:&quot;division_location&quot;},{&quot;name&quot;:&quot;address&quot;,&quot;type&quot;:&quot;String&quot;,&quot;value&quot;:&quot;1264 Walkley Rd., Ottawa, Ontario&quot;},{&quot;name&quot;:&quot;name&quot;,&quot;type&quot;:&quot;String&quot;,&quot;value&quot;:&quot;Walkley&quot;},{&quot;name&quot;:&quot;notes&quot;,&quot;type&quot;:&quot;String&quot;,&quot;value&quot;:null},{&quot;name&quot;:&quot;phone&quot;,&quot;type&quot;:&quot;String&quot;,&quot;value&quot;:null},{&quot;name&quot;:&quot;division_id&quot;,&quot;type&quot;:&quot;String&quot;,&quot;value&quot;:219060},{&quot;name&quot;:&quot;url&quot;,&quot;type&quot;:&quot;String&quot;,&quot;value&quot;:&quot;https://maps.google.com/?ie=UTF8&amp;mrt=loc&amp;t=h&amp;view=map&amp;z=15&amp;output=embed&amp;q=1264%2bWalkley%2bRd.%2bOttawa%2bOntario%2bCanada&quot;}],&quot;rel&quot;:&quot;division_location-28325019&quot;,&quot;links&quot;:[{&quot;rel&quot;:&quot;events&quot;,&quot;href&quot;:&quot;https://api.teamsnap.com/v3/events/search?location_id=28325019&quot;}],&quot;href&quot;:&quot;https://api.teamsnap.com/v3/division_locations/28325019&quot;},{&quot;data&quot;:[{&quot;name&quot;:&quot;id&quot;,&quot;type&quot;:&quot;String&quot;,&quot;value&quot;:28325020},{&quot;name&quot;:&quot;type&quot;,&quot;type&quot;:&quot;String&quot;,&quot;value&quot;:&quot;division_location&quot;},{&quot;name&quot;:&quot;address&quot;,&quot;type&quot;:&quot;String&quot;,&quot;value&quot;:&quot;100 Malvern Dr., Nepean, Ontario&quot;},{&quot;name&quot;:&quot;name&quot;,&quot;type&quot;:&quot;String&quot;,&quot;value&quot;:&quot;Walter Baker&quot;},{&quot;name&quot;:&quot;notes&quot;,&quot;type&quot;:&quot;String&quot;,&quot;value&quot;:null},{&quot;name&quot;:&quot;phone&quot;,&quot;type&quot;:&quot;String&quot;,&quot;value&quot;:null},{&quot;name&quot;:&quot;division_id&quot;,&quot;type&quot;:&quot;String&quot;,&quot;value&quot;:219060},{&quot;name&quot;:&quot;url&quot;,&quot;type&quot;:&quot;String&quot;,&quot;value&quot;:&quot;https://maps.google.com/?ie=UTF8&amp;mrt=loc&amp;t=h&amp;view=map&amp;z=15&amp;output=embed&amp;q=100%2bMalvern%2bDr.%2bNepean%2bOntario%2bCanada%2bK2J%2b2G5&quot;}],&quot;rel&quot;:&quot;division_location-28325020&quot;,&quot;links&quot;:[{&quot;rel&quot;:&quot;events&quot;,&quot;href&quot;:&quot;https://api.teamsnap.com/v3/events/search?location_id=28325020&quot;}],&quot;href&quot;:&quot;https://api.teamsnap.com/v3/division_locations/28325020&quot;},{&quot;data&quot;:[{&quot;name&quot;:&quot;id&quot;,&quot;type&quot;:&quot;String&quot;,&quot;value&quot;:28325021},{&quot;name&quot;:&quot;type&quot;,&quot;type&quot;:&quot;String&quot;,&quot;value&quot;:&quot;division_location&quot;},{&quot;name&quot;:&quot;address&quot;,&quot;type&quot;:&quot;String&quot;,&quot;value&quot;:&quot;100 Malvern Dr, Ottawa, Ontario&quot;},{&quot;name&quot;:&quot;name&quot;,&quot;type&quot;:&quot;String&quot;,&quot;value&quot;:&quot;Walter Baker A&quot;},{&quot;name&quot;:&quot;notes&quot;,&quot;type&quot;:&quot;String&quot;,&quot;value&quot;:null},{&quot;name&quot;:&quot;phone&quot;,&quot;type&quot;:&quot;String&quot;,&quot;value&quot;:null},{&quot;name&quot;:&quot;division_id&quot;,&quot;type&quot;:&quot;String&quot;,&quot;value&quot;:219060},{&quot;name&quot;:&quot;url&quot;,&quot;type&quot;:&quot;String&quot;,&quot;value&quot;:&quot;https://maps.google.com/?ie=UTF8&amp;mrt=loc&amp;t=h&amp;view=map&amp;z=15&amp;output=embed&amp;q=100%2bMalvern%2bDr%2bOttawa%2bOntario%2bCanada%2bK2J%2b2G5&quot;}],&quot;rel&quot;:&quot;division_location-28325021&quot;,&quot;links&quot;:[{&quot;rel&quot;:&quot;events&quot;,&quot;href&quot;:&quot;https://api.teamsnap.com/v3/events/search?location_id=28325021&quot;}],&quot;href&quot;:&quot;https://api.teamsnap.com/v3/division_locations/28325021&quot;},{&quot;data&quot;:[{&quot;name&quot;:&quot;id&quot;,&quot;type&quot;:&quot;String&quot;,&quot;value&quot;:28325023},{&quot;name&quot;:&quot;type&quot;,&quot;type&quot;:&quot;String&quot;,&quot;value&quot;:&quot;division_location&quot;},{&quot;name&quot;:&quot;address&quot;,&quot;type&quot;:&quot;String&quot;,&quot;value&quot;:&quot;100 Malvern Dr, Ottawa, Ontario&quot;},{&quot;name&quot;:&quot;name&quot;,&quot;type&quot;:&quot;String&quot;,&quot;value&quot;:&quot;Walter Baker B&quot;},{&quot;name&quot;:&quot;notes&quot;,&quot;type&quot;:&quot;String&quot;,&quot;value&quot;:null},{&quot;name&quot;:&quot;phone&quot;,&quot;type&quot;:&quot;String&quot;,&quot;value&quot;:null},{&quot;name&quot;:&quot;division_id&quot;,&quot;type&quot;:&quot;String&quot;,&quot;value&quot;:219060},{&quot;name&quot;:&quot;url&quot;,&quot;type&quot;:&quot;String&quot;,&quot;value&quot;:&quot;https://maps.google.com/?ie=UTF8&amp;mrt=loc&amp;t=h&amp;view=map&amp;z=15&amp;output=embed&amp;q=100%2bMalvern%2bDr%2bOttawa%2bOntario%2bCanada%2bK2J%2b2G5&quot;}],&quot;rel&quot;:&quot;division_location-28325023&quot;,&quot;links&quot;:[{&quot;rel&quot;:&quot;events&quot;,&quot;href&quot;:&quot;https://api.teamsnap.com/v3/events/search?location_id=28325023&quot;}],&quot;href&quot;:&quot;https://api.teamsnap.com/v3/division_locations/28325023&quot;},{&quot;data&quot;:[{&quot;name&quot;:&quot;id&quot;,&quot;type&quot;:&quot;String&quot;,&quot;value&quot;:28325025},{&quot;name&quot;:&quot;type&quot;,&quot;type&quot;:&quot;String&quot;,&quot;value&quot;:&quot;division_location&quot;},{&quot;name&quot;:&quot;address&quot;,&quot;type&quot;:&quot;String&quot;,&quot;value&quot;:&quot;4100 Boulevard de la Concorde E, Laval, Quebec&quot;},{&quot;name&quot;:&quot;name&quot;,&quot;type&quot;:&quot;String&quot;,&quot;value&quot;:&quot;Yvon-Chartrand&quot;},{&quot;name&quot;:&quot;notes&quot;,&quot;type&quot;:&quot;String&quot;,&quot;value&quot;:null},{&quot;name&quot;:&quot;phone&quot;,&quot;type&quot;:&quot;String&quot;,&quot;value&quot;:null},{&quot;name&quot;:&quot;division_id&quot;,&quot;type&quot;:&quot;String&quot;,&quot;value&quot;:219060},{&quot;name&quot;:&quot;url&quot;,&quot;type&quot;:&quot;String&quot;,&quot;value&quot;:&quot;https://maps.google.com/?ie=UTF8&amp;mrt=loc&amp;t=h&amp;view=map&amp;z=15&amp;output=embed&amp;q=4100%2bBoulevard%2bde%2bla%2bConcorde%2bE%2bLaval%2bQuebec%2bCanada%2bH7E%2b2E3&quot;}],&quot;rel&quot;:&quot;division_location-28325025&quot;,&quot;links&quot;:[{&quot;rel&quot;:&quot;events&quot;,&quot;href&quot;:&quot;https://api.teamsnap.com/v3/events/search?location_id=28325025&quot;}],&quot;href&quot;:&quot;https://api.teamsnap.com/v3/division_locations/28325025&quot;},{&quot;data&quot;:[{&quot;name&quot;:&quot;id&quot;,&quot;type&quot;:&quot;String&quot;,&quot;value&quot;:28429226},{&quot;name&quot;:&quot;type&quot;,&quot;type&quot;:&quot;String&quot;,&quot;value&quot;:&quot;division_location&quot;},{&quot;name&quot;:&quot;address&quot;,&quot;type&quot;:&quot;String&quot;,&quot;value&quot;:&quot;TBD&quot;},{&quot;name&quot;:&quot;name&quot;,&quot;type&quot;:&quot;String&quot;,&quot;value&quot;:&quot;Tournament&quot;},{&quot;name&quot;:&quot;notes&quot;,&quot;type&quot;:&quot;String&quot;,&quot;value&quot;:&quot;Placeholder for tournament ice&quot;},{&quot;name&quot;:&quot;phone&quot;,&quot;type&quot;:&quot;String&quot;,&quot;value&quot;:null},{&quot;name&quot;:&quot;division_id&quot;,&quot;type&quot;:&quot;String&quot;,&quot;value&quot;:219060},{&quot;name&quot;:&quot;url&quot;,&quot;type&quot;:&quot;String&quot;,&quot;value&quot;:&quot;&quot;}],&quot;rel&quot;:&quot;division_location-28429226&quot;,&quot;links&quot;:[{&quot;rel&quot;:&quot;events&quot;,&quot;href&quot;:&quot;https://api.teamsnap.com/v3/events/search?location_id=28429226&quot;}],&quot;href&quot;:&quot;https://api.teamsnap.com/v3/division_locations/28429226&quot;}],&quot;commands&quot;:[{&quot;data&quot;:[{&quot;name&quot;:&quot;destination_division_id&quot;,&quot;value&quot;:null},{&quot;name&quot;:&quot;source_location_ids&quot;,&quot;value&quot;:null}],&quot;rel&quot;:&quot;import_from_division&quot;,&quot;href&quot;:&quot;https://api.teamsnap.com/v3/division_locations/import_from_division&quot;,&quot;prompt&quot;:&quot;Copy the specified &apos;source_division_location_ids&apos; to the specified &apos;destination_division_id&apos;.&quot;}]}}
Aug 05, 2017 6:33:23 PM teamsnap.apiClient.Query execute
INFO: {&quot;collection&quot;:{&quot;template&quot;:{&quot;data&quot;:[{&quot;name&quot;:&quot;type&quot;,&quot;value&quot;:&quot;division&quot;},{&quot;name&quot;:&quot;parent_id&quot;,&quot;value&quot;:null},{&quot;name&quot;:&quot;name&quot;,&quot;value&quot;:null},{&quot;name&quot;:&quot;billing_address&quot;,&quot;value&quot;:null},{&quot;name&quot;:&quot;country&quot;,&quot;value&quot;:null},{&quot;name&quot;:&quot;postal_code&quot;,&quot;value&quot;:null},{&quot;name&quot;:&quot;time_zone&quot;,&quot;value&quot;:null},{&quot;name&quot;:&quot;sport_id&quot;,&quot;value&quot;:null},{&quot;name&quot;:&quot;season_name&quot;,&quot;value&quot;:null},{&quot;name&quot;:&quot;parent_division_name&quot;,&quot;value&quot;:null},{&quot;name&quot;:&quot;league_name&quot;,&quot;value&quot;:null},{&quot;name&quot;:&quot;league_url&quot;,&quot;value&quot;:null}]},&quot;rel&quot;:&quot;divisions&quot;,&quot;links&quot;:[{&quot;rel&quot;:&quot;teams&quot;,&quot;href&quot;:&quot;https://api.teamsnap.com/v3/teams&quot;},{&quot;rel&quot;:&quot;division_events&quot;,&quot;href&quot;:&quot;https://api.teamsnap.com/v3/division_events&quot;},{&quot;rel&quot;:&quot;plan&quot;,&quot;href&quot;:&quot;https://api.teamsnap.com/v3/plans&quot;},{&quot;rel&quot;:&quot;registration_forms&quot;,&quot;href&quot;:&quot;https://api.teamsnap.com/v3/registration_forms&quot;},{&quot;rel&quot;:&quot;root&quot;,&quot;href&quot;:&quot;https://api.teamsnap.com/v3/&quot;},{&quot;rel&quot;:&quot;self&quot;,&quot;href&quot;:&quot;https://api.teamsnap.com/v3/divisions/search?parent_id=219060&quot;}],&quot;href&quot;:&quot;https://api.teamsnap.com/v3/divisions&quot;,&quot;version&quot;:&quot;3.518.0&quot;,&quot;prompt&quot;:&quot;Divisions are used to represent our leagues. They are organized into a hierarchical tree data structure and stored as nested sets. Each set is grouped by its &apos;root_id&apos; which is the &apos;division_id&apos; of the root node of that league tree.&quot;,&quot;queries&quot;:[{&quot;data&quot;:[{&quot;name&quot;:&quot;id&quot;,&quot;value&quot;:null},{&quot;name&quot;:&quot;persistent_uuid&quot;,&quot;value&quot;:null},{&quot;name&quot;:&quot;user_id&quot;,&quot;value&quot;:null},{&quot;name&quot;:&quot;parent_id&quot;,&quot;value&quot;:null},{&quot;name&quot;:&quot;is_root&quot;,&quot;value&quot;:null},{&quot;name&quot;:&quot;is_trial&quot;,&quot;value&quot;:null},{&quot;name&quot;:&quot;page_size&quot;,&quot;value&quot;:null,&quot;prompt&quot;:&quot;The number of items to return for each page. Sending this parameter with the query will enable paging for the returned collection.&quot;},{&quot;name&quot;:&quot;page_number&quot;,&quot;value&quot;:null,&quot;prompt&quot;:&quot;The number of the page to be returned. This requires that paging be turned on by also providing the page_size parameter.&quot;}],&quot;rel&quot;:&quot;search&quot;,&quot;href&quot;:&quot;https://api.teamsnap.com/v3/divisions/search&quot;},{&quot;data&quot;:[{&quot;name&quot;:&quot;id&quot;,&quot;value&quot;:null}],&quot;rel&quot;:&quot;ancestors&quot;,&quot;href&quot;:&quot;https://api.teamsnap.com/v3/divisions/ancestors&quot;,&quot;prompt&quot;:&quot;Returns all the nested set ancestors of the given division.&quot;},{&quot;data&quot;:[{&quot;name&quot;:&quot;id&quot;,&quot;value&quot;:null}],&quot;rel&quot;:&quot;descendants&quot;,&quot;href&quot;:&quot;https://api.teamsnap.com/v3/divisions/descendants&quot;,&quot;prompt&quot;:&quot;Returns all the nested set descendants of the given division.&quot;},{&quot;data&quot;:[{&quot;name&quot;:&quot;id&quot;,&quot;value&quot;:null},{&quot;name&quot;:&quot;is_archived&quot;,&quot;value&quot;:null},{&quot;name&quot;:&quot;is_disabled&quot;,&quot;value&quot;:null}],&quot;rel&quot;:&quot;children&quot;,&quot;href&quot;:&quot;https://api.teamsnap.com/v3/divisions/children&quot;,&quot;prompt&quot;:&quot;Returns all the nested set children of the given division.&quot;},{&quot;data&quot;:[{&quot;name&quot;:&quot;id&quot;,&quot;value&quot;:null}],&quot;rel&quot;:&quot;leaves&quot;,&quot;href&quot;:&quot;https://api.teamsnap.com/v3/divisions/children&quot;,&quot;prompt&quot;:&quot;Beta: (This endpoint subject to change) Returns all the nested set leaves of the given division. A leaf is a division that has no child divisions.&quot;},{&quot;data&quot;:[{&quot;name&quot;:&quot;user_id&quot;,&quot;value&quot;:null}],&quot;rel&quot;:&quot;active_trials&quot;,&quot;href&quot;:&quot;https://api.teamsnap.com/v3/divisions/active_trials&quot;,&quot;prompt&quot;:&quot;Finds all active trial divisions for a given user. Excludes archived and disabled divisions.&quot;},{&quot;data&quot;:[{&quot;name&quot;:&quot;user_id&quot;,&quot;value&quot;:null}],&quot;rel&quot;:&quot;active_divisions&quot;,&quot;href&quot;:&quot;https://api.teamsnap.com/v3/divisions/active&quot;,&quot;prompt&quot;:&quot;Finds all active root divisions for a given owner or commissioner. Excludes archived and disabled divisions.&quot;},{&quot;data&quot;:[{&quot;name&quot;:&quot;id&quot;,&quot;value&quot;:null}],&quot;rel&quot;:&quot;tree&quot;,&quot;href&quot;:&quot;https://api.teamsnap.com/v3/divisions/tree&quot;,&quot;prompt&quot;:&quot;Beta: (This endpoint subject to change) Return the ancestors, the division and the children divisions.&quot;}],&quot;items&quot;:[{&quot;data&quot;:[{&quot;name&quot;:&quot;id&quot;,&quot;type&quot;:&quot;String&quot;,&quot;value&quot;:219316},{&quot;name&quot;:&quot;persistent_uuid&quot;,&quot;type&quot;:&quot;String&quot;,&quot;value&quot;:961922023729135805},{&quot;name&quot;:&quot;type&quot;,&quot;type&quot;:&quot;String&quot;,&quot;value&quot;:&quot;division&quot;},{&quot;name&quot;:&quot;parent_id&quot;,&quot;type&quot;:&quot;String&quot;,&quot;value&quot;:219060},{&quot;name&quot;:&quot;root_id&quot;,&quot;type&quot;:&quot;String&quot;,&quot;value&quot;:219060,&quot;prompt&quot;:&quot;Beta: This data&apos;s name and value are subject to change.&quot;},{&quot;name&quot;:&quot;name&quot;,&quot;type&quot;:&quot;String&quot;,&quot;value&quot;:&quot;U19&quot;},{&quot;name&quot;:&quot;billing_address&quot;,&quot;type&quot;:&quot;String&quot;,&quot;value&quot;:null},{&quot;name&quot;:&quot;country&quot;,&quot;type&quot;:&quot;String&quot;,&quot;value&quot;:&quot;Canada&quot;},{&quot;name&quot;:&quot;postal_code&quot;,&quot;type&quot;:&quot;String&quot;,&quot;value&quot;:&quot;K1N 8G2&quot;},{&quot;name&quot;:&quot;time_zone&quot;,&quot;type&quot;:&quot;String&quot;,&quot;value&quot;:&quot;America/New_York&quot;},{&quot;name&quot;:&quot;sport_id&quot;,&quot;type&quot;:&quot;String&quot;,&quot;value&quot;:51},{&quot;name&quot;:&quot;season_name&quot;,&quot;type&quot;:&quot;String&quot;,&quot;value&quot;:&quot;&quot;},{&quot;name&quot;:&quot;league_name&quot;,&quot;type&quot;:&quot;String&quot;,&quot;value&quot;:null},{&quot;name&quot;:&quot;league_url&quot;,&quot;type&quot;:&quot;String&quot;,&quot;value&quot;:&quot;http://www.ottawaringette.on.ca/&quot;},{&quot;name&quot;:&quot;location_country&quot;,&quot;type&quot;:&quot;String&quot;,&quot;value&quot;:&quot;Canada&quot;},{&quot;name&quot;:&quot;is_archived&quot;,&quot;type&quot;:&quot;Boolean&quot;,&quot;value&quot;:null},{&quot;name&quot;:&quot;is_ancestor_archived&quot;,&quot;type&quot;:&quot;Boolean&quot;,&quot;value&quot;:false},{&quot;name&quot;:&quot;is_ancestor_disabled&quot;,&quot;type&quot;:&quot;Boolean&quot;,&quot;value&quot;:false},{&quot;name&quot;:&quot;is_deletable&quot;,&quot;type&quot;:&quot;Boolean&quot;,&quot;value&quot;:false},{&quot;name&quot;:&quot;is_publicly_accessible&quot;,&quot;type&quot;:&quot;Boolean&quot;,&quot;value&quot;:false},{&quot;name&quot;:&quot;all_teams_count&quot;,&quot;type&quot;:&quot;Integer&quot;,&quot;value&quot;:3},{&quot;name&quot;:&quot;active_teams_count&quot;,&quot;type&quot;:&quot;Integer&quot;,&quot;value&quot;:3},{&quot;name&quot;:&quot;all_children_count&quot;,&quot;type&quot;:&quot;Integer&quot;,&quot;value&quot;:0},{&quot;name&quot;:&quot;active_children_count&quot;,&quot;type&quot;:&quot;Integer&quot;,&quot;value&quot;:0},{&quot;name&quot;:&quot;active_descendants_count&quot;,&quot;type&quot;:&quot;Integer&quot;,&quot;value&quot;:0},{&quot;name&quot;:&quot;is_disabled&quot;,&quot;type&quot;:&quot;Boolean&quot;,&quot;value&quot;:false},{&quot;name&quot;:&quot;parent_division_name&quot;,&quot;type&quot;:&quot;String&quot;,&quot;value&quot;:&quot;&quot;},{&quot;name&quot;:&quot;plan_id&quot;,&quot;type&quot;:&quot;String&quot;,&quot;value&quot;:17},{&quot;name&quot;:&quot;teams_in_plan&quot;,&quot;type&quot;:&quot;Integer&quot;,&quot;value&quot;:0},{&quot;name&quot;:&quot;time_zone&quot;,&quot;type&quot;:&quot;String&quot;,&quot;value&quot;:&quot;Eastern Time (US &amp; Canada)&quot;},{&quot;name&quot;:&quot;time_zone_description&quot;,&quot;type&quot;:&quot;String&quot;,&quot;value&quot;:&quot;Eastern Time (US &amp; Canada)&quot;},{&quot;name&quot;:&quot;time_zone_iana_name&quot;,&quot;type&quot;:&quot;String&quot;,&quot;value&quot;:&quot;America/New_York&quot;},{&quot;name&quot;:&quot;time_zone_offset&quot;,&quot;type&quot;:&quot;String&quot;,&quot;value&quot;:&quot;-05:00&quot;},{&quot;name&quot;:&quot;left_boundary&quot;,&quot;type&quot;:&quot;Integer&quot;,&quot;value&quot;:2,&quot;prompt&quot;:&quot;Beta: (This attribute is subject to change or sudden removal) Used in constructing the tree of divisions, this is the left boundary of this division in the nested set of divisions under the root_id&quot;},{&quot;name&quot;:&quot;right_boundary&quot;,&quot;type&quot;:&quot;Integer&quot;,&quot;value&quot;:3,&quot;prompt&quot;:&quot;Beta: (This attribute is subject to change or sudden removal) Used in constructing the tree of divisions, this is the right boundary of this division in the nested set of divisions under the root_id&quot;},{&quot;name&quot;:&quot;created_at&quot;,&quot;type&quot;:&quot;DateTime&quot;,&quot;value&quot;:&quot;2017-07-24T20:59:14Z&quot;},{&quot;name&quot;:&quot;updated_at&quot;,&quot;type&quot;:&quot;DateTime&quot;,&quot;value&quot;:&quot;2017-07-26T21:13:14Z&quot;}],&quot;rel&quot;:&quot;division-219316&quot;,&quot;links&quot;:[{&quot;rel&quot;:&quot;ancestors&quot;,&quot;href&quot;:&quot;https://api.teamsnap.com/v3/divisions/ancestors?id=219316&quot;},{&quot;rel&quot;:&quot;children&quot;,&quot;href&quot;:&quot;https://api.teamsnap.com/v3/divisions/children?id=219316&quot;},{&quot;rel&quot;:&quot;active_children&quot;,&quot;href&quot;:&quot;https://api.teamsnap.com/v3/divisions/children?id=219316&amp;is_archived=false&amp;is_disabled=false&quot;},{&quot;rel&quot;:&quot;descendants&quot;,&quot;href&quot;:&quot;https://api.teamsnap.com/v3/divisions/descendants?id=219316&quot;},{&quot;rel&quot;:&quot;tree&quot;,&quot;href&quot;:&quot;https://api.teamsnap.com/v3/divisions/tree?id=219316&quot;},{&quot;rel&quot;:&quot;division_aggregates&quot;,&quot;href&quot;:&quot;https://api.teamsnap.com/v3/division_aggregates/search?division_id=219316&quot;},{&quot;rel&quot;:&quot;division_events&quot;,&quot;href&quot;:&quot;https://api.teamsnap.com/v3/division_events/search?division_id=219316&quot;},{&quot;rel&quot;:&quot;division_logo_photo_file&quot;,&quot;href&quot;:&quot;https://api.teamsnap.com/v3/photo_files/division_logo/219060-1500930200&quot;},{&quot;rel&quot;:&quot;division_preferences&quot;,&quot;href&quot;:&quot;https://api.teamsnap.com/v3/divisions_preferences/search?division_id=219316&quot;},{&quot;rel&quot;:&quot;parent&quot;,&quot;href&quot;:&quot;https://api.teamsnap.com/v3/divisions/search?id=219060&quot;},{&quot;rel&quot;:&quot;plan&quot;,&quot;href&quot;:&quot;https://api.teamsnap.com/v3/plans/17&quot;},{&quot;rel&quot;:&quot;registration_forms&quot;,&quot;href&quot;:&quot;https://api.teamsnap.com/v3/registration_forms/search?division_id=219316&quot;},{&quot;rel&quot;:&quot;teams&quot;,&quot;href&quot;:&quot;https://api.teamsnap.com/v3/teams/search?division_id=219316&quot;},{&quot;rel&quot;:&quot;active_teams&quot;,&quot;href&quot;:&quot;https://api.teamsnap.com/v3/teams/search?division_id=219316&amp;is_active=true&quot;}],&quot;href&quot;:&quot;https://api.teamsnap.com/v3/divisions/219316&quot;},{&quot;data&quot;:[{&quot;name&quot;:&quot;id&quot;,&quot;type&quot;:&quot;String&quot;,&quot;value&quot;:219320},{&quot;name&quot;:&quot;persistent_uuid&quot;,&quot;type&quot;:&quot;String&quot;,&quot;value&quot;:889864402294014104},{&quot;name&quot;:&quot;type&quot;,&quot;type&quot;:&quot;String&quot;,&quot;value&quot;:&quot;division&quot;},{&quot;name&quot;:&quot;parent_id&quot;,&quot;type&quot;:&quot;String&quot;,&quot;value&quot;:219060},{&quot;name&quot;:&quot;root_id&quot;,&quot;type&quot;:&quot;String&quot;,&quot;value&quot;:219060,&quot;prompt&quot;:&quot;Beta: This data&apos;s name and value are subject to change.&quot;},{&quot;name&quot;:&quot;name&quot;,&quot;type&quot;:&quot;String&quot;,&quot;value&quot;:&quot;U16&quot;},{&quot;name&quot;:&quot;billing_address&quot;,&quot;type&quot;:&quot;String&quot;,&quot;value&quot;:null},{&quot;name&quot;:&quot;country&quot;,&quot;type&quot;:&quot;String&quot;,&quot;value&quot;:&quot;Canada&quot;},{&quot;name&quot;:&quot;postal_code&quot;,&quot;type&quot;:&quot;String&quot;,&quot;value&quot;:&quot;K1N 8G2&quot;},{&quot;name&quot;:&quot;time_zone&quot;,&quot;type&quot;:&quot;String&quot;,&quot;value&quot;:&quot;America/New_York&quot;},{&quot;name&quot;:&quot;sport_id&quot;,&quot;type&quot;:&quot;String&quot;,&quot;value&quot;:51},{&quot;name&quot;:&quot;season_name&quot;,&quot;type&quot;:&quot;String&quot;,&quot;value&quot;:&quot;&quot;},{&quot;name&quot;:&quot;league_name&quot;,&quot;type&quot;:&quot;String&quot;,&quot;value&quot;:null},{&quot;name&quot;:&quot;league_url&quot;,&quot;type&quot;:&quot;String&quot;,&quot;value&quot;:&quot;http://www.ottawaringette.on.ca/&quot;},{&quot;name&quot;:&quot;location_country&quot;,&quot;type&quot;:&quot;String&quot;,&quot;value&quot;:&quot;Canada&quot;},{&quot;name&quot;:&quot;is_archived&quot;,&quot;type&quot;:&quot;Boolean&quot;,&quot;value&quot;:null},{&quot;name&quot;:&quot;is_ancestor_archived&quot;,&quot;type&quot;:&quot;Boolean&quot;,&quot;value&quot;:false},{&quot;name&quot;:&quot;is_ancestor_disabled&quot;,&quot;type&quot;:&quot;Boolean&quot;,&quot;value&quot;:false},{&quot;name&quot;:&quot;is_deletable&quot;,&quot;type&quot;:&quot;Boolean&quot;,&quot;value&quot;:false},{&quot;name&quot;:&quot;is_publicly_accessible&quot;,&quot;type&quot;:&quot;Boolean&quot;,&quot;value&quot;:false},{&quot;name&quot;:&quot;all_teams_count&quot;,&quot;type&quot;:&quot;Integer&quot;,&quot;value&quot;:6},{&quot;name&quot;:&quot;active_teams_count&quot;,&quot;type&quot;:&quot;Integer&quot;,&quot;value&quot;:6},{&quot;name&quot;:&quot;all_children_count&quot;,&quot;type&quot;:&quot;Integer&quot;,&quot;value&quot;:0},{&quot;name&quot;:&quot;active_children_count&quot;,&quot;type&quot;:&quot;Integer&quot;,&quot;value&quot;:0},{&quot;name&quot;:&quot;active_descendants_count&quot;,&quot;type&quot;:&quot;Integer&quot;,&quot;value&quot;:0},{&quot;name&quot;:&quot;is_disabled&quot;,&quot;type&quot;:&quot;Boolean&quot;,&quot;value&quot;:false},{&quot;name&quot;:&quot;parent_division_name&quot;,&quot;type&quot;:&quot;String&quot;,&quot;value&quot;:&quot;&quot;},{&quot;name&quot;:&quot;plan_id&quot;,&quot;type&quot;:&quot;String&quot;,&quot;value&quot;:17},{&quot;name&quot;:&quot;teams_in_plan&quot;,&quot;type&quot;:&quot;Integer&quot;,&quot;value&quot;:0},{&quot;name&quot;:&quot;time_zone&quot;,&quot;type&quot;:&quot;String&quot;,&quot;value&quot;:&quot;Eastern Time (US &amp; Canada)&quot;},{&quot;name&quot;:&quot;time_zone_description&quot;,&quot;type&quot;:&quot;String&quot;,&quot;value&quot;:&quot;Eastern Time (US &amp; Canada)&quot;},{&quot;name&quot;:&quot;time_zone_iana_name&quot;,&quot;type&quot;:&quot;String&quot;,&quot;value&quot;:&quot;America/New_York&quot;},{&quot;name&quot;:&quot;time_zone_offset&quot;,&quot;type&quot;:&quot;String&quot;,&quot;value&quot;:&quot;-05:00&quot;},{&quot;name&quot;:&quot;left_boundary&quot;,&quot;type&quot;:&quot;Integer&quot;,&quot;value&quot;:4,&quot;prompt&quot;:&quot;Beta: (This attribute is subject to change or sudden removal) Used in constructing the tree of divisions, this is the left boundary of this division in the nested set of divisions under the root_id&quot;},{&quot;name&quot;:&quot;right_boundary&quot;,&quot;type&quot;:&quot;Integer&quot;,&quot;value&quot;:5,&quot;prompt&quot;:&quot;Beta: (This attribute is subject to change or sudden removal) Used in constructing the tree of divisions, this is the right boundary of this division in the nested set of divisions under the root_id&quot;},{&quot;name&quot;:&quot;created_at&quot;,&quot;type&quot;:&quot;DateTime&quot;,&quot;value&quot;:&quot;2017-07-24T20:59:20Z&quot;},{&quot;name&quot;:&quot;updated_at&quot;,&quot;type&quot;:&quot;DateTime&quot;,&quot;value&quot;:&quot;2017-07-26T21:13:14Z&quot;}],&quot;rel&quot;:&quot;division-219320&quot;,&quot;links&quot;:[{&quot;rel&quot;:&quot;ancestors&quot;,&quot;href&quot;:&quot;https://api.teamsnap.com/v3/divisions/ancestors?id=219320&quot;},{&quot;rel&quot;:&quot;children&quot;,&quot;href&quot;:&quot;https://api.teamsnap.com/v3/divisions/children?id=219320&quot;},{&quot;rel&quot;:&quot;active_children&quot;,&quot;href&quot;:&quot;https://api.teamsnap.com/v3/divisions/children?id=219320&amp;is_archived=false&amp;is_disabled=false&quot;},{&quot;rel&quot;:&quot;descendants&quot;,&quot;href&quot;:&quot;https://api.teamsnap.com/v3/divisions/descendants?id=219320&quot;},{&quot;rel&quot;:&quot;tree&quot;,&quot;href&quot;:&quot;https://api.teamsnap.com/v3/divisions/tree?id=219320&quot;},{&quot;rel&quot;:&quot;division_aggregates&quot;,&quot;href&quot;:&quot;https://api.teamsnap.com/v3/division_aggregates/search?division_id=219320&quot;},{&quot;rel&quot;:&quot;division_events&quot;,&quot;href&quot;:&quot;https://api.teamsnap.com/v3/division_events/search?division_id=219320&quot;},{&quot;rel&quot;:&quot;division_logo_photo_file&quot;,&quot;href&quot;:&quot;https://api.teamsnap.com/v3/photo_files/division_logo/219060-1500930200&quot;},{&quot;rel&quot;:&quot;division_preferences&quot;,&quot;href&quot;:&quot;https://api.teamsnap.com/v3/divisions_preferences/search?division_id=219320&quot;},{&quot;rel&quot;:&quot;parent&quot;,&quot;href&quot;:&quot;https://api.teamsnap.com/v3/divisions/search?id=219060&quot;},{&quot;rel&quot;:&quot;plan&quot;,&quot;href&quot;:&quot;https://api.teamsnap.com/v3/plans/17&quot;},{&quot;rel&quot;:&quot;registration_forms&quot;,&quot;href&quot;:&quot;https://api.teamsnap.com/v3/registration_forms/search?division_id=219320&quot;},{&quot;rel&quot;:&quot;teams&quot;,&quot;href&quot;:&quot;https://api.teamsnap.com/v3/teams/search?division_id=219320&quot;},{&quot;rel&quot;:&quot;active_teams&quot;,&quot;href&quot;:&quot;https://api.teamsnap.com/v3/teams/search?division_id=219320&amp;is_active=true&quot;}],&quot;href&quot;:&quot;https://api.teamsnap.com/v3/divisions/219320&quot;},{&quot;data&quot;:[{&quot;name&quot;:&quot;id&quot;,&quot;type&quot;:&quot;String&quot;,&quot;value&quot;:219324},{&quot;name&quot;:&quot;persistent_uuid&quot;,&quot;type&quot;:&quot;String&quot;,&quot;value&quot;:817766400096470334},{&quot;name&quot;:&quot;type&quot;,&quot;type&quot;:&quot;String&quot;,&quot;value&quot;:&quot;division&quot;},{&quot;name&quot;:&quot;parent_id&quot;,&quot;type&quot;:&quot;String&quot;,&quot;value&quot;:219060},{&quot;name&quot;:&quot;root_id&quot;,&quot;type&quot;:&quot;String&quot;,&quot;value&quot;:219060,&quot;prompt&quot;:&quot;Beta: This data&apos;s name and value are subject to change.&quot;},{&quot;name&quot;:&quot;name&quot;,&quot;type&quot;:&quot;String&quot;,&quot;value&quot;:&quot;U14&quot;},{&quot;name&quot;:&quot;billing_address&quot;,&quot;type&quot;:&quot;String&quot;,&quot;value&quot;:null},{&quot;name&quot;:&quot;country&quot;,&quot;type&quot;:&quot;String&quot;,&quot;value&quot;:&quot;Canada&quot;},{&quot;name&quot;:&quot;postal_code&quot;,&quot;type&quot;:&quot;String&quot;,&quot;value&quot;:&quot;K1N 8G2&quot;},{&quot;name&quot;:&quot;time_zone&quot;,&quot;type&quot;:&quot;String&quot;,&quot;value&quot;:&quot;America/New_York&quot;},{&quot;name&quot;:&quot;sport_id&quot;,&quot;type&quot;:&quot;String&quot;,&quot;value&quot;:51},{&quot;name&quot;:&quot;season_name&quot;,&quot;type&quot;:&quot;String&quot;,&quot;value&quot;:&quot;&quot;},{&quot;name&quot;:&quot;league_name&quot;,&quot;type&quot;:&quot;String&quot;,&quot;value&quot;:null},{&quot;name&quot;:&quot;league_url&quot;,&quot;type&quot;:&quot;String&quot;,&quot;value&quot;:&quot;http://www.ottawaringette.on.ca/&quot;},{&quot;name&quot;:&quot;location_country&quot;,&quot;type&quot;:&quot;String&quot;,&quot;value&quot;:&quot;Canada&quot;},{&quot;name&quot;:&quot;is_archived&quot;,&quot;type&quot;:&quot;Boolean&quot;,&quot;value&quot;:null},{&quot;name&quot;:&quot;is_ancestor_archived&quot;,&quot;type&quot;:&quot;Boolean&quot;,&quot;value&quot;:false},{&quot;name&quot;:&quot;is_ancestor_disabled&quot;,&quot;type&quot;:&quot;Boolean&quot;,&quot;value&quot;:false},{&quot;name&quot;:&quot;is_deletable&quot;,&quot;type&quot;:&quot;Boolean&quot;,&quot;value&quot;:false},{&quot;name&quot;:&quot;is_publicly_accessible&quot;,&quot;type&quot;:&quot;Boolean&quot;,&quot;value&quot;:false},{&quot;name&quot;:&quot;all_teams_count&quot;,&quot;type&quot;:&quot;Integer&quot;,&quot;value&quot;:4},{&quot;name&quot;:&quot;active_teams_count&quot;,&quot;type&quot;:&quot;Integer&quot;,&quot;value&quot;:4},{&quot;name&quot;:&quot;all_children_count&quot;,&quot;type&quot;:&quot;Integer&quot;,&quot;value&quot;:0},{&quot;name&quot;:&quot;active_children_count&quot;,&quot;type&quot;:&quot;Integer&quot;,&quot;value&quot;:0},{&quot;name&quot;:&quot;active_descendants_count&quot;,&quot;type&quot;:&quot;Integer&quot;,&quot;value&quot;:0},{&quot;name&quot;:&quot;is_disabled&quot;,&quot;type&quot;:&quot;Boolean&quot;,&quot;value&quot;:false},{&quot;name&quot;:&quot;parent_division_name&quot;,&quot;type&quot;:&quot;String&quot;,&quot;value&quot;:&quot;&quot;},{&quot;name&quot;:&quot;plan_id&quot;,&quot;type&quot;:&quot;String&quot;,&quot;value&quot;:17},{&quot;name&quot;:&quot;teams_in_plan&quot;,&quot;type&quot;:&quot;Integer&quot;,&quot;value&quot;:0},{&quot;name&quot;:&quot;time_zone&quot;,&quot;type&quot;:&quot;String&quot;,&quot;value&quot;:&quot;Eastern Time (US &amp; Canada)&quot;},{&quot;name&quot;:&quot;time_zone_description&quot;,&quot;type&quot;:&quot;String&quot;,&quot;value&quot;:&quot;Eastern Time (US &amp; Canada)&quot;},{&quot;name&quot;:&quot;time_zone_iana_name&quot;,&quot;type&quot;:&quot;String&quot;,&quot;value&quot;:&quot;America/New_York&quot;},{&quot;name&quot;:&quot;time_zone_offset&quot;,&quot;type&quot;:&quot;String&quot;,&quot;value&quot;:&quot;-05:00&quot;},{&quot;name&quot;:&quot;left_boundary&quot;,&quot;type&quot;:&quot;Integer&quot;,&quot;value&quot;:6,&quot;prompt&quot;:&quot;Beta: (This attribute is subject to change or sudden removal) Used in constructing the tree of divisions, this is the left boundary of this division in the nested set of divisions under the root_id&quot;},{&quot;name&quot;:&quot;right_boundary&quot;,&quot;type&quot;:&quot;Integer&quot;,&quot;value&quot;:7,&quot;prompt&quot;:&quot;Beta: (This attribute is subject to change or sudden removal) Used in constructing the tree of divisions, this is the right boundary of this division in the nested set of divisions under the root_id&quot;},{&quot;name&quot;:&quot;created_at&quot;,&quot;type&quot;:&quot;DateTime&quot;,&quot;value&quot;:&quot;2017-07-24T20:59:28Z&quot;},{&quot;name&quot;:&quot;updated_at&quot;,&quot;type&quot;:&quot;DateTime&quot;,&quot;value&quot;:&quot;2017-07-26T21:13:14Z&quot;}],&quot;rel&quot;:&quot;division-219324&quot;,&quot;links&quot;:[{&quot;rel&quot;:&quot;ancestors&quot;,&quot;href&quot;:&quot;https://api.teamsnap.com/v3/divisions/ancestors?id=219324&quot;},{&quot;rel&quot;:&quot;children&quot;,&quot;href&quot;:&quot;https://api.teamsnap.com/v3/divisions/children?id=219324&quot;},{&quot;rel&quot;:&quot;active_children&quot;,&quot;href&quot;:&quot;https://api.teamsnap.com/v3/divisions/children?id=219324&amp;is_archived=false&amp;is_disabled=false&quot;},{&quot;rel&quot;:&quot;descendants&quot;,&quot;href&quot;:&quot;https://api.teamsnap.com/v3/divisions/descendants?id=219324&quot;},{&quot;rel&quot;:&quot;tree&quot;,&quot;href&quot;:&quot;https://api.teamsnap.com/v3/divisions/tree?id=219324&quot;},{&quot;rel&quot;:&quot;division_aggregates&quot;,&quot;href&quot;:&quot;https://api.teamsnap.com/v3/division_aggregates/search?division_id=219324&quot;},{&quot;rel&quot;:&quot;division_events&quot;,&quot;href&quot;:&quot;https://api.teamsnap.com/v3/division_events/search?division_id=219324&quot;},{&quot;rel&quot;:&quot;division_logo_photo_file&quot;,&quot;href&quot;:&quot;https://api.teamsnap.com/v3/photo_files/division_logo/219060-1500930200&quot;},{&quot;rel&quot;:&quot;division_preferences&quot;,&quot;href&quot;:&quot;https://api.teamsnap.com/v3/divisions_preferences/search?division_id=219324&quot;},{&quot;rel&quot;:&quot;parent&quot;,&quot;href&quot;:&quot;https://api.teamsnap.com/v3/divisions/search?id=219060&quot;},{&quot;rel&quot;:&quot;plan&quot;,&quot;href&quot;:&quot;https://api.teamsnap.com/v3/plans/17&quot;},{&quot;rel&quot;:&quot;registration_forms&quot;,&quot;href&quot;:&quot;https://api.teamsnap.com/v3/registration_forms/search?division_id=219324&quot;},{&quot;rel&quot;:&quot;teams&quot;,&quot;href&quot;:&quot;https://api.teamsnap.com/v3/teams/search?division_id=219324&quot;},{&quot;rel&quot;:&quot;active_teams&quot;,&quot;href&quot;:&quot;https://api.teamsnap.com/v3/teams/search?division_id=219324&amp;is_active=true&quot;}],&quot;href&quot;:&quot;https://api.teamsnap.com/v3/divisions/219324&quot;},{&quot;data&quot;:[{&quot;name&quot;:&quot;id&quot;,&quot;type&quot;:&quot;String&quot;,&quot;value&quot;:219326},{&quot;name&quot;:&quot;persistent_uuid&quot;,&quot;type&quot;:&quot;String&quot;,&quot;value&quot;:889864402294014105},{&quot;name&quot;:&quot;type&quot;,&quot;type&quot;:&quot;String&quot;,&quot;value&quot;:&quot;division&quot;},{&quot;name&quot;:&quot;parent_id&quot;,&quot;type&quot;:&quot;String&quot;,&quot;value&quot;:219060},{&quot;name&quot;:&quot;root_id&quot;,&quot;type&quot;:&quot;String&quot;,&quot;value&quot;:219060,&quot;prompt&quot;:&quot;Beta: This data&apos;s name and value are subject to change.&quot;},{&quot;name&quot;:&quot;name&quot;,&quot;type&quot;:&quot;String&quot;,&quot;value&quot;:&quot;U12&quot;},{&quot;name&quot;:&quot;billing_address&quot;,&quot;type&quot;:&quot;String&quot;,&quot;value&quot;:null},{&quot;name&quot;:&quot;country&quot;,&quot;type&quot;:&quot;String&quot;,&quot;value&quot;:&quot;Canada&quot;},{&quot;name&quot;:&quot;postal_code&quot;,&quot;type&quot;:&quot;String&quot;,&quot;value&quot;:&quot;K1N 8G2&quot;},{&quot;name&quot;:&quot;time_zone&quot;,&quot;type&quot;:&quot;String&quot;,&quot;value&quot;:&quot;America/New_York&quot;},{&quot;name&quot;:&quot;sport_id&quot;,&quot;type&quot;:&quot;String&quot;,&quot;value&quot;:51},{&quot;name&quot;:&quot;season_name&quot;,&quot;type&quot;:&quot;String&quot;,&quot;value&quot;:&quot;&quot;},{&quot;name&quot;:&quot;league_name&quot;,&quot;type&quot;:&quot;String&quot;,&quot;value&quot;:null},{&quot;name&quot;:&quot;league_url&quot;,&quot;type&quot;:&quot;String&quot;,&quot;value&quot;:&quot;http://www.ottawaringette.on.ca/&quot;},{&quot;name&quot;:&quot;location_country&quot;,&quot;type&quot;:&quot;String&quot;,&quot;value&quot;:&quot;Canada&quot;},{&quot;name&quot;:&quot;is_archived&quot;,&quot;type&quot;:&quot;Boolean&quot;,&quot;value&quot;:null},{&quot;name&quot;:&quot;is_ancestor_archived&quot;,&quot;type&quot;:&quot;Boolean&quot;,&quot;value&quot;:false},{&quot;name&quot;:&quot;is_ancestor_disabled&quot;,&quot;type&quot;:&quot;Boolean&quot;,&quot;value&quot;:false},{&quot;name&quot;:&quot;is_deletable&quot;,&quot;type&quot;:&quot;Boolean&quot;,&quot;value&quot;:false},{&quot;name&quot;:&quot;is_publicly_accessible&quot;,&quot;type&quot;:&quot;Boolean&quot;,&quot;value&quot;:false},{&quot;name&quot;:&quot;all_teams_count&quot;,&quot;type&quot;:&quot;Integer&quot;,&quot;value&quot;:4},{&quot;name&quot;:&quot;active_teams_count&quot;,&quot;type&quot;:&quot;Integer&quot;,&quot;value&quot;:4},{&quot;name&quot;:&quot;all_children_count&quot;,&quot;type&quot;:&quot;Integer&quot;,&quot;value&quot;:0},{&quot;name&quot;:&quot;active_children_count&quot;,&quot;type&quot;:&quot;Integer&quot;,&quot;value&quot;:0},{&quot;name&quot;:&quot;active_descendants_count&quot;,&quot;type&quot;:&quot;Integer&quot;,&quot;value&quot;:0},{&quot;name&quot;:&quot;is_disabled&quot;,&quot;type&quot;:&quot;Boolean&quot;,&quot;value&quot;:false},{&quot;name&quot;:&quot;parent_division_name&quot;,&quot;type&quot;:&quot;String&quot;,&quot;value&quot;:&quot;&quot;},{&quot;name&quot;:&quot;plan_id&quot;,&quot;type&quot;:&quot;String&quot;,&quot;value&quot;:17},{&quot;name&quot;:&quot;teams_in_plan&quot;,&quot;type&quot;:&quot;Integer&quot;,&quot;value&quot;:0},{&quot;name&quot;:&quot;time_zone&quot;,&quot;type&quot;:&quot;String&quot;,&quot;value&quot;:&quot;Eastern Time (US &amp; Canada)&quot;},{&quot;name&quot;:&quot;time_zone_description&quot;,&quot;type&quot;:&quot;String&quot;,&quot;value&quot;:&quot;Eastern Time (US &amp; Canada)&quot;},{&quot;name&quot;:&quot;time_zone_iana_name&quot;,&quot;type&quot;:&quot;String&quot;,&quot;value&quot;:&quot;America/New_York&quot;},{&quot;name&quot;:&quot;time_zone_offset&quot;,&quot;type&quot;:&quot;String&quot;,&quot;value&quot;:&quot;-05:00&quot;},{&quot;name&quot;:&quot;left_boundary&quot;,&quot;type&quot;:&quot;Integer&quot;,&quot;value&quot;:8,&quot;prompt&quot;:&quot;Beta: (This attribute is subject to change or sudden removal) Used in constructing the tree of divisions, this is the left boundary of this division in the nested set of divisions under the root_id&quot;},{&quot;name&quot;:&quot;right_boundary&quot;,&quot;type&quot;:&quot;Integer&quot;,&quot;value&quot;:9,&quot;prompt&quot;:&quot;Beta: (This attribute is subject to change or sudden removal) Used in constructing the tree of divisions, this is the right boundary of this division in the nested set of divisions under the root_id&quot;},{&quot;name&quot;:&quot;created_at&quot;,&quot;type&quot;:&quot;DateTime&quot;,&quot;value&quot;:&quot;2017-07-24T20:59:34Z&quot;},{&quot;name&quot;:&quot;updated_at&quot;,&quot;type&quot;:&quot;DateTime&quot;,&quot;value&quot;:&quot;2017-07-26T21:13:14Z&quot;}],&quot;rel&quot;:&quot;division-219326&quot;,&quot;links&quot;:[{&quot;rel&quot;:&quot;ancestors&quot;,&quot;href&quot;:&quot;https://api.teamsnap.com/v3/divisions/ancestors?id=219326&quot;},{&quot;rel&quot;:&quot;children&quot;,&quot;href&quot;:&quot;https://api.teamsnap.com/v3/divisions/children?id=219326&quot;},{&quot;rel&quot;:&quot;active_children&quot;,&quot;href&quot;:&quot;https://api.teamsnap.com/v3/divisions/children?id=219326&amp;is_archived=false&amp;is_disabled=false&quot;},{&quot;rel&quot;:&quot;descendants&quot;,&quot;href&quot;:&quot;https://api.teamsnap.com/v3/divisions/descendants?id=219326&quot;},{&quot;rel&quot;:&quot;tree&quot;,&quot;href&quot;:&quot;https://api.teamsnap.com/v3/divisions/tree?id=219326&quot;},{&quot;rel&quot;:&quot;division_aggregates&quot;,&quot;href&quot;:&quot;https://api.teamsnap.com/v3/division_aggregates/search?division_id=219326&quot;},{&quot;rel&quot;:&quot;division_events&quot;,&quot;href&quot;:&quot;https://api.teamsnap.com/v3/division_events/search?division_id=219326&quot;},{&quot;rel&quot;:&quot;division_logo_photo_file&quot;,&quot;href&quot;:&quot;https://api.teamsnap.com/v3/photo_files/division_logo/219060-1500930200&quot;},{&quot;rel&quot;:&quot;division_preferences&quot;,&quot;href&quot;:&quot;https://api.teamsnap.com/v3/divisions_preferences/search?division_id=219326&quot;},{&quot;rel&quot;:&quot;parent&quot;,&quot;href&quot;:&quot;https://api.teamsnap.com/v3/divisions/search?id=219060&quot;},{&quot;rel&quot;:&quot;plan&quot;,&quot;href&quot;:&quot;https://api.teamsnap.com/v3/plans/17&quot;},{&quot;rel&quot;:&quot;registration_forms&quot;,&quot;href&quot;:&quot;https://api.teamsnap.com/v3/registration_forms/search?division_id=219326&quot;},{&quot;rel&quot;:&quot;teams&quot;,&quot;href&quot;:&quot;https://api.teamsnap.com/v3/teams/search?division_id=219326&quot;},{&quot;rel&quot;:&quot;active_teams&quot;,&quot;href&quot;:&quot;https://api.teamsnap.com/v3/teams/search?division_id=219326&amp;is_active=true&quot;}],&quot;href&quot;:&quot;https://api.teamsnap.com/v3/divisions/219326&quot;},{&quot;data&quot;:[{&quot;name&quot;:&quot;id&quot;,&quot;type&quot;:&quot;String&quot;,&quot;value&quot;:219328},{&quot;name&quot;:&quot;persistent_uuid&quot;,&quot;type&quot;:&quot;String&quot;,&quot;value&quot;:961922023729135806},{&quot;name&quot;:&quot;type&quot;,&quot;type&quot;:&quot;String&quot;,&quot;value&quot;:&quot;division&quot;},{&quot;name&quot;:&quot;parent_id&quot;,&quot;type&quot;:&quot;String&quot;,&quot;value&quot;:219060},{&quot;name&quot;:&quot;root_id&quot;,&quot;type&quot;:&quot;String&quot;,&quot;value&quot;:219060,&quot;prompt&quot;:&quot;Beta: This data&apos;s name and value are subject to change.&quot;},{&quot;name&quot;:&quot;name&quot;,&quot;type&quot;:&quot;String&quot;,&quot;value&quot;:&quot;Novice&quot;},{&quot;name&quot;:&quot;billing_address&quot;,&quot;type&quot;:&quot;String&quot;,&quot;value&quot;:null},{&quot;name&quot;:&quot;country&quot;,&quot;type&quot;:&quot;String&quot;,&quot;value&quot;:&quot;Canada&quot;},{&quot;name&quot;:&quot;postal_code&quot;,&quot;type&quot;:&quot;String&quot;,&quot;value&quot;:&quot;K1N 8G2&quot;},{&quot;name&quot;:&quot;time_zone&quot;,&quot;type&quot;:&quot;String&quot;,&quot;value&quot;:&quot;America/New_York&quot;},{&quot;name&quot;:&quot;sport_id&quot;,&quot;type&quot;:&quot;String&quot;,&quot;value&quot;:51},{&quot;name&quot;:&quot;season_name&quot;,&quot;type&quot;:&quot;String&quot;,&quot;value&quot;:&quot;&quot;},{&quot;name&quot;:&quot;league_name&quot;,&quot;type&quot;:&quot;String&quot;,&quot;value&quot;:null},{&quot;name&quot;:&quot;league_url&quot;,&quot;type&quot;:&quot;String&quot;,&quot;value&quot;:&quot;http://www.ottawaringette.on.ca/&quot;},{&quot;name&quot;:&quot;location_country&quot;,&quot;type&quot;:&quot;String&quot;,&quot;value&quot;:&quot;Canada&quot;},{&quot;name&quot;:&quot;is_archived&quot;,&quot;type&quot;:&quot;Boolean&quot;,&quot;value&quot;:null},{&quot;name&quot;:&quot;is_ancestor_archived&quot;,&quot;type&quot;:&quot;Boolean&quot;,&quot;value&quot;:false},{&quot;name&quot;:&quot;is_ancestor_disabled&quot;,&quot;type&quot;:&quot;Boolean&quot;,&quot;value&quot;:false},{&quot;name&quot;:&quot;is_deletable&quot;,&quot;type&quot;:&quot;Boolean&quot;,&quot;value&quot;:false},{&quot;name&quot;:&quot;is_publicly_accessible&quot;,&quot;type&quot;:&quot;Boolean&quot;,&quot;value&quot;:false},{&quot;name&quot;:&quot;all_teams_count&quot;,&quot;type&quot;:&quot;Integer&quot;,&quot;value&quot;:3},{&quot;name&quot;:&quot;active_teams_count&quot;,&quot;type&quot;:&quot;Integer&quot;,&quot;value&quot;:3},{&quot;name&quot;:&quot;all_children_count&quot;,&quot;type&quot;:&quot;Integer&quot;,&quot;value&quot;:0},{&quot;name&quot;:&quot;active_children_count&quot;,&quot;type&quot;:&quot;Integer&quot;,&quot;value&quot;:0},{&quot;name&quot;:&quot;active_descendants_count&quot;,&quot;type&quot;:&quot;Integer&quot;,&quot;value&quot;:0},{&quot;name&quot;:&quot;is_disabled&quot;,&quot;type&quot;:&quot;Boolean&quot;,&quot;value&quot;:false},{&quot;name&quot;:&quot;parent_division_name&quot;,&quot;type&quot;:&quot;String&quot;,&quot;value&quot;:&quot;&quot;},{&quot;name&quot;:&quot;plan_id&quot;,&quot;type&quot;:&quot;String&quot;,&quot;value&quot;:17},{&quot;name&quot;:&quot;teams_in_plan&quot;,&quot;type&quot;:&quot;Integer&quot;,&quot;value&quot;:0},{&quot;name&quot;:&quot;time_zone&quot;,&quot;type&quot;:&quot;String&quot;,&quot;value&quot;:&quot;Eastern Time (US &amp; Canada)&quot;},{&quot;name&quot;:&quot;time_zone_description&quot;,&quot;type&quot;:&quot;String&quot;,&quot;value&quot;:&quot;Eastern Time (US &amp; Canada)&quot;},{&quot;name&quot;:&quot;time_zone_iana_name&quot;,&quot;type&quot;:&quot;String&quot;,&quot;value&quot;:&quot;America/New_York&quot;},{&quot;name&quot;:&quot;time_zone_offset&quot;,&quot;type&quot;:&quot;String&quot;,&quot;value&quot;:&quot;-05:00&quot;},{&quot;name&quot;:&quot;left_boundary&quot;,&quot;type&quot;:&quot;Integer&quot;,&quot;value&quot;:10,&quot;prompt&quot;:&quot;Beta: (This attribute is subject to change or sudden removal) Used in constructing the tree of divisions, this is the left boundary of this division in the nested set of divisions under the root_id&quot;},{&quot;name&quot;:&quot;right_boundary&quot;,&quot;type&quot;:&quot;Integer&quot;,&quot;value&quot;:11,&quot;prompt&quot;:&quot;Beta: (This attribute is subject to change or sudden removal) Used in constructing the tree of divisions, this is the right boundary of this division in the nested set of divisions under the root_id&quot;},{&quot;name&quot;:&quot;created_at&quot;,&quot;type&quot;:&quot;DateTime&quot;,&quot;value&quot;:&quot;2017-07-24T20:59:45Z&quot;},{&quot;name&quot;:&quot;updated_at&quot;,&quot;type&quot;:&quot;DateTime&quot;,&quot;value&quot;:&quot;2017-07-26T21:13:14Z&quot;}],&quot;rel&quot;:&quot;division-219328&quot;,&quot;links&quot;:[{&quot;rel&quot;:&quot;ancestors&quot;,&quot;href&quot;:&quot;https://api.teamsnap.com/v3/divisions/ancestors?id=219328&quot;},{&quot;rel&quot;:&quot;children&quot;,&quot;href&quot;:&quot;https://api.teamsnap.com/v3/divisions/children?id=219328&quot;},{&quot;rel&quot;:&quot;active_children&quot;,&quot;href&quot;:&quot;https://api.teamsnap.com/v3/divisions/children?id=219328&amp;is_archived=false&amp;is_disabled=false&quot;},{&quot;rel&quot;:&quot;descendants&quot;,&quot;href&quot;:&quot;https://api.teamsnap.com/v3/divisions/descendants?id=219328&quot;},{&quot;rel&quot;:&quot;tree&quot;,&quot;href&quot;:&quot;https://api.teamsnap.com/v3/divisions/tree?id=219328&quot;},{&quot;rel&quot;:&quot;division_aggregates&quot;,&quot;href&quot;:&quot;https://api.teamsnap.com/v3/division_aggregates/search?division_id=219328&quot;},{&quot;rel&quot;:&quot;division_events&quot;,&quot;href&quot;:&quot;https://api.teamsnap.com/v3/division_events/search?division_id=219328&quot;},{&quot;rel&quot;:&quot;division_logo_photo_file&quot;,&quot;href&quot;:&quot;https://api.teamsnap.com/v3/photo_files/division_logo/219060-1500930200&quot;},{&quot;rel&quot;:&quot;division_preferences&quot;,&quot;href&quot;:&quot;https://api.teamsnap.com/v3/divisions_preferences/search?division_id=219328&quot;},{&quot;rel&quot;:&quot;parent&quot;,&quot;href&quot;:&quot;https://api.teamsnap.com/v3/divisions/search?id=219060&quot;},{&quot;rel&quot;:&quot;plan&quot;,&quot;href&quot;:&quot;https://api.teamsnap.com/v3/plans/17&quot;},{&quot;rel&quot;:&quot;registration_forms&quot;,&quot;href&quot;:&quot;https://api.teamsnap.com/v3/registration_forms/search?division_id=219328&quot;},{&quot;rel&quot;:&quot;teams&quot;,&quot;href&quot;:&quot;https://api.teamsnap.com/v3/teams/search?division_id=219328&quot;},{&quot;rel&quot;:&quot;active_teams&quot;,&quot;href&quot;:&quot;https://api.teamsnap.com/v3/teams/search?division_id=219328&amp;is_active=true&quot;}],&quot;href&quot;:&quot;https://api.teamsnap.com/v3/divisions/219328&quot;}],&quot;commands&quot;:[{&quot;data&quot;:[{&quot;name&quot;:&quot;name&quot;,&quot;value&quot;:null},{&quot;name&quot;:&quot;sport_id&quot;,&quot;value&quot;:null},{&quot;name&quot;:&quot;country&quot;,&quot;value&quot;:null},{&quot;name&quot;:&quot;time_zone&quot;,&quot;value&quot;:null},{&quot;name&quot;:&quot;postal_code&quot;,&quot;value&quot;:null},{&quot;name&quot;:&quot;teams_in_plan&quot;,&quot;value&quot;:null},{&quot;name&quot;:&quot;league_owner_email&quot;,&quot;value&quot;:null},{&quot;name&quot;:&quot;league_owner_phone_number&quot;,&quot;value&quot;:null},{&quot;name&quot;:&quot;league_owner_first_name&quot;,&quot;value&quot;:null},{&quot;name&quot;:&quot;league_owner_last_name&quot;,&quot;value&quot;:null}],&quot;rel&quot;:&quot;create_root&quot;,&quot;href&quot;:&quot;https://api.teamsnap.com/v3/divisions/create_root&quot;,&quot;prompt&quot;:&quot;Create root divisions, this is an internal command only accessible to internal TeamSnap services.&quot;},{&quot;data&quot;:[{&quot;name&quot;:&quot;division_id&quot;,&quot;value&quot;:null},{&quot;name&quot;:&quot;persistent_uuid&quot;,&quot;value&quot;:null},{&quot;name&quot;:&quot;plan_id&quot;,&quot;value&quot;:null},{&quot;name&quot;:&quot;teams_in_plan&quot;,&quot;value&quot;:null}],&quot;rel&quot;:&quot;update_plan&quot;,&quot;href&quot;:&quot;https://api.teamsnap.com/v3/divisions/update_plan&quot;,&quot;prompt&quot;:&quot;Update the root division&apos;s plan or number of teams (teams_in_plan). This is an internal command only accessible to internal TeamSnap services.&quot;},{&quot;data&quot;:[{&quot;name&quot;:&quot;division_id&quot;,&quot;value&quot;:null},{&quot;name&quot;:&quot;persistent_uuid&quot;,&quot;value&quot;:null}],&quot;rel&quot;:&quot;enable&quot;,&quot;href&quot;:&quot;https://api.teamsnap.com/v3/divisions/enable&quot;,&quot;prompt&quot;:&quot;Enable a root division. This is an internal command only accessible to internal TeamSnap services.&quot;},{&quot;data&quot;:[{&quot;name&quot;:&quot;division_id&quot;,&quot;value&quot;:null},{&quot;name&quot;:&quot;persistent_uuid&quot;,&quot;value&quot;:null}],&quot;rel&quot;:&quot;disable&quot;,&quot;href&quot;:&quot;https://api.teamsnap.com/v3/divisions/disable&quot;,&quot;prompt&quot;:&quot;Disable a root division. This is an internal command only accessible to internal TeamSnap services.&quot;}]}}
Aug 05, 2017 6:33:23 PM teamsnap.apiClient.Query execute
INFO: {&quot;collection&quot;:{&quot;template&quot;:{&quot;data&quot;:[{&quot;name&quot;:&quot;name&quot;,&quot;value&quot;:null},{&quot;name&quot;:&quot;location_country&quot;,&quot;value&quot;:null},{&quot;name&quot;:&quot;location_postal_code&quot;,&quot;value&quot;:null},{&quot;name&quot;:&quot;time_zone&quot;,&quot;value&quot;:null,&quot;prompt&quot;:&quot;The time_zone parameter is required when creating a team, but for changing a team&apos;s time_zone, use the update_time_zone command&quot;},{&quot;name&quot;:&quot;sport_id&quot;,&quot;value&quot;:null},{&quot;name&quot;:&quot;division_id&quot;,&quot;value&quot;:null},{&quot;name&quot;:&quot;division_name&quot;,&quot;value&quot;:null},{&quot;name&quot;:&quot;season_name&quot;,&quot;value&quot;:null},{&quot;name&quot;:&quot;league_name&quot;,&quot;value&quot;:null},{&quot;name&quot;:&quot;league_url&quot;,&quot;value&quot;:null},{&quot;name&quot;:&quot;owner_first_name&quot;,&quot;value&quot;:null},{&quot;name&quot;:&quot;owner_last_name&quot;,&quot;value&quot;:null},{&quot;name&quot;:&quot;owner_email&quot;,&quot;value&quot;:null},{&quot;name&quot;:&quot;is_ownership_pending&quot;,&quot;value&quot;:null},{&quot;name&quot;:&quot;type&quot;,&quot;value&quot;:&quot;team&quot;}]},&quot;rel&quot;:&quot;teams&quot;,&quot;links&quot;:[{&quot;rel&quot;:&quot;active_season_team&quot;,&quot;href&quot;:&quot;https://api.teamsnap.com/v3/teams&quot;},{&quot;rel&quot;:&quot;assignments&quot;,&quot;href&quot;:&quot;https://api.teamsnap.com/v3/assignments&quot;},{&quot;rel&quot;:&quot;availabilities&quot;,&quot;href&quot;:&quot;https://api.teamsnap.com/v3/availabilities&quot;},{&quot;rel&quot;:&quot;broadcast_email_attachments&quot;,&quot;href&quot;:&quot;https://api.teamsnap.com/v3/broadcast_email_attachments&quot;},{&quot;rel&quot;:&quot;broadcast_emails&quot;,&quot;href&quot;:&quot;https://api.teamsnap.com/v3/broadcast_emails&quot;},{&quot;rel&quot;:&quot;broadcast_alerts&quot;,&quot;href&quot;:&quot;https://api.teamsnap.com/v3/broadcast_alerts&quot;},{&quot;rel&quot;:&quot;commissioners&quot;,&quot;href&quot;:&quot;https://api.teamsnap.com/v3/members&quot;},{&quot;rel&quot;:&quot;contact_email_addresses&quot;,&quot;href&quot;:&quot;https://api.teamsnap.com/v3/contact_email_addresses&quot;},{&quot;rel&quot;:&quot;contact_phone_numbers&quot;,&quot;href&quot;:&quot;https://api.teamsnap.com/v3/contact_phone_numbers&quot;},{&quot;rel&quot;:&quot;contacts&quot;,&quot;href&quot;:&quot;https://api.teamsnap.com/v3/contacts&quot;},{&quot;rel&quot;:&quot;custom_data&quot;,&quot;href&quot;:&quot;https://api.teamsnap.com/v3/custom_data&quot;},{&quot;rel&quot;:&quot;custom_fields&quot;,&quot;href&quot;:&quot;https://api.teamsnap.com/v3/custom_fields&quot;},{&quot;rel&quot;:&quot;division_contact_email_addresses&quot;,&quot;href&quot;:&quot;https://api.teamsnap.com/v3/division_contact_email_addresses&quot;},{&quot;rel&quot;:&quot;division_contact_phone_numbers&quot;,&quot;href&quot;:&quot;https://api.teamsnap.com/v3/division_contact_phone_numbers&quot;},{&quot;rel&quot;:&quot;division_contacts&quot;,&quot;href&quot;:&quot;https://api.teamsnap.com/v3/division_contacts&quot;},{&quot;rel&quot;:&quot;division_locations&quot;,&quot;href&quot;:&quot;https://api.teamsnap.com/v3/division_locations&quot;},{&quot;rel&quot;:&quot;division_member_email_addresses&quot;,&quot;href&quot;:&quot;https://api.teamsnap.com/v3/division_member_email_addresses&quot;},{&quot;rel&quot;:&quot;division_member_phone_numbers&quot;,&quot;href&quot;:&quot;https://api.teamsnap.com/v3/division_member_phone_numbers&quot;},{&quot;rel&quot;:&quot;division_members&quot;,&quot;href&quot;:&quot;https://api.teamsnap.com/v3/division_members&quot;},{&quot;rel&quot;:&quot;division_members_preferences&quot;,&quot;href&quot;:&quot;https://api.teamsnap.com/v3/division_members_preferences&quot;},{&quot;rel&quot;:&quot;division_team_standings&quot;,&quot;href&quot;:&quot;https://api.teamsnap.com/v3/division_team_standings&quot;},{&quot;rel&quot;:&quot;event_statistics&quot;,&quot;href&quot;:&quot;https://api.teamsnap.com/v3/event_statistics&quot;},{&quot;rel&quot;:&quot;events&quot;,&quot;href&quot;:&quot;https://api.teamsnap.com/v3/events&quot;},{&quot;rel&quot;:&quot;events_overview&quot;,&quot;href&quot;:&quot;https://api.teamsnap.com/v3/events/overview&quot;},{&quot;rel&quot;:&quot;forum_posts&quot;,&quot;href&quot;:&quot;https://api.teamsnap.com/v3/forum_posts&quot;},{&quot;rel&quot;:&quot;forum_subscriptions&quot;,&quot;href&quot;:&quot;https://api.teamsnap.com/v3/forum_subscriptions&quot;},{&quot;rel&quot;:&quot;forum_topics&quot;,&quot;href&quot;:&quot;https://api.teamsnap.com/v3/forum_topics&quot;},{&quot;rel&quot;:&quot;league_custom_data&quot;,&quot;href&quot;:&quot;https://api.teamsnap.com/v3/league_custom_data&quot;},{&quot;rel&quot;:&quot;league_custom_fields&quot;,&quot;href&quot;:&quot;https://api.teamsnap.com/v3/league_custom_fields&quot;},{&quot;rel&quot;:&quot;league_registrant_documents&quot;,&quot;href&quot;:&quot;https://api.teamsnap.com/v3/league_registrant_documents&quot;},{&quot;rel&quot;:&quot;locations&quot;,&quot;href&quot;:&quot;https://api.teamsnap.com/v3/locations&quot;},{&quot;rel&quot;:&quot;managers&quot;,&quot;href&quot;:&quot;https://api.teamsnap.com/v3/members&quot;},{&quot;rel&quot;:&quot;member_balances&quot;,&quot;href&quot;:&quot;https://api.teamsnap.com/v3/member_balances&quot;},{&quot;rel&quot;:&quot;member_email_addresses&quot;,&quot;href&quot;:&quot;https://api.teamsnap.com/v3/member_email_addresses&quot;},{&quot;rel&quot;:&quot;member_files&quot;,&quot;href&quot;:&quot;https://api.teamsnap.com/v3/member_files&quot;},{&quot;rel&quot;:&quot;member_links&quot;,&quot;href&quot;:&quot;https://api.teamsnap.com/v3/member_links&quot;},{&quot;rel&quot;:&quot;member_payments&quot;,&quot;href&quot;:&quot;https://api.teamsnap.com/v3/member_payments&quot;},{&quot;rel&quot;:&quot;member_phone_numbers&quot;,&quot;href&quot;:&quot;https://api.teamsnap.com/v3/member_phone_numbers&quot;},{&quot;rel&quot;:&quot;member_photos&quot;,&quot;href&quot;:&quot;https://api.teamsnap.com/v3/member_photos&quot;},{&quot;rel&quot;:&quot;member_statistics&quot;,&quot;href&quot;:&quot;https://api.teamsnap.com/v3/member_statistics&quot;},{&quot;rel&quot;:&quot;members&quot;,&quot;href&quot;:&quot;https://api.teamsnap.com/v3/members&quot;},{&quot;rel&quot;:&quot;members_preferences&quot;,&quot;href&quot;:&quot;https://api.teamsnap.com/v3/members_preferences&quot;},{&quot;rel&quot;:&quot;message_data&quot;,&quot;href&quot;:&quot;https://api.teamsnap.com/v3/message_data&quot;},{&quot;rel&quot;:&quot;messages&quot;,&quot;href&quot;:&quot;https://api.teamsnap.com/v3/messages&quot;},{&quot;rel&quot;:&quot;opponents&quot;,&quot;href&quot;:&quot;https://api.teamsnap.com/v3/opponents&quot;},{&quot;rel&quot;:&quot;opponents_results&quot;,&quot;href&quot;:&quot;https://api.teamsnap.com/v3/opponents_results&quot;},{&quot;rel&quot;:&quot;owner&quot;,&quot;href&quot;:&quot;https://api.teamsnap.com/v3/members&quot;},{&quot;rel&quot;:&quot;payment_notes&quot;,&quot;href&quot;:&quot;https://api.teamsnap.com/v3/payment_notes&quot;},{&quot;rel&quot;:&quot;paypal_currency&quot;,&quot;href&quot;:&quot;https://api.teamsnap.com/v3/paypal_currencies&quot;},{&quot;rel&quot;:&quot;plan&quot;,&quot;href&quot;:&quot;https://api.teamsnap.com/v3/plans&quot;},{&quot;rel&quot;:&quot;sponsors&quot;,&quot;href&quot;:&quot;https://api.teamsnap.com/v3/sponsors&quot;},{&quot;rel&quot;:&quot;sport&quot;,&quot;href&quot;:&quot;https://api.teamsnap.com/v3/sports&quot;},{&quot;rel&quot;:&quot;statistic&quot;,&quot;href&quot;:&quot;https://api.teamsnap.com/v3/statistics&quot;},{&quot;rel&quot;:&quot;statistic_aggregates&quot;,&quot;href&quot;:&quot;https://api.teamsnap.com/v3/statistic_aggregates&quot;},{&quot;rel&quot;:&quot;statistic_data&quot;,&quot;href&quot;:&quot;https://api.teamsnap.com/v3/statistic_data&quot;},{&quot;rel&quot;:&quot;statistic_group&quot;,&quot;href&quot;:&quot;https://api.teamsnap.com/v3/statistic_groups&quot;},{&quot;rel&quot;:&quot;team_fees&quot;,&quot;href&quot;:&quot;https://api.teamsnap.com/v3/team_fees&quot;},{&quot;rel&quot;:&quot;team_media&quot;,&quot;href&quot;:&quot;https://api.teamsnap.com/v3/team_media&quot;},{&quot;rel&quot;:&quot;team_medium_comments&quot;,&quot;href&quot;:&quot;https://api.teamsnap.com/v3/team_medium_comments&quot;},{&quot;rel&quot;:&quot;team_media_groups&quot;,&quot;href&quot;:&quot;https://api.teamsnap.com/v3/team_media_groups&quot;},{&quot;rel&quot;:&quot;team_paypal_preferences&quot;,&quot;href&quot;:&quot;https://api.teamsnap.com/v3/teams_paypal_preferences&quot;},{&quot;rel&quot;:&quot;team_photos&quot;,&quot;href&quot;:&quot;https://api.teamsnap.com/v3/team_photos&quot;},{&quot;rel&quot;:&quot;team_preferences&quot;,&quot;href&quot;:&quot;https://api.teamsnap.com/v3/teams_preferences&quot;},{&quot;rel&quot;:&quot;team_public_site&quot;,&quot;href&quot;:&quot;https://api.teamsnap.com/v3/team_public_sites&quot;},{&quot;rel&quot;:&quot;team_results&quot;,&quot;href&quot;:&quot;https://api.teamsnap.com/v3/teams_results&quot;},{&quot;rel&quot;:&quot;team_statistics&quot;,&quot;href&quot;:&quot;https://api.teamsnap.com/v3/team_statistics&quot;},{&quot;rel&quot;:&quot;tracked_item_statuses&quot;,&quot;href&quot;:&quot;https://api.teamsnap.com/v3/tracked_item_statuses&quot;},{&quot;rel&quot;:&quot;tracked_items&quot;,&quot;href&quot;:&quot;https://api.teamsnap.com/v3/tracked_items&quot;},{&quot;rel&quot;:&quot;root&quot;,&quot;href&quot;:&quot;https://api.teamsnap.com/v3/&quot;},{&quot;rel&quot;:&quot;self&quot;,&quot;href&quot;:&quot;https://api.teamsnap.com/v3/teams/search?division_id=219316&quot;}],&quot;href&quot;:&quot;https://api.teamsnap.com/v3/teams&quot;,&quot;version&quot;:&quot;3.518.0&quot;,&quot;queries&quot;:[{&quot;data&quot;:[{&quot;name&quot;:&quot;id&quot;,&quot;value&quot;:null},{&quot;name&quot;:&quot;team_id&quot;,&quot;value&quot;:null},{&quot;name&quot;:&quot;user_id&quot;,&quot;value&quot;:null},{&quot;name&quot;:&quot;division_id&quot;,&quot;value&quot;:null},{&quot;name&quot;:&quot;page_size&quot;,&quot;value&quot;:null,&quot;prompt&quot;:&quot;The number of items to return for each page. Sending this parameter with the query will enable paging for the returned collection.&quot;},{&quot;name&quot;:&quot;page_number&quot;,&quot;value&quot;:null,&quot;prompt&quot;:&quot;The number of the page to be returned. This requires that paging be turned on by also providing the page_size parameter.&quot;},{&quot;name&quot;:&quot;sort_name&quot;,&quot;value&quot;:null,&quot;prompt&quot;:&quot;Sort the returned dataset based on the name field, valid values are &apos;asc&apos; or &apos;desc&apos;.&quot;}],&quot;rel&quot;:&quot;search&quot;,&quot;href&quot;:&quot;https://api.teamsnap.com/v3/teams/search&quot;,&quot;sort&quot;:[&quot;name&quot;]},{&quot;data&quot;:[{&quot;name&quot;:&quot;sport_id&quot;,&quot;value&quot;:null}],&quot;rel&quot;:&quot;available_for_statistic_import&quot;,&quot;href&quot;:&quot;https://api.teamsnap.com/v3/teams/available_for_statistic_import&quot;,&quot;prompt&quot;:&quot;Finds all teams accessible to current user that have the provided sport_id and have at least one statistic to import&quot;},{&quot;data&quot;:[{&quot;name&quot;:&quot;user_id&quot;,&quot;value&quot;:null},{&quot;name&quot;:&quot;division_id&quot;,&quot;value&quot;:null}],&quot;rel&quot;:&quot;active_teams&quot;,&quot;href&quot;:&quot;https://api.teamsnap.com/v3/teams/active&quot;,&quot;prompt&quot;:&quot;Finds all active teams for a given user. Excludes archived seasons and retired teams.&quot;},{&quot;data&quot;:[{&quot;name&quot;:&quot;division_id&quot;,&quot;value&quot;:null},{&quot;name&quot;:&quot;user_id&quot;,&quot;value&quot;:null},{&quot;name&quot;:&quot;is_active&quot;,&quot;value&quot;:null},{&quot;name&quot;:&quot;is_commissioner&quot;,&quot;value&quot;:null},{&quot;name&quot;:&quot;page_size&quot;,&quot;value&quot;:null,&quot;prompt&quot;:&quot;The number of items to return for each page. Sending this parameter with the query will enable paging for the returned collection.&quot;},{&quot;name&quot;:&quot;page_number&quot;,&quot;value&quot;:null,&quot;prompt&quot;:&quot;The number of the page to be returned. This requires that paging be turned on by also providing the page_size parameter.&quot;}],&quot;rel&quot;:&quot;division_search&quot;,&quot;href&quot;:&quot;https://api.teamsnap.com/v3/teams/division_search&quot;,&quot;prompt&quot;:&quot;Search the teams on the division_id and its descendants or a commissioner&apos;s user_id.&quot;}],&quot;items&quot;:[{&quot;data&quot;:[{&quot;name&quot;:&quot;id&quot;,&quot;type&quot;:&quot;String&quot;,&quot;value&quot;:3239865},{&quot;name&quot;:&quot;type&quot;,&quot;type&quot;:&quot;String&quot;,&quot;value&quot;:&quot;team&quot;},{&quot;name&quot;:&quot;active_season_team_id&quot;,&quot;type&quot;:&quot;String&quot;,&quot;value&quot;:null},{&quot;name&quot;:&quot;division_name&quot;,&quot;type&quot;:&quot;String&quot;,&quot;value&quot;:&quot;U19&quot;},{&quot;name&quot;:&quot;division_id&quot;,&quot;type&quot;:&quot;String&quot;,&quot;value&quot;:219316},{&quot;name&quot;:&quot;is_archived_season&quot;,&quot;type&quot;:&quot;Boolean&quot;,&quot;value&quot;:false},{&quot;name&quot;:&quot;is_hidden_on_dashboard&quot;,&quot;type&quot;:&quot;Boolean&quot;,&quot;value&quot;:false},{&quot;name&quot;:&quot;is_retired&quot;,&quot;type&quot;:&quot;Boolean&quot;,&quot;value&quot;:false},{&quot;name&quot;:&quot;league_name&quot;,&quot;type&quot;:&quot;String&quot;,&quot;value&quot;:&quot;City of Ottawa Ringette Association - TEST&quot;},{&quot;name&quot;:&quot;league_url&quot;,&quot;type&quot;:&quot;String&quot;,&quot;value&quot;:null},{&quot;name&quot;:&quot;is_in_league&quot;,&quot;type&quot;:&quot;Boolean&quot;,&quot;value&quot;:true},{&quot;name&quot;:&quot;location_country&quot;,&quot;type&quot;:&quot;String&quot;,&quot;value&quot;:&quot;Canada&quot;},{&quot;name&quot;:&quot;location_postal_code&quot;,&quot;type&quot;:&quot;String&quot;,&quot;value&quot;:&quot;K1N 8G2&quot;},{&quot;name&quot;:&quot;location_latitude&quot;,&quot;type&quot;:&quot;String&quot;,&quot;value&quot;:null},{&quot;name&quot;:&quot;location_longitude&quot;,&quot;type&quot;:&quot;String&quot;,&quot;value&quot;:null},{&quot;name&quot;:&quot;location_state&quot;,&quot;type&quot;:&quot;String&quot;,&quot;value&quot;:null},{&quot;name&quot;:&quot;name&quot;,&quot;type&quot;:&quot;String&quot;,&quot;value&quot;:&quot;U19AA&quot;},{&quot;name&quot;:&quot;non_player_member_count&quot;,&quot;type&quot;:&quot;Integer&quot;,&quot;value&quot;:0},{&quot;name&quot;:&quot;plan_id&quot;,&quot;type&quot;:&quot;String&quot;,&quot;value&quot;:17},{&quot;name&quot;:&quot;player_member_count&quot;,&quot;type&quot;:&quot;Integer&quot;,&quot;value&quot;:0},{&quot;name&quot;:&quot;billed_at&quot;,&quot;type&quot;:&quot;DateTime&quot;,&quot;value&quot;:&quot;2017-07-24T21:00:31Z&quot;},{&quot;name&quot;:&quot;season_name&quot;,&quot;type&quot;:&quot;String&quot;,&quot;value&quot;:null},{&quot;name&quot;:&quot;sport_id&quot;,&quot;type&quot;:&quot;String&quot;,&quot;value&quot;:51},{&quot;name&quot;:&quot;time_zone&quot;,&quot;type&quot;:&quot;String&quot;,&quot;value&quot;:&quot;Eastern Time (US &amp; Canada)&quot;},{&quot;name&quot;:&quot;time_zone_description&quot;,&quot;type&quot;:&quot;String&quot;,&quot;value&quot;:&quot;Eastern Time (US &amp; Canada)&quot;},{&quot;name&quot;:&quot;time_zone_iana_name&quot;,&quot;type&quot;:&quot;String&quot;,&quot;value&quot;:&quot;America/New_York&quot;},{&quot;name&quot;:&quot;time_zone_offset&quot;,&quot;type&quot;:&quot;String&quot;,&quot;value&quot;:&quot;-05:00&quot;},{&quot;name&quot;:&quot;updated_at&quot;,&quot;type&quot;:&quot;DateTime&quot;,&quot;value&quot;:&quot;2017-07-24T21:00:31Z&quot;},{&quot;name&quot;:&quot;created_at&quot;,&quot;type&quot;:&quot;DateTime&quot;,&quot;value&quot;:&quot;2017-07-24T21:00:31Z&quot;},{&quot;name&quot;:&quot;has_reached_roster_limit&quot;,&quot;type&quot;:&quot;Boolean&quot;,&quot;value&quot;:false},{&quot;name&quot;:&quot;roster_limit&quot;,&quot;type&quot;:&quot;Integer&quot;,&quot;value&quot;:4000},{&quot;name&quot;:&quot;has_exportable_media&quot;,&quot;type&quot;:&quot;Boolean&quot;,&quot;value&quot;:false},{&quot;name&quot;:&quot;can_export_media&quot;,&quot;type&quot;:&quot;Boolean&quot;,&quot;value&quot;:false},{&quot;name&quot;:&quot;last_accessed_at&quot;,&quot;type&quot;:&quot;DateTime&quot;,&quot;value&quot;:null},{&quot;name&quot;:&quot;media_storage_used&quot;,&quot;type&quot;:&quot;Integer&quot;,&quot;value&quot;:0},{&quot;name&quot;:&quot;humanized_media_storage_used&quot;,&quot;type&quot;:&quot;String&quot;,&quot;value&quot;:&quot;0 B&quot;},{&quot;name&quot;:&quot;is_game_day&quot;,&quot;type&quot;:&quot;Boolean&quot;,&quot;value&quot;:false},{&quot;name&quot;:&quot;is_gateway_required_for_sms&quot;,&quot;type&quot;:&quot;Boolean&quot;,&quot;value&quot;:false}],&quot;rel&quot;:&quot;team-3239865&quot;,&quot;links&quot;:[{&quot;rel&quot;:&quot;assignments&quot;,&quot;href&quot;:&quot;https://api.teamsnap.com/v3/assignments/search?team_id=3239865&quot;},{&quot;rel&quot;:&quot;availabilities&quot;,&quot;href&quot;:&quot;https://api.teamsnap.com/v3/availabilities/search?team_id=3239865&quot;},{&quot;rel&quot;:&quot;broadcast_email_attachments&quot;,&quot;href&quot;:&quot;https://api.teamsnap.com/v3/broadcast_email_attachments/search?team_id=3239865&quot;},{&quot;rel&quot;:&quot;broadcast_emails&quot;,&quot;href&quot;:&quot;https://api.teamsnap.com/v3/broadcast_emails/search?team_id=3239865&quot;},{&quot;rel&quot;:&quot;broadcast_alerts&quot;,&quot;href&quot;:&quot;https://api.teamsnap.com/v3/broadcast_alerts/search?team_id=3239865&quot;},{&quot;rel&quot;:&quot;calendar_http&quot;,&quot;href&quot;:&quot;http://ical-cdn.teamsnap.com/team_schedule/f9b0bd85-7384-44af-8d60-7f9b2c8f691e.ics&quot;},{&quot;rel&quot;:&quot;calendar_http_games_only&quot;,&quot;href&quot;:&quot;http://ical-cdn.teamsnap.com/team_schedule/filter/games/f9b0bd85-7384-44af-8d60-7f9b2c8f691e.ics&quot;},{&quot;rel&quot;:&quot;calendar_webcal&quot;,&quot;href&quot;:&quot;webcal://ical-cdn.teamsnap.com/team_schedule/f9b0bd85-7384-44af-8d60-7f9b2c8f691e.ics&quot;},{&quot;rel&quot;:&quot;calendar_webcal_games_only&quot;,&quot;href&quot;:&quot;webcal://ical-cdn.teamsnap.com/team_schedule/filter/games/f9b0bd85-7384-44af-8d60-7f9b2c8f691e.ics&quot;},{&quot;rel&quot;:&quot;commissioners&quot;,&quot;href&quot;:&quot;https://api.teamsnap.com/v3/members/commissioners?team_id=3239865&quot;},{&quot;rel&quot;:&quot;contact_email_addresses&quot;,&quot;href&quot;:&quot;https://api.teamsnap.com/v3/contact_email_addresses/search?team_id=3239865&quot;},{&quot;rel&quot;:&quot;contact_phone_numbers&quot;,&quot;href&quot;:&quot;https://api.teamsnap.com/v3/contact_phone_numbers/search?team_id=3239865&quot;},{&quot;rel&quot;:&quot;contacts&quot;,&quot;href&quot;:&quot;https://api.teamsnap.com/v3/contacts/search?team_id=3239865&quot;},{&quot;rel&quot;:&quot;custom_data&quot;,&quot;href&quot;:&quot;https://api.teamsnap.com/v3/custom_data/search?team_id=3239865&quot;},{&quot;rel&quot;:&quot;custom_fields&quot;,&quot;href&quot;:&quot;https://api.teamsnap.com/v3/custom_fields/search?team_id=3239865&quot;},{&quot;rel&quot;:&quot;division_contact_email_addresses&quot;,&quot;href&quot;:&quot;https://api.teamsnap.com/v3/division_contact_email_addresses/search?team_id=3239865&quot;},{&quot;rel&quot;:&quot;division_contact_phone_numbers&quot;,&quot;href&quot;:&quot;https://api.teamsnap.com/v3/division_contact_phone_numbers/search?team_id=3239865&quot;},{&quot;rel&quot;:&quot;division_contacts&quot;,&quot;href&quot;:&quot;https://api.teamsnap.com/v3/division_contacts/search?team_id=3239865&quot;},{&quot;rel&quot;:&quot;division_locations&quot;,&quot;href&quot;:&quot;https://api.teamsnap.com/v3/division_locations/search?team_id=3239865&quot;},{&quot;rel&quot;:&quot;division_member_email_addresses&quot;,&quot;href&quot;:&quot;https://api.teamsnap.com/v3/division_member_email_addresses/search?team_id=3239865&quot;},{&quot;rel&quot;:&quot;division_member_phone_numbers&quot;,&quot;href&quot;:&quot;https://api.teamsnap.com/v3/division_member_phone_numbers/search?team_id=3239865&quot;},{&quot;rel&quot;:&quot;division_members&quot;,&quot;href&quot;:&quot;https://api.teamsnap.com/v3/division_members/search?team_id=3239865&quot;},{&quot;rel&quot;:&quot;division_members_preferences&quot;,&quot;href&quot;:&quot;https://api.teamsnap.com/v3/division_members_preferences/search?team_id=3239865&quot;},{&quot;rel&quot;:&quot;division_team_standings&quot;,&quot;href&quot;:&quot;https://api.teamsnap.com/v3/division_team_standings/search?team_id=3239865&quot;},{&quot;rel&quot;:&quot;forum_posts&quot;,&quot;href&quot;:&quot;https://api.teamsnap.com/v3/forum_posts/search?team_id=3239865&quot;},{&quot;rel&quot;:&quot;forum_subscriptions&quot;,&quot;href&quot;:&quot;https://api.teamsnap.com/v3/forum_subscriptions/search?team_id=3239865&quot;},{&quot;rel&quot;:&quot;forum_topics&quot;,&quot;href&quot;:&quot;https://api.teamsnap.com/v3/forum_topics/search?team_id=3239865&quot;},{&quot;rel&quot;:&quot;event_statistics&quot;,&quot;href&quot;:&quot;https://api.teamsnap.com/v3/event_statistics/search?team_id=3239865&quot;},{&quot;rel&quot;:&quot;events&quot;,&quot;href&quot;:&quot;https://api.teamsnap.com/v3/events/search?team_id=3239865&quot;},{&quot;rel&quot;:&quot;events_csv_export&quot;,&quot;href&quot;:&quot;https://api.teamsnap.com/v3/exports/events_csv?hs=hrlmu%252BPWmBMOcJ0wNwjMIyjPkoDgD%252BOf6ZiaUivVwmk8BOUv3EyWjS%252BWBoDvRUPbLhlAHx0jITr7xWID3csLTP%252B7vdHMU4UmSD0WobueZ95Nbc4CXGXRijUbeklRbm5Qyn9MQTFo%252BBpaI3rzkA4xDA%253D%253D&quot;},{&quot;rel&quot;:&quot;events_overview&quot;,&quot;href&quot;:&quot;https://api.teamsnap.com/v3/events/overview?team_id=3239865&quot;},{&quot;rel&quot;:&quot;league_custom_data&quot;,&quot;href&quot;:&quot;https://api.teamsnap.com/v3/league_custom_data/search?team_id=3239865&quot;},{&quot;rel&quot;:&quot;league_custom_fields&quot;,&quot;href&quot;:&quot;https://api.teamsnap.com/v3/league_custom_fields/search?team_id=3239865&quot;},{&quot;rel&quot;:&quot;league_registrant_documents&quot;,&quot;href&quot;:&quot;https://api.teamsnap.com/v3/league_registrant_documents/search?member_id=3239865&quot;},{&quot;rel&quot;:&quot;locations&quot;,&quot;href&quot;:&quot;https://api.teamsnap.com/v3/locations/search?team_id=3239865&quot;},{&quot;rel&quot;:&quot;managers&quot;,&quot;href&quot;:&quot;https://api.teamsnap.com/v3/members/managers?team_id=3239865&quot;},{&quot;rel&quot;:&quot;member_balances&quot;,&quot;href&quot;:&quot;https://api.teamsnap.com/v3/member_balances/search?team_id=3239865&quot;},{&quot;rel&quot;:&quot;member_email_addresses&quot;,&quot;href&quot;:&quot;https://api.teamsnap.com/v3/member_email_addresses/search?team_id=3239865&quot;},{&quot;rel&quot;:&quot;member_files&quot;,&quot;href&quot;:&quot;https://api.teamsnap.com/v3/member_files/search?team_id=3239865&quot;},{&quot;rel&quot;:&quot;member_links&quot;,&quot;href&quot;:&quot;https://api.teamsnap.com/v3/member_links/search?team_id=3239865&quot;},{&quot;rel&quot;:&quot;member_payments&quot;,&quot;href&quot;:&quot;https://api.teamsnap.com/v3/member_payments/search?team_id=3239865&quot;},{&quot;rel&quot;:&quot;member_phone_numbers&quot;,&quot;href&quot;:&quot;https://api.teamsnap.com/v3/member_phone_numbers/search?team_id=3239865&quot;},{&quot;rel&quot;:&quot;member_photos&quot;,&quot;href&quot;:&quot;https://api.teamsnap.com/v3/member_photos/search?team_id=3239865&quot;},{&quot;rel&quot;:&quot;member_statistics&quot;,&quot;href&quot;:&quot;https://api.teamsnap.com/v3/member_statistics/search?team_id=3239865&quot;},{&quot;rel&quot;:&quot;members&quot;,&quot;href&quot;:&quot;https://api.teamsnap.com/v3/members/search?team_id=3239865&quot;},{&quot;rel&quot;:&quot;members_csv_export&quot;,&quot;href&quot;:&quot;https://api.teamsnap.com/v3/exports/members_csv?hs=hrlmu%252BPWmBMOcJ0wNwjMIyjPkoDgD%252BOf6ZiaUivVwmk8BOUv3EyWjS%252BWBoDvRUPbLhlAHx0jITr7xWID3csLTP%252B7vdHMU4UmSD0WobueZ95Nbc4CXGXRijUbeklRbm5Qyn9MQTFo%252BBpaI3rzkA4xDA%253D%253D&quot;},{&quot;rel&quot;:&quot;members_preferences&quot;,&quot;href&quot;:&quot;https://api.teamsnap.com/v3/members_preferences/search?team_id=3239865&quot;},{&quot;rel&quot;:&quot;message_data&quot;,&quot;href&quot;:&quot;https://api.teamsnap.com/v3/message_data/search?team_id=3239865&quot;},{&quot;rel&quot;:&quot;messages&quot;,&quot;href&quot;:&quot;https://api.teamsnap.com/v3/messages/search?team_id=3239865&quot;},{&quot;rel&quot;:&quot;opponents&quot;,&quot;href&quot;:&quot;https://api.teamsnap.com/v3/opponents/search?team_id=3239865&quot;},{&quot;rel&quot;:&quot;opponents_results&quot;,&quot;href&quot;:&quot;https://api.teamsnap.com/v3/opponents_results/search?team_id=3239865&quot;},{&quot;rel&quot;:&quot;owner&quot;,&quot;href&quot;:&quot;https://api.teamsnap.com/v3/members/owner?team_id=3239865&quot;},{&quot;rel&quot;:&quot;payment_notes&quot;,&quot;href&quot;:&quot;https://api.teamsnap.com/v3/payment_notes/search?team_id=3239865&quot;},{&quot;rel&quot;:&quot;paypal_currency&quot;,&quot;href&quot;:&quot;https://api.teamsnap.com/v3/paypal_currencies/search?team_id=3239865&quot;},{&quot;rel&quot;:&quot;plan&quot;,&quot;href&quot;:&quot;https://api.teamsnap.com/v3/plans/17&quot;},{&quot;rel&quot;:&quot;sponsors&quot;,&quot;href&quot;:&quot;https://api.teamsnap.com/v3/sponsors/search?team_id=3239865&quot;},{&quot;rel&quot;:&quot;sport&quot;,&quot;href&quot;:&quot;https://api.teamsnap.com/v3/sports/51&quot;},{&quot;rel&quot;:&quot;statistics&quot;,&quot;href&quot;:&quot;https://api.teamsnap.com/v3/statistics/search?team_id=3239865&quot;},{&quot;rel&quot;:&quot;statistic_aggregates&quot;,&quot;href&quot;:&quot;https://api.teamsnap.com/v3/statistic_aggregates/search?team_id=3239865&quot;},{&quot;rel&quot;:&quot;statistic_data&quot;,&quot;href&quot;:&quot;https://api.teamsnap.com/v3/statistic_data/search?team_id=3239865&quot;},{&quot;rel&quot;:&quot;statistic_groups&quot;,&quot;href&quot;:&quot;https://api.teamsnap.com/v3/statistic_groups/search?team_id=3239865&quot;},{&quot;rel&quot;:&quot;team_fees&quot;,&quot;href&quot;:&quot;https://api.teamsnap.com/v3/team_fees/search?team_id=3239865&quot;},{&quot;rel&quot;:&quot;team_logo_photo_file&quot;,&quot;href&quot;:&quot;https://api.teamsnap.com/v3/photo_files/sport_logo/51-0&quot;},{&quot;rel&quot;:&quot;team_media&quot;,&quot;href&quot;:&quot;https://api.teamsnap.com/v3/team_media/search?team_id=3239865&quot;},{&quot;rel&quot;:&quot;team_medium_comments&quot;,&quot;href&quot;:&quot;https://api.teamsnap.com/v3/team_medium_comments/search?team_id=3239865&quot;},{&quot;rel&quot;:&quot;team_media_groups&quot;,&quot;href&quot;:&quot;https://api.teamsnap.com/v3/team_media_groups/search?team_id=3239865&quot;},{&quot;rel&quot;:&quot;team_paypal_preferences&quot;,&quot;href&quot;:&quot;https://api.teamsnap.com/v3/teams_paypal_preferences/3239865&quot;},{&quot;rel&quot;:&quot;team_photos&quot;,&quot;href&quot;:&quot;https://api.teamsnap.com/v3/team_photos/search&quot;},{&quot;rel&quot;:&quot;team_preferences&quot;,&quot;href&quot;:&quot;https://api.teamsnap.com/v3/teams_preferences/3239865&quot;},{&quot;rel&quot;:&quot;team_public_site&quot;,&quot;href&quot;:&quot;https://api.teamsnap.com/v3/team_public_sites/3239865&quot;},{&quot;rel&quot;:&quot;team_results&quot;,&quot;href&quot;:&quot;https://api.teamsnap.com/v3/teams_results/3239865&quot;},{&quot;rel&quot;:&quot;team_statistics&quot;,&quot;href&quot;:&quot;https://api.teamsnap.com/v3/team_statistics/search?team_id=3239865&quot;},{&quot;rel&quot;:&quot;tracked_item_statuses&quot;,&quot;href&quot;:&quot;https://api.teamsnap.com/v3/tracked_item_statuses/search?team_id=3239865&quot;},{&quot;rel&quot;:&quot;tracked_items&quot;,&quot;href&quot;:&quot;https://api.teamsnap.com/v3/tracked_items/search?team_id=3239865&quot;}],&quot;href&quot;:&quot;https://api.teamsnap.com/v3/teams/3239865&quot;},{&quot;data&quot;:[{&quot;name&quot;:&quot;id&quot;,&quot;type&quot;:&quot;String&quot;,&quot;value&quot;:3239867},{&quot;name&quot;:&quot;type&quot;,&quot;type&quot;:&quot;String&quot;,&quot;value&quot;:&quot;team&quot;},{&quot;name&quot;:&quot;active_season_team_id&quot;,&quot;type&quot;:&quot;String&quot;,&quot;value&quot;:null},{&quot;name&quot;:&quot;division_name&quot;,&quot;type&quot;:&quot;String&quot;,&quot;value&quot;:&quot;U19&quot;},{&quot;name&quot;:&quot;division_id&quot;,&quot;type&quot;:&quot;String&quot;,&quot;value&quot;:219316},{&quot;name&quot;:&quot;is_archived_season&quot;,&quot;type&quot;:&quot;Boolean&quot;,&quot;value&quot;:false},{&quot;name&quot;:&quot;is_hidden_on_dashboard&quot;,&quot;type&quot;:&quot;Boolean&quot;,&quot;value&quot;:false},{&quot;name&quot;:&quot;is_retired&quot;,&quot;type&quot;:&quot;Boolean&quot;,&quot;value&quot;:false},{&quot;name&quot;:&quot;league_name&quot;,&quot;type&quot;:&quot;String&quot;,&quot;value&quot;:&quot;City of Ottawa Ringette Association - TEST&quot;},{&quot;name&quot;:&quot;league_url&quot;,&quot;type&quot;:&quot;String&quot;,&quot;value&quot;:null},{&quot;name&quot;:&quot;is_in_league&quot;,&quot;type&quot;:&quot;Boolean&quot;,&quot;value&quot;:true},{&quot;name&quot;:&quot;location_country&quot;,&quot;type&quot;:&quot;String&quot;,&quot;value&quot;:&quot;Canada&quot;},{&quot;name&quot;:&quot;location_postal_code&quot;,&quot;type&quot;:&quot;String&quot;,&quot;value&quot;:&quot;K1N 8G2&quot;},{&quot;name&quot;:&quot;location_latitude&quot;,&quot;type&quot;:&quot;String&quot;,&quot;value&quot;:null},{&quot;name&quot;:&quot;location_longitude&quot;,&quot;type&quot;:&quot;String&quot;,&quot;value&quot;:null},{&quot;name&quot;:&quot;location_state&quot;,&quot;type&quot;:&quot;String&quot;,&quot;value&quot;:null},{&quot;name&quot;:&quot;name&quot;,&quot;type&quot;:&quot;String&quot;,&quot;value&quot;:&quot;U19A&quot;},{&quot;name&quot;:&quot;non_player_member_count&quot;,&quot;type&quot;:&quot;Integer&quot;,&quot;value&quot;:0},{&quot;name&quot;:&quot;plan_id&quot;,&quot;type&quot;:&quot;String&quot;,&quot;value&quot;:17},{&quot;name&quot;:&quot;player_member_count&quot;,&quot;type&quot;:&quot;Integer&quot;,&quot;value&quot;:0},{&quot;name&quot;:&quot;billed_at&quot;,&quot;type&quot;:&quot;DateTime&quot;,&quot;value&quot;:&quot;2017-07-24T21:00:31Z&quot;},{&quot;name&quot;:&quot;season_name&quot;,&quot;type&quot;:&quot;String&quot;,&quot;value&quot;:null},{&quot;name&quot;:&quot;sport_id&quot;,&quot;type&quot;:&quot;String&quot;,&quot;value&quot;:51},{&quot;name&quot;:&quot;time_zone&quot;,&quot;type&quot;:&quot;String&quot;,&quot;value&quot;:&quot;Eastern Time (US &amp; Canada)&quot;},{&quot;name&quot;:&quot;time_zone_description&quot;,&quot;type&quot;:&quot;String&quot;,&quot;value&quot;:&quot;Eastern Time (US &amp; Canada)&quot;},{&quot;name&quot;:&quot;time_zone_iana_name&quot;,&quot;type&quot;:&quot;String&quot;,&quot;value&quot;:&quot;America/New_York&quot;},{&quot;name&quot;:&quot;time_zone_offset&quot;,&quot;type&quot;:&quot;String&quot;,&quot;value&quot;:&quot;-05:00&quot;},{&quot;name&quot;:&quot;updated_at&quot;,&quot;type&quot;:&quot;DateTime&quot;,&quot;value&quot;:&quot;2017-07-24T21:00:31Z&quot;},{&quot;name&quot;:&quot;created_at&quot;,&quot;type&quot;:&quot;DateTime&quot;,&quot;value&quot;:&quot;2017-07-24T21:00:31Z&quot;},{&quot;name&quot;:&quot;has_reached_roster_limit&quot;,&quot;type&quot;:&quot;Boolean&quot;,&quot;value&quot;:false},{&quot;name&quot;:&quot;roster_limit&quot;,&quot;type&quot;:&quot;Integer&quot;,&quot;value&quot;:4000},{&quot;name&quot;:&quot;has_exportable_media&quot;,&quot;type&quot;:&quot;Boolean&quot;,&quot;value&quot;:false},{&quot;name&quot;:&quot;can_export_media&quot;,&quot;type&quot;:&quot;Boolean&quot;,&quot;value&quot;:false},{&quot;name&quot;:&quot;last_accessed_at&quot;,&quot;type&quot;:&quot;DateTime&quot;,&quot;value&quot;:null},{&quot;name&quot;:&quot;media_storage_used&quot;,&quot;type&quot;:&quot;Integer&quot;,&quot;value&quot;:0},{&quot;name&quot;:&quot;humanized_media_storage_used&quot;,&quot;type&quot;:&quot;String&quot;,&quot;value&quot;:&quot;0 B&quot;},{&quot;name&quot;:&quot;is_game_day&quot;,&quot;type&quot;:&quot;Boolean&quot;,&quot;value&quot;:false},{&quot;name&quot;:&quot;is_gateway_required_for_sms&quot;,&quot;type&quot;:&quot;Boolean&quot;,&quot;value&quot;:false}],&quot;rel&quot;:&quot;team-3239867&quot;,&quot;links&quot;:[{&quot;rel&quot;:&quot;assignments&quot;,&quot;href&quot;:&quot;https://api.teamsnap.com/v3/assignments/search?team_id=3239867&quot;},{&quot;rel&quot;:&quot;availabilities&quot;,&quot;href&quot;:&quot;https://api.teamsnap.com/v3/availabilities/search?team_id=3239867&quot;},{&quot;rel&quot;:&quot;broadcast_email_attachments&quot;,&quot;href&quot;:&quot;https://api.teamsnap.com/v3/broadcast_email_attachments/search?team_id=3239867&quot;},{&quot;rel&quot;:&quot;broadcast_emails&quot;,&quot;href&quot;:&quot;https://api.teamsnap.com/v3/broadcast_emails/search?team_id=3239867&quot;},{&quot;rel&quot;:&quot;broadcast_alerts&quot;,&quot;href&quot;:&quot;https://api.teamsnap.com/v3/broadcast_alerts/search?team_id=3239867&quot;},{&quot;rel&quot;:&quot;calendar_http&quot;,&quot;href&quot;:&quot;http://ical-cdn.teamsnap.com/team_schedule/3e8a8777-03c3-4de9-9610-874f6e2d0073.ics&quot;},{&quot;rel&quot;:&quot;calendar_http_games_only&quot;,&quot;href&quot;:&quot;http://ical-cdn.teamsnap.com/team_schedule/filter/games/3e8a8777-03c3-4de9-9610-874f6e2d0073.ics&quot;},{&quot;rel&quot;:&quot;calendar_webcal&quot;,&quot;href&quot;:&quot;webcal://ical-cdn.teamsnap.com/team_schedule/3e8a8777-03c3-4de9-9610-874f6e2d0073.ics&quot;},{&quot;rel&quot;:&quot;calendar_webcal_games_only&quot;,&quot;href&quot;:&quot;webcal://ical-cdn.teamsnap.com/team_schedule/filter/games/3e8a8777-03c3-4de9-9610-874f6e2d0073.ics&quot;},{&quot;rel&quot;:&quot;commissioners&quot;,&quot;href&quot;:&quot;https://api.teamsnap.com/v3/members/commissioners?team_id=3239867&quot;},{&quot;rel&quot;:&quot;contact_email_addresses&quot;,&quot;href&quot;:&quot;https://api.teamsnap.com/v3/contact_email_addresses/search?team_id=3239867&quot;},{&quot;rel&quot;:&quot;contact_phone_numbers&quot;,&quot;href&quot;:&quot;https://api.teamsnap.com/v3/contact_phone_numbers/search?team_id=3239867&quot;},{&quot;rel&quot;:&quot;contacts&quot;,&quot;href&quot;:&quot;https://api.teamsnap.com/v3/contacts/search?team_id=3239867&quot;},{&quot;rel&quot;:&quot;custom_data&quot;,&quot;href&quot;:&quot;https://api.teamsnap.com/v3/custom_data/search?team_id=3239867&quot;},{&quot;rel&quot;:&quot;custom_fields&quot;,&quot;href&quot;:&quot;https://api.teamsnap.com/v3/custom_fields/search?team_id=3239867&quot;},{&quot;rel&quot;:&quot;division_contact_email_addresses&quot;,&quot;href&quot;:&quot;https://api.teamsnap.com/v3/division_contact_email_addresses/search?team_id=3239867&quot;},{&quot;rel&quot;:&quot;division_contact_phone_numbers&quot;,&quot;href&quot;:&quot;https://api.teamsnap.com/v3/division_contact_phone_numbers/search?team_id=3239867&quot;},{&quot;rel&quot;:&quot;division_contacts&quot;,&quot;href&quot;:&quot;https://api.teamsnap.com/v3/division_contacts/search?team_id=3239867&quot;},{&quot;rel&quot;:&quot;division_locations&quot;,&quot;href&quot;:&quot;https://api.teamsnap.com/v3/division_locations/search?team_id=3239867&quot;},{&quot;rel&quot;:&quot;division_member_email_addresses&quot;,&quot;href&quot;:&quot;https://api.teamsnap.com/v3/division_member_email_addresses/search?team_id=3239867&quot;},{&quot;rel&quot;:&quot;division_member_phone_numbers&quot;,&quot;href&quot;:&quot;https://api.teamsnap.com/v3/division_member_phone_numbers/search?team_id=3239867&quot;},{&quot;rel&quot;:&quot;division_members&quot;,&quot;href&quot;:&quot;https://api.teamsnap.com/v3/division_members/search?team_id=3239867&quot;},{&quot;rel&quot;:&quot;division_members_preferences&quot;,&quot;href&quot;:&quot;https://api.teamsnap.com/v3/division_members_preferences/search?team_id=3239867&quot;},{&quot;rel&quot;:&quot;division_team_standings&quot;,&quot;href&quot;:&quot;https://api.teamsnap.com/v3/division_team_standings/search?team_id=3239867&quot;},{&quot;rel&quot;:&quot;forum_posts&quot;,&quot;href&quot;:&quot;https://api.teamsnap.com/v3/forum_posts/search?team_id=3239867&quot;},{&quot;rel&quot;:&quot;forum_subscriptions&quot;,&quot;href&quot;:&quot;https://api.teamsnap.com/v3/forum_subscriptions/search?team_id=3239867&quot;},{&quot;rel&quot;:&quot;forum_topics&quot;,&quot;href&quot;:&quot;https://api.teamsnap.com/v3/forum_topics/search?team_id=3239867&quot;},{&quot;rel&quot;:&quot;event_statistics&quot;,&quot;href&quot;:&quot;https://api.teamsnap.com/v3/event_statistics/search?team_id=3239867&quot;},{&quot;rel&quot;:&quot;events&quot;,&quot;href&quot;:&quot;https://api.teamsnap.com/v3/events/search?team_id=3239867&quot;},{&quot;rel&quot;:&quot;events_csv_export&quot;,&quot;href&quot;:&quot;https://api.teamsnap.com/v3/exports/events_csv?hs=hrlmu%252BPWmBMOcJ0wNwjMI2cqsAbrC7nGAdMTrgAdCQJk%252FSbC4l78vUTK7tLg38cmBqGKfDvYiB1JwTX9c123v2x74xlpxOw%252BokMJZSQydnYME1ZhVAI%252FqCiL0cirkFGt%252BFU1Lo2irm9WJOusFPL2Nw%253D%253D&quot;},{&quot;rel&quot;:&quot;events_overview&quot;,&quot;href&quot;:&quot;https://api.teamsnap.com/v3/events/overview?team_id=3239867&quot;},{&quot;rel&quot;:&quot;league_custom_data&quot;,&quot;href&quot;:&quot;https://api.teamsnap.com/v3/league_custom_data/search?team_id=3239867&quot;},{&quot;rel&quot;:&quot;league_custom_fields&quot;,&quot;href&quot;:&quot;https://api.teamsnap.com/v3/league_custom_fields/search?team_id=3239867&quot;},{&quot;rel&quot;:&quot;league_registrant_documents&quot;,&quot;href&quot;:&quot;https://api.teamsnap.com/v3/league_registrant_documents/search?member_id=3239867&quot;},{&quot;rel&quot;:&quot;locations&quot;,&quot;href&quot;:&quot;https://api.teamsnap.com/v3/locations/search?team_id=3239867&quot;},{&quot;rel&quot;:&quot;managers&quot;,&quot;href&quot;:&quot;https://api.teamsnap.com/v3/members/managers?team_id=3239867&quot;},{&quot;rel&quot;:&quot;member_balances&quot;,&quot;href&quot;:&quot;https://api.teamsnap.com/v3/member_balances/search?team_id=3239867&quot;},{&quot;rel&quot;:&quot;member_email_addresses&quot;,&quot;href&quot;:&quot;https://api.teamsnap.com/v3/member_email_addresses/search?team_id=3239867&quot;},{&quot;rel&quot;:&quot;member_files&quot;,&quot;href&quot;:&quot;https://api.teamsnap.com/v3/member_files/search?team_id=3239867&quot;},{&quot;rel&quot;:&quot;member_links&quot;,&quot;href&quot;:&quot;https://api.teamsnap.com/v3/member_links/search?team_id=3239867&quot;},{&quot;rel&quot;:&quot;member_payments&quot;,&quot;href&quot;:&quot;https://api.teamsnap.com/v3/member_payments/search?team_id=3239867&quot;},{&quot;rel&quot;:&quot;member_phone_numbers&quot;,&quot;href&quot;:&quot;https://api.teamsnap.com/v3/member_phone_numbers/search?team_id=3239867&quot;},{&quot;rel&quot;:&quot;member_photos&quot;,&quot;href&quot;:&quot;https://api.teamsnap.com/v3/member_photos/search?team_id=3239867&quot;},{&quot;rel&quot;:&quot;member_statistics&quot;,&quot;href&quot;:&quot;https://api.teamsnap.com/v3/member_statistics/search?team_id=3239867&quot;},{&quot;rel&quot;:&quot;members&quot;,&quot;href&quot;:&quot;https://api.teamsnap.com/v3/members/search?team_id=3239867&quot;},{&quot;rel&quot;:&quot;members_csv_export&quot;,&quot;href&quot;:&quot;https://api.teamsnap.com/v3/exports/members_csv?hs=hrlmu%252BPWmBMOcJ0wNwjMI2cqsAbrC7nGAdMTrgAdCQJk%252FSbC4l78vUTK7tLg38cmBqGKfDvYiB1JwTX9c123v2x74xlpxOw%252BokMJZSQydnYME1ZhVAI%252FqCiL0cirkFGt%252BFU1Lo2irm9WJOusFPL2Nw%253D%253D&quot;},{&quot;rel&quot;:&quot;members_preferences&quot;,&quot;href&quot;:&quot;https://api.teamsnap.com/v3/members_preferences/search?team_id=3239867&quot;},{&quot;rel&quot;:&quot;message_data&quot;,&quot;href&quot;:&quot;https://api.teamsnap.com/v3/message_data/search?team_id=3239867&quot;},{&quot;rel&quot;:&quot;messages&quot;,&quot;href&quot;:&quot;https://api.teamsnap.com/v3/messages/search?team_id=3239867&quot;},{&quot;rel&quot;:&quot;opponents&quot;,&quot;href&quot;:&quot;https://api.teamsnap.com/v3/opponents/search?team_id=3239867&quot;},{&quot;rel&quot;:&quot;opponents_results&quot;,&quot;href&quot;:&quot;https://api.teamsnap.com/v3/opponents_results/search?team_id=3239867&quot;},{&quot;rel&quot;:&quot;owner&quot;,&quot;href&quot;:&quot;https://api.teamsnap.com/v3/members/owner?team_id=3239867&quot;},{&quot;rel&quot;:&quot;payment_notes&quot;,&quot;href&quot;:&quot;https://api.teamsnap.com/v3/payment_notes/search?team_id=3239867&quot;},{&quot;rel&quot;:&quot;paypal_currency&quot;,&quot;href&quot;:&quot;https://api.teamsnap.com/v3/paypal_currencies/search?team_id=3239867&quot;},{&quot;rel&quot;:&quot;plan&quot;,&quot;href&quot;:&quot;https://api.teamsnap.com/v3/plans/17&quot;},{&quot;rel&quot;:&quot;sponsors&quot;,&quot;href&quot;:&quot;https://api.teamsnap.com/v3/sponsors/search?team_id=3239867&quot;},{&quot;rel&quot;:&quot;sport&quot;,&quot;href&quot;:&quot;https://api.teamsnap.com/v3/sports/51&quot;},{&quot;rel&quot;:&quot;statistics&quot;,&quot;href&quot;:&quot;https://api.teamsnap.com/v3/statistics/search?team_id=3239867&quot;},{&quot;rel&quot;:&quot;statistic_aggregates&quot;,&quot;href&quot;:&quot;https://api.teamsnap.com/v3/statistic_aggregates/search?team_id=3239867&quot;},{&quot;rel&quot;:&quot;statistic_data&quot;,&quot;href&quot;:&quot;https://api.teamsnap.com/v3/statistic_data/search?team_id=3239867&quot;},{&quot;rel&quot;:&quot;statistic_groups&quot;,&quot;href&quot;:&quot;https://api.teamsnap.com/v3/statistic_groups/search?team_id=3239867&quot;},{&quot;rel&quot;:&quot;team_fees&quot;,&quot;href&quot;:&quot;https://api.teamsnap.com/v3/team_fees/search?team_id=3239867&quot;},{&quot;rel&quot;:&quot;team_logo_photo_file&quot;,&quot;href&quot;:&quot;https://api.teamsnap.com/v3/photo_files/sport_logo/51-0&quot;},{&quot;rel&quot;:&quot;team_media&quot;,&quot;href&quot;:&quot;https://api.teamsnap.com/v3/team_media/search?team_id=3239867&quot;},{&quot;rel&quot;:&quot;team_medium_comments&quot;,&quot;href&quot;:&quot;https://api.teamsnap.com/v3/team_medium_comments/search?team_id=3239867&quot;},{&quot;rel&quot;:&quot;team_media_groups&quot;,&quot;href&quot;:&quot;https://api.teamsnap.com/v3/team_media_groups/search?team_id=3239867&quot;},{&quot;rel&quot;:&quot;team_paypal_preferences&quot;,&quot;href&quot;:&quot;https://api.teamsnap.com/v3/teams_paypal_preferences/3239867&quot;},{&quot;rel&quot;:&quot;team_photos&quot;,&quot;href&quot;:&quot;https://api.teamsnap.com/v3/team_photos/search&quot;},{&quot;rel&quot;:&quot;team_preferences&quot;,&quot;href&quot;:&quot;https://api.teamsnap.com/v3/teams_preferences/3239867&quot;},{&quot;rel&quot;:&quot;team_public_site&quot;,&quot;href&quot;:&quot;https://api.teamsnap.com/v3/team_public_sites/3239867&quot;},{&quot;rel&quot;:&quot;team_results&quot;,&quot;href&quot;:&quot;https://api.teamsnap.com/v3/teams_results/3239867&quot;},{&quot;rel&quot;:&quot;team_statistics&quot;,&quot;href&quot;:&quot;https://api.teamsnap.com/v3/team_statistics/search?team_id=3239867&quot;},{&quot;rel&quot;:&quot;tracked_item_statuses&quot;,&quot;href&quot;:&quot;https://api.teamsnap.com/v3/tracked_item_statuses/search?team_id=3239867&quot;},{&quot;rel&quot;:&quot;tracked_items&quot;,&quot;href&quot;:&quot;https://api.teamsnap.com/v3/tracked_items/search?team_id=3239867&quot;}],&quot;href&quot;:&quot;https://api.teamsnap.com/v3/teams/3239867&quot;},{&quot;data&quot;:[{&quot;name&quot;:&quot;id&quot;,&quot;type&quot;:&quot;String&quot;,&quot;value&quot;:3239870},{&quot;name&quot;:&quot;type&quot;,&quot;type&quot;:&quot;String&quot;,&quot;value&quot;:&quot;team&quot;},{&quot;name&quot;:&quot;active_season_team_id&quot;,&quot;type&quot;:&quot;String&quot;,&quot;value&quot;:null},{&quot;name&quot;:&quot;division_name&quot;,&quot;type&quot;:&quot;String&quot;,&quot;value&quot;:&quot;U19&quot;},{&quot;name&quot;:&quot;division_id&quot;,&quot;type&quot;:&quot;String&quot;,&quot;value&quot;:219316},{&quot;name&quot;:&quot;is_archived_season&quot;,&quot;type&quot;:&quot;Boolean&quot;,&quot;value&quot;:false},{&quot;name&quot;:&quot;is_hidden_on_dashboard&quot;,&quot;type&quot;:&quot;Boolean&quot;,&quot;value&quot;:false},{&quot;name&quot;:&quot;is_retired&quot;,&quot;type&quot;:&quot;Boolean&quot;,&quot;value&quot;:false},{&quot;name&quot;:&quot;league_name&quot;,&quot;type&quot;:&quot;String&quot;,&quot;value&quot;:&quot;City of Ottawa Ringette Association - TEST&quot;},{&quot;name&quot;:&quot;league_url&quot;,&quot;type&quot;:&quot;String&quot;,&quot;value&quot;:null},{&quot;name&quot;:&quot;is_in_league&quot;,&quot;type&quot;:&quot;Boolean&quot;,&quot;value&quot;:true},{&quot;name&quot;:&quot;location_country&quot;,&quot;type&quot;:&quot;String&quot;,&quot;value&quot;:&quot;Canada&quot;},{&quot;name&quot;:&quot;location_postal_code&quot;,&quot;type&quot;:&quot;String&quot;,&quot;value&quot;:&quot;K1N 8G2&quot;},{&quot;name&quot;:&quot;location_latitude&quot;,&quot;type&quot;:&quot;String&quot;,&quot;value&quot;:null},{&quot;name&quot;:&quot;location_longitude&quot;,&quot;type&quot;:&quot;String&quot;,&quot;value&quot;:null},{&quot;name&quot;:&quot;location_state&quot;,&quot;type&quot;:&quot;String&quot;,&quot;value&quot;:null},{&quot;name&quot;:&quot;name&quot;,&quot;type&quot;:&quot;String&quot;,&quot;value&quot;:&quot;U19B&quot;},{&quot;name&quot;:&quot;non_player_member_count&quot;,&quot;type&quot;:&quot;Integer&quot;,&quot;value&quot;:0},{&quot;name&quot;:&quot;plan_id&quot;,&quot;type&quot;:&quot;String&quot;,&quot;value&quot;:17},{&quot;name&quot;:&quot;player_member_count&quot;,&quot;type&quot;:&quot;Integer&quot;,&quot;value&quot;:0},{&quot;name&quot;:&quot;billed_at&quot;,&quot;type&quot;:&quot;DateTime&quot;,&quot;value&quot;:&quot;2017-07-24T21:00:32Z&quot;},{&quot;name&quot;:&quot;season_name&quot;,&quot;type&quot;:&quot;String&quot;,&quot;value&quot;:null},{&quot;name&quot;:&quot;sport_id&quot;,&quot;type&quot;:&quot;String&quot;,&quot;value&quot;:51},{&quot;name&quot;:&quot;time_zone&quot;,&quot;type&quot;:&quot;String&quot;,&quot;value&quot;:&quot;Eastern Time (US &amp; Canada)&quot;},{&quot;name&quot;:&quot;time_zone_description&quot;,&quot;type&quot;:&quot;String&quot;,&quot;value&quot;:&quot;Eastern Time (US &amp; Canada)&quot;},{&quot;name&quot;:&quot;time_zone_iana_name&quot;,&quot;type&quot;:&quot;String&quot;,&quot;value&quot;:&quot;America/New_York&quot;},{&quot;name&quot;:&quot;time_zone_offset&quot;,&quot;type&quot;:&quot;String&quot;,&quot;value&quot;:&quot;-05:00&quot;},{&quot;name&quot;:&quot;updated_at&quot;,&quot;type&quot;:&quot;DateTime&quot;,&quot;value&quot;:&quot;2017-07-24T21:00:32Z&quot;},{&quot;name&quot;:&quot;created_at&quot;,&quot;type&quot;:&quot;DateTime&quot;,&quot;value&quot;:&quot;2017-07-24T21:00:32Z&quot;},{&quot;name&quot;:&quot;has_reached_roster_limit&quot;,&quot;type&quot;:&quot;Boolean&quot;,&quot;value&quot;:false},{&quot;name&quot;:&quot;roster_limit&quot;,&quot;type&quot;:&quot;Integer&quot;,&quot;value&quot;:4000},{&quot;name&quot;:&quot;has_exportable_media&quot;,&quot;type&quot;:&quot;Boolean&quot;,&quot;value&quot;:false},{&quot;name&quot;:&quot;can_export_media&quot;,&quot;type&quot;:&quot;Boolean&quot;,&quot;value&quot;:false},{&quot;name&quot;:&quot;last_accessed_at&quot;,&quot;type&quot;:&quot;DateTime&quot;,&quot;value&quot;:null},{&quot;name&quot;:&quot;media_storage_used&quot;,&quot;type&quot;:&quot;Integer&quot;,&quot;value&quot;:0},{&quot;name&quot;:&quot;humanized_media_storage_used&quot;,&quot;type&quot;:&quot;String&quot;,&quot;value&quot;:&quot;0 B&quot;},{&quot;name&quot;:&quot;is_game_day&quot;,&quot;type&quot;:&quot;Boolean&quot;,&quot;value&quot;:false},{&quot;name&quot;:&quot;is_gateway_required_for_sms&quot;,&quot;type&quot;:&quot;Boolean&quot;,&quot;value&quot;:false}],&quot;rel&quot;:&quot;team-3239870&quot;,&quot;links&quot;:[{&quot;rel&quot;:&quot;assignments&quot;,&quot;href&quot;:&quot;https://api.teamsnap.com/v3/assignments/search?team_id=3239870&quot;},{&quot;rel&quot;:&quot;availabilities&quot;,&quot;href&quot;:&quot;https://api.teamsnap.com/v3/availabilities/search?team_id=3239870&quot;},{&quot;rel&quot;:&quot;broadcast_email_attachments&quot;,&quot;href&quot;:&quot;https://api.teamsnap.com/v3/broadcast_email_attachments/search?team_id=3239870&quot;},{&quot;rel&quot;:&quot;broadcast_emails&quot;,&quot;href&quot;:&quot;https://api.teamsnap.com/v3/broadcast_emails/search?team_id=3239870&quot;},{&quot;rel&quot;:&quot;broadcast_alerts&quot;,&quot;href&quot;:&quot;https://api.teamsnap.com/v3/broadcast_alerts/search?team_id=3239870&quot;},{&quot;rel&quot;:&quot;calendar_http&quot;,&quot;href&quot;:&quot;http://ical-cdn.teamsnap.com/team_schedule/b0f15e2c-5fbf-4d43-93ca-dbf1e868b47a.ics&quot;},{&quot;rel&quot;:&quot;calendar_http_games_only&quot;,&quot;href&quot;:&quot;http://ical-cdn.teamsnap.com/team_schedule/filter/games/b0f15e2c-5fbf-4d43-93ca-dbf1e868b47a.ics&quot;},{&quot;rel&quot;:&quot;calendar_webcal&quot;,&quot;href&quot;:&quot;webcal://ical-cdn.teamsnap.com/team_schedule/b0f15e2c-5fbf-4d43-93ca-dbf1e868b47a.ics&quot;},{&quot;rel&quot;:&quot;calendar_webcal_games_only&quot;,&quot;href&quot;:&quot;webcal://ical-cdn.teamsnap.com/team_schedule/filter/games/b0f15e2c-5fbf-4d43-93ca-dbf1e868b47a.ics&quot;},{&quot;rel&quot;:&quot;commissioners&quot;,&quot;href&quot;:&quot;https://api.teamsnap.com/v3/members/commissioners?team_id=3239870&quot;},{&quot;rel&quot;:&quot;contact_email_addresses&quot;,&quot;href&quot;:&quot;https://api.teamsnap.com/v3/contact_email_addresses/search?team_id=3239870&quot;},{&quot;rel&quot;:&quot;contact_phone_numbers&quot;,&quot;href&quot;:&quot;https://api.teamsnap.com/v3/contact_phone_numbers/search?team_id=3239870&quot;},{&quot;rel&quot;:&quot;contacts&quot;,&quot;href&quot;:&quot;https://api.teamsnap.com/v3/contacts/search?team_id=3239870&quot;},{&quot;rel&quot;:&quot;custom_data&quot;,&quot;href&quot;:&quot;https://api.teamsnap.com/v3/custom_data/search?team_id=3239870&quot;},{&quot;rel&quot;:&quot;custom_fields&quot;,&quot;href&quot;:&quot;https://api.teamsnap.com/v3/custom_fields/search?team_id=3239870&quot;},{&quot;rel&quot;:&quot;division_contact_email_addresses&quot;,&quot;href&quot;:&quot;https://api.teamsnap.com/v3/division_contact_email_addresses/search?team_id=3239870&quot;},{&quot;rel&quot;:&quot;division_contact_phone_numbers&quot;,&quot;href&quot;:&quot;https://api.teamsnap.com/v3/division_contact_phone_numbers/search?team_id=3239870&quot;},{&quot;rel&quot;:&quot;division_contacts&quot;,&quot;href&quot;:&quot;https://api.teamsnap.com/v3/division_contacts/search?team_id=3239870&quot;},{&quot;rel&quot;:&quot;division_locations&quot;,&quot;href&quot;:&quot;https://api.teamsnap.com/v3/division_locations/search?team_id=3239870&quot;},{&quot;rel&quot;:&quot;division_member_email_addresses&quot;,&quot;href&quot;:&quot;https://api.teamsnap.com/v3/division_member_email_addresses/search?team_id=3239870&quot;},{&quot;rel&quot;:&quot;division_member_phone_numbers&quot;,&quot;href&quot;:&quot;https://api.teamsnap.com/v3/division_member_phone_numbers/search?team_id=3239870&quot;},{&quot;rel&quot;:&quot;division_members&quot;,&quot;href&quot;:&quot;https://api.teamsnap.com/v3/division_members/search?team_id=3239870&quot;},{&quot;rel&quot;:&quot;division_members_preferences&quot;,&quot;href&quot;:&quot;https://api.teamsnap.com/v3/division_members_preferences/search?team_id=3239870&quot;},{&quot;rel&quot;:&quot;division_team_standings&quot;,&quot;href&quot;:&quot;https://api.teamsnap.com/v3/division_team_standings/search?team_id=3239870&quot;},{&quot;rel&quot;:&quot;forum_posts&quot;,&quot;href&quot;:&quot;https://api.teamsnap.com/v3/forum_posts/search?team_id=3239870&quot;},{&quot;rel&quot;:&quot;forum_subscriptions&quot;,&quot;href&quot;:&quot;https://api.teamsnap.com/v3/forum_subscriptions/search?team_id=3239870&quot;},{&quot;rel&quot;:&quot;forum_topics&quot;,&quot;href&quot;:&quot;https://api.teamsnap.com/v3/forum_topics/search?team_id=3239870&quot;},{&quot;rel&quot;:&quot;event_statistics&quot;,&quot;href&quot;:&quot;https://api.teamsnap.com/v3/event_statistics/search?team_id=3239870&quot;},{&quot;rel&quot;:&quot;events&quot;,&quot;href&quot;:&quot;https://api.teamsnap.com/v3/events/search?team_id=3239870&quot;},{&quot;rel&quot;:&quot;events_csv_export&quot;,&quot;href&quot;:&quot;https://api.teamsnap.com/v3/exports/events_csv?hs=hrlmu%252BPWmBMOcJ0wNwjMI%252Fvad4iTKmlEMw0Tl0Cq7R9bkO7rJJMvR8ya6ZclED3DrItwv8OJ7j64RcLa7dLB3hQ9COBjazshm5H7QXmtaWgkP7DPxo%252BD7PDZQ21ZJZ4qP9PknlGrPESCWw4oNiw2rA%253D%253D&quot;},{&quot;rel&quot;:&quot;events_overview&quot;,&quot;href&quot;:&quot;https://api.teamsnap.com/v3/events/overview?team_id=3239870&quot;},{&quot;rel&quot;:&quot;league_custom_data&quot;,&quot;href&quot;:&quot;https://api.teamsnap.com/v3/league_custom_data/search?team_id=3239870&quot;},{&quot;rel&quot;:&quot;league_custom_fields&quot;,&quot;href&quot;:&quot;https://api.teamsnap.com/v3/league_custom_fields/search?team_id=3239870&quot;},{&quot;rel&quot;:&quot;league_registrant_documents&quot;,&quot;href&quot;:&quot;https://api.teamsnap.com/v3/league_registrant_documents/search?member_id=3239870&quot;},{&quot;rel&quot;:&quot;locations&quot;,&quot;href&quot;:&quot;https://api.teamsnap.com/v3/locations/search?team_id=3239870&quot;},{&quot;rel&quot;:&quot;managers&quot;,&quot;href&quot;:&quot;https://api.teamsnap.com/v3/members/managers?team_id=3239870&quot;},{&quot;rel&quot;:&quot;member_balances&quot;,&quot;href&quot;:&quot;https://api.teamsnap.com/v3/member_balances/search?team_id=3239870&quot;},{&quot;rel&quot;:&quot;member_email_addresses&quot;,&quot;href&quot;:&quot;https://api.teamsnap.com/v3/member_email_addresses/search?team_id=3239870&quot;},{&quot;rel&quot;:&quot;member_files&quot;,&quot;href&quot;:&quot;https://api.teamsnap.com/v3/member_files/search?team_id=3239870&quot;},{&quot;rel&quot;:&quot;member_links&quot;,&quot;href&quot;:&quot;https://api.teamsnap.com/v3/member_links/search?team_id=3239870&quot;},{&quot;rel&quot;:&quot;member_payments&quot;,&quot;href&quot;:&quot;https://api.teamsnap.com/v3/member_payments/search?team_id=3239870&quot;},{&quot;rel&quot;:&quot;member_phone_numbers&quot;,&quot;href&quot;:&quot;https://api.teamsnap.com/v3/member_phone_numbers/search?team_id=3239870&quot;},{&quot;rel&quot;:&quot;member_photos&quot;,&quot;href&quot;:&quot;https://api.teamsnap.com/v3/member_photos/search?team_id=3239870&quot;},{&quot;rel&quot;:&quot;member_statistics&quot;,&quot;href&quot;:&quot;https://api.teamsnap.com/v3/member_statistics/search?team_id=3239870&quot;},{&quot;rel&quot;:&quot;members&quot;,&quot;href&quot;:&quot;https://api.teamsnap.com/v3/members/search?team_id=3239870&quot;},{&quot;rel&quot;:&quot;members_csv_export&quot;,&quot;href&quot;:&quot;https://api.teamsnap.com/v3/exports/members_csv?hs=hrlmu%252BPWmBMOcJ0wNwjMI%252Fvad4iTKmlEMw0Tl0Cq7R9bkO7rJJMvR8ya6ZclED3DrItwv8OJ7j64RcLa7dLB3hQ9COBjazshm5H7QXmtaWgkP7DPxo%252BD7PDZQ21ZJZ4qP9PknlGrPESCWw4oNiw2rA%253D%253D&quot;},{&quot;rel&quot;:&quot;members_preferences&quot;,&quot;href&quot;:&quot;https://api.teamsnap.com/v3/members_preferences/search?team_id=3239870&quot;},{&quot;rel&quot;:&quot;message_data&quot;,&quot;href&quot;:&quot;https://api.teamsnap.com/v3/message_data/search?team_id=3239870&quot;},{&quot;rel&quot;:&quot;messages&quot;,&quot;href&quot;:&quot;https://api.teamsnap.com/v3/messages/search?team_id=3239870&quot;},{&quot;rel&quot;:&quot;opponents&quot;,&quot;href&quot;:&quot;https://api.teamsnap.com/v3/opponents/search?team_id=3239870&quot;},{&quot;rel&quot;:&quot;opponents_results&quot;,&quot;href&quot;:&quot;https://api.teamsnap.com/v3/opponents_results/search?team_id=3239870&quot;},{&quot;rel&quot;:&quot;owner&quot;,&quot;href&quot;:&quot;https://api.teamsnap.com/v3/members/owner?team_id=3239870&quot;},{&quot;rel&quot;:&quot;payment_notes&quot;,&quot;href&quot;:&quot;https://api.teamsnap.com/v3/payment_notes/search?team_id=3239870&quot;},{&quot;rel&quot;:&quot;paypal_currency&quot;,&quot;href&quot;:&quot;https://api.teamsnap.com/v3/paypal_currencies/search?team_id=3239870&quot;},{&quot;rel&quot;:&quot;plan&quot;,&quot;href&quot;:&quot;https://api.teamsnap.com/v3/plans/17&quot;},{&quot;rel&quot;:&quot;sponsors&quot;,&quot;href&quot;:&quot;https://api.teamsnap.com/v3/sponsors/search?team_id=3239870&quot;},{&quot;rel&quot;:&quot;sport&quot;,&quot;href&quot;:&quot;https://api.teamsnap.com/v3/sports/51&quot;},{&quot;rel&quot;:&quot;statistics&quot;,&quot;href&quot;:&quot;https://api.teamsnap.com/v3/statistics/search?team_id=3239870&quot;},{&quot;rel&quot;:&quot;statistic_aggregates&quot;,&quot;href&quot;:&quot;https://api.teamsnap.com/v3/statistic_aggregates/search?team_id=3239870&quot;},{&quot;rel&quot;:&quot;statistic_data&quot;,&quot;href&quot;:&quot;https://api.teamsnap.com/v3/statistic_data/search?team_id=3239870&quot;},{&quot;rel&quot;:&quot;statistic_groups&quot;,&quot;href&quot;:&quot;https://api.teamsnap.com/v3/statistic_groups/search?team_id=3239870&quot;},{&quot;rel&quot;:&quot;team_fees&quot;,&quot;href&quot;:&quot;https://api.teamsnap.com/v3/team_fees/search?team_id=3239870&quot;},{&quot;rel&quot;:&quot;team_logo_photo_file&quot;,&quot;href&quot;:&quot;https://api.teamsnap.com/v3/photo_files/sport_logo/51-0&quot;},{&quot;rel&quot;:&quot;team_media&quot;,&quot;href&quot;:&quot;https://api.teamsnap.com/v3/team_media/search?team_id=3239870&quot;},{&quot;rel&quot;:&quot;team_medium_comments&quot;,&quot;href&quot;:&quot;https://api.teamsnap.com/v3/team_medium_comments/search?team_id=3239870&quot;},{&quot;rel&quot;:&quot;team_media_groups&quot;,&quot;href&quot;:&quot;https://api.teamsnap.com/v3/team_media_groups/search?team_id=3239870&quot;},{&quot;rel&quot;:&quot;team_paypal_preferences&quot;,&quot;href&quot;:&quot;https://api.teamsnap.com/v3/teams_paypal_preferences/3239870&quot;},{&quot;rel&quot;:&quot;team_photos&quot;,&quot;href&quot;:&quot;https://api.teamsnap.com/v3/team_photos/search&quot;},{&quot;rel&quot;:&quot;team_preferences&quot;,&quot;href&quot;:&quot;https://api.teamsnap.com/v3/teams_preferences/3239870&quot;},{&quot;rel&quot;:&quot;team_public_site&quot;,&quot;href&quot;:&quot;https://api.teamsnap.com/v3/team_public_sites/3239870&quot;},{&quot;rel&quot;:&quot;team_results&quot;,&quot;href&quot;:&quot;https://api.teamsnap.com/v3/teams_results/3239870&quot;},{&quot;rel&quot;:&quot;team_statistics&quot;,&quot;href&quot;:&quot;https://api.teamsnap.com/v3/team_statistics/search?team_id=3239870&quot;},{&quot;rel&quot;:&quot;tracked_item_statuses&quot;,&quot;href&quot;:&quot;https://api.teamsnap.com/v3/tracked_item_statuses/search?team_id=3239870&quot;},{&quot;rel&quot;:&quot;tracked_items&quot;,&quot;href&quot;:&quot;https://api.teamsnap.com/v3/tracked_items/search?team_id=3239870&quot;}],&quot;href&quot;:&quot;https://api.teamsnap.com/v3/teams/3239870&quot;}],&quot;commands&quot;:[{&quot;data&quot;:[{&quot;name&quot;:&quot;team_id&quot;,&quot;value&quot;:null},{&quot;name&quot;:&quot;contact_id&quot;,&quot;value&quot;:null},{&quot;name&quot;:&quot;member_id&quot;,&quot;value&quot;:null},{&quot;name&quot;:&quot;introduction&quot;,&quot;value&quot;:null},{&quot;name&quot;:&quot;notify_as_member_id&quot;,&quot;value&quot;:null}],&quot;rel&quot;:&quot;invite&quot;,&quot;href&quot;:&quot;https://api.teamsnap.com/v3/teams/invite&quot;,&quot;prompt&quot;:&quot;invite team members or contacts to join TeamSnap.&quot;},{&quot;data&quot;:[{&quot;name&quot;:&quot;team_id&quot;,&quot;value&quot;:null},{&quot;name&quot;:&quot;time_zone&quot;,&quot;value&quot;:null},{&quot;deprecated&quot;:true,&quot;name&quot;:&quot;offset_team_times&quot;,&quot;value&quot;:null,&quot;prompt&quot;:&quot;%{old} is deprecated and will be removed in a future version, use %{new} instead.&quot;}],&quot;rel&quot;:&quot;update_time_zone&quot;,&quot;href&quot;:&quot;https://api.teamsnap.com/v3/teams/update_time_zone&quot;,&quot;prompt&quot;:&quot;Update team&apos;s time zone. This is currently the only method of updating a team&apos;s time zone.&quot;},{&quot;data&quot;:[{&quot;name&quot;:&quot;team_id&quot;,&quot;value&quot;:null}],&quot;rel&quot;:&quot;reset_statistics&quot;,&quot;href&quot;:&quot;https://api.teamsnap.com/v3/teams/reset_statistics&quot;,&quot;prompt&quot;:&quot;Deletes all data, categories and groups for a given team_id&quot;},{&quot;data&quot;:[{&quot;name&quot;:&quot;id&quot;,&quot;value&quot;:null}],&quot;rel&quot;:&quot;invite_team_owners&quot;,&quot;href&quot;:&quot;https://api.teamsnap.com/v3/teams/invite_team_owners&quot;,&quot;prompt&quot;:&quot;Beta: (This endpoint subject to change) Allow commissioners to send invitations to all owners on active teams in the division.&quot;},{&quot;data&quot;:[{&quot;name&quot;:&quot;team_id&quot;,&quot;value&quot;:null},{&quot;name&quot;:&quot;member_id&quot;,&quot;value&quot;:null}],&quot;rel&quot;:&quot;change_owner&quot;,&quot;href&quot;:&quot;https://api.teamsnap.com/v3/teams/change_owner&quot;,&quot;prompt&quot;:&quot;Beta: (This endpoint subject to change) Allow commissioners to change the owner of a league team.&quot;},{&quot;data&quot;:[{&quot;name&quot;:&quot;team_ids&quot;,&quot;value&quot;:null}],&quot;rel&quot;:&quot;toggle_team_visibility_on_dashboard&quot;,&quot;href&quot;:&quot;https://api.teamsnap.com/v3/teams/toggle_team_visibility_on_dashboard&quot;,&quot;prompt&quot;:&quot;Toggles the visibility of teams on the list of active teams, per user. Requires a single id or a comma separated list of &apos;team_id&apos;s&quot;}]}}
Aug 05, 2017 6:33:23 PM teamsnap.apiClient.Query execute
INFO: {&quot;collection&quot;:{&quot;template&quot;:{&quot;data&quot;:[{&quot;name&quot;:&quot;type&quot;,&quot;value&quot;:&quot;event&quot;},{&quot;name&quot;:&quot;additional_location_details&quot;,&quot;value&quot;:null},{&quot;name&quot;:&quot;browser_time_zone&quot;,&quot;value&quot;:null},{&quot;name&quot;:&quot;division_location_id&quot;,&quot;value&quot;:null},{&quot;name&quot;:&quot;doesnt_count_towards_record&quot;,&quot;value&quot;:null},{&quot;name&quot;:&quot;duration_in_minutes&quot;,&quot;value&quot;:null},{&quot;name&quot;:&quot;game_type_code&quot;,&quot;value&quot;:null},{&quot;name&quot;:&quot;icon_color&quot;,&quot;value&quot;:null},{&quot;name&quot;:&quot;is_canceled&quot;,&quot;value&quot;:null},{&quot;name&quot;:&quot;is_game&quot;,&quot;value&quot;:null},{&quot;name&quot;:&quot;is_overtime&quot;,&quot;value&quot;:null},{&quot;name&quot;:&quot;is_shootout&quot;,&quot;value&quot;:null},{&quot;name&quot;:&quot;is_tbd&quot;,&quot;value&quot;:null},{&quot;name&quot;:&quot;label&quot;,&quot;value&quot;:null},{&quot;name&quot;:&quot;location_id&quot;,&quot;value&quot;:null},{&quot;name&quot;:&quot;minutes_to_arrive_early&quot;,&quot;value&quot;:null},{&quot;name&quot;:&quot;name&quot;,&quot;value&quot;:null},{&quot;name&quot;:&quot;notes&quot;,&quot;value&quot;:null},{&quot;name&quot;:&quot;notify_opponent&quot;,&quot;value&quot;:null},{&quot;name&quot;:&quot;notify_opponent_contacts_email&quot;,&quot;value&quot;:null},{&quot;name&quot;:&quot;notify_opponent_contacts_name&quot;,&quot;value&quot;:null},{&quot;name&quot;:&quot;notify_opponent_notes&quot;,&quot;value&quot;:null},{&quot;name&quot;:&quot;notify_team&quot;,&quot;value&quot;:null},{&quot;name&quot;:&quot;notify_team_as_member_id&quot;,&quot;value&quot;:null},{&quot;name&quot;:&quot;opponent_id&quot;,&quot;value&quot;:null},{&quot;name&quot;:&quot;points_for_opponent&quot;,&quot;value&quot;:null},{&quot;name&quot;:&quot;points_for_team&quot;,&quot;value&quot;:null},{&quot;name&quot;:&quot;repeating_include&quot;,&quot;value&quot;:null,&quot;prompt&quot;:&quot;When updating a repeating event, this is a required field. Values are: \&quot;all\&quot; - updates all events in this series, \&quot;future\&quot; - updates this event and all that occur after, \&quot;none\&quot; - only updates a single event.&quot;},{&quot;name&quot;:&quot;repeating_type_code&quot;,&quot;value&quot;:null,&quot;prompt&quot;:&quot;A code for the frequency of the repeated event, this is required with the \&quot;repeating_include\&quot; attribute when creating a repeating event. Valid values are: \&quot;1\&quot; - repeat an event daily, \&quot;2\&quot; - repeat an event weekly.&quot;},{&quot;name&quot;:&quot;repeating_until&quot;,&quot;value&quot;:null,&quot;prompt&quot;:&quot;A date when the repeating event should end, this is inclusive so an event will be created on this day if it falls before the next event specified by \&quot;repeating_type_code\&quot;. This attribute is required with \&quot;repeating_type_code\&quot; when creating a repeating event.&quot;},{&quot;name&quot;:&quot;results&quot;,&quot;value&quot;:null},{&quot;name&quot;:&quot;results_url&quot;,&quot;value&quot;:null},{&quot;name&quot;:&quot;shootout_points_for_opponent&quot;,&quot;value&quot;:null},{&quot;name&quot;:&quot;shootout_points_for_team&quot;,&quot;value&quot;:null},{&quot;name&quot;:&quot;start_date&quot;,&quot;value&quot;:null},{&quot;name&quot;:&quot;team_id&quot;,&quot;value&quot;:null},{&quot;name&quot;:&quot;time_zone&quot;,&quot;value&quot;:null},{&quot;name&quot;:&quot;tracks_availability&quot;,&quot;value&quot;:null},{&quot;name&quot;:&quot;uniform&quot;,&quot;value&quot;:null}]},&quot;rel&quot;:&quot;events&quot;,&quot;links&quot;:[{&quot;rel&quot;:&quot;assignments&quot;,&quot;href&quot;:&quot;https://api.teamsnap.com/v3/assignments&quot;},{&quot;rel&quot;:&quot;availabilities&quot;,&quot;href&quot;:&quot;https://api.teamsnap.com/v3/availabilities&quot;},{&quot;rel&quot;:&quot;division_location&quot;,&quot;href&quot;:&quot;https://api.teamsnap.com/v3/division_locations&quot;},{&quot;rel&quot;:&quot;event_statistics&quot;,&quot;href&quot;:&quot;https://api.teamsnap.com/v3/event_statistics&quot;},{&quot;rel&quot;:&quot;location&quot;,&quot;href&quot;:&quot;https://api.teamsnap.com/v3/locations&quot;},{&quot;rel&quot;:&quot;opponent&quot;,&quot;href&quot;:&quot;https://api.teamsnap.com/v3/opponents&quot;},{&quot;rel&quot;:&quot;statistic_data&quot;,&quot;href&quot;:&quot;https://api.teamsnap.com/v3/statistic_data&quot;},{&quot;rel&quot;:&quot;team&quot;,&quot;href&quot;:&quot;https://api.teamsnap.com/v3/teams&quot;},{&quot;rel&quot;:&quot;root&quot;,&quot;href&quot;:&quot;https://api.teamsnap.com/v3/&quot;},{&quot;rel&quot;:&quot;self&quot;,&quot;href&quot;:&quot;https://api.teamsnap.com/v3/events/search?team_id=3239865&quot;}],&quot;href&quot;:&quot;https://api.teamsnap.com/v3/events&quot;,&quot;version&quot;:&quot;3.518.0&quot;,&quot;queries&quot;:[{&quot;data&quot;:[{&quot;name&quot;:&quot;team_id&quot;,&quot;value&quot;:null},{&quot;name&quot;:&quot;location_id&quot;,&quot;value&quot;:null},{&quot;name&quot;:&quot;opponent_id&quot;,&quot;value&quot;:null},{&quot;name&quot;:&quot;started_after&quot;,&quot;value&quot;:null},{&quot;name&quot;:&quot;started_before&quot;,&quot;value&quot;:null},{&quot;name&quot;:&quot;repeating_uuid&quot;,&quot;value&quot;:null},{&quot;name&quot;:&quot;id&quot;,&quot;value&quot;:null},{&quot;name&quot;:&quot;is_game&quot;,&quot;value&quot;:null},{&quot;name&quot;:&quot;updated_since&quot;,&quot;value&quot;:null},{&quot;name&quot;:&quot;page_size&quot;,&quot;value&quot;:null,&quot;prompt&quot;:&quot;The number of items to return for each page. Sending this parameter with the query will enable paging for the returned collection.&quot;},{&quot;name&quot;:&quot;page_number&quot;,&quot;value&quot;:null,&quot;prompt&quot;:&quot;The number of the page to be returned. This requires that paging be turned on by also providing the page_size parameter.&quot;},{&quot;name&quot;:&quot;sort_start_date&quot;,&quot;value&quot;:null,&quot;prompt&quot;:&quot;Sort the returned dataset based on the start_date field, valid values are &apos;asc&apos; or &apos;desc&apos;.&quot;}],&quot;rel&quot;:&quot;search&quot;,&quot;sort&quot;:[&quot;start_date&quot;],&quot;href&quot;:&quot;https://api.teamsnap.com/v3/events/search&quot;},{&quot;data&quot;:[{&quot;name&quot;:&quot;team_id&quot;,&quot;value&quot;:null},{&quot;name&quot;:&quot;page_size&quot;,&quot;value&quot;:null,&quot;prompt&quot;:&quot;The number of items to return for each page. Sending this parameter with the query will enable paging for the returned collection.&quot;},{&quot;name&quot;:&quot;page_number&quot;,&quot;value&quot;:null,&quot;prompt&quot;:&quot;The number of the page to be returned. This requires that paging be turned on by also providing the page_size parameter.&quot;}],&quot;rel&quot;:&quot;search_games&quot;,&quot;href&quot;:&quot;https://api.teamsnap.com/v3/events/search_games&quot;},{&quot;data&quot;:[{&quot;name&quot;:&quot;team_id&quot;,&quot;value&quot;:null}],&quot;rel&quot;:&quot;overview&quot;,&quot;href&quot;:&quot;https://api.teamsnap.com/v3/events/overview&quot;}],&quot;commands&quot;:[{&quot;data&quot;:[{&quot;name&quot;:&quot;id&quot;,&quot;value&quot;:null},{&quot;name&quot;:&quot;members_to_notify&quot;,&quot;value&quot;:null},{&quot;name&quot;:&quot;notify_team_as_member_id&quot;,&quot;value&quot;:null}],&quot;rel&quot;:&quot;send_availability_reminders&quot;,&quot;href&quot;:&quot;https://api.teamsnap.com/v3/events/send_availability_reminders&quot;,&quot;prompt&quot;:&quot;members_to_notify = [member_id, member_id]&quot;},{&quot;data&quot;:[{&quot;name&quot;:&quot;id&quot;,&quot;value&quot;:null},{&quot;name&quot;:&quot;points_for_team&quot;,&quot;value&quot;:null},{&quot;name&quot;:&quot;points_for_opponent&quot;,&quot;value&quot;:null},{&quot;name&quot;:&quot;shootout_points_for_team&quot;,&quot;value&quot;:null},{&quot;name&quot;:&quot;shootout_points_for_opponent&quot;,&quot;value&quot;:null},{&quot;name&quot;:&quot;is_overtime&quot;,&quot;value&quot;:null},{&quot;name&quot;:&quot;is_shootout&quot;,&quot;value&quot;:null},{&quot;name&quot;:&quot;results&quot;,&quot;value&quot;:null},{&quot;name&quot;:&quot;results_url&quot;,&quot;value&quot;:null}],&quot;rel&quot;:&quot;update_final_score&quot;,&quot;href&quot;:&quot;https://api.teamsnap.com/v3/events/update_final_score&quot;,&quot;prompt&quot;:&quot;Update the final score for an event&quot;},{&quot;data&quot;:[{&quot;name&quot;:&quot;templates&quot;,&quot;value&quot;:null},{&quot;name&quot;:&quot;team_id&quot;,&quot;value&quot;:null},{&quot;name&quot;:&quot;notify_team_as_member_id&quot;,&quot;value&quot;:null},{&quot;name&quot;:&quot;notify_team&quot;,&quot;value&quot;:null}],&quot;rel&quot;:&quot;bulk_create&quot;,&quot;href&quot;:&quot;https://api.teamsnap.com/v3/events/bulk_create&quot;,&quot;prompt&quot;:&quot;event_ids = [event_id, event_id]&quot;}]}}
Aug 05, 2017 6:33:23 PM teamsnap.apiClient.Query execute
INFO: {&quot;collection&quot;:{&quot;template&quot;:{&quot;data&quot;:[{&quot;name&quot;:&quot;type&quot;,&quot;value&quot;:&quot;event&quot;},{&quot;name&quot;:&quot;additional_location_details&quot;,&quot;value&quot;:null},{&quot;name&quot;:&quot;browser_time_zone&quot;,&quot;value&quot;:null},{&quot;name&quot;:&quot;division_location_id&quot;,&quot;value&quot;:null},{&quot;name&quot;:&quot;doesnt_count_towards_record&quot;,&quot;value&quot;:null},{&quot;name&quot;:&quot;duration_in_minutes&quot;,&quot;value&quot;:null},{&quot;name&quot;:&quot;game_type_code&quot;,&quot;value&quot;:null},{&quot;name&quot;:&quot;icon_color&quot;,&quot;value&quot;:null},{&quot;name&quot;:&quot;is_canceled&quot;,&quot;value&quot;:null},{&quot;name&quot;:&quot;is_game&quot;,&quot;value&quot;:null},{&quot;name&quot;:&quot;is_overtime&quot;,&quot;value&quot;:null},{&quot;name&quot;:&quot;is_shootout&quot;,&quot;value&quot;:null},{&quot;name&quot;:&quot;is_tbd&quot;,&quot;value&quot;:null},{&quot;name&quot;:&quot;label&quot;,&quot;value&quot;:null},{&quot;name&quot;:&quot;location_id&quot;,&quot;value&quot;:null},{&quot;name&quot;:&quot;minutes_to_arrive_early&quot;,&quot;value&quot;:null},{&quot;name&quot;:&quot;name&quot;,&quot;value&quot;:null},{&quot;name&quot;:&quot;notes&quot;,&quot;value&quot;:null},{&quot;name&quot;:&quot;notify_opponent&quot;,&quot;value&quot;:null},{&quot;name&quot;:&quot;notify_opponent_contacts_email&quot;,&quot;value&quot;:null},{&quot;name&quot;:&quot;notify_opponent_contacts_name&quot;,&quot;value&quot;:null},{&quot;name&quot;:&quot;notify_opponent_notes&quot;,&quot;value&quot;:null},{&quot;name&quot;:&quot;notify_team&quot;,&quot;value&quot;:null},{&quot;name&quot;:&quot;notify_team_as_member_id&quot;,&quot;value&quot;:null},{&quot;name&quot;:&quot;opponent_id&quot;,&quot;value&quot;:null},{&quot;name&quot;:&quot;points_for_opponent&quot;,&quot;value&quot;:null},{&quot;name&quot;:&quot;points_for_team&quot;,&quot;value&quot;:null},{&quot;name&quot;:&quot;repeating_include&quot;,&quot;value&quot;:null,&quot;prompt&quot;:&quot;When updating a repeating event, this is a required field. Values are: \&quot;all\&quot; - updates all events in this series, \&quot;future\&quot; - updates this event and all that occur after, \&quot;none\&quot; - only updates a single event.&quot;},{&quot;name&quot;:&quot;repeating_type_code&quot;,&quot;value&quot;:null,&quot;prompt&quot;:&quot;A code for the frequency of the repeated event, this is required with the \&quot;repeating_include\&quot; attribute when creating a repeating event. Valid values are: \&quot;1\&quot; - repeat an event daily, \&quot;2\&quot; - repeat an event weekly.&quot;},{&quot;name&quot;:&quot;repeating_until&quot;,&quot;value&quot;:null,&quot;prompt&quot;:&quot;A date when the repeating event should end, this is inclusive so an event will be created on this day if it falls before the next event specified by \&quot;repeating_type_code\&quot;. This attribute is required with \&quot;repeating_type_code\&quot; when creating a repeating event.&quot;},{&quot;name&quot;:&quot;results&quot;,&quot;value&quot;:null},{&quot;name&quot;:&quot;results_url&quot;,&quot;value&quot;:null},{&quot;name&quot;:&quot;shootout_points_for_opponent&quot;,&quot;value&quot;:null},{&quot;name&quot;:&quot;shootout_points_for_team&quot;,&quot;value&quot;:null},{&quot;name&quot;:&quot;start_date&quot;,&quot;value&quot;:null},{&quot;name&quot;:&quot;team_id&quot;,&quot;value&quot;:null},{&quot;name&quot;:&quot;time_zone&quot;,&quot;value&quot;:null},{&quot;name&quot;:&quot;tracks_availability&quot;,&quot;value&quot;:null},{&quot;name&quot;:&quot;uniform&quot;,&quot;value&quot;:null}]},&quot;rel&quot;:&quot;events&quot;,&quot;links&quot;:[{&quot;rel&quot;:&quot;assignments&quot;,&quot;href&quot;:&quot;https://api.teamsnap.com/v3/assignments&quot;},{&quot;rel&quot;:&quot;availabilities&quot;,&quot;href&quot;:&quot;https://api.teamsnap.com/v3/availabilities&quot;},{&quot;rel&quot;:&quot;division_location&quot;,&quot;href&quot;:&quot;https://api.teamsnap.com/v3/division_locations&quot;},{&quot;rel&quot;:&quot;event_statistics&quot;,&quot;href&quot;:&quot;https://api.teamsnap.com/v3/event_statistics&quot;},{&quot;rel&quot;:&quot;location&quot;,&quot;href&quot;:&quot;https://api.teamsnap.com/v3/locations&quot;},{&quot;rel&quot;:&quot;opponent&quot;,&quot;href&quot;:&quot;https://api.teamsnap.com/v3/opponents&quot;},{&quot;rel&quot;:&quot;statistic_data&quot;,&quot;href&quot;:&quot;https://api.teamsnap.com/v3/statistic_data&quot;},{&quot;rel&quot;:&quot;team&quot;,&quot;href&quot;:&quot;https://api.teamsnap.com/v3/teams&quot;},{&quot;rel&quot;:&quot;root&quot;,&quot;href&quot;:&quot;https://api.teamsnap.com/v3/&quot;},{&quot;rel&quot;:&quot;self&quot;,&quot;href&quot;:&quot;https://api.teamsnap.com/v3/events/search?team_id=3239867&quot;}],&quot;href&quot;:&quot;https://api.teamsnap.com/v3/events&quot;,&quot;version&quot;:&quot;3.518.0&quot;,&quot;queries&quot;:[{&quot;data&quot;:[{&quot;name&quot;:&quot;team_id&quot;,&quot;value&quot;:null},{&quot;name&quot;:&quot;location_id&quot;,&quot;value&quot;:null},{&quot;name&quot;:&quot;opponent_id&quot;,&quot;value&quot;:null},{&quot;name&quot;:&quot;started_after&quot;,&quot;value&quot;:null},{&quot;name&quot;:&quot;started_before&quot;,&quot;value&quot;:null},{&quot;name&quot;:&quot;repeating_uuid&quot;,&quot;value&quot;:null},{&quot;name&quot;:&quot;id&quot;,&quot;value&quot;:null},{&quot;name&quot;:&quot;is_game&quot;,&quot;value&quot;:null},{&quot;name&quot;:&quot;updated_since&quot;,&quot;value&quot;:null},{&quot;name&quot;:&quot;page_size&quot;,&quot;value&quot;:null,&quot;prompt&quot;:&quot;The number of items to return for each page. Sending this parameter with the query will enable paging for the returned collection.&quot;},{&quot;name&quot;:&quot;page_number&quot;,&quot;value&quot;:null,&quot;prompt&quot;:&quot;The number of the page to be returned. This requires that paging be turned on by also providing the page_size parameter.&quot;},{&quot;name&quot;:&quot;sort_start_date&quot;,&quot;value&quot;:null,&quot;prompt&quot;:&quot;Sort the returned dataset based on the start_date field, valid values are &apos;asc&apos; or &apos;desc&apos;.&quot;}],&quot;rel&quot;:&quot;search&quot;,&quot;sort&quot;:[&quot;start_date&quot;],&quot;href&quot;:&quot;https://api.teamsnap.com/v3/events/search&quot;},{&quot;data&quot;:[{&quot;name&quot;:&quot;team_id&quot;,&quot;value&quot;:null},{&quot;name&quot;:&quot;page_size&quot;,&quot;value&quot;:null,&quot;prompt&quot;:&quot;The number of items to return for each page. Sending this parameter with the query will enable paging for the returned collection.&quot;},{&quot;name&quot;:&quot;page_number&quot;,&quot;value&quot;:null,&quot;prompt&quot;:&quot;The number of the page to be returned. This requires that paging be turned on by also providing the page_size parameter.&quot;}],&quot;rel&quot;:&quot;search_games&quot;,&quot;href&quot;:&quot;https://api.teamsnap.com/v3/events/search_games&quot;},{&quot;data&quot;:[{&quot;name&quot;:&quot;team_id&quot;,&quot;value&quot;:null}],&quot;rel&quot;:&quot;overview&quot;,&quot;href&quot;:&quot;https://api.teamsnap.com/v3/events/overview&quot;}],&quot;items&quot;:[{&quot;data&quot;:[{&quot;name&quot;:&quot;id&quot;,&quot;type&quot;:&quot;String&quot;,&quot;value&quot;:108549901},{&quot;name&quot;:&quot;type&quot;,&quot;type&quot;:&quot;String&quot;,&quot;value&quot;:&quot;event&quot;},{&quot;name&quot;:&quot;additional_location_details&quot;,&quot;type&quot;:&quot;String&quot;,&quot;value&quot;:null},{&quot;name&quot;:&quot;arrival_date&quot;,&quot;type&quot;:&quot;DateTime&quot;,&quot;value&quot;:&quot;2017-08-04T07:00:00Z&quot;},{&quot;name&quot;:&quot;division_location_id&quot;,&quot;type&quot;:&quot;String&quot;,&quot;value&quot;:28324747},{&quot;name&quot;:&quot;doesnt_count_towards_record&quot;,&quot;type&quot;:&quot;Boolean&quot;,&quot;value&quot;:false},{&quot;name&quot;:&quot;duration_in_minutes&quot;,&quot;type&quot;:&quot;Integer&quot;,&quot;value&quot;:0},{&quot;name&quot;:&quot;end_date&quot;,&quot;type&quot;:&quot;DateTime&quot;,&quot;value&quot;:null},{&quot;name&quot;:&quot;formatted_results&quot;,&quot;type&quot;:&quot;String&quot;,&quot;value&quot;:null},{&quot;name&quot;:&quot;game_type&quot;,&quot;type&quot;:&quot;String&quot;,&quot;value&quot;:&quot;Not Specified&quot;},{&quot;name&quot;:&quot;game_type_code&quot;,&quot;type&quot;:&quot;Integer&quot;,&quot;value&quot;:null},{&quot;name&quot;:&quot;icon_color&quot;,&quot;type&quot;:&quot;String&quot;,&quot;value&quot;:&quot;blue&quot;},{&quot;name&quot;:&quot;is_canceled&quot;,&quot;type&quot;:&quot;Boolean&quot;,&quot;value&quot;:false},{&quot;name&quot;:&quot;is_game&quot;,&quot;type&quot;:&quot;Boolean&quot;,&quot;value&quot;:false},{&quot;name&quot;:&quot;is_overtime&quot;,&quot;type&quot;:&quot;Boolean&quot;,&quot;value&quot;:false},{&quot;name&quot;:&quot;is_shootout&quot;,&quot;type&quot;:&quot;Boolean&quot;,&quot;value&quot;:false},{&quot;name&quot;:&quot;is_tbd&quot;,&quot;type&quot;:&quot;Boolean&quot;,&quot;value&quot;:false},{&quot;name&quot;:&quot;label&quot;,&quot;type&quot;:&quot;String&quot;,&quot;value&quot;:&quot;AAA&quot;},{&quot;name&quot;:&quot;location_id&quot;,&quot;type&quot;:&quot;String&quot;,&quot;value&quot;:null},{&quot;name&quot;:&quot;minutes_to_arrive_early&quot;,&quot;type&quot;:&quot;Integer&quot;,&quot;value&quot;:null},{&quot;name&quot;:&quot;name&quot;,&quot;type&quot;:&quot;String&quot;,&quot;value&quot;:&quot;AAAAAAA&quot;},{&quot;name&quot;:&quot;notes&quot;,&quot;type&quot;:&quot;String&quot;,&quot;value&quot;:&quot;&quot;},{&quot;name&quot;:&quot;opponent_id&quot;,&quot;type&quot;:&quot;String&quot;,&quot;value&quot;:null},{&quot;name&quot;:&quot;points_for_opponent&quot;,&quot;type&quot;:&quot;Integer&quot;,&quot;value&quot;:null},{&quot;name&quot;:&quot;points_for_team&quot;,&quot;type&quot;:&quot;Integer&quot;,&quot;value&quot;:null},{&quot;name&quot;:&quot;repeating_type&quot;,&quot;type&quot;:&quot;String&quot;,&quot;value&quot;:null},{&quot;name&quot;:&quot;repeating_type_code&quot;,&quot;type&quot;:&quot;Integer&quot;,&quot;value&quot;:null},{&quot;name&quot;:&quot;repeating_uuid&quot;,&quot;type&quot;:&quot;String&quot;,&quot;value&quot;:null},{&quot;name&quot;:&quot;results&quot;,&quot;type&quot;:&quot;String&quot;,&quot;value&quot;:null},{&quot;name&quot;:&quot;results_url&quot;,&quot;type&quot;:&quot;String&quot;,&quot;value&quot;:null},{&quot;name&quot;:&quot;shootout_points_for_opponent&quot;,&quot;type&quot;:&quot;Integer&quot;,&quot;value&quot;:null},{&quot;name&quot;:&quot;shootout_points_for_team&quot;,&quot;type&quot;:&quot;Integer&quot;,&quot;value&quot;:null},{&quot;name&quot;:&quot;start_date&quot;,&quot;type&quot;:&quot;DateTime&quot;,&quot;value&quot;:&quot;2017-08-04T07:00:00Z&quot;},{&quot;name&quot;:&quot;team_id&quot;,&quot;type&quot;:&quot;String&quot;,&quot;value&quot;:3239867},{&quot;name&quot;:&quot;time_zone&quot;,&quot;type&quot;:&quot;String&quot;,&quot;value&quot;:&quot;Eastern Time (US &amp; Canada)&quot;},{&quot;name&quot;:&quot;time_zone_description&quot;,&quot;type&quot;:&quot;String&quot;,&quot;value&quot;:&quot;Eastern Time (US &amp; Canada)&quot;},{&quot;name&quot;:&quot;time_zone_iana_name&quot;,&quot;type&quot;:&quot;String&quot;,&quot;value&quot;:&quot;America/New_York&quot;},{&quot;name&quot;:&quot;time_zone_offset&quot;,&quot;type&quot;:&quot;String&quot;,&quot;value&quot;:&quot;-05:00&quot;},{&quot;name&quot;:&quot;source_time_zone_iana_name&quot;,&quot;type&quot;:&quot;String&quot;,&quot;value&quot;:&quot;America/New_York&quot;},{&quot;name&quot;:&quot;tracks_availability&quot;,&quot;type&quot;:&quot;Boolean&quot;,&quot;value&quot;:true},{&quot;name&quot;:&quot;uniform&quot;,&quot;type&quot;:&quot;String&quot;,&quot;value&quot;:null},{&quot;name&quot;:&quot;is_league_controlled&quot;,&quot;type&quot;:&quot;Boolean&quot;,&quot;value&quot;:true},{&quot;name&quot;:&quot;opponent_name&quot;,&quot;type&quot;:&quot;String&quot;,&quot;value&quot;:null},{&quot;name&quot;:&quot;location_name&quot;,&quot;type&quot;:&quot;String&quot;,&quot;value&quot;:&quot;Brewer&quot;},{&quot;name&quot;:&quot;created_at&quot;,&quot;type&quot;:&quot;DateTime&quot;,&quot;value&quot;:&quot;2017-08-03T03:21:28Z&quot;},{&quot;name&quot;:&quot;updated_at&quot;,&quot;type&quot;:&quot;DateTime&quot;,&quot;value&quot;:&quot;2017-08-03T03:21:28Z&quot;}],&quot;rel&quot;:&quot;event-108549901&quot;,&quot;links&quot;:[{&quot;rel&quot;:&quot;assignments&quot;,&quot;href&quot;:&quot;https://api.teamsnap.com/v3/assignments/search?event_id=108549901&quot;},{&quot;rel&quot;:&quot;availabilities&quot;,&quot;href&quot;:&quot;https://api.teamsnap.com/v3/availabilities/search?event_id=108549901&quot;},{&quot;rel&quot;:&quot;calendar_single_event&quot;,&quot;href&quot;:&quot;http://ical-cdn.teamsnap.com/team_schedule/event/108549901.ics&quot;},{&quot;rel&quot;:&quot;division_location&quot;,&quot;href&quot;:&quot;https://api.teamsnap.com/v3/division_locations/28324747&quot;},{&quot;rel&quot;:&quot;event_statistics&quot;,&quot;href&quot;:&quot;https://api.teamsnap.com/v3/event_statistics/search?event_id=108549901&quot;},{&quot;rel&quot;:&quot;location&quot;,&quot;href&quot;:&quot;https://api.teamsnap.com/v3/locations/&quot;},{&quot;rel&quot;:&quot;statistic_data&quot;,&quot;href&quot;:&quot;https://api.teamsnap.com/v3/statistic_data/search?event_id=108549901&quot;},{&quot;rel&quot;:&quot;team&quot;,&quot;href&quot;:&quot;https://api.teamsnap.com/v3/teams/3239867&quot;}],&quot;href&quot;:&quot;https://api.teamsnap.com/v3/events/108549901&quot;}],&quot;commands&quot;:[{&quot;data&quot;:[{&quot;name&quot;:&quot;id&quot;,&quot;value&quot;:null},{&quot;name&quot;:&quot;members_to_notify&quot;,&quot;value&quot;:null},{&quot;name&quot;:&quot;notify_team_as_member_id&quot;,&quot;value&quot;:null}],&quot;rel&quot;:&quot;send_availability_reminders&quot;,&quot;href&quot;:&quot;https://api.teamsnap.com/v3/events/send_availability_reminders&quot;,&quot;prompt&quot;:&quot;members_to_notify = [member_id, member_id]&quot;},{&quot;data&quot;:[{&quot;name&quot;:&quot;id&quot;,&quot;value&quot;:null},{&quot;name&quot;:&quot;points_for_team&quot;,&quot;value&quot;:null},{&quot;name&quot;:&quot;points_for_opponent&quot;,&quot;value&quot;:null},{&quot;name&quot;:&quot;shootout_points_for_team&quot;,&quot;value&quot;:null},{&quot;name&quot;:&quot;shootout_points_for_opponent&quot;,&quot;value&quot;:null},{&quot;name&quot;:&quot;is_overtime&quot;,&quot;value&quot;:null},{&quot;name&quot;:&quot;is_shootout&quot;,&quot;value&quot;:null},{&quot;name&quot;:&quot;results&quot;,&quot;value&quot;:null},{&quot;name&quot;:&quot;results_url&quot;,&quot;value&quot;:null}],&quot;rel&quot;:&quot;update_final_score&quot;,&quot;href&quot;:&quot;https://api.teamsnap.com/v3/events/update_final_score&quot;,&quot;prompt&quot;:&quot;Update the final score for an event&quot;},{&quot;data&quot;:[{&quot;name&quot;:&quot;templates&quot;,&quot;value&quot;:null},{&quot;name&quot;:&quot;team_id&quot;,&quot;value&quot;:null},{&quot;name&quot;:&quot;notify_team_as_member_id&quot;,&quot;value&quot;:null},{&quot;name&quot;:&quot;notify_team&quot;,&quot;value&quot;:null}],&quot;rel&quot;:&quot;bulk_create&quot;,&quot;href&quot;:&quot;https://api.teamsnap.com/v3/events/bulk_create&quot;,&quot;prompt&quot;:&quot;event_ids = [event_id, event_id]&quot;}]}}
Aug 05, 2017 6:33:24 PM teamsnap.apiClient.Query execute
INFO: {&quot;collection&quot;:{&quot;template&quot;:{&quot;data&quot;:[{&quot;name&quot;:&quot;type&quot;,&quot;value&quot;:&quot;event&quot;},{&quot;name&quot;:&quot;additional_location_details&quot;,&quot;value&quot;:null},{&quot;name&quot;:&quot;browser_time_zone&quot;,&quot;value&quot;:null},{&quot;name&quot;:&quot;division_location_id&quot;,&quot;value&quot;:null},{&quot;name&quot;:&quot;doesnt_count_towards_record&quot;,&quot;value&quot;:null},{&quot;name&quot;:&quot;duration_in_minutes&quot;,&quot;value&quot;:null},{&quot;name&quot;:&quot;game_type_code&quot;,&quot;value&quot;:null},{&quot;name&quot;:&quot;icon_color&quot;,&quot;value&quot;:null},{&quot;name&quot;:&quot;is_canceled&quot;,&quot;value&quot;:null},{&quot;name&quot;:&quot;is_game&quot;,&quot;value&quot;:null},{&quot;name&quot;:&quot;is_overtime&quot;,&quot;value&quot;:null},{&quot;name&quot;:&quot;is_shootout&quot;,&quot;value&quot;:null},{&quot;name&quot;:&quot;is_tbd&quot;,&quot;value&quot;:null},{&quot;name&quot;:&quot;label&quot;,&quot;value&quot;:null},{&quot;name&quot;:&quot;location_id&quot;,&quot;value&quot;:null},{&quot;name&quot;:&quot;minutes_to_arrive_early&quot;,&quot;value&quot;:null},{&quot;name&quot;:&quot;name&quot;,&quot;value&quot;:null},{&quot;name&quot;:&quot;notes&quot;,&quot;value&quot;:null},{&quot;name&quot;:&quot;notify_opponent&quot;,&quot;value&quot;:null},{&quot;name&quot;:&quot;notify_opponent_contacts_email&quot;,&quot;value&quot;:null},{&quot;name&quot;:&quot;notify_opponent_contacts_name&quot;,&quot;value&quot;:null},{&quot;name&quot;:&quot;notify_opponent_notes&quot;,&quot;value&quot;:null},{&quot;name&quot;:&quot;notify_team&quot;,&quot;value&quot;:null},{&quot;name&quot;:&quot;notify_team_as_member_id&quot;,&quot;value&quot;:null},{&quot;name&quot;:&quot;opponent_id&quot;,&quot;value&quot;:null},{&quot;name&quot;:&quot;points_for_opponent&quot;,&quot;value&quot;:null},{&quot;name&quot;:&quot;points_for_team&quot;,&quot;value&quot;:null},{&quot;name&quot;:&quot;repeating_include&quot;,&quot;value&quot;:null,&quot;prompt&quot;:&quot;When updating a repeating event, this is a required field. Values are: \&quot;all\&quot; - updates all events in this series, \&quot;future\&quot; - updates this event and all that occur after, \&quot;none\&quot; - only updates a single event.&quot;},{&quot;name&quot;:&quot;repeating_type_code&quot;,&quot;value&quot;:null,&quot;prompt&quot;:&quot;A code for the frequency of the repeated event, this is required with the \&quot;repeating_include\&quot; attribute when creating a repeating event. Valid values are: \&quot;1\&quot; - repeat an event daily, \&quot;2\&quot; - repeat an event weekly.&quot;},{&quot;name&quot;:&quot;repeating_until&quot;,&quot;value&quot;:null,&quot;prompt&quot;:&quot;A date when the repeating event should end, this is inclusive so an event will be created on this day if it falls before the next event specified by \&quot;repeating_type_code\&quot;. This attribute is required with \&quot;repeating_type_code\&quot; when creating a repeating event.&quot;},{&quot;name&quot;:&quot;results&quot;,&quot;value&quot;:null},{&quot;name&quot;:&quot;results_url&quot;,&quot;value&quot;:null},{&quot;name&quot;:&quot;shootout_points_for_opponent&quot;,&quot;value&quot;:null},{&quot;name&quot;:&quot;shootout_points_for_team&quot;,&quot;value&quot;:null},{&quot;name&quot;:&quot;start_date&quot;,&quot;value&quot;:null},{&quot;name&quot;:&quot;team_id&quot;,&quot;value&quot;:null},{&quot;name&quot;:&quot;time_zone&quot;,&quot;value&quot;:null},{&quot;name&quot;:&quot;tracks_availability&quot;,&quot;value&quot;:null},{&quot;name&quot;:&quot;uniform&quot;,&quot;value&quot;:null}]},&quot;rel&quot;:&quot;events&quot;,&quot;links&quot;:[{&quot;rel&quot;:&quot;assignments&quot;,&quot;href&quot;:&quot;https://api.teamsnap.com/v3/assignments&quot;},{&quot;rel&quot;:&quot;availabilities&quot;,&quot;href&quot;:&quot;https://api.teamsnap.com/v3/availabilities&quot;},{&quot;rel&quot;:&quot;division_location&quot;,&quot;href&quot;:&quot;https://api.teamsnap.com/v3/division_locations&quot;},{&quot;rel&quot;:&quot;event_statistics&quot;,&quot;href&quot;:&quot;https://api.teamsnap.com/v3/event_statistics&quot;},{&quot;rel&quot;:&quot;location&quot;,&quot;href&quot;:&quot;https://api.teamsnap.com/v3/locations&quot;},{&quot;rel&quot;:&quot;opponent&quot;,&quot;href&quot;:&quot;https://api.teamsnap.com/v3/opponents&quot;},{&quot;rel&quot;:&quot;statistic_data&quot;,&quot;href&quot;:&quot;https://api.teamsnap.com/v3/statistic_data&quot;},{&quot;rel&quot;:&quot;team&quot;,&quot;href&quot;:&quot;https://api.teamsnap.com/v3/teams&quot;},{&quot;rel&quot;:&quot;root&quot;,&quot;href&quot;:&quot;https://api.teamsnap.com/v3/&quot;},{&quot;rel&quot;:&quot;self&quot;,&quot;href&quot;:&quot;https://api.teamsnap.com/v3/events/search?team_id=3239870&quot;}],&quot;href&quot;:&quot;https://api.teamsnap.com/v3/events&quot;,&quot;version&quot;:&quot;3.518.0&quot;,&quot;queries&quot;:[{&quot;data&quot;:[{&quot;name&quot;:&quot;team_id&quot;,&quot;value&quot;:null},{&quot;name&quot;:&quot;location_id&quot;,&quot;value&quot;:null},{&quot;name&quot;:&quot;opponent_id&quot;,&quot;value&quot;:null},{&quot;name&quot;:&quot;started_after&quot;,&quot;value&quot;:null},{&quot;name&quot;:&quot;started_before&quot;,&quot;value&quot;:null},{&quot;name&quot;:&quot;repeating_uuid&quot;,&quot;value&quot;:null},{&quot;name&quot;:&quot;id&quot;,&quot;value&quot;:null},{&quot;name&quot;:&quot;is_game&quot;,&quot;value&quot;:null},{&quot;name&quot;:&quot;updated_since&quot;,&quot;value&quot;:null},{&quot;name&quot;:&quot;page_size&quot;,&quot;value&quot;:null,&quot;prompt&quot;:&quot;The number of items to return for each page. Sending this parameter with the query will enable paging for the returned collection.&quot;},{&quot;name&quot;:&quot;page_number&quot;,&quot;value&quot;:null,&quot;prompt&quot;:&quot;The number of the page to be returned. This requires that paging be turned on by also providing the page_size parameter.&quot;},{&quot;name&quot;:&quot;sort_start_date&quot;,&quot;value&quot;:null,&quot;prompt&quot;:&quot;Sort the returned dataset based on the start_date field, valid values are &apos;asc&apos; or &apos;desc&apos;.&quot;}],&quot;rel&quot;:&quot;search&quot;,&quot;sort&quot;:[&quot;start_date&quot;],&quot;href&quot;:&quot;https://api.teamsnap.com/v3/events/search&quot;},{&quot;data&quot;:[{&quot;name&quot;:&quot;team_id&quot;,&quot;value&quot;:null},{&quot;name&quot;:&quot;page_size&quot;,&quot;value&quot;:null,&quot;prompt&quot;:&quot;The number of items to return for each page. Sending this parameter with the query will enable paging for the returned collection.&quot;},{&quot;name&quot;:&quot;page_number&quot;,&quot;value&quot;:null,&quot;prompt&quot;:&quot;The number of the page to be returned. This requires that paging be turned on by also providing the page_size parameter.&quot;}],&quot;rel&quot;:&quot;search_games&quot;,&quot;href&quot;:&quot;https://api.teamsnap.com/v3/events/search_games&quot;},{&quot;data&quot;:[{&quot;name&quot;:&quot;team_id&quot;,&quot;value&quot;:null}],&quot;rel&quot;:&quot;overview&quot;,&quot;href&quot;:&quot;https://api.teamsnap.com/v3/events/overview&quot;}],&quot;commands&quot;:[{&quot;data&quot;:[{&quot;name&quot;:&quot;id&quot;,&quot;value&quot;:null},{&quot;name&quot;:&quot;members_to_notify&quot;,&quot;value&quot;:null},{&quot;name&quot;:&quot;notify_team_as_member_id&quot;,&quot;value&quot;:null}],&quot;rel&quot;:&quot;send_availability_reminders&quot;,&quot;href&quot;:&quot;https://api.teamsnap.com/v3/events/send_availability_reminders&quot;,&quot;prompt&quot;:&quot;members_to_notify = [member_id, member_id]&quot;},{&quot;data&quot;:[{&quot;name&quot;:&quot;id&quot;,&quot;value&quot;:null},{&quot;name&quot;:&quot;points_for_team&quot;,&quot;value&quot;:null},{&quot;name&quot;:&quot;points_for_opponent&quot;,&quot;value&quot;:null},{&quot;name&quot;:&quot;shootout_points_for_team&quot;,&quot;value&quot;:null},{&quot;name&quot;:&quot;shootout_points_for_opponent&quot;,&quot;value&quot;:null},{&quot;name&quot;:&quot;is_overtime&quot;,&quot;value&quot;:null},{&quot;name&quot;:&quot;is_shootout&quot;,&quot;value&quot;:null},{&quot;name&quot;:&quot;results&quot;,&quot;value&quot;:null},{&quot;name&quot;:&quot;results_url&quot;,&quot;value&quot;:null}],&quot;rel&quot;:&quot;update_final_score&quot;,&quot;href&quot;:&quot;https://api.teamsnap.com/v3/events/update_final_score&quot;,&quot;prompt&quot;:&quot;Update the final score for an event&quot;},{&quot;data&quot;:[{&quot;name&quot;:&quot;templates&quot;,&quot;value&quot;:null},{&quot;name&quot;:&quot;team_id&quot;,&quot;value&quot;:null},{&quot;name&quot;:&quot;notify_team_as_member_id&quot;,&quot;value&quot;:null},{&quot;name&quot;:&quot;notify_team&quot;,&quot;value&quot;:null}],&quot;rel&quot;:&quot;bulk_create&quot;,&quot;href&quot;:&quot;https://api.teamsnap.com/v3/events/bulk_create&quot;,&quot;prompt&quot;:&quot;event_ids = [event_id, event_id]&quot;}]}}
Aug 05, 2017 6:33:24 PM teamsnap.apiClient.Query execute
INFO: {&quot;collection&quot;:{&quot;template&quot;:{&quot;data&quot;:[{&quot;name&quot;:&quot;event_type&quot;,&quot;value&quot;:&quot;event&quot;},{&quot;name&quot;:&quot;duration_in_minutes&quot;,&quot;value&quot;:null},{&quot;name&quot;:&quot;duration_in_hours&quot;,&quot;value&quot;:null},{&quot;name&quot;:&quot;icon_color&quot;,&quot;value&quot;:null},{&quot;name&quot;:&quot;is_canceled&quot;,&quot;value&quot;:null},{&quot;name&quot;:&quot;is_tbd&quot;,&quot;value&quot;:null},{&quot;name&quot;:&quot;label&quot;,&quot;value&quot;:null},{&quot;name&quot;:&quot;location_id&quot;,&quot;value&quot;:null},{&quot;name&quot;:&quot;additional_location_details&quot;,&quot;value&quot;:null},{&quot;name&quot;:&quot;minutes_to_arrive_early&quot;,&quot;value&quot;:null},{&quot;name&quot;:&quot;name&quot;,&quot;value&quot;:null},{&quot;name&quot;:&quot;notes&quot;,&quot;value&quot;:null},{&quot;name&quot;:&quot;notify_team&quot;,&quot;value&quot;:null},{&quot;name&quot;:&quot;notify_team_as_member_id&quot;,&quot;value&quot;:null},{&quot;name&quot;:&quot;opponent_id&quot;,&quot;value&quot;:null},{&quot;name&quot;:&quot;start_date&quot;,&quot;value&quot;:null},{&quot;name&quot;:&quot;team_id&quot;,&quot;value&quot;:null},{&quot;name&quot;:&quot;division_id&quot;,&quot;value&quot;:null},{&quot;name&quot;:&quot;time_zone&quot;,&quot;value&quot;:null},{&quot;name&quot;:&quot;game_type_code&quot;,&quot;value&quot;:null},{&quot;name&quot;:&quot;doesnt_count_towards_record&quot;,&quot;value&quot;:null},{&quot;name&quot;:&quot;is_editing_restricted&quot;,&quot;value&quot;:null,&quot;prompt&quot;:&quot;This is an optional boolean value. When set to `true`, the created event will only be editable by the oauth application that created the event. This option is restricted to first-party applicaitons&quot;}]},&quot;rel&quot;:&quot;division_events&quot;,&quot;links&quot;:[{&quot;rel&quot;:&quot;assignments&quot;,&quot;href&quot;:&quot;https://api.teamsnap.com/v3/assignments&quot;},{&quot;rel&quot;:&quot;availabilities&quot;,&quot;href&quot;:&quot;https://api.teamsnap.com/v3/availabilities&quot;},{&quot;rel&quot;:&quot;division_event_import&quot;,&quot;href&quot;:&quot;https://api.teamsnap.com/v3/division_events_imports&quot;},{&quot;rel&quot;:&quot;division_location&quot;,&quot;href&quot;:&quot;https://api.teamsnap.com/v3/division_locations&quot;},{&quot;rel&quot;:&quot;event_statistics&quot;,&quot;href&quot;:&quot;https://api.teamsnap.com/v3/event_statistics&quot;},{&quot;rel&quot;:&quot;location&quot;,&quot;href&quot;:&quot;https://api.teamsnap.com/v3/locations&quot;},{&quot;rel&quot;:&quot;opponent&quot;,&quot;href&quot;:&quot;https://api.teamsnap.com/v3/opponents&quot;},{&quot;rel&quot;:&quot;statistic_data&quot;,&quot;href&quot;:&quot;https://api.teamsnap.com/v3/statistic_data&quot;},{&quot;rel&quot;:&quot;team&quot;,&quot;href&quot;:&quot;https://api.teamsnap.com/v3/teams&quot;},{&quot;rel&quot;:&quot;root&quot;,&quot;href&quot;:&quot;https://api.teamsnap.com/v3/&quot;},{&quot;rel&quot;:&quot;self&quot;,&quot;href&quot;:&quot;https://api.teamsnap.com/v3/division_events/search?division_id=219316&quot;}],&quot;href&quot;:&quot;https://api.teamsnap.com/v3/division_events&quot;,&quot;version&quot;:&quot;3.518.0&quot;,&quot;prompt&quot;:&quot;BETA: (This endpoint subject to change) Returns a collection associated with a division&apos;s events&quot;,&quot;queries&quot;:[{&quot;data&quot;:[{&quot;name&quot;:&quot;division_id&quot;,&quot;value&quot;:null},{&quot;name&quot;:&quot;id&quot;,&quot;value&quot;:null},{&quot;name&quot;:&quot;division_event_import_id&quot;,&quot;value&quot;:null},{&quot;name&quot;:&quot;division_location_id&quot;,&quot;value&quot;:null},{&quot;name&quot;:&quot;started_after&quot;,&quot;value&quot;:null},{&quot;name&quot;:&quot;is_game&quot;,&quot;value&quot;:null},{&quot;name&quot;:&quot;repeating_uuid&quot;,&quot;value&quot;:null},{&quot;name&quot;:&quot;page_size&quot;,&quot;value&quot;:null,&quot;prompt&quot;:&quot;The number of items to return for each page. Sending this parameter with the query will enable paging for the returned collection.&quot;},{&quot;name&quot;:&quot;page_number&quot;,&quot;value&quot;:null,&quot;prompt&quot;:&quot;The number of the page to be returned. This requires that paging be turned on by also providing the page_size parameter.&quot;},{&quot;name&quot;:&quot;sort_start_date&quot;,&quot;value&quot;:null,&quot;prompt&quot;:&quot;Sort the returned dataset based on the start_date field, valid values are &apos;asc&apos; or &apos;desc&apos;.&quot;}],&quot;rel&quot;:&quot;search&quot;,&quot;href&quot;:&quot;https://api.teamsnap.com/v3/division_events/search&quot;,&quot;sort&quot;:[&quot;start_date&quot;]}],&quot;items&quot;:[{&quot;data&quot;:[{&quot;name&quot;:&quot;id&quot;,&quot;type&quot;:&quot;String&quot;,&quot;value&quot;:108549901},{&quot;name&quot;:&quot;type&quot;,&quot;type&quot;:&quot;String&quot;,&quot;value&quot;:&quot;division_event&quot;},{&quot;name&quot;:&quot;additional_location_details&quot;,&quot;type&quot;:&quot;String&quot;,&quot;value&quot;:null},{&quot;name&quot;:&quot;arrival_date&quot;,&quot;type&quot;:&quot;DateTime&quot;,&quot;value&quot;:&quot;2017-08-04T07:00:00Z&quot;},{&quot;name&quot;:&quot;division_event_import_id&quot;,&quot;type&quot;:&quot;String&quot;,&quot;value&quot;:null},{&quot;name&quot;:&quot;division_id&quot;,&quot;type&quot;:&quot;String&quot;,&quot;value&quot;:219316},{&quot;name&quot;:&quot;division_location_id&quot;,&quot;type&quot;:&quot;String&quot;,&quot;value&quot;:28324747},{&quot;name&quot;:&quot;doesnt_count_towards_record&quot;,&quot;type&quot;:&quot;Boolean&quot;,&quot;value&quot;:false},{&quot;name&quot;:&quot;duration_in_minutes&quot;,&quot;type&quot;:&quot;Integer&quot;,&quot;value&quot;:0},{&quot;name&quot;:&quot;end_date&quot;,&quot;type&quot;:&quot;DateTime&quot;,&quot;value&quot;:null},{&quot;name&quot;:&quot;game_type&quot;,&quot;type&quot;:&quot;String&quot;,&quot;value&quot;:&quot;Not Specified&quot;},{&quot;name&quot;:&quot;game_type_code&quot;,&quot;type&quot;:&quot;Integer&quot;,&quot;value&quot;:null},{&quot;name&quot;:&quot;icon_color&quot;,&quot;type&quot;:&quot;String&quot;,&quot;value&quot;:&quot;default&quot;},{&quot;name&quot;:&quot;is_canceled&quot;,&quot;type&quot;:&quot;Boolean&quot;,&quot;value&quot;:false},{&quot;name&quot;:&quot;is_game&quot;,&quot;type&quot;:&quot;Boolean&quot;,&quot;value&quot;:false},{&quot;name&quot;:&quot;is_overtime&quot;,&quot;type&quot;:&quot;Boolean&quot;,&quot;value&quot;:false},{&quot;name&quot;:&quot;is_shootout&quot;,&quot;type&quot;:&quot;Boolean&quot;,&quot;value&quot;:false},{&quot;name&quot;:&quot;is_tbd&quot;,&quot;type&quot;:&quot;Boolean&quot;,&quot;value&quot;:false},{&quot;name&quot;:&quot;label&quot;,&quot;type&quot;:&quot;String&quot;,&quot;value&quot;:&quot;AAA&quot;},{&quot;name&quot;:&quot;location_id&quot;,&quot;type&quot;:&quot;String&quot;,&quot;value&quot;:null},{&quot;name&quot;:&quot;minutes_to_arrive_early&quot;,&quot;type&quot;:&quot;Integer&quot;,&quot;value&quot;:null},{&quot;name&quot;:&quot;name&quot;,&quot;type&quot;:&quot;String&quot;,&quot;value&quot;:&quot;AAAAAAA&quot;},{&quot;name&quot;:&quot;notes&quot;,&quot;type&quot;:&quot;String&quot;,&quot;value&quot;:&quot;&quot;},{&quot;name&quot;:&quot;opponent_id&quot;,&quot;type&quot;:&quot;String&quot;,&quot;value&quot;:null},{&quot;name&quot;:&quot;points_for_opponent&quot;,&quot;type&quot;:&quot;Integer&quot;,&quot;value&quot;:null},{&quot;name&quot;:&quot;points_for_team&quot;,&quot;type&quot;:&quot;Integer&quot;,&quot;value&quot;:null},{&quot;name&quot;:&quot;repeating_type&quot;,&quot;type&quot;:&quot;String&quot;,&quot;value&quot;:null},{&quot;name&quot;:&quot;repeating_type_code&quot;,&quot;type&quot;:&quot;Integer&quot;,&quot;value&quot;:null},{&quot;name&quot;:&quot;repeating_uuid&quot;,&quot;type&quot;:&quot;String&quot;,&quot;value&quot;:null},{&quot;name&quot;:&quot;results&quot;,&quot;type&quot;:&quot;String&quot;,&quot;value&quot;:null},{&quot;name&quot;:&quot;results_url&quot;,&quot;type&quot;:&quot;String&quot;,&quot;value&quot;:null},{&quot;name&quot;:&quot;shootout_points_for_opponent&quot;,&quot;type&quot;:&quot;Integer&quot;,&quot;value&quot;:null},{&quot;name&quot;:&quot;shootout_points_for_team&quot;,&quot;type&quot;:&quot;Integer&quot;,&quot;value&quot;:null},{&quot;name&quot;:&quot;start_date&quot;,&quot;type&quot;:&quot;DateTime&quot;,&quot;value&quot;:&quot;2017-08-04T07:00:00Z&quot;},{&quot;name&quot;:&quot;team_id&quot;,&quot;type&quot;:&quot;String&quot;,&quot;value&quot;:3239867},{&quot;name&quot;:&quot;time_zone&quot;,&quot;type&quot;:&quot;String&quot;,&quot;value&quot;:&quot;Eastern Time (US &amp; Canada)&quot;},{&quot;name&quot;:&quot;time_zone_description&quot;,&quot;type&quot;:&quot;String&quot;,&quot;value&quot;:&quot;Eastern Time (US &amp; Canada)&quot;},{&quot;name&quot;:&quot;time_zone_iana_name&quot;,&quot;type&quot;:&quot;String&quot;,&quot;value&quot;:&quot;America/New_York&quot;},{&quot;name&quot;:&quot;time_zone_offset&quot;,&quot;type&quot;:&quot;String&quot;,&quot;value&quot;:&quot;-05:00&quot;},{&quot;name&quot;:&quot;source_time_zone_iana_name&quot;,&quot;type&quot;:&quot;String&quot;,&quot;value&quot;:&quot;America/New_York&quot;},{&quot;name&quot;:&quot;tracks_availability&quot;,&quot;type&quot;:&quot;Boolean&quot;,&quot;value&quot;:true},{&quot;name&quot;:&quot;uniform&quot;,&quot;type&quot;:&quot;String&quot;,&quot;value&quot;:null},{&quot;name&quot;:&quot;created_at&quot;,&quot;type&quot;:&quot;DateTime&quot;,&quot;value&quot;:&quot;2017-08-03T03:21:28Z&quot;},{&quot;name&quot;:&quot;updated_at&quot;,&quot;type&quot;:&quot;DateTime&quot;,&quot;value&quot;:&quot;2017-08-03T03:21:28Z&quot;}],&quot;rel&quot;:&quot;division_event-108549901&quot;,&quot;links&quot;:[{&quot;rel&quot;:&quot;division_location&quot;,&quot;href&quot;:&quot;https://api.teamsnap.com/v3/division_locations/28324747&quot;},{&quot;rel&quot;:&quot;location&quot;,&quot;href&quot;:&quot;https://api.teamsnap.com/v3/locations/&quot;},{&quot;rel&quot;:&quot;team&quot;,&quot;href&quot;:&quot;https://api.teamsnap.com/v3/teams/3239867&quot;}],&quot;href&quot;:&quot;https://api.teamsnap.com/v3/division_events/108549901&quot;}]}}
Aug 05, 2017 6:33:24 PM teamsnap.apiClient.Query execute
INFO: {&quot;collection&quot;:{&quot;template&quot;:{&quot;data&quot;:[{&quot;name&quot;:&quot;name&quot;,&quot;value&quot;:null},{&quot;name&quot;:&quot;location_country&quot;,&quot;value&quot;:null},{&quot;name&quot;:&quot;location_postal_code&quot;,&quot;value&quot;:null},{&quot;name&quot;:&quot;time_zone&quot;,&quot;value&quot;:null,&quot;prompt&quot;:&quot;The time_zone parameter is required when creating a team, but for changing a team&apos;s time_zone, use the update_time_zone command&quot;},{&quot;name&quot;:&quot;sport_id&quot;,&quot;value&quot;:null},{&quot;name&quot;:&quot;division_id&quot;,&quot;value&quot;:null},{&quot;name&quot;:&quot;division_name&quot;,&quot;value&quot;:null},{&quot;name&quot;:&quot;season_name&quot;,&quot;value&quot;:null},{&quot;name&quot;:&quot;league_name&quot;,&quot;value&quot;:null},{&quot;name&quot;:&quot;league_url&quot;,&quot;value&quot;:null},{&quot;name&quot;:&quot;owner_first_name&quot;,&quot;value&quot;:null},{&quot;name&quot;:&quot;owner_last_name&quot;,&quot;value&quot;:null},{&quot;name&quot;:&quot;owner_email&quot;,&quot;value&quot;:null},{&quot;name&quot;:&quot;is_ownership_pending&quot;,&quot;value&quot;:null},{&quot;name&quot;:&quot;type&quot;,&quot;value&quot;:&quot;team&quot;}]},&quot;rel&quot;:&quot;teams&quot;,&quot;links&quot;:[{&quot;rel&quot;:&quot;active_season_team&quot;,&quot;href&quot;:&quot;https://api.teamsnap.com/v3/teams&quot;},{&quot;rel&quot;:&quot;assignments&quot;,&quot;href&quot;:&quot;https://api.teamsnap.com/v3/assignments&quot;},{&quot;rel&quot;:&quot;availabilities&quot;,&quot;href&quot;:&quot;https://api.teamsnap.com/v3/availabilities&quot;},{&quot;rel&quot;:&quot;broadcast_email_attachments&quot;,&quot;href&quot;:&quot;https://api.teamsnap.com/v3/broadcast_email_attachments&quot;},{&quot;rel&quot;:&quot;broadcast_emails&quot;,&quot;href&quot;:&quot;https://api.teamsnap.com/v3/broadcast_emails&quot;},{&quot;rel&quot;:&quot;broadcast_alerts&quot;,&quot;href&quot;:&quot;https://api.teamsnap.com/v3/broadcast_alerts&quot;},{&quot;rel&quot;:&quot;commissioners&quot;,&quot;href&quot;:&quot;https://api.teamsnap.com/v3/members&quot;},{&quot;rel&quot;:&quot;contact_email_addresses&quot;,&quot;href&quot;:&quot;https://api.teamsnap.com/v3/contact_email_addresses&quot;},{&quot;rel&quot;:&quot;contact_phone_numbers&quot;,&quot;href&quot;:&quot;https://api.teamsnap.com/v3/contact_phone_numbers&quot;},{&quot;rel&quot;:&quot;contacts&quot;,&quot;href&quot;:&quot;https://api.teamsnap.com/v3/contacts&quot;},{&quot;rel&quot;:&quot;custom_data&quot;,&quot;href&quot;:&quot;https://api.teamsnap.com/v3/custom_data&quot;},{&quot;rel&quot;:&quot;custom_fields&quot;,&quot;href&quot;:&quot;https://api.teamsnap.com/v3/custom_fields&quot;},{&quot;rel&quot;:&quot;division_contact_email_addresses&quot;,&quot;href&quot;:&quot;https://api.teamsnap.com/v3/division_contact_email_addresses&quot;},{&quot;rel&quot;:&quot;division_contact_phone_numbers&quot;,&quot;href&quot;:&quot;https://api.teamsnap.com/v3/division_contact_phone_numbers&quot;},{&quot;rel&quot;:&quot;division_contacts&quot;,&quot;href&quot;:&quot;https://api.teamsnap.com/v3/division_contacts&quot;},{&quot;rel&quot;:&quot;division_locations&quot;,&quot;href&quot;:&quot;https://api.teamsnap.com/v3/division_locations&quot;},{&quot;rel&quot;:&quot;division_member_email_addresses&quot;,&quot;href&quot;:&quot;https://api.teamsnap.com/v3/division_member_email_addresses&quot;},{&quot;rel&quot;:&quot;division_member_phone_numbers&quot;,&quot;href&quot;:&quot;https://api.teamsnap.com/v3/division_member_phone_numbers&quot;},{&quot;rel&quot;:&quot;division_members&quot;,&quot;href&quot;:&quot;https://api.teamsnap.com/v3/division_members&quot;},{&quot;rel&quot;:&quot;division_members_preferences&quot;,&quot;href&quot;:&quot;https://api.teamsnap.com/v3/division_members_preferences&quot;},{&quot;rel&quot;:&quot;division_team_standings&quot;,&quot;href&quot;:&quot;https://api.teamsnap.com/v3/division_team_standings&quot;},{&quot;rel&quot;:&quot;event_statistics&quot;,&quot;href&quot;:&quot;https://api.teamsnap.com/v3/event_statistics&quot;},{&quot;rel&quot;:&quot;events&quot;,&quot;href&quot;:&quot;https://api.teamsnap.com/v3/events&quot;},{&quot;rel&quot;:&quot;events_overview&quot;,&quot;href&quot;:&quot;https://api.teamsnap.com/v3/events/overview&quot;},{&quot;rel&quot;:&quot;forum_posts&quot;,&quot;href&quot;:&quot;https://api.teamsnap.com/v3/forum_posts&quot;},{&quot;rel&quot;:&quot;forum_subscriptions&quot;,&quot;href&quot;:&quot;https://api.teamsnap.com/v3/forum_subscriptions&quot;},{&quot;rel&quot;:&quot;forum_topics&quot;,&quot;href&quot;:&quot;https://api.teamsnap.com/v3/forum_topics&quot;},{&quot;rel&quot;:&quot;league_custom_data&quot;,&quot;href&quot;:&quot;https://api.teamsnap.com/v3/league_custom_data&quot;},{&quot;rel&quot;:&quot;league_custom_fields&quot;,&quot;href&quot;:&quot;https://api.teamsnap.com/v3/league_custom_fields&quot;},{&quot;rel&quot;:&quot;league_registrant_documents&quot;,&quot;href&quot;:&quot;https://api.teamsnap.com/v3/league_registrant_documents&quot;},{&quot;rel&quot;:&quot;locations&quot;,&quot;href&quot;:&quot;https://api.teamsnap.com/v3/locations&quot;},{&quot;rel&quot;:&quot;managers&quot;,&quot;href&quot;:&quot;https://api.teamsnap.com/v3/members&quot;},{&quot;rel&quot;:&quot;member_balances&quot;,&quot;href&quot;:&quot;https://api.teamsnap.com/v3/member_balances&quot;},{&quot;rel&quot;:&quot;member_email_addresses&quot;,&quot;href&quot;:&quot;https://api.teamsnap.com/v3/member_email_addresses&quot;},{&quot;rel&quot;:&quot;member_files&quot;,&quot;href&quot;:&quot;https://api.teamsnap.com/v3/member_files&quot;},{&quot;rel&quot;:&quot;member_links&quot;,&quot;href&quot;:&quot;https://api.teamsnap.com/v3/member_links&quot;},{&quot;rel&quot;:&quot;member_payments&quot;,&quot;href&quot;:&quot;https://api.teamsnap.com/v3/member_payments&quot;},{&quot;rel&quot;:&quot;member_phone_numbers&quot;,&quot;href&quot;:&quot;https://api.teamsnap.com/v3/member_phone_numbers&quot;},{&quot;rel&quot;:&quot;member_photos&quot;,&quot;href&quot;:&quot;https://api.teamsnap.com/v3/member_photos&quot;},{&quot;rel&quot;:&quot;member_statistics&quot;,&quot;href&quot;:&quot;https://api.teamsnap.com/v3/member_statistics&quot;},{&quot;rel&quot;:&quot;members&quot;,&quot;href&quot;:&quot;https://api.teamsnap.com/v3/members&quot;},{&quot;rel&quot;:&quot;members_preferences&quot;,&quot;href&quot;:&quot;https://api.teamsnap.com/v3/members_preferences&quot;},{&quot;rel&quot;:&quot;message_data&quot;,&quot;href&quot;:&quot;https://api.teamsnap.com/v3/message_data&quot;},{&quot;rel&quot;:&quot;messages&quot;,&quot;href&quot;:&quot;https://api.teamsnap.com/v3/messages&quot;},{&quot;rel&quot;:&quot;opponents&quot;,&quot;href&quot;:&quot;https://api.teamsnap.com/v3/opponents&quot;},{&quot;rel&quot;:&quot;opponents_results&quot;,&quot;href&quot;:&quot;https://api.teamsnap.com/v3/opponents_results&quot;},{&quot;rel&quot;:&quot;owner&quot;,&quot;href&quot;:&quot;https://api.teamsnap.com/v3/members&quot;},{&quot;rel&quot;:&quot;payment_notes&quot;,&quot;href&quot;:&quot;https://api.teamsnap.com/v3/payment_notes&quot;},{&quot;rel&quot;:&quot;paypal_currency&quot;,&quot;href&quot;:&quot;https://api.teamsnap.com/v3/paypal_currencies&quot;},{&quot;rel&quot;:&quot;plan&quot;,&quot;href&quot;:&quot;https://api.teamsnap.com/v3/plans&quot;},{&quot;rel&quot;:&quot;sponsors&quot;,&quot;href&quot;:&quot;https://api.teamsnap.com/v3/sponsors&quot;},{&quot;rel&quot;:&quot;sport&quot;,&quot;href&quot;:&quot;https://api.teamsnap.com/v3/sports&quot;},{&quot;rel&quot;:&quot;statistic&quot;,&quot;href&quot;:&quot;https://api.teamsnap.com/v3/statistics&quot;},{&quot;rel&quot;:&quot;statistic_aggregates&quot;,&quot;href&quot;:&quot;https://api.teamsnap.com/v3/statistic_aggregates&quot;},{&quot;rel&quot;:&quot;statistic_data&quot;,&quot;href&quot;:&quot;https://api.teamsnap.com/v3/statistic_data&quot;},{&quot;rel&quot;:&quot;statistic_group&quot;,&quot;href&quot;:&quot;https://api.teamsnap.com/v3/statistic_groups&quot;},{&quot;rel&quot;:&quot;team_fees&quot;,&quot;href&quot;:&quot;https://api.teamsnap.com/v3/team_fees&quot;},{&quot;rel&quot;:&quot;team_media&quot;,&quot;href&quot;:&quot;https://api.teamsnap.com/v3/team_media&quot;},{&quot;rel&quot;:&quot;team_medium_comments&quot;,&quot;href&quot;:&quot;https://api.teamsnap.com/v3/team_medium_comments&quot;},{&quot;rel&quot;:&quot;team_media_groups&quot;,&quot;href&quot;:&quot;https://api.teamsnap.com/v3/team_media_groups&quot;},{&quot;rel&quot;:&quot;team_paypal_preferences&quot;,&quot;href&quot;:&quot;https://api.teamsnap.com/v3/teams_paypal_preferences&quot;},{&quot;rel&quot;:&quot;team_photos&quot;,&quot;href&quot;:&quot;https://api.teamsnap.com/v3/team_photos&quot;},{&quot;rel&quot;:&quot;team_preferences&quot;,&quot;href&quot;:&quot;https://api.teamsnap.com/v3/teams_preferences&quot;},{&quot;rel&quot;:&quot;team_public_site&quot;,&quot;href&quot;:&quot;https://api.teamsnap.com/v3/team_public_sites&quot;},{&quot;rel&quot;:&quot;team_results&quot;,&quot;href&quot;:&quot;https://api.teamsnap.com/v3/teams_results&quot;},{&quot;rel&quot;:&quot;team_statistics&quot;,&quot;href&quot;:&quot;https://api.teamsnap.com/v3/team_statistics&quot;},{&quot;rel&quot;:&quot;tracked_item_statuses&quot;,&quot;href&quot;:&quot;https://api.teamsnap.com/v3/tracked_item_statuses&quot;},{&quot;rel&quot;:&quot;tracked_items&quot;,&quot;href&quot;:&quot;https://api.teamsnap.com/v3/tracked_items&quot;},{&quot;rel&quot;:&quot;root&quot;,&quot;href&quot;:&quot;https://api.teamsnap.com/v3/&quot;},{&quot;rel&quot;:&quot;self&quot;,&quot;href&quot;:&quot;https://api.teamsnap.com/v3/teams/search?division_id=219320&quot;}],&quot;href&quot;:&quot;https://api.teamsnap.com/v3/teams&quot;,&quot;version&quot;:&quot;3.518.0&quot;,&quot;queries&quot;:[{&quot;data&quot;:[{&quot;name&quot;:&quot;id&quot;,&quot;value&quot;:null},{&quot;name&quot;:&quot;team_id&quot;,&quot;value&quot;:null},{&quot;name&quot;:&quot;user_id&quot;,&quot;value&quot;:null},{&quot;name&quot;:&quot;division_id&quot;,&quot;value&quot;:null},{&quot;name&quot;:&quot;page_size&quot;,&quot;value&quot;:null,&quot;prompt&quot;:&quot;The number of items to return for each page. Sending this parameter with the query will enable paging for the returned collection.&quot;},{&quot;name&quot;:&quot;page_number&quot;,&quot;value&quot;:null,&quot;prompt&quot;:&quot;The number of the page to be returned. This requires that paging be turned on by also providing the page_size parameter.&quot;},{&quot;name&quot;:&quot;sort_name&quot;,&quot;value&quot;:null,&quot;prompt&quot;:&quot;Sort the returned dataset based on the name field, valid values are &apos;asc&apos; or &apos;desc&apos;.&quot;}],&quot;rel&quot;:&quot;search&quot;,&quot;href&quot;:&quot;https://api.teamsnap.com/v3/teams/search&quot;,&quot;sort&quot;:[&quot;name&quot;]},{&quot;data&quot;:[{&quot;name&quot;:&quot;sport_id&quot;,&quot;value&quot;:null}],&quot;rel&quot;:&quot;available_for_statistic_import&quot;,&quot;href&quot;:&quot;https://api.teamsnap.com/v3/teams/available_for_statistic_import&quot;,&quot;prompt&quot;:&quot;Finds all teams accessible to current user that have the provided sport_id and have at least one statistic to import&quot;},{&quot;data&quot;:[{&quot;name&quot;:&quot;user_id&quot;,&quot;value&quot;:null},{&quot;name&quot;:&quot;division_id&quot;,&quot;value&quot;:null}],&quot;rel&quot;:&quot;active_teams&quot;,&quot;href&quot;:&quot;https://api.teamsnap.com/v3/teams/active&quot;,&quot;prompt&quot;:&quot;Finds all active teams for a given user. Excludes archived seasons and retired teams.&quot;},{&quot;data&quot;:[{&quot;name&quot;:&quot;division_id&quot;,&quot;value&quot;:null},{&quot;name&quot;:&quot;user_id&quot;,&quot;value&quot;:null},{&quot;name&quot;:&quot;is_active&quot;,&quot;value&quot;:null},{&quot;name&quot;:&quot;is_commissioner&quot;,&quot;value&quot;:null},{&quot;name&quot;:&quot;page_size&quot;,&quot;value&quot;:null,&quot;prompt&quot;:&quot;The number of items to return for each page. Sending this parameter with the query will enable paging for the returned collection.&quot;},{&quot;name&quot;:&quot;page_number&quot;,&quot;value&quot;:null,&quot;prompt&quot;:&quot;The number of the page to be returned. This requires that paging be turned on by also providing the page_size parameter.&quot;}],&quot;rel&quot;:&quot;division_search&quot;,&quot;href&quot;:&quot;https://api.teamsnap.com/v3/teams/division_search&quot;,&quot;prompt&quot;:&quot;Search the teams on the division_id and its descendants or a commissioner&apos;s user_id.&quot;}],&quot;items&quot;:[{&quot;data&quot;:[{&quot;name&quot;:&quot;id&quot;,&quot;type&quot;:&quot;String&quot;,&quot;value&quot;:3239872},{&quot;name&quot;:&quot;type&quot;,&quot;type&quot;:&quot;String&quot;,&quot;value&quot;:&quot;team&quot;},{&quot;name&quot;:&quot;active_season_team_id&quot;,&quot;type&quot;:&quot;String&quot;,&quot;value&quot;:null},{&quot;name&quot;:&quot;division_name&quot;,&quot;type&quot;:&quot;String&quot;,&quot;value&quot;:&quot;U16&quot;},{&quot;name&quot;:&quot;division_id&quot;,&quot;type&quot;:&quot;String&quot;,&quot;value&quot;:219320},{&quot;name&quot;:&quot;is_archived_season&quot;,&quot;type&quot;:&quot;Boolean&quot;,&quot;value&quot;:false},{&quot;name&quot;:&quot;is_hidden_on_dashboard&quot;,&quot;type&quot;:&quot;Boolean&quot;,&quot;value&quot;:false},{&quot;name&quot;:&quot;is_retired&quot;,&quot;type&quot;:&quot;Boolean&quot;,&quot;value&quot;:false},{&quot;name&quot;:&quot;league_name&quot;,&quot;type&quot;:&quot;String&quot;,&quot;value&quot;:&quot;City of Ottawa Ringette Association - TEST&quot;},{&quot;name&quot;:&quot;league_url&quot;,&quot;type&quot;:&quot;String&quot;,&quot;value&quot;:null},{&quot;name&quot;:&quot;is_in_league&quot;,&quot;type&quot;:&quot;Boolean&quot;,&quot;value&quot;:true},{&quot;name&quot;:&quot;location_country&quot;,&quot;type&quot;:&quot;String&quot;,&quot;value&quot;:&quot;Canada&quot;},{&quot;name&quot;:&quot;location_postal_code&quot;,&quot;type&quot;:&quot;String&quot;,&quot;value&quot;:&quot;K1N 8G2&quot;},{&quot;name&quot;:&quot;location_latitude&quot;,&quot;type&quot;:&quot;String&quot;,&quot;value&quot;:null},{&quot;name&quot;:&quot;location_longitude&quot;,&quot;type&quot;:&quot;String&quot;,&quot;value&quot;:null},{&quot;name&quot;:&quot;location_state&quot;,&quot;type&quot;:&quot;String&quot;,&quot;value&quot;:null},{&quot;name&quot;:&quot;name&quot;,&quot;type&quot;:&quot;String&quot;,&quot;value&quot;:&quot;U16AA&quot;},{&quot;name&quot;:&quot;non_player_member_count&quot;,&quot;type&quot;:&quot;Integer&quot;,&quot;value&quot;:0},{&quot;name&quot;:&quot;plan_id&quot;,&quot;type&quot;:&quot;String&quot;,&quot;value&quot;:17},{&quot;name&quot;:&quot;player_member_count&quot;,&quot;type&quot;:&quot;Integer&quot;,&quot;value&quot;:1},{&quot;name&quot;:&quot;billed_at&quot;,&quot;type&quot;:&quot;DateTime&quot;,&quot;value&quot;:&quot;2017-07-24T21:01:01Z&quot;},{&quot;name&quot;:&quot;season_name&quot;,&quot;type&quot;:&quot;String&quot;,&quot;value&quot;:null},{&quot;name&quot;:&quot;sport_id&quot;,&quot;type&quot;:&quot;String&quot;,&quot;value&quot;:51},{&quot;name&quot;:&quot;time_zone&quot;,&quot;type&quot;:&quot;String&quot;,&quot;value&quot;:&quot;Eastern Time (US &amp; Canada)&quot;},{&quot;name&quot;:&quot;time_zone_description&quot;,&quot;type&quot;:&quot;String&quot;,&quot;value&quot;:&quot;Eastern Time (US &amp; Canada)&quot;},{&quot;name&quot;:&quot;time_zone_iana_name&quot;,&quot;type&quot;:&quot;String&quot;,&quot;value&quot;:&quot;America/New_York&quot;},{&quot;name&quot;:&quot;time_zone_offset&quot;,&quot;type&quot;:&quot;String&quot;,&quot;value&quot;:&quot;-05:00&quot;},{&quot;name&quot;:&quot;updated_at&quot;,&quot;type&quot;:&quot;DateTime&quot;,&quot;value&quot;:&quot;2017-07-24T21:01:01Z&quot;},{&quot;name&quot;:&quot;created_at&quot;,&quot;type&quot;:&quot;DateTime&quot;,&quot;value&quot;:&quot;2017-07-24T21:01:01Z&quot;},{&quot;name&quot;:&quot;has_reached_roster_limit&quot;,&quot;type&quot;:&quot;Boolean&quot;,&quot;value&quot;:false},{&quot;name&quot;:&quot;roster_limit&quot;,&quot;type&quot;:&quot;Integer&quot;,&quot;value&quot;:4000},{&quot;name&quot;:&quot;has_exportable_media&quot;,&quot;type&quot;:&quot;Boolean&quot;,&quot;value&quot;:false},{&quot;name&quot;:&quot;can_export_media&quot;,&quot;type&quot;:&quot;Boolean&quot;,&quot;value&quot;:false},{&quot;name&quot;:&quot;last_accessed_at&quot;,&quot;type&quot;:&quot;DateTime&quot;,&quot;value&quot;:null},{&quot;name&quot;:&quot;media_storage_used&quot;,&quot;type&quot;:&quot;Integer&quot;,&quot;value&quot;:0},{&quot;name&quot;:&quot;humanized_media_storage_used&quot;,&quot;type&quot;:&quot;String&quot;,&quot;value&quot;:&quot;0 B&quot;},{&quot;name&quot;:&quot;is_game_day&quot;,&quot;type&quot;:&quot;Boolean&quot;,&quot;value&quot;:false},{&quot;name&quot;:&quot;is_gateway_required_for_sms&quot;,&quot;type&quot;:&quot;Boolean&quot;,&quot;value&quot;:false}],&quot;rel&quot;:&quot;team-3239872&quot;,&quot;links&quot;:[{&quot;rel&quot;:&quot;assignments&quot;,&quot;href&quot;:&quot;https://api.teamsnap.com/v3/assignments/search?team_id=3239872&quot;},{&quot;rel&quot;:&quot;availabilities&quot;,&quot;href&quot;:&quot;https://api.teamsnap.com/v3/availabilities/search?team_id=3239872&quot;},{&quot;rel&quot;:&quot;broadcast_email_attachments&quot;,&quot;href&quot;:&quot;https://api.teamsnap.com/v3/broadcast_email_attachments/search?team_id=3239872&quot;},{&quot;rel&quot;:&quot;broadcast_emails&quot;,&quot;href&quot;:&quot;https://api.teamsnap.com/v3/broadcast_emails/search?team_id=3239872&quot;},{&quot;rel&quot;:&quot;broadcast_alerts&quot;,&quot;href&quot;:&quot;https://api.teamsnap.com/v3/broadcast_alerts/search?team_id=3239872&quot;},{&quot;rel&quot;:&quot;calendar_http&quot;,&quot;href&quot;:&quot;http://ical-cdn.teamsnap.com/team_schedule/83445e43-6957-46c1-a55e-737d5e8e72d9.ics&quot;},{&quot;rel&quot;:&quot;calendar_http_games_only&quot;,&quot;href&quot;:&quot;http://ical-cdn.teamsnap.com/team_schedule/filter/games/83445e43-6957-46c1-a55e-737d5e8e72d9.ics&quot;},{&quot;rel&quot;:&quot;calendar_webcal&quot;,&quot;href&quot;:&quot;webcal://ical-cdn.teamsnap.com/team_schedule/83445e43-6957-46c1-a55e-737d5e8e72d9.ics&quot;},{&quot;rel&quot;:&quot;calendar_webcal_games_only&quot;,&quot;href&quot;:&quot;webcal://ical-cdn.teamsnap.com/team_schedule/filter/games/83445e43-6957-46c1-a55e-737d5e8e72d9.ics&quot;},{&quot;rel&quot;:&quot;commissioners&quot;,&quot;href&quot;:&quot;https://api.teamsnap.com/v3/members/commissioners?team_id=3239872&quot;},{&quot;rel&quot;:&quot;contact_email_addresses&quot;,&quot;href&quot;:&quot;https://api.teamsnap.com/v3/contact_email_addresses/search?team_id=3239872&quot;},{&quot;rel&quot;:&quot;contact_phone_numbers&quot;,&quot;href&quot;:&quot;https://api.teamsnap.com/v3/contact_phone_numbers/search?team_id=3239872&quot;},{&quot;rel&quot;:&quot;contacts&quot;,&quot;href&quot;:&quot;https://api.teamsnap.com/v3/contacts/search?team_id=3239872&quot;},{&quot;rel&quot;:&quot;custom_data&quot;,&quot;href&quot;:&quot;https://api.teamsnap.com/v3/custom_data/search?team_id=3239872&quot;},{&quot;rel&quot;:&quot;custom_fields&quot;,&quot;href&quot;:&quot;https://api.teamsnap.com/v3/custom_fields/search?team_id=3239872&quot;},{&quot;rel&quot;:&quot;division_contact_email_addresses&quot;,&quot;href&quot;:&quot;https://api.teamsnap.com/v3/division_contact_email_addresses/search?team_id=3239872&quot;},{&quot;rel&quot;:&quot;division_contact_phone_numbers&quot;,&quot;href&quot;:&quot;https://api.teamsnap.com/v3/division_contact_phone_numbers/search?team_id=3239872&quot;},{&quot;rel&quot;:&quot;division_contacts&quot;,&quot;href&quot;:&quot;https://api.teamsnap.com/v3/division_contacts/search?team_id=3239872&quot;},{&quot;rel&quot;:&quot;division_locations&quot;,&quot;href&quot;:&quot;https://api.teamsnap.com/v3/division_locations/search?team_id=3239872&quot;},{&quot;rel&quot;:&quot;division_member_email_addresses&quot;,&quot;href&quot;:&quot;https://api.teamsnap.com/v3/division_member_email_addresses/search?team_id=3239872&quot;},{&quot;rel&quot;:&quot;division_member_phone_numbers&quot;,&quot;href&quot;:&quot;https://api.teamsnap.com/v3/division_member_phone_numbers/search?team_id=3239872&quot;},{&quot;rel&quot;:&quot;division_members&quot;,&quot;href&quot;:&quot;https://api.teamsnap.com/v3/division_members/search?team_id=3239872&quot;},{&quot;rel&quot;:&quot;division_members_preferences&quot;,&quot;href&quot;:&quot;https://api.teamsnap.com/v3/division_members_preferences/search?team_id=3239872&quot;},{&quot;rel&quot;:&quot;division_team_standings&quot;,&quot;href&quot;:&quot;https://api.teamsnap.com/v3/division_team_standings/search?team_id=3239872&quot;},{&quot;rel&quot;:&quot;forum_posts&quot;,&quot;href&quot;:&quot;https://api.teamsnap.com/v3/forum_posts/search?team_id=3239872&quot;},{&quot;rel&quot;:&quot;forum_subscriptions&quot;,&quot;href&quot;:&quot;https://api.teamsnap.com/v3/forum_subscriptions/search?team_id=3239872&quot;},{&quot;rel&quot;:&quot;forum_topics&quot;,&quot;href&quot;:&quot;https://api.teamsnap.com/v3/forum_topics/search?team_id=3239872&quot;},{&quot;rel&quot;:&quot;event_statistics&quot;,&quot;href&quot;:&quot;https://api.teamsnap.com/v3/event_statistics/search?team_id=3239872&quot;},{&quot;rel&quot;:&quot;events&quot;,&quot;href&quot;:&quot;https://api.teamsnap.com/v3/events/search?team_id=3239872&quot;},{&quot;rel&quot;:&quot;events_csv_export&quot;,&quot;href&quot;:&quot;https://api.teamsnap.com/v3/exports/events_csv?hs=hrlmu%252BPWmBMOcJ0wNwjMIzThPXSxjvhguwSl8xpV6zmLnLf9wEARQWv7LU3inIBJt0k8stzSyg3ulq6D1NJeltuhXyGcXGCLDMZrHM0xnKuwZTf4hR7TYjl6iHTqk%252Bv0X70BQGb8Z0SlZPocc%252BHL9Q%253D%253D&quot;},{&quot;rel&quot;:&quot;events_overview&quot;,&quot;href&quot;:&quot;https://api.teamsnap.com/v3/events/overview?team_id=3239872&quot;},{&quot;rel&quot;:&quot;league_custom_data&quot;,&quot;href&quot;:&quot;https://api.teamsnap.com/v3/league_custom_data/search?team_id=3239872&quot;},{&quot;rel&quot;:&quot;league_custom_fields&quot;,&quot;href&quot;:&quot;https://api.teamsnap.com/v3/league_custom_fields/search?team_id=3239872&quot;},{&quot;rel&quot;:&quot;league_registrant_documents&quot;,&quot;href&quot;:&quot;https://api.teamsnap.com/v3/league_registrant_documents/search?member_id=3239872&quot;},{&quot;rel&quot;:&quot;locations&quot;,&quot;href&quot;:&quot;https://api.teamsnap.com/v3/locations/search?team_id=3239872&quot;},{&quot;rel&quot;:&quot;managers&quot;,&quot;href&quot;:&quot;https://api.teamsnap.com/v3/members/managers?team_id=3239872&quot;},{&quot;rel&quot;:&quot;member_balances&quot;,&quot;href&quot;:&quot;https://api.teamsnap.com/v3/member_balances/search?team_id=3239872&quot;},{&quot;rel&quot;:&quot;member_email_addresses&quot;,&quot;href&quot;:&quot;https://api.teamsnap.com/v3/member_email_addresses/search?team_id=3239872&quot;},{&quot;rel&quot;:&quot;member_files&quot;,&quot;href&quot;:&quot;https://api.teamsnap.com/v3/member_files/search?team_id=3239872&quot;},{&quot;rel&quot;:&quot;member_links&quot;,&quot;href&quot;:&quot;https://api.teamsnap.com/v3/member_links/search?team_id=3239872&quot;},{&quot;rel&quot;:&quot;member_payments&quot;,&quot;href&quot;:&quot;https://api.teamsnap.com/v3/member_payments/search?team_id=3239872&quot;},{&quot;rel&quot;:&quot;member_phone_numbers&quot;,&quot;href&quot;:&quot;https://api.teamsnap.com/v3/member_phone_numbers/search?team_id=3239872&quot;},{&quot;rel&quot;:&quot;member_photos&quot;,&quot;href&quot;:&quot;https://api.teamsnap.com/v3/member_photos/search?team_id=3239872&quot;},{&quot;rel&quot;:&quot;member_statistics&quot;,&quot;href&quot;:&quot;https://api.teamsnap.com/v3/member_statistics/search?team_id=3239872&quot;},{&quot;rel&quot;:&quot;members&quot;,&quot;href&quot;:&quot;https://api.teamsnap.com/v3/members/search?team_id=3239872&quot;},{&quot;rel&quot;:&quot;members_csv_export&quot;,&quot;href&quot;:&quot;https://api.teamsnap.com/v3/exports/members_csv?hs=hrlmu%252BPWmBMOcJ0wNwjMIzThPXSxjvhguwSl8xpV6zmLnLf9wEARQWv7LU3inIBJt0k8stzSyg3ulq6D1NJeltuhXyGcXGCLDMZrHM0xnKuwZTf4hR7TYjl6iHTqk%252Bv0X70BQGb8Z0SlZPocc%252BHL9Q%253D%253D&quot;},{&quot;rel&quot;:&quot;members_preferences&quot;,&quot;href&quot;:&quot;https://api.teamsnap.com/v3/members_preferences/search?team_id=3239872&quot;},{&quot;rel&quot;:&quot;message_data&quot;,&quot;href&quot;:&quot;https://api.teamsnap.com/v3/message_data/search?team_id=3239872&quot;},{&quot;rel&quot;:&quot;messages&quot;,&quot;href&quot;:&quot;https://api.teamsnap.com/v3/messages/search?team_id=3239872&quot;},{&quot;rel&quot;:&quot;opponents&quot;,&quot;href&quot;:&quot;https://api.teamsnap.com/v3/opponents/search?team_id=3239872&quot;},{&quot;rel&quot;:&quot;opponents_results&quot;,&quot;href&quot;:&quot;https://api.teamsnap.com/v3/opponents_results/search?team_id=3239872&quot;},{&quot;rel&quot;:&quot;owner&quot;,&quot;href&quot;:&quot;https://api.teamsnap.com/v3/members/owner?team_id=3239872&quot;},{&quot;rel&quot;:&quot;payment_notes&quot;,&quot;href&quot;:&quot;https://api.teamsnap.com/v3/payment_notes/search?team_id=3239872&quot;},{&quot;rel&quot;:&quot;paypal_currency&quot;,&quot;href&quot;:&quot;https://api.teamsnap.com/v3/paypal_currencies/search?team_id=3239872&quot;},{&quot;rel&quot;:&quot;plan&quot;,&quot;href&quot;:&quot;https://api.teamsnap.com/v3/plans/17&quot;},{&quot;rel&quot;:&quot;sponsors&quot;,&quot;href&quot;:&quot;https://api.teamsnap.com/v3/sponsors/search?team_id=3239872&quot;},{&quot;rel&quot;:&quot;sport&quot;,&quot;href&quot;:&quot;https://api.teamsnap.com/v3/sports/51&quot;},{&quot;rel&quot;:&quot;statistics&quot;,&quot;href&quot;:&quot;https://api.teamsnap.com/v3/statistics/search?team_id=3239872&quot;},{&quot;rel&quot;:&quot;statistic_aggregates&quot;,&quot;href&quot;:&quot;https://api.teamsnap.com/v3/statistic_aggregates/search?team_id=3239872&quot;},{&quot;rel&quot;:&quot;statistic_data&quot;,&quot;href&quot;:&quot;https://api.teamsnap.com/v3/statistic_data/search?team_id=3239872&quot;},{&quot;rel&quot;:&quot;statistic_groups&quot;,&quot;href&quot;:&quot;https://api.teamsnap.com/v3/statistic_groups/search?team_id=3239872&quot;},{&quot;rel&quot;:&quot;team_fees&quot;,&quot;href&quot;:&quot;https://api.teamsnap.com/v3/team_fees/search?team_id=3239872&quot;},{&quot;rel&quot;:&quot;team_logo_photo_file&quot;,&quot;href&quot;:&quot;https://api.teamsnap.com/v3/photo_files/sport_logo/51-0&quot;},{&quot;rel&quot;:&quot;team_media&quot;,&quot;href&quot;:&quot;https://api.teamsnap.com/v3/team_media/search?team_id=3239872&quot;},{&quot;rel&quot;:&quot;team_medium_comments&quot;,&quot;href&quot;:&quot;https://api.teamsnap.com/v3/team_medium_comments/search?team_id=3239872&quot;},{&quot;rel&quot;:&quot;team_media_groups&quot;,&quot;href&quot;:&quot;https://api.teamsnap.com/v3/team_media_groups/search?team_id=3239872&quot;},{&quot;rel&quot;:&quot;team_paypal_preferences&quot;,&quot;href&quot;:&quot;https://api.teamsnap.com/v3/teams_paypal_preferences/3239872&quot;},{&quot;rel&quot;:&quot;team_photos&quot;,&quot;href&quot;:&quot;https://api.teamsnap.com/v3/team_photos/search&quot;},{&quot;rel&quot;:&quot;team_preferences&quot;,&quot;href&quot;:&quot;https://api.teamsnap.com/v3/teams_preferences/3239872&quot;},{&quot;rel&quot;:&quot;team_public_site&quot;,&quot;href&quot;:&quot;https://api.teamsnap.com/v3/team_public_sites/3239872&quot;},{&quot;rel&quot;:&quot;team_results&quot;,&quot;href&quot;:&quot;https://api.teamsnap.com/v3/teams_results/3239872&quot;},{&quot;rel&quot;:&quot;team_statistics&quot;,&quot;href&quot;:&quot;https://api.teamsnap.com/v3/team_statistics/search?team_id=3239872&quot;},{&quot;rel&quot;:&quot;tracked_item_statuses&quot;,&quot;href&quot;:&quot;https://api.teamsnap.com/v3/tracked_item_statuses/search?team_id=3239872&quot;},{&quot;rel&quot;:&quot;tracked_items&quot;,&quot;href&quot;:&quot;https://api.teamsnap.com/v3/tracked_items/search?team_id=3239872&quot;}],&quot;href&quot;:&quot;https://api.teamsnap.com/v3/teams/3239872&quot;},{&quot;data&quot;:[{&quot;name&quot;:&quot;id&quot;,&quot;type&quot;:&quot;String&quot;,&quot;value&quot;:3239874},{&quot;name&quot;:&quot;type&quot;,&quot;type&quot;:&quot;String&quot;,&quot;value&quot;:&quot;team&quot;},{&quot;name&quot;:&quot;active_season_team_id&quot;,&quot;type&quot;:&quot;String&quot;,&quot;value&quot;:null},{&quot;name&quot;:&quot;division_name&quot;,&quot;type&quot;:&quot;String&quot;,&quot;value&quot;:&quot;U16&quot;},{&quot;name&quot;:&quot;division_id&quot;,&quot;type&quot;:&quot;String&quot;,&quot;value&quot;:219320},{&quot;name&quot;:&quot;is_archived_season&quot;,&quot;type&quot;:&quot;Boolean&quot;,&quot;value&quot;:false},{&quot;name&quot;:&quot;is_hidden_on_dashboard&quot;,&quot;type&quot;:&quot;Boolean&quot;,&quot;value&quot;:false},{&quot;name&quot;:&quot;is_retired&quot;,&quot;type&quot;:&quot;Boolean&quot;,&quot;value&quot;:false},{&quot;name&quot;:&quot;league_name&quot;,&quot;type&quot;:&quot;String&quot;,&quot;value&quot;:&quot;City of Ottawa Ringette Association - TEST&quot;},{&quot;name&quot;:&quot;league_url&quot;,&quot;type&quot;:&quot;String&quot;,&quot;value&quot;:null},{&quot;name&quot;:&quot;is_in_league&quot;,&quot;type&quot;:&quot;Boolean&quot;,&quot;value&quot;:true},{&quot;name&quot;:&quot;location_country&quot;,&quot;type&quot;:&quot;String&quot;,&quot;value&quot;:&quot;Canada&quot;},{&quot;name&quot;:&quot;location_postal_code&quot;,&quot;type&quot;:&quot;String&quot;,&quot;value&quot;:&quot;K1N 8G2&quot;},{&quot;name&quot;:&quot;location_latitude&quot;,&quot;type&quot;:&quot;String&quot;,&quot;value&quot;:null},{&quot;name&quot;:&quot;location_longitude&quot;,&quot;type&quot;:&quot;String&quot;,&quot;value&quot;:null},{&quot;name&quot;:&quot;location_state&quot;,&quot;type&quot;:&quot;String&quot;,&quot;value&quot;:null},{&quot;name&quot;:&quot;name&quot;,&quot;type&quot;:&quot;String&quot;,&quot;value&quot;:&quot;U16A&quot;},{&quot;name&quot;:&quot;non_player_member_count&quot;,&quot;type&quot;:&quot;Integer&quot;,&quot;value&quot;:0},{&quot;name&quot;:&quot;plan_id&quot;,&quot;type&quot;:&quot;String&quot;,&quot;value&quot;:17},{&quot;name&quot;:&quot;player_member_count&quot;,&quot;type&quot;:&quot;Integer&quot;,&quot;value&quot;:0},{&quot;name&quot;:&quot;billed_at&quot;,&quot;type&quot;:&quot;DateTime&quot;,&quot;value&quot;:&quot;2017-07-24T21:01:01Z&quot;},{&quot;name&quot;:&quot;season_name&quot;,&quot;type&quot;:&quot;String&quot;,&quot;value&quot;:null},{&quot;name&quot;:&quot;sport_id&quot;,&quot;type&quot;:&quot;String&quot;,&quot;value&quot;:51},{&quot;name&quot;:&quot;time_zone&quot;,&quot;type&quot;:&quot;String&quot;,&quot;value&quot;:&quot;Eastern Time (US &amp; Canada)&quot;},{&quot;name&quot;:&quot;time_zone_description&quot;,&quot;type&quot;:&quot;String&quot;,&quot;value&quot;:&quot;Eastern Time (US &amp; Canada)&quot;},{&quot;name&quot;:&quot;time_zone_iana_name&quot;,&quot;type&quot;:&quot;String&quot;,&quot;value&quot;:&quot;America/New_York&quot;},{&quot;name&quot;:&quot;time_zone_offset&quot;,&quot;type&quot;:&quot;String&quot;,&quot;value&quot;:&quot;-05:00&quot;},{&quot;name&quot;:&quot;updated_at&quot;,&quot;type&quot;:&quot;DateTime&quot;,&quot;value&quot;:&quot;2017-07-24T21:01:01Z&quot;},{&quot;name&quot;:&quot;created_at&quot;,&quot;type&quot;:&quot;DateTime&quot;,&quot;value&quot;:&quot;2017-07-24T21:01:01Z&quot;},{&quot;name&quot;:&quot;has_reached_roster_limit&quot;,&quot;type&quot;:&quot;Boolean&quot;,&quot;value&quot;:false},{&quot;name&quot;:&quot;roster_limit&quot;,&quot;type&quot;:&quot;Integer&quot;,&quot;value&quot;:4000},{&quot;name&quot;:&quot;has_exportable_media&quot;,&quot;type&quot;:&quot;Boolean&quot;,&quot;value&quot;:false},{&quot;name&quot;:&quot;can_export_media&quot;,&quot;type&quot;:&quot;Boolean&quot;,&quot;value&quot;:false},{&quot;name&quot;:&quot;last_accessed_at&quot;,&quot;type&quot;:&quot;DateTime&quot;,&quot;value&quot;:null},{&quot;name&quot;:&quot;media_storage_used&quot;,&quot;type&quot;:&quot;Integer&quot;,&quot;value&quot;:0},{&quot;name&quot;:&quot;humanized_media_storage_used&quot;,&quot;type&quot;:&quot;String&quot;,&quot;value&quot;:&quot;0 B&quot;},{&quot;name&quot;:&quot;is_game_day&quot;,&quot;type&quot;:&quot;Boolean&quot;,&quot;value&quot;:false},{&quot;name&quot;:&quot;is_gateway_required_for_sms&quot;,&quot;type&quot;:&quot;Boolean&quot;,&quot;value&quot;:false}],&quot;rel&quot;:&quot;team-3239874&quot;,&quot;links&quot;:[{&quot;rel&quot;:&quot;assignments&quot;,&quot;href&quot;:&quot;https://api.teamsnap.com/v3/assignments/search?team_id=3239874&quot;},{&quot;rel&quot;:&quot;availabilities&quot;,&quot;href&quot;:&quot;https://api.teamsnap.com/v3/availabilities/search?team_id=3239874&quot;},{&quot;rel&quot;:&quot;broadcast_email_attachments&quot;,&quot;href&quot;:&quot;https://api.teamsnap.com/v3/broadcast_email_attachments/search?team_id=3239874&quot;},{&quot;rel&quot;:&quot;broadcast_emails&quot;,&quot;href&quot;:&quot;https://api.teamsnap.com/v3/broadcast_emails/search?team_id=3239874&quot;},{&quot;rel&quot;:&quot;broadcast_alerts&quot;,&quot;href&quot;:&quot;https://api.teamsnap.com/v3/broadcast_alerts/search?team_id=3239874&quot;},{&quot;rel&quot;:&quot;calendar_http&quot;,&quot;href&quot;:&quot;http://ical-cdn.teamsnap.com/team_schedule/6e7bc9a7-0294-4170-aa49-127a93e54242.ics&quot;},{&quot;rel&quot;:&quot;calendar_http_games_only&quot;,&quot;href&quot;:&quot;http://ical-cdn.teamsnap.com/team_schedule/filter/games/6e7bc9a7-0294-4170-aa49-127a93e54242.ics&quot;},{&quot;rel&quot;:&quot;calendar_webcal&quot;,&quot;href&quot;:&quot;webcal://ical-cdn.teamsnap.com/team_schedule/6e7bc9a7-0294-4170-aa49-127a93e54242.ics&quot;},{&quot;rel&quot;:&quot;calendar_webcal_games_only&quot;,&quot;href&quot;:&quot;webcal://ical-cdn.teamsnap.com/team_schedule/filter/games/6e7bc9a7-0294-4170-aa49-127a93e54242.ics&quot;},{&quot;rel&quot;:&quot;commissioners&quot;,&quot;href&quot;:&quot;https://api.teamsnap.com/v3/members/commissioners?team_id=3239874&quot;},{&quot;rel&quot;:&quot;contact_email_addresses&quot;,&quot;href&quot;:&quot;https://api.teamsnap.com/v3/contact_email_addresses/search?team_id=3239874&quot;},{&quot;rel&quot;:&quot;contact_phone_numbers&quot;,&quot;href&quot;:&quot;https://api.teamsnap.com/v3/contact_phone_numbers/search?team_id=3239874&quot;},{&quot;rel&quot;:&quot;contacts&quot;,&quot;href&quot;:&quot;https://api.teamsnap.com/v3/contacts/search?team_id=3239874&quot;},{&quot;rel&quot;:&quot;custom_data&quot;,&quot;href&quot;:&quot;https://api.teamsnap.com/v3/custom_data/search?team_id=3239874&quot;},{&quot;rel&quot;:&quot;custom_fields&quot;,&quot;href&quot;:&quot;https://api.teamsnap.com/v3/custom_fields/search?team_id=3239874&quot;},{&quot;rel&quot;:&quot;division_contact_email_addresses&quot;,&quot;href&quot;:&quot;https://api.teamsnap.com/v3/division_contact_email_addresses/search?team_id=3239874&quot;},{&quot;rel&quot;:&quot;division_contact_phone_numbers&quot;,&quot;href&quot;:&quot;https://api.teamsnap.com/v3/division_contact_phone_numbers/search?team_id=3239874&quot;},{&quot;rel&quot;:&quot;division_contacts&quot;,&quot;href&quot;:&quot;https://api.teamsnap.com/v3/division_contacts/search?team_id=3239874&quot;},{&quot;rel&quot;:&quot;division_locations&quot;,&quot;href&quot;:&quot;https://api.teamsnap.com/v3/division_locations/search?team_id=3239874&quot;},{&quot;rel&quot;:&quot;division_member_email_addresses&quot;,&quot;href&quot;:&quot;https://api.teamsnap.com/v3/division_member_email_addresses/search?team_id=3239874&quot;},{&quot;rel&quot;:&quot;division_member_phone_numbers&quot;,&quot;href&quot;:&quot;https://api.teamsnap.com/v3/division_member_phone_numbers/search?team_id=3239874&quot;},{&quot;rel&quot;:&quot;division_members&quot;,&quot;href&quot;:&quot;https://api.teamsnap.com/v3/division_members/search?team_id=3239874&quot;},{&quot;rel&quot;:&quot;division_members_preferences&quot;,&quot;href&quot;:&quot;https://api.teamsnap.com/v3/division_members_preferences/search?team_id=3239874&quot;},{&quot;rel&quot;:&quot;division_team_standings&quot;,&quot;href&quot;:&quot;https://api.teamsnap.com/v3/division_team_standings/search?team_id=3239874&quot;},{&quot;rel&quot;:&quot;forum_posts&quot;,&quot;href&quot;:&quot;https://api.teamsnap.com/v3/forum_posts/search?team_id=3239874&quot;},{&quot;rel&quot;:&quot;forum_subscriptions&quot;,&quot;href&quot;:&quot;https://api.teamsnap.com/v3/forum_subscriptions/search?team_id=3239874&quot;},{&quot;rel&quot;:&quot;forum_topics&quot;,&quot;href&quot;:&quot;https://api.teamsnap.com/v3/forum_topics/search?team_id=3239874&quot;},{&quot;rel&quot;:&quot;event_statistics&quot;,&quot;href&quot;:&quot;https://api.teamsnap.com/v3/event_statistics/search?team_id=3239874&quot;},{&quot;rel&quot;:&quot;events&quot;,&quot;href&quot;:&quot;https://api.teamsnap.com/v3/events/search?team_id=3239874&quot;},{&quot;rel&quot;:&quot;events_csv_export&quot;,&quot;href&quot;:&quot;https://api.teamsnap.com/v3/exports/events_csv?hs=hrlmu%252BPWmBMOcJ0wNwjMI%252Fcjig1UYoYWU%252FE%252BqlUvpYBS92fclxmOXbMjL1yDuYBY2qpbejfs8Ywuy2yIR7rjMWBQy1BrcTQhlzNzsOvx0sFNa%252BKYPpnnGmFNzVPW7dtVhhHt%252BUtl9weLyqS5mFKDjw%253D%253D&quot;},{&quot;rel&quot;:&quot;events_overview&quot;,&quot;href&quot;:&quot;https://api.teamsnap.com/v3/events/overview?team_id=3239874&quot;},{&quot;rel&quot;:&quot;league_custom_data&quot;,&quot;href&quot;:&quot;https://api.teamsnap.com/v3/league_custom_data/search?team_id=3239874&quot;},{&quot;rel&quot;:&quot;league_custom_fields&quot;,&quot;href&quot;:&quot;https://api.teamsnap.com/v3/league_custom_fields/search?team_id=3239874&quot;},{&quot;rel&quot;:&quot;league_registrant_documents&quot;,&quot;href&quot;:&quot;https://api.teamsnap.com/v3/league_registrant_documents/search?member_id=3239874&quot;},{&quot;rel&quot;:&quot;locations&quot;,&quot;href&quot;:&quot;https://api.teamsnap.com/v3/locations/search?team_id=3239874&quot;},{&quot;rel&quot;:&quot;managers&quot;,&quot;href&quot;:&quot;https://api.teamsnap.com/v3/members/managers?team_id=3239874&quot;},{&quot;rel&quot;:&quot;member_balances&quot;,&quot;href&quot;:&quot;https://api.teamsnap.com/v3/member_balances/search?team_id=3239874&quot;},{&quot;rel&quot;:&quot;member_email_addresses&quot;,&quot;href&quot;:&quot;https://api.teamsnap.com/v3/member_email_addresses/search?team_id=3239874&quot;},{&quot;rel&quot;:&quot;member_files&quot;,&quot;href&quot;:&quot;https://api.teamsnap.com/v3/member_files/search?team_id=3239874&quot;},{&quot;rel&quot;:&quot;member_links&quot;,&quot;href&quot;:&quot;https://api.teamsnap.com/v3/member_links/search?team_id=3239874&quot;},{&quot;rel&quot;:&quot;member_payments&quot;,&quot;href&quot;:&quot;https://api.teamsnap.com/v3/member_payments/search?team_id=3239874&quot;},{&quot;rel&quot;:&quot;member_phone_numbers&quot;,&quot;href&quot;:&quot;https://api.teamsnap.com/v3/member_phone_numbers/search?team_id=3239874&quot;},{&quot;rel&quot;:&quot;member_photos&quot;,&quot;href&quot;:&quot;https://api.teamsnap.com/v3/member_photos/search?team_id=3239874&quot;},{&quot;rel&quot;:&quot;member_statistics&quot;,&quot;href&quot;:&quot;https://api.teamsnap.com/v3/member_statistics/search?team_id=3239874&quot;},{&quot;rel&quot;:&quot;members&quot;,&quot;href&quot;:&quot;https://api.teamsnap.com/v3/members/search?team_id=3239874&quot;},{&quot;rel&quot;:&quot;members_csv_export&quot;,&quot;href&quot;:&quot;https://api.teamsnap.com/v3/exports/members_csv?hs=hrlmu%252BPWmBMOcJ0wNwjMI%252Fcjig1UYoYWU%252FE%252BqlUvpYBS92fclxmOXbMjL1yDuYBY2qpbejfs8Ywuy2yIR7rjMWBQy1BrcTQhlzNzsOvx0sFNa%252BKYPpnnGmFNzVPW7dtVhhHt%252BUtl9weLyqS5mFKDjw%253D%253D&quot;},{&quot;rel&quot;:&quot;members_preferences&quot;,&quot;href&quot;:&quot;https://api.teamsnap.com/v3/members_preferences/search?team_id=3239874&quot;},{&quot;rel&quot;:&quot;message_data&quot;,&quot;href&quot;:&quot;https://api.teamsnap.com/v3/message_data/search?team_id=3239874&quot;},{&quot;rel&quot;:&quot;messages&quot;,&quot;href&quot;:&quot;https://api.teamsnap.com/v3/messages/search?team_id=3239874&quot;},{&quot;rel&quot;:&quot;opponents&quot;,&quot;href&quot;:&quot;https://api.teamsnap.com/v3/opponents/search?team_id=3239874&quot;},{&quot;rel&quot;:&quot;opponents_results&quot;,&quot;href&quot;:&quot;https://api.teamsnap.com/v3/opponents_results/search?team_id=3239874&quot;},{&quot;rel&quot;:&quot;owner&quot;,&quot;href&quot;:&quot;https://api.teamsnap.com/v3/members/owner?team_id=3239874&quot;},{&quot;rel&quot;:&quot;payment_notes&quot;,&quot;href&quot;:&quot;https://api.teamsnap.com/v3/payment_notes/search?team_id=3239874&quot;},{&quot;rel&quot;:&quot;paypal_currency&quot;,&quot;href&quot;:&quot;https://api.teamsnap.com/v3/paypal_currencies/search?team_id=3239874&quot;},{&quot;rel&quot;:&quot;plan&quot;,&quot;href&quot;:&quot;https://api.teamsnap.com/v3/plans/17&quot;},{&quot;rel&quot;:&quot;sponsors&quot;,&quot;href&quot;:&quot;https://api.teamsnap.com/v3/sponsors/search?team_id=3239874&quot;},{&quot;rel&quot;:&quot;sport&quot;,&quot;href&quot;:&quot;https://api.teamsnap.com/v3/sports/51&quot;},{&quot;rel&quot;:&quot;statistics&quot;,&quot;href&quot;:&quot;https://api.teamsnap.com/v3/statistics/search?team_id=3239874&quot;},{&quot;rel&quot;:&quot;statistic_aggregates&quot;,&quot;href&quot;:&quot;https://api.teamsnap.com/v3/statistic_aggregates/search?team_id=3239874&quot;},{&quot;rel&quot;:&quot;statistic_data&quot;,&quot;href&quot;:&quot;https://api.teamsnap.com/v3/statistic_data/search?team_id=3239874&quot;},{&quot;rel&quot;:&quot;statistic_groups&quot;,&quot;href&quot;:&quot;https://api.teamsnap.com/v3/statistic_groups/search?team_id=3239874&quot;},{&quot;rel&quot;:&quot;team_fees&quot;,&quot;href&quot;:&quot;https://api.teamsnap.com/v3/team_fees/search?team_id=3239874&quot;},{&quot;rel&quot;:&quot;team_logo_photo_file&quot;,&quot;href&quot;:&quot;https://api.teamsnap.com/v3/photo_files/sport_logo/51-0&quot;},{&quot;rel&quot;:&quot;team_media&quot;,&quot;href&quot;:&quot;https://api.teamsnap.com/v3/team_media/search?team_id=3239874&quot;},{&quot;rel&quot;:&quot;team_medium_comments&quot;,&quot;href&quot;:&quot;https://api.teamsnap.com/v3/team_medium_comments/search?team_id=3239874&quot;},{&quot;rel&quot;:&quot;team_media_groups&quot;,&quot;href&quot;:&quot;https://api.teamsnap.com/v3/team_media_groups/search?team_id=3239874&quot;},{&quot;rel&quot;:&quot;team_paypal_preferences&quot;,&quot;href&quot;:&quot;https://api.teamsnap.com/v3/teams_paypal_preferences/3239874&quot;},{&quot;rel&quot;:&quot;team_photos&quot;,&quot;href&quot;:&quot;https://api.teamsnap.com/v3/team_photos/search&quot;},{&quot;rel&quot;:&quot;team_preferences&quot;,&quot;href&quot;:&quot;https://api.teamsnap.com/v3/teams_preferences/3239874&quot;},{&quot;rel&quot;:&quot;team_public_site&quot;,&quot;href&quot;:&quot;https://api.teamsnap.com/v3/team_public_sites/3239874&quot;},{&quot;rel&quot;:&quot;team_results&quot;,&quot;href&quot;:&quot;https://api.teamsnap.com/v3/teams_results/3239874&quot;},{&quot;rel&quot;:&quot;team_statistics&quot;,&quot;href&quot;:&quot;https://api.teamsnap.com/v3/team_statistics/search?team_id=3239874&quot;},{&quot;rel&quot;:&quot;tracked_item_statuses&quot;,&quot;href&quot;:&quot;https://api.teamsnap.com/v3/tracked_item_statuses/search?team_id=3239874&quot;},{&quot;rel&quot;:&quot;tracked_items&quot;,&quot;href&quot;:&quot;https://api.teamsnap.com/v3/tracked_items/search?team_id=3239874&quot;}],&quot;href&quot;:&quot;https://api.teamsnap.com/v3/teams/3239874&quot;},{&quot;data&quot;:[{&quot;name&quot;:&quot;id&quot;,&quot;type&quot;:&quot;String&quot;,&quot;value&quot;:3239875},{&quot;name&quot;:&quot;type&quot;,&quot;type&quot;:&quot;String&quot;,&quot;value&quot;:&quot;team&quot;},{&quot;name&quot;:&quot;active_season_team_id&quot;,&quot;type&quot;:&quot;String&quot;,&quot;value&quot;:null},{&quot;name&quot;:&quot;division_name&quot;,&quot;type&quot;:&quot;String&quot;,&quot;value&quot;:&quot;U16&quot;},{&quot;name&quot;:&quot;division_id&quot;,&quot;type&quot;:&quot;String&quot;,&quot;value&quot;:219320},{&quot;name&quot;:&quot;is_archived_season&quot;,&quot;type&quot;:&quot;Boolean&quot;,&quot;value&quot;:false},{&quot;name&quot;:&quot;is_hidden_on_dashboard&quot;,&quot;type&quot;:&quot;Boolean&quot;,&quot;value&quot;:false},{&quot;name&quot;:&quot;is_retired&quot;,&quot;type&quot;:&quot;Boolean&quot;,&quot;value&quot;:false},{&quot;name&quot;:&quot;league_name&quot;,&quot;type&quot;:&quot;String&quot;,&quot;value&quot;:&quot;City of Ottawa Ringette Association - TEST&quot;},{&quot;name&quot;:&quot;league_url&quot;,&quot;type&quot;:&quot;String&quot;,&quot;value&quot;:null},{&quot;name&quot;:&quot;is_in_league&quot;,&quot;type&quot;:&quot;Boolean&quot;,&quot;value&quot;:true},{&quot;name&quot;:&quot;location_country&quot;,&quot;type&quot;:&quot;String&quot;,&quot;value&quot;:&quot;Canada&quot;},{&quot;name&quot;:&quot;location_postal_code&quot;,&quot;type&quot;:&quot;String&quot;,&quot;value&quot;:&quot;K1N 8G2&quot;},{&quot;name&quot;:&quot;location_latitude&quot;,&quot;type&quot;:&quot;String&quot;,&quot;value&quot;:null},{&quot;name&quot;:&quot;location_longitude&quot;,&quot;type&quot;:&quot;String&quot;,&quot;value&quot;:null},{&quot;name&quot;:&quot;location_state&quot;,&quot;type&quot;:&quot;String&quot;,&quot;value&quot;:null},{&quot;name&quot;:&quot;name&quot;,&quot;type&quot;:&quot;String&quot;,&quot;value&quot;:&quot;U16B&quot;},{&quot;name&quot;:&quot;non_player_member_count&quot;,&quot;type&quot;:&quot;Integer&quot;,&quot;value&quot;:0},{&quot;name&quot;:&quot;plan_id&quot;,&quot;type&quot;:&quot;String&quot;,&quot;value&quot;:17},{&quot;name&quot;:&quot;player_member_count&quot;,&quot;type&quot;:&quot;Integer&quot;,&quot;value&quot;:0},{&quot;name&quot;:&quot;billed_at&quot;,&quot;type&quot;:&quot;DateTime&quot;,&quot;value&quot;:&quot;2017-07-24T21:01:02Z&quot;},{&quot;name&quot;:&quot;season_name&quot;,&quot;type&quot;:&quot;String&quot;,&quot;value&quot;:null},{&quot;name&quot;:&quot;sport_id&quot;,&quot;type&quot;:&quot;String&quot;,&quot;value&quot;:51},{&quot;name&quot;:&quot;time_zone&quot;,&quot;type&quot;:&quot;String&quot;,&quot;value&quot;:&quot;Eastern Time (US &amp; Canada)&quot;},{&quot;name&quot;:&quot;time_zone_description&quot;,&quot;type&quot;:&quot;String&quot;,&quot;value&quot;:&quot;Eastern Time (US &amp; Canada)&quot;},{&quot;name&quot;:&quot;time_zone_iana_name&quot;,&quot;type&quot;:&quot;String&quot;,&quot;value&quot;:&quot;America/New_York&quot;},{&quot;name&quot;:&quot;time_zone_offset&quot;,&quot;type&quot;:&quot;String&quot;,&quot;value&quot;:&quot;-05:00&quot;},{&quot;name&quot;:&quot;updated_at&quot;,&quot;type&quot;:&quot;DateTime&quot;,&quot;value&quot;:&quot;2017-07-24T21:01:02Z&quot;},{&quot;name&quot;:&quot;created_at&quot;,&quot;type&quot;:&quot;DateTime&quot;,&quot;value&quot;:&quot;2017-07-24T21:01:02Z&quot;},{&quot;name&quot;:&quot;has_reached_roster_limit&quot;,&quot;type&quot;:&quot;Boolean&quot;,&quot;value&quot;:false},{&quot;name&quot;:&quot;roster_limit&quot;,&quot;type&quot;:&quot;Integer&quot;,&quot;value&quot;:4000},{&quot;name&quot;:&quot;has_exportable_media&quot;,&quot;type&quot;:&quot;Boolean&quot;,&quot;value&quot;:false},{&quot;name&quot;:&quot;can_export_media&quot;,&quot;type&quot;:&quot;Boolean&quot;,&quot;value&quot;:false},{&quot;name&quot;:&quot;last_accessed_at&quot;,&quot;type&quot;:&quot;DateTime&quot;,&quot;value&quot;:null},{&quot;name&quot;:&quot;media_storage_used&quot;,&quot;type&quot;:&quot;Integer&quot;,&quot;value&quot;:0},{&quot;name&quot;:&quot;humanized_media_storage_used&quot;,&quot;type&quot;:&quot;String&quot;,&quot;value&quot;:&quot;0 B&quot;},{&quot;name&quot;:&quot;is_game_day&quot;,&quot;type&quot;:&quot;Boolean&quot;,&quot;value&quot;:false},{&quot;name&quot;:&quot;is_gateway_required_for_sms&quot;,&quot;type&quot;:&quot;Boolean&quot;,&quot;value&quot;:false}],&quot;rel&quot;:&quot;team-3239875&quot;,&quot;links&quot;:[{&quot;rel&quot;:&quot;assignments&quot;,&quot;href&quot;:&quot;https://api.teamsnap.com/v3/assignments/search?team_id=3239875&quot;},{&quot;rel&quot;:&quot;availabilities&quot;,&quot;href&quot;:&quot;https://api.teamsnap.com/v3/availabilities/search?team_id=3239875&quot;},{&quot;rel&quot;:&quot;broadcast_email_attachments&quot;,&quot;href&quot;:&quot;https://api.teamsnap.com/v3/broadcast_email_attachments/search?team_id=3239875&quot;},{&quot;rel&quot;:&quot;broadcast_emails&quot;,&quot;href&quot;:&quot;https://api.teamsnap.com/v3/broadcast_emails/search?team_id=3239875&quot;},{&quot;rel&quot;:&quot;broadcast_alerts&quot;,&quot;href&quot;:&quot;https://api.teamsnap.com/v3/broadcast_alerts/search?team_id=3239875&quot;},{&quot;rel&quot;:&quot;calendar_http&quot;,&quot;href&quot;:&quot;http://ical-cdn.teamsnap.com/team_schedule/4c0d392e-5f61-4ae7-bc4c-bb74a0ea2975.ics&quot;},{&quot;rel&quot;:&quot;calendar_http_games_only&quot;,&quot;href&quot;:&quot;http://ical-cdn.teamsnap.com/team_schedule/filter/games/4c0d392e-5f61-4ae7-bc4c-bb74a0ea2975.ics&quot;},{&quot;rel&quot;:&quot;calendar_webcal&quot;,&quot;href&quot;:&quot;webcal://ical-cdn.teamsnap.com/team_schedule/4c0d392e-5f61-4ae7-bc4c-bb74a0ea2975.ics&quot;},{&quot;rel&quot;:&quot;calendar_webcal_games_only&quot;,&quot;href&quot;:&quot;webcal://ical-cdn.teamsnap.com/team_schedule/filter/games/4c0d392e-5f61-4ae7-bc4c-bb74a0ea2975.ics&quot;},{&quot;rel&quot;:&quot;commissioners&quot;,&quot;href&quot;:&quot;https://api.teamsnap.com/v3/members/commissioners?team_id=3239875&quot;},{&quot;rel&quot;:&quot;contact_email_addresses&quot;,&quot;href&quot;:&quot;https://api.teamsnap.com/v3/contact_email_addresses/search?team_id=3239875&quot;},{&quot;rel&quot;:&quot;contact_phone_numbers&quot;,&quot;href&quot;:&quot;https://api.teamsnap.com/v3/contact_phone_numbers/search?team_id=3239875&quot;},{&quot;rel&quot;:&quot;contacts&quot;,&quot;href&quot;:&quot;https://api.teamsnap.com/v3/contacts/search?team_id=3239875&quot;},{&quot;rel&quot;:&quot;custom_data&quot;,&quot;href&quot;:&quot;https://api.teamsnap.com/v3/custom_data/search?team_id=3239875&quot;},{&quot;rel&quot;:&quot;custom_fields&quot;,&quot;href&quot;:&quot;https://api.teamsnap.com/v3/custom_fields/search?team_id=3239875&quot;},{&quot;rel&quot;:&quot;division_contact_email_addresses&quot;,&quot;href&quot;:&quot;https://api.teamsnap.com/v3/division_contact_email_addresses/search?team_id=3239875&quot;},{&quot;rel&quot;:&quot;division_contact_phone_numbers&quot;,&quot;href&quot;:&quot;https://api.teamsnap.com/v3/division_contact_phone_numbers/search?team_id=3239875&quot;},{&quot;rel&quot;:&quot;division_contacts&quot;,&quot;href&quot;:&quot;https://api.teamsnap.com/v3/division_contacts/search?team_id=3239875&quot;},{&quot;rel&quot;:&quot;division_locations&quot;,&quot;href&quot;:&quot;https://api.teamsnap.com/v3/division_locations/search?team_id=3239875&quot;},{&quot;rel&quot;:&quot;division_member_email_addresses&quot;,&quot;href&quot;:&quot;https://api.teamsnap.com/v3/division_member_email_addresses/search?team_id=3239875&quot;},{&quot;rel&quot;:&quot;division_member_phone_numbers&quot;,&quot;href&quot;:&quot;https://api.teamsnap.com/v3/division_member_phone_numbers/search?team_id=3239875&quot;},{&quot;rel&quot;:&quot;division_members&quot;,&quot;href&quot;:&quot;https://api.teamsnap.com/v3/division_members/search?team_id=3239875&quot;},{&quot;rel&quot;:&quot;division_members_preferences&quot;,&quot;href&quot;:&quot;https://api.teamsnap.com/v3/division_members_preferences/search?team_id=3239875&quot;},{&quot;rel&quot;:&quot;division_team_standings&quot;,&quot;href&quot;:&quot;https://api.teamsnap.com/v3/division_team_standings/search?team_id=3239875&quot;},{&quot;rel&quot;:&quot;forum_posts&quot;,&quot;href&quot;:&quot;https://api.teamsnap.com/v3/forum_posts/search?team_id=3239875&quot;},{&quot;rel&quot;:&quot;forum_subscriptions&quot;,&quot;href&quot;:&quot;https://api.teamsnap.com/v3/forum_subscriptions/search?team_id=3239875&quot;},{&quot;rel&quot;:&quot;forum_topics&quot;,&quot;href&quot;:&quot;https://api.teamsnap.com/v3/forum_topics/search?team_id=3239875&quot;},{&quot;rel&quot;:&quot;event_statistics&quot;,&quot;href&quot;:&quot;https://api.teamsnap.com/v3/event_statistics/search?team_id=3239875&quot;},{&quot;rel&quot;:&quot;events&quot;,&quot;href&quot;:&quot;https://api.teamsnap.com/v3/events/search?team_id=3239875&quot;},{&quot;rel&quot;:&quot;events_csv_export&quot;,&quot;href&quot;:&quot;https://api.teamsnap.com/v3/exports/events_csv?hs=hrlmu%252BPWmBMOcJ0wNwjMIwMS7EuC2O3qcLpYC1oRW1Mxs%252FxNIlSdHUm4oCc54J%252Fm0Ly3z4jP95X5MbXLvzcV%252BxcrCcLqBA2%252FrtWI%252BYaD2OrmZAeySDyjz%252FvsjR29urk7s3zI0Ye8goHsbzM3bkOcKA%253D%253D&quot;},{&quot;rel&quot;:&quot;events_overview&quot;,&quot;href&quot;:&quot;https://api.teamsnap.com/v3/events/overview?team_id=3239875&quot;},{&quot;rel&quot;:&quot;league_custom_data&quot;,&quot;href&quot;:&quot;https://api.teamsnap.com/v3/league_custom_data/search?team_id=3239875&quot;},{&quot;rel&quot;:&quot;league_custom_fields&quot;,&quot;href&quot;:&quot;https://api.teamsnap.com/v3/league_custom_fields/search?team_id=3239875&quot;},{&quot;rel&quot;:&quot;league_registrant_documents&quot;,&quot;href&quot;:&quot;https://api.teamsnap.com/v3/league_registrant_documents/search?member_id=3239875&quot;},{&quot;rel&quot;:&quot;locations&quot;,&quot;href&quot;:&quot;https://api.teamsnap.com/v3/locations/search?team_id=3239875&quot;},{&quot;rel&quot;:&quot;managers&quot;,&quot;href&quot;:&quot;https://api.teamsnap.com/v3/members/managers?team_id=3239875&quot;},{&quot;rel&quot;:&quot;member_balances&quot;,&quot;href&quot;:&quot;https://api.teamsnap.com/v3/member_balances/search?team_id=3239875&quot;},{&quot;rel&quot;:&quot;member_email_addresses&quot;,&quot;href&quot;:&quot;https://api.teamsnap.com/v3/member_email_addresses/search?team_id=3239875&quot;},{&quot;rel&quot;:&quot;member_files&quot;,&quot;href&quot;:&quot;https://api.teamsnap.com/v3/member_files/search?team_id=3239875&quot;},{&quot;rel&quot;:&quot;member_links&quot;,&quot;href&quot;:&quot;https://api.teamsnap.com/v3/member_links/search?team_id=3239875&quot;},{&quot;rel&quot;:&quot;member_payments&quot;,&quot;href&quot;:&quot;https://api.teamsnap.com/v3/member_payments/search?team_id=3239875&quot;},{&quot;rel&quot;:&quot;member_phone_numbers&quot;,&quot;href&quot;:&quot;https://api.teamsnap.com/v3/member_phone_numbers/search?team_id=3239875&quot;},{&quot;rel&quot;:&quot;member_photos&quot;,&quot;href&quot;:&quot;https://api.teamsnap.com/v3/member_photos/search?team_id=3239875&quot;},{&quot;rel&quot;:&quot;member_statistics&quot;,&quot;href&quot;:&quot;https://api.teamsnap.com/v3/member_statistics/search?team_id=3239875&quot;},{&quot;rel&quot;:&quot;members&quot;,&quot;href&quot;:&quot;https://api.teamsnap.com/v3/members/search?team_id=3239875&quot;},{&quot;rel&quot;:&quot;members_csv_export&quot;,&quot;href&quot;:&quot;https://api.teamsnap.com/v3/exports/members_csv?hs=hrlmu%252BPWmBMOcJ0wNwjMIwMS7EuC2O3qcLpYC1oRW1Mxs%252FxNIlSdHUm4oCc54J%252Fm0Ly3z4jP95X5MbXLvzcV%252BxcrCcLqBA2%252FrtWI%252BYaD2OrmZAeySDyjz%252FvsjR29urk7s3zI0Ye8goHsbzM3bkOcKA%253D%253D&quot;},{&quot;rel&quot;:&quot;members_preferences&quot;,&quot;href&quot;:&quot;https://api.teamsnap.com/v3/members_preferences/search?team_id=3239875&quot;},{&quot;rel&quot;:&quot;message_data&quot;,&quot;href&quot;:&quot;https://api.teamsnap.com/v3/message_data/search?team_id=3239875&quot;},{&quot;rel&quot;:&quot;messages&quot;,&quot;href&quot;:&quot;https://api.teamsnap.com/v3/messages/search?team_id=3239875&quot;},{&quot;rel&quot;:&quot;opponents&quot;,&quot;href&quot;:&quot;https://api.teamsnap.com/v3/opponents/search?team_id=3239875&quot;},{&quot;rel&quot;:&quot;opponents_results&quot;,&quot;href&quot;:&quot;https://api.teamsnap.com/v3/opponents_results/search?team_id=3239875&quot;},{&quot;rel&quot;:&quot;owner&quot;,&quot;href&quot;:&quot;https://api.teamsnap.com/v3/members/owner?team_id=3239875&quot;},{&quot;rel&quot;:&quot;payment_notes&quot;,&quot;href&quot;:&quot;https://api.teamsnap.com/v3/payment_notes/search?team_id=3239875&quot;},{&quot;rel&quot;:&quot;paypal_currency&quot;,&quot;href&quot;:&quot;https://api.teamsnap.com/v3/paypal_currencies/search?team_id=3239875&quot;},{&quot;rel&quot;:&quot;plan&quot;,&quot;href&quot;:&quot;https://api.teamsnap.com/v3/plans/17&quot;},{&quot;rel&quot;:&quot;sponsors&quot;,&quot;href&quot;:&quot;https://api.teamsnap.com/v3/sponsors/search?team_id=3239875&quot;},{&quot;rel&quot;:&quot;sport&quot;,&quot;href&quot;:&quot;https://api.teamsnap.com/v3/sports/51&quot;},{&quot;rel&quot;:&quot;statistics&quot;,&quot;href&quot;:&quot;https://api.teamsnap.com/v3/statistics/search?team_id=3239875&quot;},{&quot;rel&quot;:&quot;statistic_aggregates&quot;,&quot;href&quot;:&quot;https://api.teamsnap.com/v3/statistic_aggregates/search?team_id=3239875&quot;},{&quot;rel&quot;:&quot;statistic_data&quot;,&quot;href&quot;:&quot;https://api.teamsnap.com/v3/statistic_data/search?team_id=3239875&quot;},{&quot;rel&quot;:&quot;statistic_groups&quot;,&quot;href&quot;:&quot;https://api.teamsnap.com/v3/statistic_groups/search?team_id=3239875&quot;},{&quot;rel&quot;:&quot;team_fees&quot;,&quot;href&quot;:&quot;https://api.teamsnap.com/v3/team_fees/search?team_id=3239875&quot;},{&quot;rel&quot;:&quot;team_logo_photo_file&quot;,&quot;href&quot;:&quot;https://api.teamsnap.com/v3/photo_files/sport_logo/51-0&quot;},{&quot;rel&quot;:&quot;team_media&quot;,&quot;href&quot;:&quot;https://api.teamsnap.com/v3/team_media/search?team_id=3239875&quot;},{&quot;rel&quot;:&quot;team_medium_comments&quot;,&quot;href&quot;:&quot;https://api.teamsnap.com/v3/team_medium_comments/search?team_id=3239875&quot;},{&quot;rel&quot;:&quot;team_media_groups&quot;,&quot;href&quot;:&quot;https://api.teamsnap.com/v3/team_media_groups/search?team_id=3239875&quot;},{&quot;rel&quot;:&quot;team_paypal_preferences&quot;,&quot;href&quot;:&quot;https://api.teamsnap.com/v3/teams_paypal_preferences/3239875&quot;},{&quot;rel&quot;:&quot;team_photos&quot;,&quot;href&quot;:&quot;https://api.teamsnap.com/v3/team_photos/search&quot;},{&quot;rel&quot;:&quot;team_preferences&quot;,&quot;href&quot;:&quot;https://api.teamsnap.com/v3/teams_preferences/3239875&quot;},{&quot;rel&quot;:&quot;team_public_site&quot;,&quot;href&quot;:&quot;https://api.teamsnap.com/v3/team_public_sites/3239875&quot;},{&quot;rel&quot;:&quot;team_results&quot;,&quot;href&quot;:&quot;https://api.teamsnap.com/v3/teams_results/3239875&quot;},{&quot;rel&quot;:&quot;team_statistics&quot;,&quot;href&quot;:&quot;https://api.teamsnap.com/v3/team_statistics/search?team_id=3239875&quot;},{&quot;rel&quot;:&quot;tracked_item_statuses&quot;,&quot;href&quot;:&quot;https://api.teamsnap.com/v3/tracked_item_statuses/search?team_id=3239875&quot;},{&quot;rel&quot;:&quot;tracked_items&quot;,&quot;href&quot;:&quot;https://api.teamsnap.com/v3/tracked_items/search?team_id=3239875&quot;}],&quot;href&quot;:&quot;https://api.teamsnap.com/v3/teams/3239875&quot;},{&quot;data&quot;:[{&quot;name&quot;:&quot;id&quot;,&quot;type&quot;:&quot;String&quot;,&quot;value&quot;:3239878},{&quot;name&quot;:&quot;type&quot;,&quot;type&quot;:&quot;String&quot;,&quot;value&quot;:&quot;team&quot;},{&quot;name&quot;:&quot;active_season_team_id&quot;,&quot;type&quot;:&quot;String&quot;,&quot;value&quot;:null},{&quot;name&quot;:&quot;division_name&quot;,&quot;type&quot;:&quot;String&quot;,&quot;value&quot;:&quot;U16&quot;},{&quot;name&quot;:&quot;division_id&quot;,&quot;type&quot;:&quot;String&quot;,&quot;value&quot;:219320},{&quot;name&quot;:&quot;is_archived_season&quot;,&quot;type&quot;:&quot;Boolean&quot;,&quot;value&quot;:false},{&quot;name&quot;:&quot;is_hidden_on_dashboard&quot;,&quot;type&quot;:&quot;Boolean&quot;,&quot;value&quot;:false},{&quot;name&quot;:&quot;is_retired&quot;,&quot;type&quot;:&quot;Boolean&quot;,&quot;value&quot;:false},{&quot;name&quot;:&quot;league_name&quot;,&quot;type&quot;:&quot;String&quot;,&quot;value&quot;:&quot;City of Ottawa Ringette Association - TEST&quot;},{&quot;name&quot;:&quot;league_url&quot;,&quot;type&quot;:&quot;String&quot;,&quot;value&quot;:null},{&quot;name&quot;:&quot;is_in_league&quot;,&quot;type&quot;:&quot;Boolean&quot;,&quot;value&quot;:true},{&quot;name&quot;:&quot;location_country&quot;,&quot;type&quot;:&quot;String&quot;,&quot;value&quot;:&quot;Canada&quot;},{&quot;name&quot;:&quot;location_postal_code&quot;,&quot;type&quot;:&quot;String&quot;,&quot;value&quot;:&quot;K1N 8G2&quot;},{&quot;name&quot;:&quot;location_latitude&quot;,&quot;type&quot;:&quot;String&quot;,&quot;value&quot;:null},{&quot;name&quot;:&quot;location_longitude&quot;,&quot;type&quot;:&quot;String&quot;,&quot;value&quot;:null},{&quot;name&quot;:&quot;location_state&quot;,&quot;type&quot;:&quot;String&quot;,&quot;value&quot;:null},{&quot;name&quot;:&quot;name&quot;,&quot;type&quot;:&quot;String&quot;,&quot;value&quot;:&quot;U16C&quot;},{&quot;name&quot;:&quot;non_player_member_count&quot;,&quot;type&quot;:&quot;Integer&quot;,&quot;value&quot;:0},{&quot;name&quot;:&quot;plan_id&quot;,&quot;type&quot;:&quot;String&quot;,&quot;value&quot;:17},{&quot;name&quot;:&quot;player_member_count&quot;,&quot;type&quot;:&quot;Integer&quot;,&quot;value&quot;:0},{&quot;name&quot;:&quot;billed_at&quot;,&quot;type&quot;:&quot;DateTime&quot;,&quot;value&quot;:&quot;2017-07-24T21:01:05Z&quot;},{&quot;name&quot;:&quot;season_name&quot;,&quot;type&quot;:&quot;String&quot;,&quot;value&quot;:null},{&quot;name&quot;:&quot;sport_id&quot;,&quot;type&quot;:&quot;String&quot;,&quot;value&quot;:51},{&quot;name&quot;:&quot;time_zone&quot;,&quot;type&quot;:&quot;String&quot;,&quot;value&quot;:&quot;Eastern Time (US &amp; Canada)&quot;},{&quot;name&quot;:&quot;time_zone_description&quot;,&quot;type&quot;:&quot;String&quot;,&quot;value&quot;:&quot;Eastern Time (US &amp; Canada)&quot;},{&quot;name&quot;:&quot;time_zone_iana_name&quot;,&quot;type&quot;:&quot;String&quot;,&quot;value&quot;:&quot;America/New_York&quot;},{&quot;name&quot;:&quot;time_zone_offset&quot;,&quot;type&quot;:&quot;String&quot;,&quot;value&quot;:&quot;-05:00&quot;},{&quot;name&quot;:&quot;updated_at&quot;,&quot;type&quot;:&quot;DateTime&quot;,&quot;value&quot;:&quot;2017-07-24T21:01:05Z&quot;},{&quot;name&quot;:&quot;created_at&quot;,&quot;type&quot;:&quot;DateTime&quot;,&quot;value&quot;:&quot;2017-07-24T21:01:05Z&quot;},{&quot;name&quot;:&quot;has_reached_roster_limit&quot;,&quot;type&quot;:&quot;Boolean&quot;,&quot;value&quot;:false},{&quot;name&quot;:&quot;roster_limit&quot;,&quot;type&quot;:&quot;Integer&quot;,&quot;value&quot;:4000},{&quot;name&quot;:&quot;has_exportable_media&quot;,&quot;type&quot;:&quot;Boolean&quot;,&quot;value&quot;:false},{&quot;name&quot;:&quot;can_export_media&quot;,&quot;type&quot;:&quot;Boolean&quot;,&quot;value&quot;:false},{&quot;name&quot;:&quot;last_accessed_at&quot;,&quot;type&quot;:&quot;DateTime&quot;,&quot;value&quot;:null},{&quot;name&quot;:&quot;media_storage_used&quot;,&quot;type&quot;:&quot;Integer&quot;,&quot;value&quot;:0},{&quot;name&quot;:&quot;humanized_media_storage_used&quot;,&quot;type&quot;:&quot;String&quot;,&quot;value&quot;:&quot;0 B&quot;},{&quot;name&quot;:&quot;is_game_day&quot;,&quot;type&quot;:&quot;Boolean&quot;,&quot;value&quot;:false},{&quot;name&quot;:&quot;is_gateway_required_for_sms&quot;,&quot;type&quot;:&quot;Boolean&quot;,&quot;value&quot;:false}],&quot;rel&quot;:&quot;team-3239878&quot;,&quot;links&quot;:[{&quot;rel&quot;:&quot;assignments&quot;,&quot;href&quot;:&quot;https://api.teamsnap.com/v3/assignments/search?team_id=3239878&quot;},{&quot;rel&quot;:&quot;availabilities&quot;,&quot;href&quot;:&quot;https://api.teamsnap.com/v3/availabilities/search?team_id=3239878&quot;},{&quot;rel&quot;:&quot;broadcast_email_attachments&quot;,&quot;href&quot;:&quot;https://api.teamsnap.com/v3/broadcast_email_attachments/search?team_id=3239878&quot;},{&quot;rel&quot;:&quot;broadcast_emails&quot;,&quot;href&quot;:&quot;https://api.teamsnap.com/v3/broadcast_emails/search?team_id=3239878&quot;},{&quot;rel&quot;:&quot;broadcast_alerts&quot;,&quot;href&quot;:&quot;https://api.teamsnap.com/v3/broadcast_alerts/search?team_id=3239878&quot;},{&quot;rel&quot;:&quot;calendar_http&quot;,&quot;href&quot;:&quot;http://ical-cdn.teamsnap.com/team_schedule/bb922adf-cc80-48d7-b32f-5e0b10efb04f.ics&quot;},{&quot;rel&quot;:&quot;calendar_http_games_only&quot;,&quot;href&quot;:&quot;http://ical-cdn.teamsnap.com/team_schedule/filter/games/bb922adf-cc80-48d7-b32f-5e0b10efb04f.ics&quot;},{&quot;rel&quot;:&quot;calendar_webcal&quot;,&quot;href&quot;:&quot;webcal://ical-cdn.teamsnap.com/team_schedule/bb922adf-cc80-48d7-b32f-5e0b10efb04f.ics&quot;},{&quot;rel&quot;:&quot;calendar_webcal_games_only&quot;,&quot;href&quot;:&quot;webcal://ical-cdn.teamsnap.com/team_schedule/filter/games/bb922adf-cc80-48d7-b32f-5e0b10efb04f.ics&quot;},{&quot;rel&quot;:&quot;commissioners&quot;,&quot;href&quot;:&quot;https://api.teamsnap.com/v3/members/commissioners?team_id=3239878&quot;},{&quot;rel&quot;:&quot;contact_email_addresses&quot;,&quot;href&quot;:&quot;https://api.teamsnap.com/v3/contact_email_addresses/search?team_id=3239878&quot;},{&quot;rel&quot;:&quot;contact_phone_numbers&quot;,&quot;href&quot;:&quot;https://api.teamsnap.com/v3/contact_phone_numbers/search?team_id=3239878&quot;},{&quot;rel&quot;:&quot;contacts&quot;,&quot;href&quot;:&quot;https://api.teamsnap.com/v3/contacts/search?team_id=3239878&quot;},{&quot;rel&quot;:&quot;custom_data&quot;,&quot;href&quot;:&quot;https://api.teamsnap.com/v3/custom_data/search?team_id=3239878&quot;},{&quot;rel&quot;:&quot;custom_fields&quot;,&quot;href&quot;:&quot;https://api.teamsnap.com/v3/custom_fields/search?team_id=3239878&quot;},{&quot;rel&quot;:&quot;division_contact_email_addresses&quot;,&quot;href&quot;:&quot;https://api.teamsnap.com/v3/division_contact_email_addresses/search?team_id=3239878&quot;},{&quot;rel&quot;:&quot;division_contact_phone_numbers&quot;,&quot;href&quot;:&quot;https://api.teamsnap.com/v3/division_contact_phone_numbers/search?team_id=3239878&quot;},{&quot;rel&quot;:&quot;division_contacts&quot;,&quot;href&quot;:&quot;https://api.teamsnap.com/v3/division_contacts/search?team_id=3239878&quot;},{&quot;rel&quot;:&quot;division_locations&quot;,&quot;href&quot;:&quot;https://api.teamsnap.com/v3/division_locations/search?team_id=3239878&quot;},{&quot;rel&quot;:&quot;division_member_email_addresses&quot;,&quot;href&quot;:&quot;https://api.teamsnap.com/v3/division_member_email_addresses/search?team_id=3239878&quot;},{&quot;rel&quot;:&quot;division_member_phone_numbers&quot;,&quot;href&quot;:&quot;https://api.teamsnap.com/v3/division_member_phone_numbers/search?team_id=3239878&quot;},{&quot;rel&quot;:&quot;division_members&quot;,&quot;href&quot;:&quot;https://api.teamsnap.com/v3/division_members/search?team_id=3239878&quot;},{&quot;rel&quot;:&quot;division_members_preferences&quot;,&quot;href&quot;:&quot;https://api.teamsnap.com/v3/division_members_preferences/search?team_id=3239878&quot;},{&quot;rel&quot;:&quot;division_team_standings&quot;,&quot;href&quot;:&quot;https://api.teamsnap.com/v3/division_team_standings/search?team_id=3239878&quot;},{&quot;rel&quot;:&quot;forum_posts&quot;,&quot;href&quot;:&quot;https://api.teamsnap.com/v3/forum_posts/search?team_id=3239878&quot;},{&quot;rel&quot;:&quot;forum_subscriptions&quot;,&quot;href&quot;:&quot;https://api.teamsnap.com/v3/forum_subscriptions/search?team_id=3239878&quot;},{&quot;rel&quot;:&quot;forum_topics&quot;,&quot;href&quot;:&quot;https://api.teamsnap.com/v3/forum_topics/search?team_id=3239878&quot;},{&quot;rel&quot;:&quot;event_statistics&quot;,&quot;href&quot;:&quot;https://api.teamsnap.com/v3/event_statistics/search?team_id=3239878&quot;},{&quot;rel&quot;:&quot;events&quot;,&quot;href&quot;:&quot;https://api.teamsnap.com/v3/events/search?team_id=3239878&quot;},{&quot;rel&quot;:&quot;events_csv_export&quot;,&quot;href&quot;:&quot;https://api.teamsnap.com/v3/exports/events_csv?hs=hrlmu%252BPWmBMOcJ0wNwjMI7lxV7gQSTenDyU2YsyhzldFoTq48uflCFa3AxJTVXNMe0PW23jAxK8iNfYzHijvkSbTp1KNS77ynlFxXPlBHBTa%252FE%252Bqr%252BEx5Ai6PRUtC%252BNHSzYfxVA3RcL3JnP1gGzEUQ%253D%253D&quot;},{&quot;rel&quot;:&quot;events_overview&quot;,&quot;href&quot;:&quot;https://api.teamsnap.com/v3/events/overview?team_id=3239878&quot;},{&quot;rel&quot;:&quot;league_custom_data&quot;,&quot;href&quot;:&quot;https://api.teamsnap.com/v3/league_custom_data/search?team_id=3239878&quot;},{&quot;rel&quot;:&quot;league_custom_fields&quot;,&quot;href&quot;:&quot;https://api.teamsnap.com/v3/league_custom_fields/search?team_id=3239878&quot;},{&quot;rel&quot;:&quot;league_registrant_documents&quot;,&quot;href&quot;:&quot;https://api.teamsnap.com/v3/league_registrant_documents/search?member_id=3239878&quot;},{&quot;rel&quot;:&quot;locations&quot;,&quot;href&quot;:&quot;https://api.teamsnap.com/v3/locations/search?team_id=3239878&quot;},{&quot;rel&quot;:&quot;managers&quot;,&quot;href&quot;:&quot;https://api.teamsnap.com/v3/members/managers?team_id=3239878&quot;},{&quot;rel&quot;:&quot;member_balances&quot;,&quot;href&quot;:&quot;https://api.teamsnap.com/v3/member_balances/search?team_id=3239878&quot;},{&quot;rel&quot;:&quot;member_email_addresses&quot;,&quot;href&quot;:&quot;https://api.teamsnap.com/v3/member_email_addresses/search?team_id=3239878&quot;},{&quot;rel&quot;:&quot;member_files&quot;,&quot;href&quot;:&quot;https://api.teamsnap.com/v3/member_files/search?team_id=3239878&quot;},{&quot;rel&quot;:&quot;member_links&quot;,&quot;href&quot;:&quot;https://api.teamsnap.com/v3/member_links/search?team_id=3239878&quot;},{&quot;rel&quot;:&quot;member_payments&quot;,&quot;href&quot;:&quot;https://api.teamsnap.com/v3/member_payments/search?team_id=3239878&quot;},{&quot;rel&quot;:&quot;member_phone_numbers&quot;,&quot;href&quot;:&quot;https://api.teamsnap.com/v3/member_phone_numbers/search?team_id=3239878&quot;},{&quot;rel&quot;:&quot;member_photos&quot;,&quot;href&quot;:&quot;https://api.teamsnap.com/v3/member_photos/search?team_id=3239878&quot;},{&quot;rel&quot;:&quot;member_statistics&quot;,&quot;href&quot;:&quot;https://api.teamsnap.com/v3/member_statistics/search?team_id=3239878&quot;},{&quot;rel&quot;:&quot;members&quot;,&quot;href&quot;:&quot;https://api.teamsnap.com/v3/members/search?team_id=3239878&quot;},{&quot;rel&quot;:&quot;members_csv_export&quot;,&quot;href&quot;:&quot;https://api.teamsnap.com/v3/exports/members_csv?hs=hrlmu%252BPWmBMOcJ0wNwjMI7lxV7gQSTenDyU2YsyhzldFoTq48uflCFa3AxJTVXNMe0PW23jAxK8iNfYzHijvkSbTp1KNS77ynlFxXPlBHBTa%252FE%252Bqr%252BEx5Ai6PRUtC%252BNHSzYfxVA3RcL3JnP1gGzEUQ%253D%253D&quot;},{&quot;rel&quot;:&quot;members_preferences&quot;,&quot;href&quot;:&quot;https://api.teamsnap.com/v3/members_preferences/search?team_id=3239878&quot;},{&quot;rel&quot;:&quot;message_data&quot;,&quot;href&quot;:&quot;https://api.teamsnap.com/v3/message_data/search?team_id=3239878&quot;},{&quot;rel&quot;:&quot;messages&quot;,&quot;href&quot;:&quot;https://api.teamsnap.com/v3/messages/search?team_id=3239878&quot;},{&quot;rel&quot;:&quot;opponents&quot;,&quot;href&quot;:&quot;https://api.teamsnap.com/v3/opponents/search?team_id=3239878&quot;},{&quot;rel&quot;:&quot;opponents_results&quot;,&quot;href&quot;:&quot;https://api.teamsnap.com/v3/opponents_results/search?team_id=3239878&quot;},{&quot;rel&quot;:&quot;owner&quot;,&quot;href&quot;:&quot;https://api.teamsnap.com/v3/members/owner?team_id=3239878&quot;},{&quot;rel&quot;:&quot;payment_notes&quot;,&quot;href&quot;:&quot;https://api.teamsnap.com/v3/payment_notes/search?team_id=3239878&quot;},{&quot;rel&quot;:&quot;paypal_currency&quot;,&quot;href&quot;:&quot;https://api.teamsnap.com/v3/paypal_currencies/search?team_id=3239878&quot;},{&quot;rel&quot;:&quot;plan&quot;,&quot;href&quot;:&quot;https://api.teamsnap.com/v3/plans/17&quot;},{&quot;rel&quot;:&quot;sponsors&quot;,&quot;href&quot;:&quot;https://api.teamsnap.com/v3/sponsors/search?team_id=3239878&quot;},{&quot;rel&quot;:&quot;sport&quot;,&quot;href&quot;:&quot;https://api.teamsnap.com/v3/sports/51&quot;},{&quot;rel&quot;:&quot;statistics&quot;,&quot;href&quot;:&quot;https://api.teamsnap.com/v3/statistics/search?team_id=3239878&quot;},{&quot;rel&quot;:&quot;statistic_aggregates&quot;,&quot;href&quot;:&quot;https://api.teamsnap.com/v3/statistic_aggregates/search?team_id=3239878&quot;},{&quot;rel&quot;:&quot;statistic_data&quot;,&quot;href&quot;:&quot;https://api.teamsnap.com/v3/statistic_data/search?team_id=3239878&quot;},{&quot;rel&quot;:&quot;statistic_groups&quot;,&quot;href&quot;:&quot;https://api.teamsnap.com/v3/statistic_groups/search?team_id=3239878&quot;},{&quot;rel&quot;:&quot;team_fees&quot;,&quot;href&quot;:&quot;https://api.teamsnap.com/v3/team_fees/search?team_id=3239878&quot;},{&quot;rel&quot;:&quot;team_logo_photo_file&quot;,&quot;href&quot;:&quot;https://api.teamsnap.com/v3/photo_files/sport_logo/51-0&quot;},{&quot;rel&quot;:&quot;team_media&quot;,&quot;href&quot;:&quot;https://api.teamsnap.com/v3/team_media/search?team_id=3239878&quot;},{&quot;rel&quot;:&quot;team_medium_comments&quot;,&quot;href&quot;:&quot;https://api.teamsnap.com/v3/team_medium_comments/search?team_id=3239878&quot;},{&quot;rel&quot;:&quot;team_media_groups&quot;,&quot;href&quot;:&quot;https://api.teamsnap.com/v3/team_media_groups/search?team_id=3239878&quot;},{&quot;rel&quot;:&quot;team_paypal_preferences&quot;,&quot;href&quot;:&quot;https://api.teamsnap.com/v3/teams_paypal_preferences/3239878&quot;},{&quot;rel&quot;:&quot;team_photos&quot;,&quot;href&quot;:&quot;https://api.teamsnap.com/v3/team_photos/search&quot;},{&quot;rel&quot;:&quot;team_preferences&quot;,&quot;href&quot;:&quot;https://api.teamsnap.com/v3/teams_preferences/3239878&quot;},{&quot;rel&quot;:&quot;team_public_site&quot;,&quot;href&quot;:&quot;https://api.teamsnap.com/v3/team_public_sites/3239878&quot;},{&quot;rel&quot;:&quot;team_results&quot;,&quot;href&quot;:&quot;https://api.teamsnap.com/v3/teams_results/3239878&quot;},{&quot;rel&quot;:&quot;team_statistics&quot;,&quot;href&quot;:&quot;https://api.teamsnap.com/v3/team_statistics/search?team_id=3239878&quot;},{&quot;rel&quot;:&quot;tracked_item_statuses&quot;,&quot;href&quot;:&quot;https://api.teamsnap.com/v3/tracked_item_statuses/search?team_id=3239878&quot;},{&quot;rel&quot;:&quot;tracked_items&quot;,&quot;href&quot;:&quot;https://api.teamsnap.com/v3/tracked_items/search?team_id=3239878&quot;}],&quot;href&quot;:&quot;https://api.teamsnap.com/v3/teams/3239878&quot;},{&quot;data&quot;:[{&quot;name&quot;:&quot;id&quot;,&quot;type&quot;:&quot;String&quot;,&quot;value&quot;:3265970},{&quot;name&quot;:&quot;type&quot;,&quot;type&quot;:&quot;String&quot;,&quot;value&quot;:&quot;team&quot;},{&quot;name&quot;:&quot;active_season_team_id&quot;,&quot;type&quot;:&quot;String&quot;,&quot;value&quot;:null},{&quot;name&quot;:&quot;division_name&quot;,&quot;type&quot;:&quot;String&quot;,&quot;value&quot;:&quot;U16&quot;},{&quot;name&quot;:&quot;division_id&quot;,&quot;type&quot;:&quot;String&quot;,&quot;value&quot;:219320},{&quot;name&quot;:&quot;is_archived_season&quot;,&quot;type&quot;:&quot;Boolean&quot;,&quot;value&quot;:false},{&quot;name&quot;:&quot;is_hidden_on_dashboard&quot;,&quot;type&quot;:&quot;Boolean&quot;,&quot;value&quot;:false},{&quot;name&quot;:&quot;is_retired&quot;,&quot;type&quot;:&quot;Boolean&quot;,&quot;value&quot;:false},{&quot;name&quot;:&quot;league_name&quot;,&quot;type&quot;:&quot;String&quot;,&quot;value&quot;:&quot;City of Ottawa Ringette Association - TEST&quot;},{&quot;name&quot;:&quot;league_url&quot;,&quot;type&quot;:&quot;String&quot;,&quot;value&quot;:null},{&quot;name&quot;:&quot;is_in_league&quot;,&quot;type&quot;:&quot;Boolean&quot;,&quot;value&quot;:true},{&quot;name&quot;:&quot;location_country&quot;,&quot;type&quot;:&quot;String&quot;,&quot;value&quot;:&quot;Canada&quot;},{&quot;name&quot;:&quot;location_postal_code&quot;,&quot;type&quot;:&quot;String&quot;,&quot;value&quot;:&quot;K1N 8G2&quot;},{&quot;name&quot;:&quot;location_latitude&quot;,&quot;type&quot;:&quot;String&quot;,&quot;value&quot;:null},{&quot;name&quot;:&quot;location_longitude&quot;,&quot;type&quot;:&quot;String&quot;,&quot;value&quot;:null},{&quot;name&quot;:&quot;location_state&quot;,&quot;type&quot;:&quot;String&quot;,&quot;value&quot;:null},{&quot;name&quot;:&quot;name&quot;,&quot;type&quot;:&quot;String&quot;,&quot;value&quot;:&quot;LERQ Opponent&quot;},{&quot;name&quot;:&quot;non_player_member_count&quot;,&quot;type&quot;:&quot;Integer&quot;,&quot;value&quot;:0},{&quot;name&quot;:&quot;plan_id&quot;,&quot;type&quot;:&quot;String&quot;,&quot;value&quot;:17},{&quot;name&quot;:&quot;player_member_count&quot;,&quot;type&quot;:&quot;Integer&quot;,&quot;value&quot;:0},{&quot;name&quot;:&quot;billed_at&quot;,&quot;type&quot;:&quot;DateTime&quot;,&quot;value&quot;:&quot;2017-07-31T19:25:03Z&quot;},{&quot;name&quot;:&quot;season_name&quot;,&quot;type&quot;:&quot;String&quot;,&quot;value&quot;:null},{&quot;name&quot;:&quot;sport_id&quot;,&quot;type&quot;:&quot;String&quot;,&quot;value&quot;:51},{&quot;name&quot;:&quot;time_zone&quot;,&quot;type&quot;:&quot;String&quot;,&quot;value&quot;:&quot;Eastern Time (US &amp; Canada)&quot;},{&quot;name&quot;:&quot;time_zone_description&quot;,&quot;type&quot;:&quot;String&quot;,&quot;value&quot;:&quot;Eastern Time (US &amp; Canada)&quot;},{&quot;name&quot;:&quot;time_zone_iana_name&quot;,&quot;type&quot;:&quot;String&quot;,&quot;value&quot;:&quot;America/New_York&quot;},{&quot;name&quot;:&quot;time_zone_offset&quot;,&quot;type&quot;:&quot;String&quot;,&quot;value&quot;:&quot;-05:00&quot;},{&quot;name&quot;:&quot;updated_at&quot;,&quot;type&quot;:&quot;DateTime&quot;,&quot;value&quot;:&quot;2017-07-31T19:25:03Z&quot;},{&quot;name&quot;:&quot;created_at&quot;,&quot;type&quot;:&quot;DateTime&quot;,&quot;value&quot;:&quot;2017-07-31T19:25:01Z&quot;},{&quot;name&quot;:&quot;has_reached_roster_limit&quot;,&quot;type&quot;:&quot;Boolean&quot;,&quot;value&quot;:false},{&quot;name&quot;:&quot;roster_limit&quot;,&quot;type&quot;:&quot;Integer&quot;,&quot;value&quot;:4000},{&quot;name&quot;:&quot;has_exportable_media&quot;,&quot;type&quot;:&quot;Boolean&quot;,&quot;value&quot;:false},{&quot;name&quot;:&quot;can_export_media&quot;,&quot;type&quot;:&quot;Boolean&quot;,&quot;value&quot;:false},{&quot;name&quot;:&quot;last_accessed_at&quot;,&quot;type&quot;:&quot;DateTime&quot;,&quot;value&quot;:null},{&quot;name&quot;:&quot;media_storage_used&quot;,&quot;type&quot;:&quot;Integer&quot;,&quot;value&quot;:0},{&quot;name&quot;:&quot;humanized_media_storage_used&quot;,&quot;type&quot;:&quot;String&quot;,&quot;value&quot;:&quot;0 B&quot;},{&quot;name&quot;:&quot;is_game_day&quot;,&quot;type&quot;:&quot;Boolean&quot;,&quot;value&quot;:false},{&quot;name&quot;:&quot;is_gateway_required_for_sms&quot;,&quot;type&quot;:&quot;Boolean&quot;,&quot;value&quot;:false}],&quot;rel&quot;:&quot;team-3265970&quot;,&quot;links&quot;:[{&quot;rel&quot;:&quot;assignments&quot;,&quot;href&quot;:&quot;https://api.teamsnap.com/v3/assignments/search?team_id=3265970&quot;},{&quot;rel&quot;:&quot;availabilities&quot;,&quot;href&quot;:&quot;https://api.teamsnap.com/v3/availabilities/search?team_id=3265970&quot;},{&quot;rel&quot;:&quot;broadcast_email_attachments&quot;,&quot;href&quot;:&quot;https://api.teamsnap.com/v3/broadcast_email_attachments/search?team_id=3265970&quot;},{&quot;rel&quot;:&quot;broadcast_emails&quot;,&quot;href&quot;:&quot;https://api.teamsnap.com/v3/broadcast_emails/search?team_id=3265970&quot;},{&quot;rel&quot;:&quot;broadcast_alerts&quot;,&quot;href&quot;:&quot;https://api.teamsnap.com/v3/broadcast_alerts/search?team_id=3265970&quot;},{&quot;rel&quot;:&quot;calendar_http&quot;,&quot;href&quot;:&quot;http://ical-cdn.teamsnap.com/team_schedule/908fecc1-91ca-48cb-8bdf-c7873c474d78.ics&quot;},{&quot;rel&quot;:&quot;calendar_http_games_only&quot;,&quot;href&quot;:&quot;http://ical-cdn.teamsnap.com/team_schedule/filter/games/908fecc1-91ca-48cb-8bdf-c7873c474d78.ics&quot;},{&quot;rel&quot;:&quot;calendar_webcal&quot;,&quot;href&quot;:&quot;webcal://ical-cdn.teamsnap.com/team_schedule/908fecc1-91ca-48cb-8bdf-c7873c474d78.ics&quot;},{&quot;rel&quot;:&quot;calendar_webcal_games_only&quot;,&quot;href&quot;:&quot;webcal://ical-cdn.teamsnap.com/team_schedule/filter/games/908fecc1-91ca-48cb-8bdf-c7873c474d78.ics&quot;},{&quot;rel&quot;:&quot;commissioners&quot;,&quot;href&quot;:&quot;https://api.teamsnap.com/v3/members/commissioners?team_id=3265970&quot;},{&quot;rel&quot;:&quot;contact_email_addresses&quot;,&quot;href&quot;:&quot;https://api.teamsnap.com/v3/contact_email_addresses/search?team_id=3265970&quot;},{&quot;rel&quot;:&quot;contact_phone_numbers&quot;,&quot;href&quot;:&quot;https://api.teamsnap.com/v3/contact_phone_numbers/search?team_id=3265970&quot;},{&quot;rel&quot;:&quot;contacts&quot;,&quot;href&quot;:&quot;https://api.teamsnap.com/v3/contacts/search?team_id=3265970&quot;},{&quot;rel&quot;:&quot;custom_data&quot;,&quot;href&quot;:&quot;https://api.teamsnap.com/v3/custom_data/search?team_id=3265970&quot;},{&quot;rel&quot;:&quot;custom_fields&quot;,&quot;href&quot;:&quot;https://api.teamsnap.com/v3/custom_fields/search?team_id=3265970&quot;},{&quot;rel&quot;:&quot;division_contact_email_addresses&quot;,&quot;href&quot;:&quot;https://api.teamsnap.com/v3/division_contact_email_addresses/search?team_id=3265970&quot;},{&quot;rel&quot;:&quot;division_contact_phone_numbers&quot;,&quot;href&quot;:&quot;https://api.teamsnap.com/v3/division_contact_phone_numbers/search?team_id=3265970&quot;},{&quot;rel&quot;:&quot;division_contacts&quot;,&quot;href&quot;:&quot;https://api.teamsnap.com/v3/division_contacts/search?team_id=3265970&quot;},{&quot;rel&quot;:&quot;division_locations&quot;,&quot;href&quot;:&quot;https://api.teamsnap.com/v3/division_locations/search?team_id=3265970&quot;},{&quot;rel&quot;:&quot;division_member_email_addresses&quot;,&quot;href&quot;:&quot;https://api.teamsnap.com/v3/division_member_email_addresses/search?team_id=3265970&quot;},{&quot;rel&quot;:&quot;division_member_phone_numbers&quot;,&quot;href&quot;:&quot;https://api.teamsnap.com/v3/division_member_phone_numbers/search?team_id=3265970&quot;},{&quot;rel&quot;:&quot;division_members&quot;,&quot;href&quot;:&quot;https://api.teamsnap.com/v3/division_members/search?team_id=3265970&quot;},{&quot;rel&quot;:&quot;division_members_preferences&quot;,&quot;href&quot;:&quot;https://api.teamsnap.com/v3/division_members_preferences/search?team_id=3265970&quot;},{&quot;rel&quot;:&quot;division_team_standings&quot;,&quot;href&quot;:&quot;https://api.teamsnap.com/v3/division_team_standings/search?team_id=3265970&quot;},{&quot;rel&quot;:&quot;forum_posts&quot;,&quot;href&quot;:&quot;https://api.teamsnap.com/v3/forum_posts/search?team_id=3265970&quot;},{&quot;rel&quot;:&quot;forum_subscriptions&quot;,&quot;href&quot;:&quot;https://api.teamsnap.com/v3/forum_subscriptions/search?team_id=3265970&quot;},{&quot;rel&quot;:&quot;forum_topics&quot;,&quot;href&quot;:&quot;https://api.teamsnap.com/v3/forum_topics/search?team_id=3265970&quot;},{&quot;rel&quot;:&quot;event_statistics&quot;,&quot;href&quot;:&quot;https://api.teamsnap.com/v3/event_statistics/search?team_id=3265970&quot;},{&quot;rel&quot;:&quot;events&quot;,&quot;href&quot;:&quot;https://api.teamsnap.com/v3/events/search?team_id=3265970&quot;},{&quot;rel&quot;:&quot;events_csv_export&quot;,&quot;href&quot;:&quot;https://api.teamsnap.com/v3/exports/events_csv?hs=2v1kGmuIh33L4l%252BDcczTJhrIZiWtHyX434Vk9y2o90zaltNA2AYzaD96y%252BdQ0z8%252FXzoGGCiHVmyO7R7%252Bm%252F0idQPb12o0D7%252B6Hm59fq5piJTCssEDmFFBGpVy%252FIOkwlZUkU232vSf78QhY98jWKNUBA%253D%253D&quot;},{&quot;rel&quot;:&quot;events_overview&quot;,&quot;href&quot;:&quot;https://api.teamsnap.com/v3/events/overview?team_id=3265970&quot;},{&quot;rel&quot;:&quot;league_custom_data&quot;,&quot;href&quot;:&quot;https://api.teamsnap.com/v3/league_custom_data/search?team_id=3265970&quot;},{&quot;rel&quot;:&quot;league_custom_fields&quot;,&quot;href&quot;:&quot;https://api.teamsnap.com/v3/league_custom_fields/search?team_id=3265970&quot;},{&quot;rel&quot;:&quot;league_registrant_documents&quot;,&quot;href&quot;:&quot;https://api.teamsnap.com/v3/league_registrant_documents/search?member_id=3265970&quot;},{&quot;rel&quot;:&quot;locations&quot;,&quot;href&quot;:&quot;https://api.teamsnap.com/v3/locations/search?team_id=3265970&quot;},{&quot;rel&quot;:&quot;managers&quot;,&quot;href&quot;:&quot;https://api.teamsnap.com/v3/members/managers?team_id=3265970&quot;},{&quot;rel&quot;:&quot;member_balances&quot;,&quot;href&quot;:&quot;https://api.teamsnap.com/v3/member_balances/search?team_id=3265970&quot;},{&quot;rel&quot;:&quot;member_email_addresses&quot;,&quot;href&quot;:&quot;https://api.teamsnap.com/v3/member_email_addresses/search?team_id=3265970&quot;},{&quot;rel&quot;:&quot;member_files&quot;,&quot;href&quot;:&quot;https://api.teamsnap.com/v3/member_files/search?team_id=3265970&quot;},{&quot;rel&quot;:&quot;member_links&quot;,&quot;href&quot;:&quot;https://api.teamsnap.com/v3/member_links/search?team_id=3265970&quot;},{&quot;rel&quot;:&quot;member_payments&quot;,&quot;href&quot;:&quot;https://api.teamsnap.com/v3/member_payments/search?team_id=3265970&quot;},{&quot;rel&quot;:&quot;member_phone_numbers&quot;,&quot;href&quot;:&quot;https://api.teamsnap.com/v3/member_phone_numbers/search?team_id=3265970&quot;},{&quot;rel&quot;:&quot;member_photos&quot;,&quot;href&quot;:&quot;https://api.teamsnap.com/v3/member_photos/search?team_id=3265970&quot;},{&quot;rel&quot;:&quot;member_statistics&quot;,&quot;href&quot;:&quot;https://api.teamsnap.com/v3/member_statistics/search?team_id=3265970&quot;},{&quot;rel&quot;:&quot;members&quot;,&quot;href&quot;:&quot;https://api.teamsnap.com/v3/members/search?team_id=3265970&quot;},{&quot;rel&quot;:&quot;members_csv_export&quot;,&quot;href&quot;:&quot;https://api.teamsnap.com/v3/exports/members_csv?hs=2v1kGmuIh33L4l%252BDcczTJhrIZiWtHyX434Vk9y2o90zaltNA2AYzaD96y%252BdQ0z8%252FXzoGGCiHVmyO7R7%252Bm%252F0idQPb12o0D7%252B6Hm59fq5piJTCssEDmFFBGpVy%252FIOkwlZUkU232vSf78QhY98jWKNUBA%253D%253D&quot;},{&quot;rel&quot;:&quot;members_preferences&quot;,&quot;href&quot;:&quot;https://api.teamsnap.com/v3/members_preferences/search?team_id=3265970&quot;},{&quot;rel&quot;:&quot;message_data&quot;,&quot;href&quot;:&quot;https://api.teamsnap.com/v3/message_data/search?team_id=3265970&quot;},{&quot;rel&quot;:&quot;messages&quot;,&quot;href&quot;:&quot;https://api.teamsnap.com/v3/messages/search?team_id=3265970&quot;},{&quot;rel&quot;:&quot;opponents&quot;,&quot;href&quot;:&quot;https://api.teamsnap.com/v3/opponents/search?team_id=3265970&quot;},{&quot;rel&quot;:&quot;opponents_results&quot;,&quot;href&quot;:&quot;https://api.teamsnap.com/v3/opponents_results/search?team_id=3265970&quot;},{&quot;rel&quot;:&quot;owner&quot;,&quot;href&quot;:&quot;https://api.teamsnap.com/v3/members/owner?team_id=3265970&quot;},{&quot;rel&quot;:&quot;payment_notes&quot;,&quot;href&quot;:&quot;https://api.teamsnap.com/v3/payment_notes/search?team_id=3265970&quot;},{&quot;rel&quot;:&quot;paypal_currency&quot;,&quot;href&quot;:&quot;https://api.teamsnap.com/v3/paypal_currencies/search?team_id=3265970&quot;},{&quot;rel&quot;:&quot;plan&quot;,&quot;href&quot;:&quot;https://api.teamsnap.com/v3/plans/17&quot;},{&quot;rel&quot;:&quot;sponsors&quot;,&quot;href&quot;:&quot;https://api.teamsnap.com/v3/sponsors/search?team_id=3265970&quot;},{&quot;rel&quot;:&quot;sport&quot;,&quot;href&quot;:&quot;https://api.teamsnap.com/v3/sports/51&quot;},{&quot;rel&quot;:&quot;statistics&quot;,&quot;href&quot;:&quot;https://api.teamsnap.com/v3/statistics/search?team_id=3265970&quot;},{&quot;rel&quot;:&quot;statistic_aggregates&quot;,&quot;href&quot;:&quot;https://api.teamsnap.com/v3/statistic_aggregates/search?team_id=3265970&quot;},{&quot;rel&quot;:&quot;statistic_data&quot;,&quot;href&quot;:&quot;https://api.teamsnap.com/v3/statistic_data/search?team_id=3265970&quot;},{&quot;rel&quot;:&quot;statistic_groups&quot;,&quot;href&quot;:&quot;https://api.teamsnap.com/v3/statistic_groups/search?team_id=3265970&quot;},{&quot;rel&quot;:&quot;team_fees&quot;,&quot;href&quot;:&quot;https://api.teamsnap.com/v3/team_fees/search?team_id=3265970&quot;},{&quot;rel&quot;:&quot;team_logo_photo_file&quot;,&quot;href&quot;:&quot;https://api.teamsnap.com/v3/photo_files/sport_logo/51-0&quot;},{&quot;rel&quot;:&quot;team_media&quot;,&quot;href&quot;:&quot;https://api.teamsnap.com/v3/team_media/search?team_id=3265970&quot;},{&quot;rel&quot;:&quot;team_medium_comments&quot;,&quot;href&quot;:&quot;https://api.teamsnap.com/v3/team_medium_comments/search?team_id=3265970&quot;},{&quot;rel&quot;:&quot;team_media_groups&quot;,&quot;href&quot;:&quot;https://api.teamsnap.com/v3/team_media_groups/search?team_id=3265970&quot;},{&quot;rel&quot;:&quot;team_paypal_preferences&quot;,&quot;href&quot;:&quot;https://api.teamsnap.com/v3/teams_paypal_preferences/3265970&quot;},{&quot;rel&quot;:&quot;team_photos&quot;,&quot;href&quot;:&quot;https://api.teamsnap.com/v3/team_photos/search&quot;},{&quot;rel&quot;:&quot;team_preferences&quot;,&quot;href&quot;:&quot;https://api.teamsnap.com/v3/teams_preferences/3265970&quot;},{&quot;rel&quot;:&quot;team_public_site&quot;,&quot;href&quot;:&quot;https://api.teamsnap.com/v3/team_public_sites/3265970&quot;},{&quot;rel&quot;:&quot;team_results&quot;,&quot;href&quot;:&quot;https://api.teamsnap.com/v3/teams_results/3265970&quot;},{&quot;rel&quot;:&quot;team_statistics&quot;,&quot;href&quot;:&quot;https://api.teamsnap.com/v3/team_statistics/search?team_id=3265970&quot;},{&quot;rel&quot;:&quot;tracked_item_statuses&quot;,&quot;href&quot;:&quot;https://api.teamsnap.com/v3/tracked_item_statuses/search?team_id=3265970&quot;},{&quot;rel&quot;:&quot;tracked_items&quot;,&quot;href&quot;:&quot;https://api.teamsnap.com/v3/tracked_items/search?team_id=3265970&quot;}],&quot;href&quot;:&quot;https://api.teamsnap.com/v3/teams/3265970&quot;},{&quot;data&quot;:[{&quot;name&quot;:&quot;id&quot;,&quot;type&quot;:&quot;String&quot;,&quot;value&quot;:3265972},{&quot;name&quot;:&quot;type&quot;,&quot;type&quot;:&quot;String&quot;,&quot;value&quot;:&quot;team&quot;},{&quot;name&quot;:&quot;active_season_team_id&quot;,&quot;type&quot;:&quot;String&quot;,&quot;value&quot;:null},{&quot;name&quot;:&quot;division_name&quot;,&quot;type&quot;:&quot;String&quot;,&quot;value&quot;:&quot;U16&quot;},{&quot;name&quot;:&quot;division_id&quot;,&quot;type&quot;:&quot;String&quot;,&quot;value&quot;:219320},{&quot;name&quot;:&quot;is_archived_season&quot;,&quot;type&quot;:&quot;Boolean&quot;,&quot;value&quot;:false},{&quot;name&quot;:&quot;is_hidden_on_dashboard&quot;,&quot;type&quot;:&quot;Boolean&quot;,&quot;value&quot;:false},{&quot;name&quot;:&quot;is_retired&quot;,&quot;type&quot;:&quot;Boolean&quot;,&quot;value&quot;:false},{&quot;name&quot;:&quot;league_name&quot;,&quot;type&quot;:&quot;String&quot;,&quot;value&quot;:&quot;City of Ottawa Ringette Association - TEST&quot;},{&quot;name&quot;:&quot;league_url&quot;,&quot;type&quot;:&quot;String&quot;,&quot;value&quot;:null},{&quot;name&quot;:&quot;is_in_league&quot;,&quot;type&quot;:&quot;Boolean&quot;,&quot;value&quot;:true},{&quot;name&quot;:&quot;location_country&quot;,&quot;type&quot;:&quot;String&quot;,&quot;value&quot;:&quot;Canada&quot;},{&quot;name&quot;:&quot;location_postal_code&quot;,&quot;type&quot;:&quot;String&quot;,&quot;value&quot;:&quot;K1N 8G2&quot;},{&quot;name&quot;:&quot;location_latitude&quot;,&quot;type&quot;:&quot;String&quot;,&quot;value&quot;:null},{&quot;name&quot;:&quot;location_longitude&quot;,&quot;type&quot;:&quot;String&quot;,&quot;value&quot;:null},{&quot;name&quot;:&quot;location_state&quot;,&quot;type&quot;:&quot;String&quot;,&quot;value&quot;:null},{&quot;name&quot;:&quot;name&quot;,&quot;type&quot;:&quot;String&quot;,&quot;value&quot;:&quot;NCRRL Opponent&quot;},{&quot;name&quot;:&quot;non_player_member_count&quot;,&quot;type&quot;:&quot;Integer&quot;,&quot;value&quot;:0},{&quot;name&quot;:&quot;plan_id&quot;,&quot;type&quot;:&quot;String&quot;,&quot;value&quot;:17},{&quot;name&quot;:&quot;player_member_count&quot;,&quot;type&quot;:&quot;Integer&quot;,&quot;value&quot;:0},{&quot;name&quot;:&quot;billed_at&quot;,&quot;type&quot;:&quot;DateTime&quot;,&quot;value&quot;:&quot;2017-07-31T19:25:05Z&quot;},{&quot;name&quot;:&quot;season_name&quot;,&quot;type&quot;:&quot;String&quot;,&quot;value&quot;:null},{&quot;name&quot;:&quot;sport_id&quot;,&quot;type&quot;:&quot;String&quot;,&quot;value&quot;:51},{&quot;name&quot;:&quot;time_zone&quot;,&quot;type&quot;:&quot;String&quot;,&quot;value&quot;:&quot;Eastern Time (US &amp; Canada)&quot;},{&quot;name&quot;:&quot;time_zone_description&quot;,&quot;type&quot;:&quot;String&quot;,&quot;value&quot;:&quot;Eastern Time (US &amp; Canada)&quot;},{&quot;name&quot;:&quot;time_zone_iana_name&quot;,&quot;type&quot;:&quot;String&quot;,&quot;value&quot;:&quot;America/New_York&quot;},{&quot;name&quot;:&quot;time_zone_offset&quot;,&quot;type&quot;:&quot;String&quot;,&quot;value&quot;:&quot;-05:00&quot;},{&quot;name&quot;:&quot;updated_at&quot;,&quot;type&quot;:&quot;DateTime&quot;,&quot;value&quot;:&quot;2017-07-31T19:25:06Z&quot;},{&quot;name&quot;:&quot;created_at&quot;,&quot;type&quot;:&quot;DateTime&quot;,&quot;value&quot;:&quot;2017-07-31T19:25:04Z&quot;},{&quot;name&quot;:&quot;has_reached_roster_limit&quot;,&quot;type&quot;:&quot;Boolean&quot;,&quot;value&quot;:false},{&quot;name&quot;:&quot;roster_limit&quot;,&quot;type&quot;:&quot;Integer&quot;,&quot;value&quot;:4000},{&quot;name&quot;:&quot;has_exportable_media&quot;,&quot;type&quot;:&quot;Boolean&quot;,&quot;value&quot;:false},{&quot;name&quot;:&quot;can_export_media&quot;,&quot;type&quot;:&quot;Boolean&quot;,&quot;value&quot;:false},{&quot;name&quot;:&quot;last_accessed_at&quot;,&quot;type&quot;:&quot;DateTime&quot;,&quot;value&quot;:null},{&quot;name&quot;:&quot;media_storage_used&quot;,&quot;type&quot;:&quot;Integer&quot;,&quot;value&quot;:0},{&quot;name&quot;:&quot;humanized_media_storage_used&quot;,&quot;type&quot;:&quot;String&quot;,&quot;value&quot;:&quot;0 B&quot;},{&quot;name&quot;:&quot;is_game_day&quot;,&quot;type&quot;:&quot;Boolean&quot;,&quot;value&quot;:false},{&quot;name&quot;:&quot;is_gateway_required_for_sms&quot;,&quot;type&quot;:&quot;Boolean&quot;,&quot;value&quot;:false}],&quot;rel&quot;:&quot;team-3265972&quot;,&quot;links&quot;:[{&quot;rel&quot;:&quot;assignments&quot;,&quot;href&quot;:&quot;https://api.teamsnap.com/v3/assignments/search?team_id=3265972&quot;},{&quot;rel&quot;:&quot;availabilities&quot;,&quot;href&quot;:&quot;https://api.teamsnap.com/v3/availabilities/search?team_id=3265972&quot;},{&quot;rel&quot;:&quot;broadcast_email_attachments&quot;,&quot;href&quot;:&quot;https://api.teamsnap.com/v3/broadcast_email_attachments/search?team_id=3265972&quot;},{&quot;rel&quot;:&quot;broadcast_emails&quot;,&quot;href&quot;:&quot;https://api.teamsnap.com/v3/broadcast_emails/search?team_id=3265972&quot;},{&quot;rel&quot;:&quot;broadcast_alerts&quot;,&quot;href&quot;:&quot;https://api.teamsnap.com/v3/broadcast_alerts/search?team_id=3265972&quot;},{&quot;rel&quot;:&quot;calendar_http&quot;,&quot;href&quot;:&quot;http://ical-cdn.teamsnap.com/team_schedule/98a01e02-a11b-4e8b-8973-2209e19d5f09.ics&quot;},{&quot;rel&quot;:&quot;calendar_http_games_only&quot;,&quot;href&quot;:&quot;http://ical-cdn.teamsnap.com/team_schedule/filter/games/98a01e02-a11b-4e8b-8973-2209e19d5f09.ics&quot;},{&quot;rel&quot;:&quot;calendar_webcal&quot;,&quot;href&quot;:&quot;webcal://ical-cdn.teamsnap.com/team_schedule/98a01e02-a11b-4e8b-8973-2209e19d5f09.ics&quot;},{&quot;rel&quot;:&quot;calendar_webcal_games_only&quot;,&quot;href&quot;:&quot;webcal://ical-cdn.teamsnap.com/team_schedule/filter/games/98a01e02-a11b-4e8b-8973-2209e19d5f09.ics&quot;},{&quot;rel&quot;:&quot;commissioners&quot;,&quot;href&quot;:&quot;https://api.teamsnap.com/v3/members/commissioners?team_id=3265972&quot;},{&quot;rel&quot;:&quot;contact_email_addresses&quot;,&quot;href&quot;:&quot;https://api.teamsnap.com/v3/contact_email_addresses/search?team_id=3265972&quot;},{&quot;rel&quot;:&quot;contact_phone_numbers&quot;,&quot;href&quot;:&quot;https://api.teamsnap.com/v3/contact_phone_numbers/search?team_id=3265972&quot;},{&quot;rel&quot;:&quot;contacts&quot;,&quot;href&quot;:&quot;https://api.teamsnap.com/v3/contacts/search?team_id=3265972&quot;},{&quot;rel&quot;:&quot;custom_data&quot;,&quot;href&quot;:&quot;https://api.teamsnap.com/v3/custom_data/search?team_id=3265972&quot;},{&quot;rel&quot;:&quot;custom_fields&quot;,&quot;href&quot;:&quot;https://api.teamsnap.com/v3/custom_fields/search?team_id=3265972&quot;},{&quot;rel&quot;:&quot;division_contact_email_addresses&quot;,&quot;href&quot;:&quot;https://api.teamsnap.com/v3/division_contact_email_addresses/search?team_id=3265972&quot;},{&quot;rel&quot;:&quot;division_contact_phone_numbers&quot;,&quot;href&quot;:&quot;https://api.teamsnap.com/v3/division_contact_phone_numbers/search?team_id=3265972&quot;},{&quot;rel&quot;:&quot;division_contacts&quot;,&quot;href&quot;:&quot;https://api.teamsnap.com/v3/division_contacts/search?team_id=3265972&quot;},{&quot;rel&quot;:&quot;division_locations&quot;,&quot;href&quot;:&quot;https://api.teamsnap.com/v3/division_locations/search?team_id=3265972&quot;},{&quot;rel&quot;:&quot;division_member_email_addresses&quot;,&quot;href&quot;:&quot;https://api.teamsnap.com/v3/division_member_email_addresses/search?team_id=3265972&quot;},{&quot;rel&quot;:&quot;division_member_phone_numbers&quot;,&quot;href&quot;:&quot;https://api.teamsnap.com/v3/division_member_phone_numbers/search?team_id=3265972&quot;},{&quot;rel&quot;:&quot;division_members&quot;,&quot;href&quot;:&quot;https://api.teamsnap.com/v3/division_members/search?team_id=3265972&quot;},{&quot;rel&quot;:&quot;division_members_preferences&quot;,&quot;href&quot;:&quot;https://api.teamsnap.com/v3/division_members_preferences/search?team_id=3265972&quot;},{&quot;rel&quot;:&quot;division_team_standings&quot;,&quot;href&quot;:&quot;https://api.teamsnap.com/v3/division_team_standings/search?team_id=3265972&quot;},{&quot;rel&quot;:&quot;forum_posts&quot;,&quot;href&quot;:&quot;https://api.teamsnap.com/v3/forum_posts/search?team_id=3265972&quot;},{&quot;rel&quot;:&quot;forum_subscriptions&quot;,&quot;href&quot;:&quot;https://api.teamsnap.com/v3/forum_subscriptions/search?team_id=3265972&quot;},{&quot;rel&quot;:&quot;forum_topics&quot;,&quot;href&quot;:&quot;https://api.teamsnap.com/v3/forum_topics/search?team_id=3265972&quot;},{&quot;rel&quot;:&quot;event_statistics&quot;,&quot;href&quot;:&quot;https://api.teamsnap.com/v3/event_statistics/search?team_id=3265972&quot;},{&quot;rel&quot;:&quot;events&quot;,&quot;href&quot;:&quot;https://api.teamsnap.com/v3/events/search?team_id=3265972&quot;},{&quot;rel&quot;:&quot;events_csv_export&quot;,&quot;href&quot;:&quot;https://api.teamsnap.com/v3/exports/events_csv?hs=2v1kGmuIh33L4l%252BDcczTJpeggsODoxl2IpHjgGFFJ3jvGNjzKuGv%252Br0T6CTecY%252BUQtiuc1M2OkDV1Ya9SDXU%252Bth1Sf%252BRn8FRMNFByfsu2cOzsA7NFEgTVB57sIBAiBe7Gyi%252BCwOzAB7ZCRdEWK4Hyw%253D%253D&quot;},{&quot;rel&quot;:&quot;events_overview&quot;,&quot;href&quot;:&quot;https://api.teamsnap.com/v3/events/overview?team_id=3265972&quot;},{&quot;rel&quot;:&quot;league_custom_data&quot;,&quot;href&quot;:&quot;https://api.teamsnap.com/v3/league_custom_data/search?team_id=3265972&quot;},{&quot;rel&quot;:&quot;league_custom_fields&quot;,&quot;href&quot;:&quot;https://api.teamsnap.com/v3/league_custom_fields/search?team_id=3265972&quot;},{&quot;rel&quot;:&quot;league_registrant_documents&quot;,&quot;href&quot;:&quot;https://api.teamsnap.com/v3/league_registrant_documents/search?member_id=3265972&quot;},{&quot;rel&quot;:&quot;locations&quot;,&quot;href&quot;:&quot;https://api.teamsnap.com/v3/locations/search?team_id=3265972&quot;},{&quot;rel&quot;:&quot;managers&quot;,&quot;href&quot;:&quot;https://api.teamsnap.com/v3/members/managers?team_id=3265972&quot;},{&quot;rel&quot;:&quot;member_balances&quot;,&quot;href&quot;:&quot;https://api.teamsnap.com/v3/member_balances/search?team_id=3265972&quot;},{&quot;rel&quot;:&quot;member_email_addresses&quot;,&quot;href&quot;:&quot;https://api.teamsnap.com/v3/member_email_addresses/search?team_id=3265972&quot;},{&quot;rel&quot;:&quot;member_files&quot;,&quot;href&quot;:&quot;https://api.teamsnap.com/v3/member_files/search?team_id=3265972&quot;},{&quot;rel&quot;:&quot;member_links&quot;,&quot;href&quot;:&quot;https://api.teamsnap.com/v3/member_links/search?team_id=3265972&quot;},{&quot;rel&quot;:&quot;member_payments&quot;,&quot;href&quot;:&quot;https://api.teamsnap.com/v3/member_payments/search?team_id=3265972&quot;},{&quot;rel&quot;:&quot;member_phone_numbers&quot;,&quot;href&quot;:&quot;https://api.teamsnap.com/v3/member_phone_numbers/search?team_id=3265972&quot;},{&quot;rel&quot;:&quot;member_photos&quot;,&quot;href&quot;:&quot;https://api.teamsnap.com/v3/member_photos/search?team_id=3265972&quot;},{&quot;rel&quot;:&quot;member_statistics&quot;,&quot;href&quot;:&quot;https://api.teamsnap.com/v3/member_statistics/search?team_id=3265972&quot;},{&quot;rel&quot;:&quot;members&quot;,&quot;href&quot;:&quot;https://api.teamsnap.com/v3/members/search?team_id=3265972&quot;},{&quot;rel&quot;:&quot;members_csv_export&quot;,&quot;href&quot;:&quot;https://api.teamsnap.com/v3/exports/members_csv?hs=2v1kGmuIh33L4l%252BDcczTJpeggsODoxl2IpHjgGFFJ3jvGNjzKuGv%252Br0T6CTecY%252BUQtiuc1M2OkDV1Ya9SDXU%252Bth1Sf%252BRn8FRMNFByfsu2cOzsA7NFEgTVB57sIBAiBe7Gyi%252BCwOzAB7ZCRdEWK4Hyw%253D%253D&quot;},{&quot;rel&quot;:&quot;members_preferences&quot;,&quot;href&quot;:&quot;https://api.teamsnap.com/v3/members_preferences/search?team_id=3265972&quot;},{&quot;rel&quot;:&quot;message_data&quot;,&quot;href&quot;:&quot;https://api.teamsnap.com/v3/message_data/search?team_id=3265972&quot;},{&quot;rel&quot;:&quot;messages&quot;,&quot;href&quot;:&quot;https://api.teamsnap.com/v3/messages/search?team_id=3265972&quot;},{&quot;rel&quot;:&quot;opponents&quot;,&quot;href&quot;:&quot;https://api.teamsnap.com/v3/opponents/search?team_id=3265972&quot;},{&quot;rel&quot;:&quot;opponents_results&quot;,&quot;href&quot;:&quot;https://api.teamsnap.com/v3/opponents_results/search?team_id=3265972&quot;},{&quot;rel&quot;:&quot;owner&quot;,&quot;href&quot;:&quot;https://api.teamsnap.com/v3/members/owner?team_id=3265972&quot;},{&quot;rel&quot;:&quot;payment_notes&quot;,&quot;href&quot;:&quot;https://api.teamsnap.com/v3/payment_notes/search?team_id=3265972&quot;},{&quot;rel&quot;:&quot;paypal_currency&quot;,&quot;href&quot;:&quot;https://api.teamsnap.com/v3/paypal_currencies/search?team_id=3265972&quot;},{&quot;rel&quot;:&quot;plan&quot;,&quot;href&quot;:&quot;https://api.teamsnap.com/v3/plans/17&quot;},{&quot;rel&quot;:&quot;sponsors&quot;,&quot;href&quot;:&quot;https://api.teamsnap.com/v3/sponsors/search?team_id=3265972&quot;},{&quot;rel&quot;:&quot;sport&quot;,&quot;href&quot;:&quot;https://api.teamsnap.com/v3/sports/51&quot;},{&quot;rel&quot;:&quot;statistics&quot;,&quot;href&quot;:&quot;https://api.teamsnap.com/v3/statistics/search?team_id=3265972&quot;},{&quot;rel&quot;:&quot;statistic_aggregates&quot;,&quot;href&quot;:&quot;https://api.teamsnap.com/v3/statistic_aggregates/search?team_id=3265972&quot;},{&quot;rel&quot;:&quot;statistic_data&quot;,&quot;href&quot;:&quot;https://api.teamsnap.com/v3/statistic_data/search?team_id=3265972&quot;},{&quot;rel&quot;:&quot;statistic_groups&quot;,&quot;href&quot;:&quot;https://api.teamsnap.com/v3/statistic_groups/search?team_id=3265972&quot;},{&quot;rel&quot;:&quot;team_fees&quot;,&quot;href&quot;:&quot;https://api.teamsnap.com/v3/team_fees/search?team_id=3265972&quot;},{&quot;rel&quot;:&quot;team_logo_photo_file&quot;,&quot;href&quot;:&quot;https://api.teamsnap.com/v3/photo_files/sport_logo/51-0&quot;},{&quot;rel&quot;:&quot;team_media&quot;,&quot;href&quot;:&quot;https://api.teamsnap.com/v3/team_media/search?team_id=3265972&quot;},{&quot;rel&quot;:&quot;team_medium_comments&quot;,&quot;href&quot;:&quot;https://api.teamsnap.com/v3/team_medium_comments/search?team_id=3265972&quot;},{&quot;rel&quot;:&quot;team_media_groups&quot;,&quot;href&quot;:&quot;https://api.teamsnap.com/v3/team_media_groups/search?team_id=3265972&quot;},{&quot;rel&quot;:&quot;team_paypal_preferences&quot;,&quot;href&quot;:&quot;https://api.teamsnap.com/v3/teams_paypal_preferences/3265972&quot;},{&quot;rel&quot;:&quot;team_photos&quot;,&quot;href&quot;:&quot;https://api.teamsnap.com/v3/team_photos/search&quot;},{&quot;rel&quot;:&quot;team_preferences&quot;,&quot;href&quot;:&quot;https://api.teamsnap.com/v3/teams_preferences/3265972&quot;},{&quot;rel&quot;:&quot;team_public_site&quot;,&quot;href&quot;:&quot;https://api.teamsnap.com/v3/team_public_sites/3265972&quot;},{&quot;rel&quot;:&quot;team_results&quot;,&quot;href&quot;:&quot;https://api.teamsnap.com/v3/teams_results/3265972&quot;},{&quot;rel&quot;:&quot;team_statistics&quot;,&quot;href&quot;:&quot;https://api.teamsnap.com/v3/team_statistics/search?team_id=3265972&quot;},{&quot;rel&quot;:&quot;tracked_item_statuses&quot;,&quot;href&quot;:&quot;https://api.teamsnap.com/v3/tracked_item_statuses/search?team_id=3265972&quot;},{&quot;rel&quot;:&quot;tracked_items&quot;,&quot;href&quot;:&quot;https://api.teamsnap.com/v3/tracked_items/search?team_id=3265972&quot;}],&quot;href&quot;:&quot;https://api.teamsnap.com/v3/teams/3265972&quot;}],&quot;commands&quot;:[{&quot;data&quot;:[{&quot;name&quot;:&quot;team_id&quot;,&quot;value&quot;:null},{&quot;name&quot;:&quot;contact_id&quot;,&quot;value&quot;:null},{&quot;name&quot;:&quot;member_id&quot;,&quot;value&quot;:null},{&quot;name&quot;:&quot;introduction&quot;,&quot;value&quot;:null},{&quot;name&quot;:&quot;notify_as_member_id&quot;,&quot;value&quot;:null}],&quot;rel&quot;:&quot;invite&quot;,&quot;href&quot;:&quot;https://api.teamsnap.com/v3/teams/invite&quot;,&quot;prompt&quot;:&quot;invite team members or contacts to join TeamSnap.&quot;},{&quot;data&quot;:[{&quot;name&quot;:&quot;team_id&quot;,&quot;value&quot;:null},{&quot;name&quot;:&quot;time_zone&quot;,&quot;value&quot;:null},{&quot;deprecated&quot;:true,&quot;name&quot;:&quot;offset_team_times&quot;,&quot;value&quot;:null,&quot;prompt&quot;:&quot;%{old} is deprecated and will be removed in a future version, use %{new} instead.&quot;}],&quot;rel&quot;:&quot;update_time_zone&quot;,&quot;href&quot;:&quot;https://api.teamsnap.com/v3/teams/update_time_zone&quot;,&quot;prompt&quot;:&quot;Update team&apos;s time zone. This is currently the only method of updating a team&apos;s time zone.&quot;},{&quot;data&quot;:[{&quot;name&quot;:&quot;team_id&quot;,&quot;value&quot;:null}],&quot;rel&quot;:&quot;reset_statistics&quot;,&quot;href&quot;:&quot;https://api.teamsnap.com/v3/teams/reset_statistics&quot;,&quot;prompt&quot;:&quot;Deletes all data, categories and groups for a given team_id&quot;},{&quot;data&quot;:[{&quot;name&quot;:&quot;id&quot;,&quot;value&quot;:null}],&quot;rel&quot;:&quot;invite_team_owners&quot;,&quot;href&quot;:&quot;https://api.teamsnap.com/v3/teams/invite_team_owners&quot;,&quot;prompt&quot;:&quot;Beta: (This endpoint subject to change) Allow commissioners to send invitations to all owners on active teams in the division.&quot;},{&quot;data&quot;:[{&quot;name&quot;:&quot;team_id&quot;,&quot;value&quot;:null},{&quot;name&quot;:&quot;member_id&quot;,&quot;value&quot;:null}],&quot;rel&quot;:&quot;change_owner&quot;,&quot;href&quot;:&quot;https://api.teamsnap.com/v3/teams/change_owner&quot;,&quot;prompt&quot;:&quot;Beta: (This endpoint subject to change) Allow commissioners to change the owner of a league team.&quot;},{&quot;data&quot;:[{&quot;name&quot;:&quot;team_ids&quot;,&quot;value&quot;:null}],&quot;rel&quot;:&quot;toggle_team_visibility_on_dashboard&quot;,&quot;href&quot;:&quot;https://api.teamsnap.com/v3/teams/toggle_team_visibility_on_dashboard&quot;,&quot;prompt&quot;:&quot;Toggles the visibility of teams on the list of active teams, per user. Requires a single id or a comma separated list of &apos;team_id&apos;s&quot;}]}}
Aug 05, 2017 6:33:24 PM teamsnap.apiClient.Query execute
INFO: {&quot;collection&quot;:{&quot;template&quot;:{&quot;data&quot;:[{&quot;name&quot;:&quot;type&quot;,&quot;value&quot;:&quot;event&quot;},{&quot;name&quot;:&quot;additional_location_details&quot;,&quot;value&quot;:null},{&quot;name&quot;:&quot;browser_time_zone&quot;,&quot;value&quot;:null},{&quot;name&quot;:&quot;division_location_id&quot;,&quot;value&quot;:null},{&quot;name&quot;:&quot;doesnt_count_towards_record&quot;,&quot;value&quot;:null},{&quot;name&quot;:&quot;duration_in_minutes&quot;,&quot;value&quot;:null},{&quot;name&quot;:&quot;game_type_code&quot;,&quot;value&quot;:null},{&quot;name&quot;:&quot;icon_color&quot;,&quot;value&quot;:null},{&quot;name&quot;:&quot;is_canceled&quot;,&quot;value&quot;:null},{&quot;name&quot;:&quot;is_game&quot;,&quot;value&quot;:null},{&quot;name&quot;:&quot;is_overtime&quot;,&quot;value&quot;:null},{&quot;name&quot;:&quot;is_shootout&quot;,&quot;value&quot;:null},{&quot;name&quot;:&quot;is_tbd&quot;,&quot;value&quot;:null},{&quot;name&quot;:&quot;label&quot;,&quot;value&quot;:null},{&quot;name&quot;:&quot;location_id&quot;,&quot;value&quot;:null},{&quot;name&quot;:&quot;minutes_to_arrive_early&quot;,&quot;value&quot;:null},{&quot;name&quot;:&quot;name&quot;,&quot;value&quot;:null},{&quot;name&quot;:&quot;notes&quot;,&quot;value&quot;:null},{&quot;name&quot;:&quot;notify_opponent&quot;,&quot;value&quot;:null},{&quot;name&quot;:&quot;notify_opponent_contacts_email&quot;,&quot;value&quot;:null},{&quot;name&quot;:&quot;notify_opponent_contacts_name&quot;,&quot;value&quot;:null},{&quot;name&quot;:&quot;notify_opponent_notes&quot;,&quot;value&quot;:null},{&quot;name&quot;:&quot;notify_team&quot;,&quot;value&quot;:null},{&quot;name&quot;:&quot;notify_team_as_member_id&quot;,&quot;value&quot;:null},{&quot;name&quot;:&quot;opponent_id&quot;,&quot;value&quot;:null},{&quot;name&quot;:&quot;points_for_opponent&quot;,&quot;value&quot;:null},{&quot;name&quot;:&quot;points_for_team&quot;,&quot;value&quot;:null},{&quot;name&quot;:&quot;repeating_include&quot;,&quot;value&quot;:null,&quot;prompt&quot;:&quot;When updating a repeating event, this is a required field. Values are: \&quot;all\&quot; - updates all events in this series, \&quot;future\&quot; - updates this event and all that occur after, \&quot;none\&quot; - only updates a single event.&quot;},{&quot;name&quot;:&quot;repeating_type_code&quot;,&quot;value&quot;:null,&quot;prompt&quot;:&quot;A code for the frequency of the repeated event, this is required with the \&quot;repeating_include\&quot; attribute when creating a repeating event. Valid values are: \&quot;1\&quot; - repeat an event daily, \&quot;2\&quot; - repeat an event weekly.&quot;},{&quot;name&quot;:&quot;repeating_until&quot;,&quot;value&quot;:null,&quot;prompt&quot;:&quot;A date when the repeating event should end, this is inclusive so an event will be created on this day if it falls before the next event specified by \&quot;repeating_type_code\&quot;. This attribute is required with \&quot;repeating_type_code\&quot; when creating a repeating event.&quot;},{&quot;name&quot;:&quot;results&quot;,&quot;value&quot;:null},{&quot;name&quot;:&quot;results_url&quot;,&quot;value&quot;:null},{&quot;name&quot;:&quot;shootout_points_for_opponent&quot;,&quot;value&quot;:null},{&quot;name&quot;:&quot;shootout_points_for_team&quot;,&quot;value&quot;:null},{&quot;name&quot;:&quot;start_date&quot;,&quot;value&quot;:null},{&quot;name&quot;:&quot;team_id&quot;,&quot;value&quot;:null},{&quot;name&quot;:&quot;time_zone&quot;,&quot;value&quot;:null},{&quot;name&quot;:&quot;tracks_availability&quot;,&quot;value&quot;:null},{&quot;name&quot;:&quot;uniform&quot;,&quot;value&quot;:null}]},&quot;rel&quot;:&quot;events&quot;,&quot;links&quot;:[{&quot;rel&quot;:&quot;assignments&quot;,&quot;href&quot;:&quot;https://api.teamsnap.com/v3/assignments&quot;},{&quot;rel&quot;:&quot;availabilities&quot;,&quot;href&quot;:&quot;https://api.teamsnap.com/v3/availabilities&quot;},{&quot;rel&quot;:&quot;division_location&quot;,&quot;href&quot;:&quot;https://api.teamsnap.com/v3/division_locations&quot;},{&quot;rel&quot;:&quot;event_statistics&quot;,&quot;href&quot;:&quot;https://api.teamsnap.com/v3/event_statistics&quot;},{&quot;rel&quot;:&quot;location&quot;,&quot;href&quot;:&quot;https://api.teamsnap.com/v3/locations&quot;},{&quot;rel&quot;:&quot;opponent&quot;,&quot;href&quot;:&quot;https://api.teamsnap.com/v3/opponents&quot;},{&quot;rel&quot;:&quot;statistic_data&quot;,&quot;href&quot;:&quot;https://api.teamsnap.com/v3/statistic_data&quot;},{&quot;rel&quot;:&quot;team&quot;,&quot;href&quot;:&quot;https://api.teamsnap.com/v3/teams&quot;},{&quot;rel&quot;:&quot;root&quot;,&quot;href&quot;:&quot;https://api.teamsnap.com/v3/&quot;},{&quot;rel&quot;:&quot;self&quot;,&quot;href&quot;:&quot;https://api.teamsnap.com/v3/events/search?team_id=3239872&quot;}],&quot;href&quot;:&quot;https://api.teamsnap.com/v3/events&quot;,&quot;version&quot;:&quot;3.518.0&quot;,&quot;queries&quot;:[{&quot;data&quot;:[{&quot;name&quot;:&quot;team_id&quot;,&quot;value&quot;:null},{&quot;name&quot;:&quot;location_id&quot;,&quot;value&quot;:null},{&quot;name&quot;:&quot;opponent_id&quot;,&quot;value&quot;:null},{&quot;name&quot;:&quot;started_after&quot;,&quot;value&quot;:null},{&quot;name&quot;:&quot;started_before&quot;,&quot;value&quot;:null},{&quot;name&quot;:&quot;repeating_uuid&quot;,&quot;value&quot;:null},{&quot;name&quot;:&quot;id&quot;,&quot;value&quot;:null},{&quot;name&quot;:&quot;is_game&quot;,&quot;value&quot;:null},{&quot;name&quot;:&quot;updated_since&quot;,&quot;value&quot;:null},{&quot;name&quot;:&quot;page_size&quot;,&quot;value&quot;:null,&quot;prompt&quot;:&quot;The number of items to return for each page. Sending this parameter with the query will enable paging for the returned collection.&quot;},{&quot;name&quot;:&quot;page_number&quot;,&quot;value&quot;:null,&quot;prompt&quot;:&quot;The number of the page to be returned. This requires that paging be turned on by also providing the page_size parameter.&quot;},{&quot;name&quot;:&quot;sort_start_date&quot;,&quot;value&quot;:null,&quot;prompt&quot;:&quot;Sort the returned dataset based on the start_date field, valid values are &apos;asc&apos; or &apos;desc&apos;.&quot;}],&quot;rel&quot;:&quot;search&quot;,&quot;sort&quot;:[&quot;start_date&quot;],&quot;href&quot;:&quot;https://api.teamsnap.com/v3/events/search&quot;},{&quot;data&quot;:[{&quot;name&quot;:&quot;team_id&quot;,&quot;value&quot;:null},{&quot;name&quot;:&quot;page_size&quot;,&quot;value&quot;:null,&quot;prompt&quot;:&quot;The number of items to return for each page. Sending this parameter with the query will enable paging for the returned collection.&quot;},{&quot;name&quot;:&quot;page_number&quot;,&quot;value&quot;:null,&quot;prompt&quot;:&quot;The number of the page to be returned. This requires that paging be turned on by also providing the page_size parameter.&quot;}],&quot;rel&quot;:&quot;search_games&quot;,&quot;href&quot;:&quot;https://api.teamsnap.com/v3/events/search_games&quot;},{&quot;data&quot;:[{&quot;name&quot;:&quot;team_id&quot;,&quot;value&quot;:null}],&quot;rel&quot;:&quot;overview&quot;,&quot;href&quot;:&quot;https://api.teamsnap.com/v3/events/overview&quot;}],&quot;commands&quot;:[{&quot;data&quot;:[{&quot;name&quot;:&quot;id&quot;,&quot;value&quot;:null},{&quot;name&quot;:&quot;members_to_notify&quot;,&quot;value&quot;:null},{&quot;name&quot;:&quot;notify_team_as_member_id&quot;,&quot;value&quot;:null}],&quot;rel&quot;:&quot;send_availability_reminders&quot;,&quot;href&quot;:&quot;https://api.teamsnap.com/v3/events/send_availability_reminders&quot;,&quot;prompt&quot;:&quot;members_to_notify = [member_id, member_id]&quot;},{&quot;data&quot;:[{&quot;name&quot;:&quot;id&quot;,&quot;value&quot;:null},{&quot;name&quot;:&quot;points_for_team&quot;,&quot;value&quot;:null},{&quot;name&quot;:&quot;points_for_opponent&quot;,&quot;value&quot;:null},{&quot;name&quot;:&quot;shootout_points_for_team&quot;,&quot;value&quot;:null},{&quot;name&quot;:&quot;shootout_points_for_opponent&quot;,&quot;value&quot;:null},{&quot;name&quot;:&quot;is_overtime&quot;,&quot;value&quot;:null},{&quot;name&quot;:&quot;is_shootout&quot;,&quot;value&quot;:null},{&quot;name&quot;:&quot;results&quot;,&quot;value&quot;:null},{&quot;name&quot;:&quot;results_url&quot;,&quot;value&quot;:null}],&quot;rel&quot;:&quot;update_final_score&quot;,&quot;href&quot;:&quot;https://api.teamsnap.com/v3/events/update_final_score&quot;,&quot;prompt&quot;:&quot;Update the final score for an event&quot;},{&quot;data&quot;:[{&quot;name&quot;:&quot;templates&quot;,&quot;value&quot;:null},{&quot;name&quot;:&quot;team_id&quot;,&quot;value&quot;:null},{&quot;name&quot;:&quot;notify_team_as_member_id&quot;,&quot;value&quot;:null},{&quot;name&quot;:&quot;notify_team&quot;,&quot;value&quot;:null}],&quot;rel&quot;:&quot;bulk_create&quot;,&quot;href&quot;:&quot;https://api.teamsnap.com/v3/events/bulk_create&quot;,&quot;prompt&quot;:&quot;event_ids = [event_id, event_id]&quot;}]}}
Aug 05, 2017 6:33:24 PM teamsnap.apiClient.Query execute
INFO: {&quot;collection&quot;:{&quot;template&quot;:{&quot;data&quot;:[{&quot;name&quot;:&quot;type&quot;,&quot;value&quot;:&quot;event&quot;},{&quot;name&quot;:&quot;additional_location_details&quot;,&quot;value&quot;:null},{&quot;name&quot;:&quot;browser_time_zone&quot;,&quot;value&quot;:null},{&quot;name&quot;:&quot;division_location_id&quot;,&quot;value&quot;:null},{&quot;name&quot;:&quot;doesnt_count_towards_record&quot;,&quot;value&quot;:null},{&quot;name&quot;:&quot;duration_in_minutes&quot;,&quot;value&quot;:null},{&quot;name&quot;:&quot;game_type_code&quot;,&quot;value&quot;:null},{&quot;name&quot;:&quot;icon_color&quot;,&quot;value&quot;:null},{&quot;name&quot;:&quot;is_canceled&quot;,&quot;value&quot;:null},{&quot;name&quot;:&quot;is_game&quot;,&quot;value&quot;:null},{&quot;name&quot;:&quot;is_overtime&quot;,&quot;value&quot;:null},{&quot;name&quot;:&quot;is_shootout&quot;,&quot;value&quot;:null},{&quot;name&quot;:&quot;is_tbd&quot;,&quot;value&quot;:null},{&quot;name&quot;:&quot;label&quot;,&quot;value&quot;:null},{&quot;name&quot;:&quot;location_id&quot;,&quot;value&quot;:null},{&quot;name&quot;:&quot;minutes_to_arrive_early&quot;,&quot;value&quot;:null},{&quot;name&quot;:&quot;name&quot;,&quot;value&quot;:null},{&quot;name&quot;:&quot;notes&quot;,&quot;value&quot;:null},{&quot;name&quot;:&quot;notify_opponent&quot;,&quot;value&quot;:null},{&quot;name&quot;:&quot;notify_opponent_contacts_email&quot;,&quot;value&quot;:null},{&quot;name&quot;:&quot;notify_opponent_contacts_name&quot;,&quot;value&quot;:null},{&quot;name&quot;:&quot;notify_opponent_notes&quot;,&quot;value&quot;:null},{&quot;name&quot;:&quot;notify_team&quot;,&quot;value&quot;:null},{&quot;name&quot;:&quot;notify_team_as_member_id&quot;,&quot;value&quot;:null},{&quot;name&quot;:&quot;opponent_id&quot;,&quot;value&quot;:null},{&quot;name&quot;:&quot;points_for_opponent&quot;,&quot;value&quot;:null},{&quot;name&quot;:&quot;points_for_team&quot;,&quot;value&quot;:null},{&quot;name&quot;:&quot;repeating_include&quot;,&quot;value&quot;:null,&quot;prompt&quot;:&quot;When updating a repeating event, this is a required field. Values are: \&quot;all\&quot; - updates all events in this series, \&quot;future\&quot; - updates this event and all that occur after, \&quot;none\&quot; - only updates a single event.&quot;},{&quot;name&quot;:&quot;repeating_type_code&quot;,&quot;value&quot;:null,&quot;prompt&quot;:&quot;A code for the frequency of the repeated event, this is required with the \&quot;repeating_include\&quot; attribute when creating a repeating event. Valid values are: \&quot;1\&quot; - repeat an event daily, \&quot;2\&quot; - repeat an event weekly.&quot;},{&quot;name&quot;:&quot;repeating_until&quot;,&quot;value&quot;:null,&quot;prompt&quot;:&quot;A date when the repeating event should end, this is inclusive so an event will be created on this day if it falls before the next event specified by \&quot;repeating_type_code\&quot;. This attribute is required with \&quot;repeating_type_code\&quot; when creating a repeating event.&quot;},{&quot;name&quot;:&quot;results&quot;,&quot;value&quot;:null},{&quot;name&quot;:&quot;results_url&quot;,&quot;value&quot;:null},{&quot;name&quot;:&quot;shootout_points_for_opponent&quot;,&quot;value&quot;:null},{&quot;name&quot;:&quot;shootout_points_for_team&quot;,&quot;value&quot;:null},{&quot;name&quot;:&quot;start_date&quot;,&quot;value&quot;:null},{&quot;name&quot;:&quot;team_id&quot;,&quot;value&quot;:null},{&quot;name&quot;:&quot;time_zone&quot;,&quot;value&quot;:null},{&quot;name&quot;:&quot;tracks_availability&quot;,&quot;value&quot;:null},{&quot;name&quot;:&quot;uniform&quot;,&quot;value&quot;:null}]},&quot;rel&quot;:&quot;events&quot;,&quot;links&quot;:[{&quot;rel&quot;:&quot;assignments&quot;,&quot;href&quot;:&quot;https://api.teamsnap.com/v3/assignments&quot;},{&quot;rel&quot;:&quot;availabilities&quot;,&quot;href&quot;:&quot;https://api.teamsnap.com/v3/availabilities&quot;},{&quot;rel&quot;:&quot;division_location&quot;,&quot;href&quot;:&quot;https://api.teamsnap.com/v3/division_locations&quot;},{&quot;rel&quot;:&quot;event_statistics&quot;,&quot;href&quot;:&quot;https://api.teamsnap.com/v3/event_statistics&quot;},{&quot;rel&quot;:&quot;location&quot;,&quot;href&quot;:&quot;https://api.teamsnap.com/v3/locations&quot;},{&quot;rel&quot;:&quot;opponent&quot;,&quot;href&quot;:&quot;https://api.teamsnap.com/v3/opponents&quot;},{&quot;rel&quot;:&quot;statistic_data&quot;,&quot;href&quot;:&quot;https://api.teamsnap.com/v3/statistic_data&quot;},{&quot;rel&quot;:&quot;team&quot;,&quot;href&quot;:&quot;https://api.teamsnap.com/v3/teams&quot;},{&quot;rel&quot;:&quot;root&quot;,&quot;href&quot;:&quot;https://api.teamsnap.com/v3/&quot;},{&quot;rel&quot;:&quot;self&quot;,&quot;href&quot;:&quot;https://api.teamsnap.com/v3/events/search?team_id=3239874&quot;}],&quot;href&quot;:&quot;https://api.teamsnap.com/v3/events&quot;,&quot;version&quot;:&quot;3.518.0&quot;,&quot;queries&quot;:[{&quot;data&quot;:[{&quot;name&quot;:&quot;team_id&quot;,&quot;value&quot;:null},{&quot;name&quot;:&quot;location_id&quot;,&quot;value&quot;:null},{&quot;name&quot;:&quot;opponent_id&quot;,&quot;value&quot;:null},{&quot;name&quot;:&quot;started_after&quot;,&quot;value&quot;:null},{&quot;name&quot;:&quot;started_before&quot;,&quot;value&quot;:null},{&quot;name&quot;:&quot;repeating_uuid&quot;,&quot;value&quot;:null},{&quot;name&quot;:&quot;id&quot;,&quot;value&quot;:null},{&quot;name&quot;:&quot;is_game&quot;,&quot;value&quot;:null},{&quot;name&quot;:&quot;updated_since&quot;,&quot;value&quot;:null},{&quot;name&quot;:&quot;page_size&quot;,&quot;value&quot;:null,&quot;prompt&quot;:&quot;The number of items to return for each page. Sending this parameter with the query will enable paging for the returned collection.&quot;},{&quot;name&quot;:&quot;page_number&quot;,&quot;value&quot;:null,&quot;prompt&quot;:&quot;The number of the page to be returned. This requires that paging be turned on by also providing the page_size parameter.&quot;},{&quot;name&quot;:&quot;sort_start_date&quot;,&quot;value&quot;:null,&quot;prompt&quot;:&quot;Sort the returned dataset based on the start_date field, valid values are &apos;asc&apos; or &apos;desc&apos;.&quot;}],&quot;rel&quot;:&quot;search&quot;,&quot;sort&quot;:[&quot;start_date&quot;],&quot;href&quot;:&quot;https://api.teamsnap.com/v3/events/search&quot;},{&quot;data&quot;:[{&quot;name&quot;:&quot;team_id&quot;,&quot;value&quot;:null},{&quot;name&quot;:&quot;page_size&quot;,&quot;value&quot;:null,&quot;prompt&quot;:&quot;The number of items to return for each page. Sending this parameter with the query will enable paging for the returned collection.&quot;},{&quot;name&quot;:&quot;page_number&quot;,&quot;value&quot;:null,&quot;prompt&quot;:&quot;The number of the page to be returned. This requires that paging be turned on by also providing the page_size parameter.&quot;}],&quot;rel&quot;:&quot;search_games&quot;,&quot;href&quot;:&quot;https://api.teamsnap.com/v3/events/search_games&quot;},{&quot;data&quot;:[{&quot;name&quot;:&quot;team_id&quot;,&quot;value&quot;:null}],&quot;rel&quot;:&quot;overview&quot;,&quot;href&quot;:&quot;https://api.teamsnap.com/v3/events/overview&quot;}],&quot;commands&quot;:[{&quot;data&quot;:[{&quot;name&quot;:&quot;id&quot;,&quot;value&quot;:null},{&quot;name&quot;:&quot;members_to_notify&quot;,&quot;value&quot;:null},{&quot;name&quot;:&quot;notify_team_as_member_id&quot;,&quot;value&quot;:null}],&quot;rel&quot;:&quot;send_availability_reminders&quot;,&quot;href&quot;:&quot;https://api.teamsnap.com/v3/events/send_availability_reminders&quot;,&quot;prompt&quot;:&quot;members_to_notify = [member_id, member_id]&quot;},{&quot;data&quot;:[{&quot;name&quot;:&quot;id&quot;,&quot;value&quot;:null},{&quot;name&quot;:&quot;points_for_team&quot;,&quot;value&quot;:null},{&quot;name&quot;:&quot;points_for_opponent&quot;,&quot;value&quot;:null},{&quot;name&quot;:&quot;shootout_points_for_team&quot;,&quot;value&quot;:null},{&quot;name&quot;:&quot;shootout_points_for_opponent&quot;,&quot;value&quot;:null},{&quot;name&quot;:&quot;is_overtime&quot;,&quot;value&quot;:null},{&quot;name&quot;:&quot;is_shootout&quot;,&quot;value&quot;:null},{&quot;name&quot;:&quot;results&quot;,&quot;value&quot;:null},{&quot;name&quot;:&quot;results_url&quot;,&quot;value&quot;:null}],&quot;rel&quot;:&quot;update_final_score&quot;,&quot;href&quot;:&quot;https://api.teamsnap.com/v3/events/update_final_score&quot;,&quot;prompt&quot;:&quot;Update the final score for an event&quot;},{&quot;data&quot;:[{&quot;name&quot;:&quot;templates&quot;,&quot;value&quot;:null},{&quot;name&quot;:&quot;team_id&quot;,&quot;value&quot;:null},{&quot;name&quot;:&quot;notify_team_as_member_id&quot;,&quot;value&quot;:null},{&quot;name&quot;:&quot;notify_team&quot;,&quot;value&quot;:null}],&quot;rel&quot;:&quot;bulk_create&quot;,&quot;href&quot;:&quot;https://api.teamsnap.com/v3/events/bulk_create&quot;,&quot;prompt&quot;:&quot;event_ids = [event_id, event_id]&quot;}]}}
Aug 05, 2017 6:33:25 PM teamsnap.apiClient.Query execute
INFO: {&quot;collection&quot;:{&quot;template&quot;:{&quot;data&quot;:[{&quot;name&quot;:&quot;type&quot;,&quot;value&quot;:&quot;event&quot;},{&quot;name&quot;:&quot;additional_location_details&quot;,&quot;value&quot;:null},{&quot;name&quot;:&quot;browser_time_zone&quot;,&quot;value&quot;:null},{&quot;name&quot;:&quot;division_location_id&quot;,&quot;value&quot;:null},{&quot;name&quot;:&quot;doesnt_count_towards_record&quot;,&quot;value&quot;:null},{&quot;name&quot;:&quot;duration_in_minutes&quot;,&quot;value&quot;:null},{&quot;name&quot;:&quot;game_type_code&quot;,&quot;value&quot;:null},{&quot;name&quot;:&quot;icon_color&quot;,&quot;value&quot;:null},{&quot;name&quot;:&quot;is_canceled&quot;,&quot;value&quot;:null},{&quot;name&quot;:&quot;is_game&quot;,&quot;value&quot;:null},{&quot;name&quot;:&quot;is_overtime&quot;,&quot;value&quot;:null},{&quot;name&quot;:&quot;is_shootout&quot;,&quot;value&quot;:null},{&quot;name&quot;:&quot;is_tbd&quot;,&quot;value&quot;:null},{&quot;name&quot;:&quot;label&quot;,&quot;value&quot;:null},{&quot;name&quot;:&quot;location_id&quot;,&quot;value&quot;:null},{&quot;name&quot;:&quot;minutes_to_arrive_early&quot;,&quot;value&quot;:null},{&quot;name&quot;:&quot;name&quot;,&quot;value&quot;:null},{&quot;name&quot;:&quot;notes&quot;,&quot;value&quot;:null},{&quot;name&quot;:&quot;notify_opponent&quot;,&quot;value&quot;:null},{&quot;name&quot;:&quot;notify_opponent_contacts_email&quot;,&quot;value&quot;:null},{&quot;name&quot;:&quot;notify_opponent_contacts_name&quot;,&quot;value&quot;:null},{&quot;name&quot;:&quot;notify_opponent_notes&quot;,&quot;value&quot;:null},{&quot;name&quot;:&quot;notify_team&quot;,&quot;value&quot;:null},{&quot;name&quot;:&quot;notify_team_as_member_id&quot;,&quot;value&quot;:null},{&quot;name&quot;:&quot;opponent_id&quot;,&quot;value&quot;:null},{&quot;name&quot;:&quot;points_for_opponent&quot;,&quot;value&quot;:null},{&quot;name&quot;:&quot;points_for_team&quot;,&quot;value&quot;:null},{&quot;name&quot;:&quot;repeating_include&quot;,&quot;value&quot;:null,&quot;prompt&quot;:&quot;When updating a repeating event, this is a required field. Values are: \&quot;all\&quot; - updates all events in this series, \&quot;future\&quot; - updates this event and all that occur after, \&quot;none\&quot; - only updates a single event.&quot;},{&quot;name&quot;:&quot;repeating_type_code&quot;,&quot;value&quot;:null,&quot;prompt&quot;:&quot;A code for the frequency of the repeated event, this is required with the \&quot;repeating_include\&quot; attribute when creating a repeating event. Valid values are: \&quot;1\&quot; - repeat an event daily, \&quot;2\&quot; - repeat an event weekly.&quot;},{&quot;name&quot;:&quot;repeating_until&quot;,&quot;value&quot;:null,&quot;prompt&quot;:&quot;A date when the repeating event should end, this is inclusive so an event will be created on this day if it falls before the next event specified by \&quot;repeating_type_code\&quot;. This attribute is required with \&quot;repeating_type_code\&quot; when creating a repeating event.&quot;},{&quot;name&quot;:&quot;results&quot;,&quot;value&quot;:null},{&quot;name&quot;:&quot;results_url&quot;,&quot;value&quot;:null},{&quot;name&quot;:&quot;shootout_points_for_opponent&quot;,&quot;value&quot;:null},{&quot;name&quot;:&quot;shootout_points_for_team&quot;,&quot;value&quot;:null},{&quot;name&quot;:&quot;start_date&quot;,&quot;value&quot;:null},{&quot;name&quot;:&quot;team_id&quot;,&quot;value&quot;:null},{&quot;name&quot;:&quot;time_zone&quot;,&quot;value&quot;:null},{&quot;name&quot;:&quot;tracks_availability&quot;,&quot;value&quot;:null},{&quot;name&quot;:&quot;uniform&quot;,&quot;value&quot;:null}]},&quot;rel&quot;:&quot;events&quot;,&quot;links&quot;:[{&quot;rel&quot;:&quot;assignments&quot;,&quot;href&quot;:&quot;https://api.teamsnap.com/v3/assignments&quot;},{&quot;rel&quot;:&quot;availabilities&quot;,&quot;href&quot;:&quot;https://api.teamsnap.com/v3/availabilities&quot;},{&quot;rel&quot;:&quot;division_location&quot;,&quot;href&quot;:&quot;https://api.teamsnap.com/v3/division_locations&quot;},{&quot;rel&quot;:&quot;event_statistics&quot;,&quot;href&quot;:&quot;https://api.teamsnap.com/v3/event_statistics&quot;},{&quot;rel&quot;:&quot;location&quot;,&quot;href&quot;:&quot;https://api.teamsnap.com/v3/locations&quot;},{&quot;rel&quot;:&quot;opponent&quot;,&quot;href&quot;:&quot;https://api.teamsnap.com/v3/opponents&quot;},{&quot;rel&quot;:&quot;statistic_data&quot;,&quot;href&quot;:&quot;https://api.teamsnap.com/v3/statistic_data&quot;},{&quot;rel&quot;:&quot;team&quot;,&quot;href&quot;:&quot;https://api.teamsnap.com/v3/teams&quot;},{&quot;rel&quot;:&quot;root&quot;,&quot;href&quot;:&quot;https://api.teamsnap.com/v3/&quot;},{&quot;rel&quot;:&quot;self&quot;,&quot;href&quot;:&quot;https://api.teamsnap.com/v3/events/search?team_id=3239875&quot;}],&quot;href&quot;:&quot;https://api.teamsnap.com/v3/events&quot;,&quot;version&quot;:&quot;3.518.0&quot;,&quot;queries&quot;:[{&quot;data&quot;:[{&quot;name&quot;:&quot;team_id&quot;,&quot;value&quot;:null},{&quot;name&quot;:&quot;location_id&quot;,&quot;value&quot;:null},{&quot;name&quot;:&quot;opponent_id&quot;,&quot;value&quot;:null},{&quot;name&quot;:&quot;started_after&quot;,&quot;value&quot;:null},{&quot;name&quot;:&quot;started_before&quot;,&quot;value&quot;:null},{&quot;name&quot;:&quot;repeating_uuid&quot;,&quot;value&quot;:null},{&quot;name&quot;:&quot;id&quot;,&quot;value&quot;:null},{&quot;name&quot;:&quot;is_game&quot;,&quot;value&quot;:null},{&quot;name&quot;:&quot;updated_since&quot;,&quot;value&quot;:null},{&quot;name&quot;:&quot;page_size&quot;,&quot;value&quot;:null,&quot;prompt&quot;:&quot;The number of items to return for each page. Sending this parameter with the query will enable paging for the returned collection.&quot;},{&quot;name&quot;:&quot;page_number&quot;,&quot;value&quot;:null,&quot;prompt&quot;:&quot;The number of the page to be returned. This requires that paging be turned on by also providing the page_size parameter.&quot;},{&quot;name&quot;:&quot;sort_start_date&quot;,&quot;value&quot;:null,&quot;prompt&quot;:&quot;Sort the returned dataset based on the start_date field, valid values are &apos;asc&apos; or &apos;desc&apos;.&quot;}],&quot;rel&quot;:&quot;search&quot;,&quot;sort&quot;:[&quot;start_date&quot;],&quot;href&quot;:&quot;https://api.teamsnap.com/v3/events/search&quot;},{&quot;data&quot;:[{&quot;name&quot;:&quot;team_id&quot;,&quot;value&quot;:null},{&quot;name&quot;:&quot;page_size&quot;,&quot;value&quot;:null,&quot;prompt&quot;:&quot;The number of items to return for each page. Sending this parameter with the query will enable paging for the returned collection.&quot;},{&quot;name&quot;:&quot;page_number&quot;,&quot;value&quot;:null,&quot;prompt&quot;:&quot;The number of the page to be returned. This requires that paging be turned on by also providing the page_size parameter.&quot;}],&quot;rel&quot;:&quot;search_games&quot;,&quot;href&quot;:&quot;https://api.teamsnap.com/v3/events/search_games&quot;},{&quot;data&quot;:[{&quot;name&quot;:&quot;team_id&quot;,&quot;value&quot;:null}],&quot;rel&quot;:&quot;overview&quot;,&quot;href&quot;:&quot;https://api.teamsnap.com/v3/events/overview&quot;}],&quot;commands&quot;:[{&quot;data&quot;:[{&quot;name&quot;:&quot;id&quot;,&quot;value&quot;:null},{&quot;name&quot;:&quot;members_to_notify&quot;,&quot;value&quot;:null},{&quot;name&quot;:&quot;notify_team_as_member_id&quot;,&quot;value&quot;:null}],&quot;rel&quot;:&quot;send_availability_reminders&quot;,&quot;href&quot;:&quot;https://api.teamsnap.com/v3/events/send_availability_reminders&quot;,&quot;prompt&quot;:&quot;members_to_notify = [member_id, member_id]&quot;},{&quot;data&quot;:[{&quot;name&quot;:&quot;id&quot;,&quot;value&quot;:null},{&quot;name&quot;:&quot;points_for_team&quot;,&quot;value&quot;:null},{&quot;name&quot;:&quot;points_for_opponent&quot;,&quot;value&quot;:null},{&quot;name&quot;:&quot;shootout_points_for_team&quot;,&quot;value&quot;:null},{&quot;name&quot;:&quot;shootout_points_for_opponent&quot;,&quot;value&quot;:null},{&quot;name&quot;:&quot;is_overtime&quot;,&quot;value&quot;:null},{&quot;name&quot;:&quot;is_shootout&quot;,&quot;value&quot;:null},{&quot;name&quot;:&quot;results&quot;,&quot;value&quot;:null},{&quot;name&quot;:&quot;results_url&quot;,&quot;value&quot;:null}],&quot;rel&quot;:&quot;update_final_score&quot;,&quot;href&quot;:&quot;https://api.teamsnap.com/v3/events/update_final_score&quot;,&quot;prompt&quot;:&quot;Update the final score for an event&quot;},{&quot;data&quot;:[{&quot;name&quot;:&quot;templates&quot;,&quot;value&quot;:null},{&quot;name&quot;:&quot;team_id&quot;,&quot;value&quot;:null},{&quot;name&quot;:&quot;notify_team_as_member_id&quot;,&quot;value&quot;:null},{&quot;name&quot;:&quot;notify_team&quot;,&quot;value&quot;:null}],&quot;rel&quot;:&quot;bulk_create&quot;,&quot;href&quot;:&quot;https://api.teamsnap.com/v3/events/bulk_create&quot;,&quot;prompt&quot;:&quot;event_ids = [event_id, event_id]&quot;}]}}
Aug 05, 2017 6:33:25 PM teamsnap.apiClient.Query execute
INFO: {&quot;collection&quot;:{&quot;template&quot;:{&quot;data&quot;:[{&quot;name&quot;:&quot;type&quot;,&quot;value&quot;:&quot;event&quot;},{&quot;name&quot;:&quot;additional_location_details&quot;,&quot;value&quot;:null},{&quot;name&quot;:&quot;browser_time_zone&quot;,&quot;value&quot;:null},{&quot;name&quot;:&quot;division_location_id&quot;,&quot;value&quot;:null},{&quot;name&quot;:&quot;doesnt_count_towards_record&quot;,&quot;value&quot;:null},{&quot;name&quot;:&quot;duration_in_minutes&quot;,&quot;value&quot;:null},{&quot;name&quot;:&quot;game_type_code&quot;,&quot;value&quot;:null},{&quot;name&quot;:&quot;icon_color&quot;,&quot;value&quot;:null},{&quot;name&quot;:&quot;is_canceled&quot;,&quot;value&quot;:null},{&quot;name&quot;:&quot;is_game&quot;,&quot;value&quot;:null},{&quot;name&quot;:&quot;is_overtime&quot;,&quot;value&quot;:null},{&quot;name&quot;:&quot;is_shootout&quot;,&quot;value&quot;:null},{&quot;name&quot;:&quot;is_tbd&quot;,&quot;value&quot;:null},{&quot;name&quot;:&quot;label&quot;,&quot;value&quot;:null},{&quot;name&quot;:&quot;location_id&quot;,&quot;value&quot;:null},{&quot;name&quot;:&quot;minutes_to_arrive_early&quot;,&quot;value&quot;:null},{&quot;name&quot;:&quot;name&quot;,&quot;value&quot;:null},{&quot;name&quot;:&quot;notes&quot;,&quot;value&quot;:null},{&quot;name&quot;:&quot;notify_opponent&quot;,&quot;value&quot;:null},{&quot;name&quot;:&quot;notify_opponent_contacts_email&quot;,&quot;value&quot;:null},{&quot;name&quot;:&quot;notify_opponent_contacts_name&quot;,&quot;value&quot;:null},{&quot;name&quot;:&quot;notify_opponent_notes&quot;,&quot;value&quot;:null},{&quot;name&quot;:&quot;notify_team&quot;,&quot;value&quot;:null},{&quot;name&quot;:&quot;notify_team_as_member_id&quot;,&quot;value&quot;:null},{&quot;name&quot;:&quot;opponent_id&quot;,&quot;value&quot;:null},{&quot;name&quot;:&quot;points_for_opponent&quot;,&quot;value&quot;:null},{&quot;name&quot;:&quot;points_for_team&quot;,&quot;value&quot;:null},{&quot;name&quot;:&quot;repeating_include&quot;,&quot;value&quot;:null,&quot;prompt&quot;:&quot;When updating a repeating event, this is a required field. Values are: \&quot;all\&quot; - updates all events in this series, \&quot;future\&quot; - updates this event and all that occur after, \&quot;none\&quot; - only updates a single event.&quot;},{&quot;name&quot;:&quot;repeating_type_code&quot;,&quot;value&quot;:null,&quot;prompt&quot;:&quot;A code for the frequency of the repeated event, this is required with the \&quot;repeating_include\&quot; attribute when creating a repeating event. Valid values are: \&quot;1\&quot; - repeat an event daily, \&quot;2\&quot; - repeat an event weekly.&quot;},{&quot;name&quot;:&quot;repeating_until&quot;,&quot;value&quot;:null,&quot;prompt&quot;:&quot;A date when the repeating event should end, this is inclusive so an event will be created on this day if it falls before the next event specified by \&quot;repeating_type_code\&quot;. This attribute is required with \&quot;repeating_type_code\&quot; when creating a repeating event.&quot;},{&quot;name&quot;:&quot;results&quot;,&quot;value&quot;:null},{&quot;name&quot;:&quot;results_url&quot;,&quot;value&quot;:null},{&quot;name&quot;:&quot;shootout_points_for_opponent&quot;,&quot;value&quot;:null},{&quot;name&quot;:&quot;shootout_points_for_team&quot;,&quot;value&quot;:null},{&quot;name&quot;:&quot;start_date&quot;,&quot;value&quot;:null},{&quot;name&quot;:&quot;team_id&quot;,&quot;value&quot;:null},{&quot;name&quot;:&quot;time_zone&quot;,&quot;value&quot;:null},{&quot;name&quot;:&quot;tracks_availability&quot;,&quot;value&quot;:null},{&quot;name&quot;:&quot;uniform&quot;,&quot;value&quot;:null}]},&quot;rel&quot;:&quot;events&quot;,&quot;links&quot;:[{&quot;rel&quot;:&quot;assignments&quot;,&quot;href&quot;:&quot;https://api.teamsnap.com/v3/assignments&quot;},{&quot;rel&quot;:&quot;availabilities&quot;,&quot;href&quot;:&quot;https://api.teamsnap.com/v3/availabilities&quot;},{&quot;rel&quot;:&quot;division_location&quot;,&quot;href&quot;:&quot;https://api.teamsnap.com/v3/division_locations&quot;},{&quot;rel&quot;:&quot;event_statistics&quot;,&quot;href&quot;:&quot;https://api.teamsnap.com/v3/event_statistics&quot;},{&quot;rel&quot;:&quot;location&quot;,&quot;href&quot;:&quot;https://api.teamsnap.com/v3/locations&quot;},{&quot;rel&quot;:&quot;opponent&quot;,&quot;href&quot;:&quot;https://api.teamsnap.com/v3/opponents&quot;},{&quot;rel&quot;:&quot;statistic_data&quot;,&quot;href&quot;:&quot;https://api.teamsnap.com/v3/statistic_data&quot;},{&quot;rel&quot;:&quot;team&quot;,&quot;href&quot;:&quot;https://api.teamsnap.com/v3/teams&quot;},{&quot;rel&quot;:&quot;root&quot;,&quot;href&quot;:&quot;https://api.teamsnap.com/v3/&quot;},{&quot;rel&quot;:&quot;self&quot;,&quot;href&quot;:&quot;https://api.teamsnap.com/v3/events/search?team_id=3239878&quot;}],&quot;href&quot;:&quot;https://api.teamsnap.com/v3/events&quot;,&quot;version&quot;:&quot;3.518.0&quot;,&quot;queries&quot;:[{&quot;data&quot;:[{&quot;name&quot;:&quot;team_id&quot;,&quot;value&quot;:null},{&quot;name&quot;:&quot;location_id&quot;,&quot;value&quot;:null},{&quot;name&quot;:&quot;opponent_id&quot;,&quot;value&quot;:null},{&quot;name&quot;:&quot;started_after&quot;,&quot;value&quot;:null},{&quot;name&quot;:&quot;started_before&quot;,&quot;value&quot;:null},{&quot;name&quot;:&quot;repeating_uuid&quot;,&quot;value&quot;:null},{&quot;name&quot;:&quot;id&quot;,&quot;value&quot;:null},{&quot;name&quot;:&quot;is_game&quot;,&quot;value&quot;:null},{&quot;name&quot;:&quot;updated_since&quot;,&quot;value&quot;:null},{&quot;name&quot;:&quot;page_size&quot;,&quot;value&quot;:null,&quot;prompt&quot;:&quot;The number of items to return for each page. Sending this parameter with the query will enable paging for the returned collection.&quot;},{&quot;name&quot;:&quot;page_number&quot;,&quot;value&quot;:null,&quot;prompt&quot;:&quot;The number of the page to be returned. This requires that paging be turned on by also providing the page_size parameter.&quot;},{&quot;name&quot;:&quot;sort_start_date&quot;,&quot;value&quot;:null,&quot;prompt&quot;:&quot;Sort the returned dataset based on the start_date field, valid values are &apos;asc&apos; or &apos;desc&apos;.&quot;}],&quot;rel&quot;:&quot;search&quot;,&quot;sort&quot;:[&quot;start_date&quot;],&quot;href&quot;:&quot;https://api.teamsnap.com/v3/events/search&quot;},{&quot;data&quot;:[{&quot;name&quot;:&quot;team_id&quot;,&quot;value&quot;:null},{&quot;name&quot;:&quot;page_size&quot;,&quot;value&quot;:null,&quot;prompt&quot;:&quot;The number of items to return for each page. Sending this parameter with the query will enable paging for the returned collection.&quot;},{&quot;name&quot;:&quot;page_number&quot;,&quot;value&quot;:null,&quot;prompt&quot;:&quot;The number of the page to be returned. This requires that paging be turned on by also providing the page_size parameter.&quot;}],&quot;rel&quot;:&quot;search_games&quot;,&quot;href&quot;:&quot;https://api.teamsnap.com/v3/events/search_games&quot;},{&quot;data&quot;:[{&quot;name&quot;:&quot;team_id&quot;,&quot;value&quot;:null}],&quot;rel&quot;:&quot;overview&quot;,&quot;href&quot;:&quot;https://api.teamsnap.com/v3/events/overview&quot;}],&quot;commands&quot;:[{&quot;data&quot;:[{&quot;name&quot;:&quot;id&quot;,&quot;value&quot;:null},{&quot;name&quot;:&quot;members_to_notify&quot;,&quot;value&quot;:null},{&quot;name&quot;:&quot;notify_team_as_member_id&quot;,&quot;value&quot;:null}],&quot;rel&quot;:&quot;send_availability_reminders&quot;,&quot;href&quot;:&quot;https://api.teamsnap.com/v3/events/send_availability_reminders&quot;,&quot;prompt&quot;:&quot;members_to_notify = [member_id, member_id]&quot;},{&quot;data&quot;:[{&quot;name&quot;:&quot;id&quot;,&quot;value&quot;:null},{&quot;name&quot;:&quot;points_for_team&quot;,&quot;value&quot;:null},{&quot;name&quot;:&quot;points_for_opponent&quot;,&quot;value&quot;:null},{&quot;name&quot;:&quot;shootout_points_for_team&quot;,&quot;value&quot;:null},{&quot;name&quot;:&quot;shootout_points_for_opponent&quot;,&quot;value&quot;:null},{&quot;name&quot;:&quot;is_overtime&quot;,&quot;value&quot;:null},{&quot;name&quot;:&quot;is_shootout&quot;,&quot;value&quot;:null},{&quot;name&quot;:&quot;results&quot;,&quot;value&quot;:null},{&quot;name&quot;:&quot;results_url&quot;,&quot;value&quot;:null}],&quot;rel&quot;:&quot;update_final_score&quot;,&quot;href&quot;:&quot;https://api.teamsnap.com/v3/events/update_final_score&quot;,&quot;prompt&quot;:&quot;Update the final score for an event&quot;},{&quot;data&quot;:[{&quot;name&quot;:&quot;templates&quot;,&quot;value&quot;:null},{&quot;name&quot;:&quot;team_id&quot;,&quot;value&quot;:null},{&quot;name&quot;:&quot;notify_team_as_member_id&quot;,&quot;value&quot;:null},{&quot;name&quot;:&quot;notify_team&quot;,&quot;value&quot;:null}],&quot;rel&quot;:&quot;bulk_create&quot;,&quot;href&quot;:&quot;https://api.teamsnap.com/v3/events/bulk_create&quot;,&quot;prompt&quot;:&quot;event_ids = [event_id, event_id]&quot;}]}}
Aug 05, 2017 6:33:25 PM teamsnap.apiClient.Query execute
INFO: {&quot;collection&quot;:{&quot;template&quot;:{&quot;data&quot;:[{&quot;name&quot;:&quot;type&quot;,&quot;value&quot;:&quot;event&quot;},{&quot;name&quot;:&quot;additional_location_details&quot;,&quot;value&quot;:null},{&quot;name&quot;:&quot;browser_time_zone&quot;,&quot;value&quot;:null},{&quot;name&quot;:&quot;division_location_id&quot;,&quot;value&quot;:null},{&quot;name&quot;:&quot;doesnt_count_towards_record&quot;,&quot;value&quot;:null},{&quot;name&quot;:&quot;duration_in_minutes&quot;,&quot;value&quot;:null},{&quot;name&quot;:&quot;game_type_code&quot;,&quot;value&quot;:null},{&quot;name&quot;:&quot;icon_color&quot;,&quot;value&quot;:null},{&quot;name&quot;:&quot;is_canceled&quot;,&quot;value&quot;:null},{&quot;name&quot;:&quot;is_game&quot;,&quot;value&quot;:null},{&quot;name&quot;:&quot;is_overtime&quot;,&quot;value&quot;:null},{&quot;name&quot;:&quot;is_shootout&quot;,&quot;value&quot;:null},{&quot;name&quot;:&quot;is_tbd&quot;,&quot;value&quot;:null},{&quot;name&quot;:&quot;label&quot;,&quot;value&quot;:null},{&quot;name&quot;:&quot;location_id&quot;,&quot;value&quot;:null},{&quot;name&quot;:&quot;minutes_to_arrive_early&quot;,&quot;value&quot;:null},{&quot;name&quot;:&quot;name&quot;,&quot;value&quot;:null},{&quot;name&quot;:&quot;notes&quot;,&quot;value&quot;:null},{&quot;name&quot;:&quot;notify_opponent&quot;,&quot;value&quot;:null},{&quot;name&quot;:&quot;notify_opponent_contacts_email&quot;,&quot;value&quot;:null},{&quot;name&quot;:&quot;notify_opponent_contacts_name&quot;,&quot;value&quot;:null},{&quot;name&quot;:&quot;notify_opponent_notes&quot;,&quot;value&quot;:null},{&quot;name&quot;:&quot;notify_team&quot;,&quot;value&quot;:null},{&quot;name&quot;:&quot;notify_team_as_member_id&quot;,&quot;value&quot;:null},{&quot;name&quot;:&quot;opponent_id&quot;,&quot;value&quot;:null},{&quot;name&quot;:&quot;points_for_opponent&quot;,&quot;value&quot;:null},{&quot;name&quot;:&quot;points_for_team&quot;,&quot;value&quot;:null},{&quot;name&quot;:&quot;repeating_include&quot;,&quot;value&quot;:null,&quot;prompt&quot;:&quot;When updating a repeating event, this is a required field. Values are: \&quot;all\&quot; - updates all events in this series, \&quot;future\&quot; - updates this event and all that occur after, \&quot;none\&quot; - only updates a single event.&quot;},{&quot;name&quot;:&quot;repeating_type_code&quot;,&quot;value&quot;:null,&quot;prompt&quot;:&quot;A code for the frequency of the repeated event, this is required with the \&quot;repeating_include\&quot; attribute when creating a repeating event. Valid values are: \&quot;1\&quot; - repeat an event daily, \&quot;2\&quot; - repeat an event weekly.&quot;},{&quot;name&quot;:&quot;repeating_until&quot;,&quot;value&quot;:null,&quot;prompt&quot;:&quot;A date when the repeating event should end, this is inclusive so an event will be created on this day if it falls before the next event specified by \&quot;repeating_type_code\&quot;. This attribute is required with \&quot;repeating_type_code\&quot; when creating a repeating event.&quot;},{&quot;name&quot;:&quot;results&quot;,&quot;value&quot;:null},{&quot;name&quot;:&quot;results_url&quot;,&quot;value&quot;:null},{&quot;name&quot;:&quot;shootout_points_for_opponent&quot;,&quot;value&quot;:null},{&quot;name&quot;:&quot;shootout_points_for_team&quot;,&quot;value&quot;:null},{&quot;name&quot;:&quot;start_date&quot;,&quot;value&quot;:null},{&quot;name&quot;:&quot;team_id&quot;,&quot;value&quot;:null},{&quot;name&quot;:&quot;time_zone&quot;,&quot;value&quot;:null},{&quot;name&quot;:&quot;tracks_availability&quot;,&quot;value&quot;:null},{&quot;name&quot;:&quot;uniform&quot;,&quot;value&quot;:null}]},&quot;rel&quot;:&quot;events&quot;,&quot;links&quot;:[{&quot;rel&quot;:&quot;assignments&quot;,&quot;href&quot;:&quot;https://api.teamsnap.com/v3/assignments&quot;},{&quot;rel&quot;:&quot;availabilities&quot;,&quot;href&quot;:&quot;https://api.teamsnap.com/v3/availabilities&quot;},{&quot;rel&quot;:&quot;division_location&quot;,&quot;href&quot;:&quot;https://api.teamsnap.com/v3/division_locations&quot;},{&quot;rel&quot;:&quot;event_statistics&quot;,&quot;href&quot;:&quot;https://api.teamsnap.com/v3/event_statistics&quot;},{&quot;rel&quot;:&quot;location&quot;,&quot;href&quot;:&quot;https://api.teamsnap.com/v3/locations&quot;},{&quot;rel&quot;:&quot;opponent&quot;,&quot;href&quot;:&quot;https://api.teamsnap.com/v3/opponents&quot;},{&quot;rel&quot;:&quot;statistic_data&quot;,&quot;href&quot;:&quot;https://api.teamsnap.com/v3/statistic_data&quot;},{&quot;rel&quot;:&quot;team&quot;,&quot;href&quot;:&quot;https://api.teamsnap.com/v3/teams&quot;},{&quot;rel&quot;:&quot;root&quot;,&quot;href&quot;:&quot;https://api.teamsnap.com/v3/&quot;},{&quot;rel&quot;:&quot;self&quot;,&quot;href&quot;:&quot;https://api.teamsnap.com/v3/events/search?team_id=3265970&quot;}],&quot;href&quot;:&quot;https://api.teamsnap.com/v3/events&quot;,&quot;version&quot;:&quot;3.518.0&quot;,&quot;queries&quot;:[{&quot;data&quot;:[{&quot;name&quot;:&quot;team_id&quot;,&quot;value&quot;:null},{&quot;name&quot;:&quot;location_id&quot;,&quot;value&quot;:null},{&quot;name&quot;:&quot;opponent_id&quot;,&quot;value&quot;:null},{&quot;name&quot;:&quot;started_after&quot;,&quot;value&quot;:null},{&quot;name&quot;:&quot;started_before&quot;,&quot;value&quot;:null},{&quot;name&quot;:&quot;repeating_uuid&quot;,&quot;value&quot;:null},{&quot;name&quot;:&quot;id&quot;,&quot;value&quot;:null},{&quot;name&quot;:&quot;is_game&quot;,&quot;value&quot;:null},{&quot;name&quot;:&quot;updated_since&quot;,&quot;value&quot;:null},{&quot;name&quot;:&quot;page_size&quot;,&quot;value&quot;:null,&quot;prompt&quot;:&quot;The number of items to return for each page. Sending this parameter with the query will enable paging for the returned collection.&quot;},{&quot;name&quot;:&quot;page_number&quot;,&quot;value&quot;:null,&quot;prompt&quot;:&quot;The number of the page to be returned. This requires that paging be turned on by also providing the page_size parameter.&quot;},{&quot;name&quot;:&quot;sort_start_date&quot;,&quot;value&quot;:null,&quot;prompt&quot;:&quot;Sort the returned dataset based on the start_date field, valid values are &apos;asc&apos; or &apos;desc&apos;.&quot;}],&quot;rel&quot;:&quot;search&quot;,&quot;sort&quot;:[&quot;start_date&quot;],&quot;href&quot;:&quot;https://api.teamsnap.com/v3/events/search&quot;},{&quot;data&quot;:[{&quot;name&quot;:&quot;team_id&quot;,&quot;value&quot;:null},{&quot;name&quot;:&quot;page_size&quot;,&quot;value&quot;:null,&quot;prompt&quot;:&quot;The number of items to return for each page. Sending this parameter with the query will enable paging for the returned collection.&quot;},{&quot;name&quot;:&quot;page_number&quot;,&quot;value&quot;:null,&quot;prompt&quot;:&quot;The number of the page to be returned. This requires that paging be turned on by also providing the page_size parameter.&quot;}],&quot;rel&quot;:&quot;search_games&quot;,&quot;href&quot;:&quot;https://api.teamsnap.com/v3/events/search_games&quot;},{&quot;data&quot;:[{&quot;name&quot;:&quot;team_id&quot;,&quot;value&quot;:null}],&quot;rel&quot;:&quot;overview&quot;,&quot;href&quot;:&quot;https://api.teamsnap.com/v3/events/overview&quot;}],&quot;commands&quot;:[{&quot;data&quot;:[{&quot;name&quot;:&quot;id&quot;,&quot;value&quot;:null},{&quot;name&quot;:&quot;members_to_notify&quot;,&quot;value&quot;:null},{&quot;name&quot;:&quot;notify_team_as_member_id&quot;,&quot;value&quot;:null}],&quot;rel&quot;:&quot;send_availability_reminders&quot;,&quot;href&quot;:&quot;https://api.teamsnap.com/v3/events/send_availability_reminders&quot;,&quot;prompt&quot;:&quot;members_to_notify = [member_id, member_id]&quot;},{&quot;data&quot;:[{&quot;name&quot;:&quot;id&quot;,&quot;value&quot;:null},{&quot;name&quot;:&quot;points_for_team&quot;,&quot;value&quot;:null},{&quot;name&quot;:&quot;points_for_opponent&quot;,&quot;value&quot;:null},{&quot;name&quot;:&quot;shootout_points_for_team&quot;,&quot;value&quot;:null},{&quot;name&quot;:&quot;shootout_points_for_opponent&quot;,&quot;value&quot;:null},{&quot;name&quot;:&quot;is_overtime&quot;,&quot;value&quot;:null},{&quot;name&quot;:&quot;is_shootout&quot;,&quot;value&quot;:null},{&quot;name&quot;:&quot;results&quot;,&quot;value&quot;:null},{&quot;name&quot;:&quot;results_url&quot;,&quot;value&quot;:null}],&quot;rel&quot;:&quot;update_final_score&quot;,&quot;href&quot;:&quot;https://api.teamsnap.com/v3/events/update_final_score&quot;,&quot;prompt&quot;:&quot;Update the final score for an event&quot;},{&quot;data&quot;:[{&quot;name&quot;:&quot;templates&quot;,&quot;value&quot;:null},{&quot;name&quot;:&quot;team_id&quot;,&quot;value&quot;:null},{&quot;name&quot;:&quot;notify_team_as_member_id&quot;,&quot;value&quot;:null},{&quot;name&quot;:&quot;notify_team&quot;,&quot;value&quot;:null}],&quot;rel&quot;:&quot;bulk_create&quot;,&quot;href&quot;:&quot;https://api.teamsnap.com/v3/events/bulk_create&quot;,&quot;prompt&quot;:&quot;event_ids = [event_id, event_id]&quot;}]}}
Aug 05, 2017 6:33:25 PM teamsnap.apiClient.Query execute
INFO: {&quot;collection&quot;:{&quot;template&quot;:{&quot;data&quot;:[{&quot;name&quot;:&quot;type&quot;,&quot;value&quot;:&quot;event&quot;},{&quot;name&quot;:&quot;additional_location_details&quot;,&quot;value&quot;:null},{&quot;name&quot;:&quot;browser_time_zone&quot;,&quot;value&quot;:null},{&quot;name&quot;:&quot;division_location_id&quot;,&quot;value&quot;:null},{&quot;name&quot;:&quot;doesnt_count_towards_record&quot;,&quot;value&quot;:null},{&quot;name&quot;:&quot;duration_in_minutes&quot;,&quot;value&quot;:null},{&quot;name&quot;:&quot;game_type_code&quot;,&quot;value&quot;:null},{&quot;name&quot;:&quot;icon_color&quot;,&quot;value&quot;:null},{&quot;name&quot;:&quot;is_canceled&quot;,&quot;value&quot;:null},{&quot;name&quot;:&quot;is_game&quot;,&quot;value&quot;:null},{&quot;name&quot;:&quot;is_overtime&quot;,&quot;value&quot;:null},{&quot;name&quot;:&quot;is_shootout&quot;,&quot;value&quot;:null},{&quot;name&quot;:&quot;is_tbd&quot;,&quot;value&quot;:null},{&quot;name&quot;:&quot;label&quot;,&quot;value&quot;:null},{&quot;name&quot;:&quot;location_id&quot;,&quot;value&quot;:null},{&quot;name&quot;:&quot;minutes_to_arrive_early&quot;,&quot;value&quot;:null},{&quot;name&quot;:&quot;name&quot;,&quot;value&quot;:null},{&quot;name&quot;:&quot;notes&quot;,&quot;value&quot;:null},{&quot;name&quot;:&quot;notify_opponent&quot;,&quot;value&quot;:null},{&quot;name&quot;:&quot;notify_opponent_contacts_email&quot;,&quot;value&quot;:null},{&quot;name&quot;:&quot;notify_opponent_contacts_name&quot;,&quot;value&quot;:null},{&quot;name&quot;:&quot;notify_opponent_notes&quot;,&quot;value&quot;:null},{&quot;name&quot;:&quot;notify_team&quot;,&quot;value&quot;:null},{&quot;name&quot;:&quot;notify_team_as_member_id&quot;,&quot;value&quot;:null},{&quot;name&quot;:&quot;opponent_id&quot;,&quot;value&quot;:null},{&quot;name&quot;:&quot;points_for_opponent&quot;,&quot;value&quot;:null},{&quot;name&quot;:&quot;points_for_team&quot;,&quot;value&quot;:null},{&quot;name&quot;:&quot;repeating_include&quot;,&quot;value&quot;:null,&quot;prompt&quot;:&quot;When updating a repeating event, this is a required field. Values are: \&quot;all\&quot; - updates all events in this series, \&quot;future\&quot; - updates this event and all that occur after, \&quot;none\&quot; - only updates a single event.&quot;},{&quot;name&quot;:&quot;repeating_type_code&quot;,&quot;value&quot;:null,&quot;prompt&quot;:&quot;A code for the frequency of the repeated event, this is required with the \&quot;repeating_include\&quot; attribute when creating a repeating event. Valid values are: \&quot;1\&quot; - repeat an event daily, \&quot;2\&quot; - repeat an event weekly.&quot;},{&quot;name&quot;:&quot;repeating_until&quot;,&quot;value&quot;:null,&quot;prompt&quot;:&quot;A date when the repeating event should end, this is inclusive so an event will be created on this day if it falls before the next event specified by \&quot;repeating_type_code\&quot;. This attribute is required with \&quot;repeating_type_code\&quot; when creating a repeating event.&quot;},{&quot;name&quot;:&quot;results&quot;,&quot;value&quot;:null},{&quot;name&quot;:&quot;results_url&quot;,&quot;value&quot;:null},{&quot;name&quot;:&quot;shootout_points_for_opponent&quot;,&quot;value&quot;:null},{&quot;name&quot;:&quot;shootout_points_for_team&quot;,&quot;value&quot;:null},{&quot;name&quot;:&quot;start_date&quot;,&quot;value&quot;:null},{&quot;name&quot;:&quot;team_id&quot;,&quot;value&quot;:null},{&quot;name&quot;:&quot;time_zone&quot;,&quot;value&quot;:null},{&quot;name&quot;:&quot;tracks_availability&quot;,&quot;value&quot;:null},{&quot;name&quot;:&quot;uniform&quot;,&quot;value&quot;:null}]},&quot;rel&quot;:&quot;events&quot;,&quot;links&quot;:[{&quot;rel&quot;:&quot;assignments&quot;,&quot;href&quot;:&quot;https://api.teamsnap.com/v3/assignments&quot;},{&quot;rel&quot;:&quot;availabilities&quot;,&quot;href&quot;:&quot;https://api.teamsnap.com/v3/availabilities&quot;},{&quot;rel&quot;:&quot;division_location&quot;,&quot;href&quot;:&quot;https://api.teamsnap.com/v3/division_locations&quot;},{&quot;rel&quot;:&quot;event_statistics&quot;,&quot;href&quot;:&quot;https://api.teamsnap.com/v3/event_statistics&quot;},{&quot;rel&quot;:&quot;location&quot;,&quot;href&quot;:&quot;https://api.teamsnap.com/v3/locations&quot;},{&quot;rel&quot;:&quot;opponent&quot;,&quot;href&quot;:&quot;https://api.teamsnap.com/v3/opponents&quot;},{&quot;rel&quot;:&quot;statistic_data&quot;,&quot;href&quot;:&quot;https://api.teamsnap.com/v3/statistic_data&quot;},{&quot;rel&quot;:&quot;team&quot;,&quot;href&quot;:&quot;https://api.teamsnap.com/v3/teams&quot;},{&quot;rel&quot;:&quot;root&quot;,&quot;href&quot;:&quot;https://api.teamsnap.com/v3/&quot;},{&quot;rel&quot;:&quot;self&quot;,&quot;href&quot;:&quot;https://api.teamsnap.com/v3/events/search?team_id=3265972&quot;}],&quot;href&quot;:&quot;https://api.teamsnap.com/v3/events&quot;,&quot;version&quot;:&quot;3.518.0&quot;,&quot;queries&quot;:[{&quot;data&quot;:[{&quot;name&quot;:&quot;team_id&quot;,&quot;value&quot;:null},{&quot;name&quot;:&quot;location_id&quot;,&quot;value&quot;:null},{&quot;name&quot;:&quot;opponent_id&quot;,&quot;value&quot;:null},{&quot;name&quot;:&quot;started_after&quot;,&quot;value&quot;:null},{&quot;name&quot;:&quot;started_before&quot;,&quot;value&quot;:null},{&quot;name&quot;:&quot;repeating_uuid&quot;,&quot;value&quot;:null},{&quot;name&quot;:&quot;id&quot;,&quot;value&quot;:null},{&quot;name&quot;:&quot;is_game&quot;,&quot;value&quot;:null},{&quot;name&quot;:&quot;updated_since&quot;,&quot;value&quot;:null},{&quot;name&quot;:&quot;page_size&quot;,&quot;value&quot;:null,&quot;prompt&quot;:&quot;The number of items to return for each page. Sending this parameter with the query will enable paging for the returned collection.&quot;},{&quot;name&quot;:&quot;page_number&quot;,&quot;value&quot;:null,&quot;prompt&quot;:&quot;The number of the page to be returned. This requires that paging be turned on by also providing the page_size parameter.&quot;},{&quot;name&quot;:&quot;sort_start_date&quot;,&quot;value&quot;:null,&quot;prompt&quot;:&quot;Sort the returned dataset based on the start_date field, valid values are &apos;asc&apos; or &apos;desc&apos;.&quot;}],&quot;rel&quot;:&quot;search&quot;,&quot;sort&quot;:[&quot;start_date&quot;],&quot;href&quot;:&quot;https://api.teamsnap.com/v3/events/search&quot;},{&quot;data&quot;:[{&quot;name&quot;:&quot;team_id&quot;,&quot;value&quot;:null},{&quot;name&quot;:&quot;page_size&quot;,&quot;value&quot;:null,&quot;prompt&quot;:&quot;The number of items to return for each page. Sending this parameter with the query will enable paging for the returned collection.&quot;},{&quot;name&quot;:&quot;page_number&quot;,&quot;value&quot;:null,&quot;prompt&quot;:&quot;The number of the page to be returned. This requires that paging be turned on by also providing the page_size parameter.&quot;}],&quot;rel&quot;:&quot;search_games&quot;,&quot;href&quot;:&quot;https://api.teamsnap.com/v3/events/search_games&quot;},{&quot;data&quot;:[{&quot;name&quot;:&quot;team_id&quot;,&quot;value&quot;:null}],&quot;rel&quot;:&quot;overview&quot;,&quot;href&quot;:&quot;https://api.teamsnap.com/v3/events/overview&quot;}],&quot;commands&quot;:[{&quot;data&quot;:[{&quot;name&quot;:&quot;id&quot;,&quot;value&quot;:null},{&quot;name&quot;:&quot;members_to_notify&quot;,&quot;value&quot;:null},{&quot;name&quot;:&quot;notify_team_as_member_id&quot;,&quot;value&quot;:null}],&quot;rel&quot;:&quot;send_availability_reminders&quot;,&quot;href&quot;:&quot;https://api.teamsnap.com/v3/events/send_availability_reminders&quot;,&quot;prompt&quot;:&quot;members_to_notify = [member_id, member_id]&quot;},{&quot;data&quot;:[{&quot;name&quot;:&quot;id&quot;,&quot;value&quot;:null},{&quot;name&quot;:&quot;points_for_team&quot;,&quot;value&quot;:null},{&quot;name&quot;:&quot;points_for_opponent&quot;,&quot;value&quot;:null},{&quot;name&quot;:&quot;shootout_points_for_team&quot;,&quot;value&quot;:null},{&quot;name&quot;:&quot;shootout_points_for_opponent&quot;,&quot;value&quot;:null},{&quot;name&quot;:&quot;is_overtime&quot;,&quot;value&quot;:null},{&quot;name&quot;:&quot;is_shootout&quot;,&quot;value&quot;:null},{&quot;name&quot;:&quot;results&quot;,&quot;value&quot;:null},{&quot;name&quot;:&quot;results_url&quot;,&quot;value&quot;:null}],&quot;rel&quot;:&quot;update_final_score&quot;,&quot;href&quot;:&quot;https://api.teamsnap.com/v3/events/update_final_score&quot;,&quot;prompt&quot;:&quot;Update the final score for an event&quot;},{&quot;data&quot;:[{&quot;name&quot;:&quot;templates&quot;,&quot;value&quot;:null},{&quot;name&quot;:&quot;team_id&quot;,&quot;value&quot;:null},{&quot;name&quot;:&quot;notify_team_as_member_id&quot;,&quot;value&quot;:null},{&quot;name&quot;:&quot;notify_team&quot;,&quot;value&quot;:null}],&quot;rel&quot;:&quot;bulk_create&quot;,&quot;href&quot;:&quot;https://api.teamsnap.com/v3/events/bulk_create&quot;,&quot;prompt&quot;:&quot;event_ids = [event_id, event_id]&quot;}]}}
Aug 05, 2017 6:33:25 PM teamsnap.apiClient.Query execute
INFO: {&quot;collection&quot;:{&quot;template&quot;:{&quot;data&quot;:[{&quot;name&quot;:&quot;event_type&quot;,&quot;value&quot;:&quot;event&quot;},{&quot;name&quot;:&quot;duration_in_minutes&quot;,&quot;value&quot;:null},{&quot;name&quot;:&quot;duration_in_hours&quot;,&quot;value&quot;:null},{&quot;name&quot;:&quot;icon_color&quot;,&quot;value&quot;:null},{&quot;name&quot;:&quot;is_canceled&quot;,&quot;value&quot;:null},{&quot;name&quot;:&quot;is_tbd&quot;,&quot;value&quot;:null},{&quot;name&quot;:&quot;label&quot;,&quot;value&quot;:null},{&quot;name&quot;:&quot;location_id&quot;,&quot;value&quot;:null},{&quot;name&quot;:&quot;additional_location_details&quot;,&quot;value&quot;:null},{&quot;name&quot;:&quot;minutes_to_arrive_early&quot;,&quot;value&quot;:null},{&quot;name&quot;:&quot;name&quot;,&quot;value&quot;:null},{&quot;name&quot;:&quot;notes&quot;,&quot;value&quot;:null},{&quot;name&quot;:&quot;notify_team&quot;,&quot;value&quot;:null},{&quot;name&quot;:&quot;notify_team_as_member_id&quot;,&quot;value&quot;:null},{&quot;name&quot;:&quot;opponent_id&quot;,&quot;value&quot;:null},{&quot;name&quot;:&quot;start_date&quot;,&quot;value&quot;:null},{&quot;name&quot;:&quot;team_id&quot;,&quot;value&quot;:null},{&quot;name&quot;:&quot;division_id&quot;,&quot;value&quot;:null},{&quot;name&quot;:&quot;time_zone&quot;,&quot;value&quot;:null},{&quot;name&quot;:&quot;game_type_code&quot;,&quot;value&quot;:null},{&quot;name&quot;:&quot;doesnt_count_towards_record&quot;,&quot;value&quot;:null},{&quot;name&quot;:&quot;is_editing_restricted&quot;,&quot;value&quot;:null,&quot;prompt&quot;:&quot;This is an optional boolean value. When set to `true`, the created event will only be editable by the oauth application that created the event. This option is restricted to first-party applicaitons&quot;}]},&quot;rel&quot;:&quot;division_events&quot;,&quot;links&quot;:[{&quot;rel&quot;:&quot;assignments&quot;,&quot;href&quot;:&quot;https://api.teamsnap.com/v3/assignments&quot;},{&quot;rel&quot;:&quot;availabilities&quot;,&quot;href&quot;:&quot;https://api.teamsnap.com/v3/availabilities&quot;},{&quot;rel&quot;:&quot;division_event_import&quot;,&quot;href&quot;:&quot;https://api.teamsnap.com/v3/division_events_imports&quot;},{&quot;rel&quot;:&quot;division_location&quot;,&quot;href&quot;:&quot;https://api.teamsnap.com/v3/division_locations&quot;},{&quot;rel&quot;:&quot;event_statistics&quot;,&quot;href&quot;:&quot;https://api.teamsnap.com/v3/event_statistics&quot;},{&quot;rel&quot;:&quot;location&quot;,&quot;href&quot;:&quot;https://api.teamsnap.com/v3/locations&quot;},{&quot;rel&quot;:&quot;opponent&quot;,&quot;href&quot;:&quot;https://api.teamsnap.com/v3/opponents&quot;},{&quot;rel&quot;:&quot;statistic_data&quot;,&quot;href&quot;:&quot;https://api.teamsnap.com/v3/statistic_data&quot;},{&quot;rel&quot;:&quot;team&quot;,&quot;href&quot;:&quot;https://api.teamsnap.com/v3/teams&quot;},{&quot;rel&quot;:&quot;root&quot;,&quot;href&quot;:&quot;https://api.teamsnap.com/v3/&quot;},{&quot;rel&quot;:&quot;self&quot;,&quot;href&quot;:&quot;https://api.teamsnap.com/v3/division_events/search?division_id=219320&quot;}],&quot;href&quot;:&quot;https://api.teamsnap.com/v3/division_events&quot;,&quot;version&quot;:&quot;3.518.0&quot;,&quot;prompt&quot;:&quot;BETA: (This endpoint subject to change) Returns a collection associated with a division&apos;s events&quot;,&quot;queries&quot;:[{&quot;data&quot;:[{&quot;name&quot;:&quot;division_id&quot;,&quot;value&quot;:null},{&quot;name&quot;:&quot;id&quot;,&quot;value&quot;:null},{&quot;name&quot;:&quot;division_event_import_id&quot;,&quot;value&quot;:null},{&quot;name&quot;:&quot;division_location_id&quot;,&quot;value&quot;:null},{&quot;name&quot;:&quot;started_after&quot;,&quot;value&quot;:null},{&quot;name&quot;:&quot;is_game&quot;,&quot;value&quot;:null},{&quot;name&quot;:&quot;repeating_uuid&quot;,&quot;value&quot;:null},{&quot;name&quot;:&quot;page_size&quot;,&quot;value&quot;:null,&quot;prompt&quot;:&quot;The number of items to return for each page. Sending this parameter with the query will enable paging for the returned collection.&quot;},{&quot;name&quot;:&quot;page_number&quot;,&quot;value&quot;:null,&quot;prompt&quot;:&quot;The number of the page to be returned. This requires that paging be turned on by also providing the page_size parameter.&quot;},{&quot;name&quot;:&quot;sort_start_date&quot;,&quot;value&quot;:null,&quot;prompt&quot;:&quot;Sort the returned dataset based on the start_date field, valid values are &apos;asc&apos; or &apos;desc&apos;.&quot;}],&quot;rel&quot;:&quot;search&quot;,&quot;href&quot;:&quot;https://api.teamsnap.com/v3/division_events/search&quot;,&quot;sort&quot;:[&quot;start_date&quot;]}]}}
Aug 05, 2017 6:33:26 PM teamsnap.apiClient.Query execute
INFO: {&quot;collection&quot;:{&quot;template&quot;:{&quot;data&quot;:[{&quot;name&quot;:&quot;name&quot;,&quot;value&quot;:null},{&quot;name&quot;:&quot;location_country&quot;,&quot;value&quot;:null},{&quot;name&quot;:&quot;location_postal_code&quot;,&quot;value&quot;:null},{&quot;name&quot;:&quot;time_zone&quot;,&quot;value&quot;:null,&quot;prompt&quot;:&quot;The time_zone parameter is required when creating a team, but for changing a team&apos;s time_zone, use the update_time_zone command&quot;},{&quot;name&quot;:&quot;sport_id&quot;,&quot;value&quot;:null},{&quot;name&quot;:&quot;division_id&quot;,&quot;value&quot;:null},{&quot;name&quot;:&quot;division_name&quot;,&quot;value&quot;:null},{&quot;name&quot;:&quot;season_name&quot;,&quot;value&quot;:null},{&quot;name&quot;:&quot;league_name&quot;,&quot;value&quot;:null},{&quot;name&quot;:&quot;league_url&quot;,&quot;value&quot;:null},{&quot;name&quot;:&quot;owner_first_name&quot;,&quot;value&quot;:null},{&quot;name&quot;:&quot;owner_last_name&quot;,&quot;value&quot;:null},{&quot;name&quot;:&quot;owner_email&quot;,&quot;value&quot;:null},{&quot;name&quot;:&quot;is_ownership_pending&quot;,&quot;value&quot;:null},{&quot;name&quot;:&quot;type&quot;,&quot;value&quot;:&quot;team&quot;}]},&quot;rel&quot;:&quot;teams&quot;,&quot;links&quot;:[{&quot;rel&quot;:&quot;active_season_team&quot;,&quot;href&quot;:&quot;https://api.teamsnap.com/v3/teams&quot;},{&quot;rel&quot;:&quot;assignments&quot;,&quot;href&quot;:&quot;https://api.teamsnap.com/v3/assignments&quot;},{&quot;rel&quot;:&quot;availabilities&quot;,&quot;href&quot;:&quot;https://api.teamsnap.com/v3/availabilities&quot;},{&quot;rel&quot;:&quot;broadcast_email_attachments&quot;,&quot;href&quot;:&quot;https://api.teamsnap.com/v3/broadcast_email_attachments&quot;},{&quot;rel&quot;:&quot;broadcast_emails&quot;,&quot;href&quot;:&quot;https://api.teamsnap.com/v3/broadcast_emails&quot;},{&quot;rel&quot;:&quot;broadcast_alerts&quot;,&quot;href&quot;:&quot;https://api.teamsnap.com/v3/broadcast_alerts&quot;},{&quot;rel&quot;:&quot;commissioners&quot;,&quot;href&quot;:&quot;https://api.teamsnap.com/v3/members&quot;},{&quot;rel&quot;:&quot;contact_email_addresses&quot;,&quot;href&quot;:&quot;https://api.teamsnap.com/v3/contact_email_addresses&quot;},{&quot;rel&quot;:&quot;contact_phone_numbers&quot;,&quot;href&quot;:&quot;https://api.teamsnap.com/v3/contact_phone_numbers&quot;},{&quot;rel&quot;:&quot;contacts&quot;,&quot;href&quot;:&quot;https://api.teamsnap.com/v3/contacts&quot;},{&quot;rel&quot;:&quot;custom_data&quot;,&quot;href&quot;:&quot;https://api.teamsnap.com/v3/custom_data&quot;},{&quot;rel&quot;:&quot;custom_fields&quot;,&quot;href&quot;:&quot;https://api.teamsnap.com/v3/custom_fields&quot;},{&quot;rel&quot;:&quot;division_contact_email_addresses&quot;,&quot;href&quot;:&quot;https://api.teamsnap.com/v3/division_contact_email_addresses&quot;},{&quot;rel&quot;:&quot;division_contact_phone_numbers&quot;,&quot;href&quot;:&quot;https://api.teamsnap.com/v3/division_contact_phone_numbers&quot;},{&quot;rel&quot;:&quot;division_contacts&quot;,&quot;href&quot;:&quot;https://api.teamsnap.com/v3/division_contacts&quot;},{&quot;rel&quot;:&quot;division_locations&quot;,&quot;href&quot;:&quot;https://api.teamsnap.com/v3/division_locations&quot;},{&quot;rel&quot;:&quot;division_member_email_addresses&quot;,&quot;href&quot;:&quot;https://api.teamsnap.com/v3/division_member_email_addresses&quot;},{&quot;rel&quot;:&quot;division_member_phone_numbers&quot;,&quot;href&quot;:&quot;https://api.teamsnap.com/v3/division_member_phone_numbers&quot;},{&quot;rel&quot;:&quot;division_members&quot;,&quot;href&quot;:&quot;https://api.teamsnap.com/v3/division_members&quot;},{&quot;rel&quot;:&quot;division_members_preferences&quot;,&quot;href&quot;:&quot;https://api.teamsnap.com/v3/division_members_preferences&quot;},{&quot;rel&quot;:&quot;division_team_standings&quot;,&quot;href&quot;:&quot;https://api.teamsnap.com/v3/division_team_standings&quot;},{&quot;rel&quot;:&quot;event_statistics&quot;,&quot;href&quot;:&quot;https://api.teamsnap.com/v3/event_statistics&quot;},{&quot;rel&quot;:&quot;events&quot;,&quot;href&quot;:&quot;https://api.teamsnap.com/v3/events&quot;},{&quot;rel&quot;:&quot;events_overview&quot;,&quot;href&quot;:&quot;https://api.teamsnap.com/v3/events/overview&quot;},{&quot;rel&quot;:&quot;forum_posts&quot;,&quot;href&quot;:&quot;https://api.teamsnap.com/v3/forum_posts&quot;},{&quot;rel&quot;:&quot;forum_subscriptions&quot;,&quot;href&quot;:&quot;https://api.teamsnap.com/v3/forum_subscriptions&quot;},{&quot;rel&quot;:&quot;forum_topics&quot;,&quot;href&quot;:&quot;https://api.teamsnap.com/v3/forum_topics&quot;},{&quot;rel&quot;:&quot;league_custom_data&quot;,&quot;href&quot;:&quot;https://api.teamsnap.com/v3/league_custom_data&quot;},{&quot;rel&quot;:&quot;league_custom_fields&quot;,&quot;href&quot;:&quot;https://api.teamsnap.com/v3/league_custom_fields&quot;},{&quot;rel&quot;:&quot;league_registrant_documents&quot;,&quot;href&quot;:&quot;https://api.teamsnap.com/v3/league_registrant_documents&quot;},{&quot;rel&quot;:&quot;locations&quot;,&quot;href&quot;:&quot;https://api.teamsnap.com/v3/locations&quot;},{&quot;rel&quot;:&quot;managers&quot;,&quot;href&quot;:&quot;https://api.teamsnap.com/v3/members&quot;},{&quot;rel&quot;:&quot;member_balances&quot;,&quot;href&quot;:&quot;https://api.teamsnap.com/v3/member_balances&quot;},{&quot;rel&quot;:&quot;member_email_addresses&quot;,&quot;href&quot;:&quot;https://api.teamsnap.com/v3/member_email_addresses&quot;},{&quot;rel&quot;:&quot;member_files&quot;,&quot;href&quot;:&quot;https://api.teamsnap.com/v3/member_files&quot;},{&quot;rel&quot;:&quot;member_links&quot;,&quot;href&quot;:&quot;https://api.teamsnap.com/v3/member_links&quot;},{&quot;rel&quot;:&quot;member_payments&quot;,&quot;href&quot;:&quot;https://api.teamsnap.com/v3/member_payments&quot;},{&quot;rel&quot;:&quot;member_phone_numbers&quot;,&quot;href&quot;:&quot;https://api.teamsnap.com/v3/member_phone_numbers&quot;},{&quot;rel&quot;:&quot;member_photos&quot;,&quot;href&quot;:&quot;https://api.teamsnap.com/v3/member_photos&quot;},{&quot;rel&quot;:&quot;member_statistics&quot;,&quot;href&quot;:&quot;https://api.teamsnap.com/v3/member_statistics&quot;},{&quot;rel&quot;:&quot;members&quot;,&quot;href&quot;:&quot;https://api.teamsnap.com/v3/members&quot;},{&quot;rel&quot;:&quot;members_preferences&quot;,&quot;href&quot;:&quot;https://api.teamsnap.com/v3/members_preferences&quot;},{&quot;rel&quot;:&quot;message_data&quot;,&quot;href&quot;:&quot;https://api.teamsnap.com/v3/message_data&quot;},{&quot;rel&quot;:&quot;messages&quot;,&quot;href&quot;:&quot;https://api.teamsnap.com/v3/messages&quot;},{&quot;rel&quot;:&quot;opponents&quot;,&quot;href&quot;:&quot;https://api.teamsnap.com/v3/opponents&quot;},{&quot;rel&quot;:&quot;opponents_results&quot;,&quot;href&quot;:&quot;https://api.teamsnap.com/v3/opponents_results&quot;},{&quot;rel&quot;:&quot;owner&quot;,&quot;href&quot;:&quot;https://api.teamsnap.com/v3/members&quot;},{&quot;rel&quot;:&quot;payment_notes&quot;,&quot;href&quot;:&quot;https://api.teamsnap.com/v3/payment_notes&quot;},{&quot;rel&quot;:&quot;paypal_currency&quot;,&quot;href&quot;:&quot;https://api.teamsnap.com/v3/paypal_currencies&quot;},{&quot;rel&quot;:&quot;plan&quot;,&quot;href&quot;:&quot;https://api.teamsnap.com/v3/plans&quot;},{&quot;rel&quot;:&quot;sponsors&quot;,&quot;href&quot;:&quot;https://api.teamsnap.com/v3/sponsors&quot;},{&quot;rel&quot;:&quot;sport&quot;,&quot;href&quot;:&quot;https://api.teamsnap.com/v3/sports&quot;},{&quot;rel&quot;:&quot;statistic&quot;,&quot;href&quot;:&quot;https://api.teamsnap.com/v3/statistics&quot;},{&quot;rel&quot;:&quot;statistic_aggregates&quot;,&quot;href&quot;:&quot;https://api.teamsnap.com/v3/statistic_aggregates&quot;},{&quot;rel&quot;:&quot;statistic_data&quot;,&quot;href&quot;:&quot;https://api.teamsnap.com/v3/statistic_data&quot;},{&quot;rel&quot;:&quot;statistic_group&quot;,&quot;href&quot;:&quot;https://api.teamsnap.com/v3/statistic_groups&quot;},{&quot;rel&quot;:&quot;team_fees&quot;,&quot;href&quot;:&quot;https://api.teamsnap.com/v3/team_fees&quot;},{&quot;rel&quot;:&quot;team_media&quot;,&quot;href&quot;:&quot;https://api.teamsnap.com/v3/team_media&quot;},{&quot;rel&quot;:&quot;team_medium_comments&quot;,&quot;href&quot;:&quot;https://api.teamsnap.com/v3/team_medium_comments&quot;},{&quot;rel&quot;:&quot;team_media_groups&quot;,&quot;href&quot;:&quot;https://api.teamsnap.com/v3/team_media_groups&quot;},{&quot;rel&quot;:&quot;team_paypal_preferences&quot;,&quot;href&quot;:&quot;https://api.teamsnap.com/v3/teams_paypal_preferences&quot;},{&quot;rel&quot;:&quot;team_photos&quot;,&quot;href&quot;:&quot;https://api.teamsnap.com/v3/team_photos&quot;},{&quot;rel&quot;:&quot;team_preferences&quot;,&quot;href&quot;:&quot;https://api.teamsnap.com/v3/teams_preferences&quot;},{&quot;rel&quot;:&quot;team_public_site&quot;,&quot;href&quot;:&quot;https://api.teamsnap.com/v3/team_public_sites&quot;},{&quot;rel&quot;:&quot;team_results&quot;,&quot;href&quot;:&quot;https://api.teamsnap.com/v3/teams_results&quot;},{&quot;rel&quot;:&quot;team_statistics&quot;,&quot;href&quot;:&quot;https://api.teamsnap.com/v3/team_statistics&quot;},{&quot;rel&quot;:&quot;tracked_item_statuses&quot;,&quot;href&quot;:&quot;https://api.teamsnap.com/v3/tracked_item_statuses&quot;},{&quot;rel&quot;:&quot;tracked_items&quot;,&quot;href&quot;:&quot;https://api.teamsnap.com/v3/tracked_items&quot;},{&quot;rel&quot;:&quot;root&quot;,&quot;href&quot;:&quot;https://api.teamsnap.com/v3/&quot;},{&quot;rel&quot;:&quot;self&quot;,&quot;href&quot;:&quot;https://api.teamsnap.com/v3/teams/search?division_id=219324&quot;}],&quot;href&quot;:&quot;https://api.teamsnap.com/v3/teams&quot;,&quot;version&quot;:&quot;3.518.0&quot;,&quot;queries&quot;:[{&quot;data&quot;:[{&quot;name&quot;:&quot;id&quot;,&quot;value&quot;:null},{&quot;name&quot;:&quot;team_id&quot;,&quot;value&quot;:null},{&quot;name&quot;:&quot;user_id&quot;,&quot;value&quot;:null},{&quot;name&quot;:&quot;division_id&quot;,&quot;value&quot;:null},{&quot;name&quot;:&quot;page_size&quot;,&quot;value&quot;:null,&quot;prompt&quot;:&quot;The number of items to return for each page. Sending this parameter with the query will enable paging for the returned collection.&quot;},{&quot;name&quot;:&quot;page_number&quot;,&quot;value&quot;:null,&quot;prompt&quot;:&quot;The number of the page to be returned. This requires that paging be turned on by also providing the page_size parameter.&quot;},{&quot;name&quot;:&quot;sort_name&quot;,&quot;value&quot;:null,&quot;prompt&quot;:&quot;Sort the returned dataset based on the name field, valid values are &apos;asc&apos; or &apos;desc&apos;.&quot;}],&quot;rel&quot;:&quot;search&quot;,&quot;href&quot;:&quot;https://api.teamsnap.com/v3/teams/search&quot;,&quot;sort&quot;:[&quot;name&quot;]},{&quot;data&quot;:[{&quot;name&quot;:&quot;sport_id&quot;,&quot;value&quot;:null}],&quot;rel&quot;:&quot;available_for_statistic_import&quot;,&quot;href&quot;:&quot;https://api.teamsnap.com/v3/teams/available_for_statistic_import&quot;,&quot;prompt&quot;:&quot;Finds all teams accessible to current user that have the provided sport_id and have at least one statistic to import&quot;},{&quot;data&quot;:[{&quot;name&quot;:&quot;user_id&quot;,&quot;value&quot;:null},{&quot;name&quot;:&quot;division_id&quot;,&quot;value&quot;:null}],&quot;rel&quot;:&quot;active_teams&quot;,&quot;href&quot;:&quot;https://api.teamsnap.com/v3/teams/active&quot;,&quot;prompt&quot;:&quot;Finds all active teams for a given user. Excludes archived seasons and retired teams.&quot;},{&quot;data&quot;:[{&quot;name&quot;:&quot;division_id&quot;,&quot;value&quot;:null},{&quot;name&quot;:&quot;user_id&quot;,&quot;value&quot;:null},{&quot;name&quot;:&quot;is_active&quot;,&quot;value&quot;:null},{&quot;name&quot;:&quot;is_commissioner&quot;,&quot;value&quot;:null},{&quot;name&quot;:&quot;page_size&quot;,&quot;value&quot;:null,&quot;prompt&quot;:&quot;The number of items to return for each page. Sending this parameter with the query will enable paging for the returned collection.&quot;},{&quot;name&quot;:&quot;page_number&quot;,&quot;value&quot;:null,&quot;prompt&quot;:&quot;The number of the page to be returned. This requires that paging be turned on by also providing the page_size parameter.&quot;}],&quot;rel&quot;:&quot;division_search&quot;,&quot;href&quot;:&quot;https://api.teamsnap.com/v3/teams/division_search&quot;,&quot;prompt&quot;:&quot;Search the teams on the division_id and its descendants or a commissioner&apos;s user_id.&quot;}],&quot;items&quot;:[{&quot;data&quot;:[{&quot;name&quot;:&quot;id&quot;,&quot;type&quot;:&quot;String&quot;,&quot;value&quot;:3250039},{&quot;name&quot;:&quot;type&quot;,&quot;type&quot;:&quot;String&quot;,&quot;value&quot;:&quot;team&quot;},{&quot;name&quot;:&quot;active_season_team_id&quot;,&quot;type&quot;:&quot;String&quot;,&quot;value&quot;:null},{&quot;name&quot;:&quot;division_name&quot;,&quot;type&quot;:&quot;String&quot;,&quot;value&quot;:&quot;U14&quot;},{&quot;name&quot;:&quot;division_id&quot;,&quot;type&quot;:&quot;String&quot;,&quot;value&quot;:219324},{&quot;name&quot;:&quot;is_archived_season&quot;,&quot;type&quot;:&quot;Boolean&quot;,&quot;value&quot;:false},{&quot;name&quot;:&quot;is_hidden_on_dashboard&quot;,&quot;type&quot;:&quot;Boolean&quot;,&quot;value&quot;:false},{&quot;name&quot;:&quot;is_retired&quot;,&quot;type&quot;:&quot;Boolean&quot;,&quot;value&quot;:false},{&quot;name&quot;:&quot;league_name&quot;,&quot;type&quot;:&quot;String&quot;,&quot;value&quot;:&quot;City of Ottawa Ringette Association - TEST&quot;},{&quot;name&quot;:&quot;league_url&quot;,&quot;type&quot;:&quot;String&quot;,&quot;value&quot;:null},{&quot;name&quot;:&quot;is_in_league&quot;,&quot;type&quot;:&quot;Boolean&quot;,&quot;value&quot;:true},{&quot;name&quot;:&quot;location_country&quot;,&quot;type&quot;:&quot;String&quot;,&quot;value&quot;:&quot;Canada&quot;},{&quot;name&quot;:&quot;location_postal_code&quot;,&quot;type&quot;:&quot;String&quot;,&quot;value&quot;:&quot;K1N 8G2&quot;},{&quot;name&quot;:&quot;location_latitude&quot;,&quot;type&quot;:&quot;String&quot;,&quot;value&quot;:null},{&quot;name&quot;:&quot;location_longitude&quot;,&quot;type&quot;:&quot;String&quot;,&quot;value&quot;:null},{&quot;name&quot;:&quot;location_state&quot;,&quot;type&quot;:&quot;String&quot;,&quot;value&quot;:null},{&quot;name&quot;:&quot;name&quot;,&quot;type&quot;:&quot;String&quot;,&quot;value&quot;:&quot;U14AA&quot;},{&quot;name&quot;:&quot;non_player_member_count&quot;,&quot;type&quot;:&quot;Integer&quot;,&quot;value&quot;:0},{&quot;name&quot;:&quot;plan_id&quot;,&quot;type&quot;:&quot;String&quot;,&quot;value&quot;:17},{&quot;name&quot;:&quot;player_member_count&quot;,&quot;type&quot;:&quot;Integer&quot;,&quot;value&quot;:0},{&quot;name&quot;:&quot;billed_at&quot;,&quot;type&quot;:&quot;DateTime&quot;,&quot;value&quot;:&quot;2017-07-27T04:58:49Z&quot;},{&quot;name&quot;:&quot;season_name&quot;,&quot;type&quot;:&quot;String&quot;,&quot;value&quot;:null},{&quot;name&quot;:&quot;sport_id&quot;,&quot;type&quot;:&quot;String&quot;,&quot;value&quot;:51},{&quot;name&quot;:&quot;time_zone&quot;,&quot;type&quot;:&quot;String&quot;,&quot;value&quot;:&quot;Eastern Time (US &amp; Canada)&quot;},{&quot;name&quot;:&quot;time_zone_description&quot;,&quot;type&quot;:&quot;String&quot;,&quot;value&quot;:&quot;Eastern Time (US &amp; Canada)&quot;},{&quot;name&quot;:&quot;time_zone_iana_name&quot;,&quot;type&quot;:&quot;String&quot;,&quot;value&quot;:&quot;America/New_York&quot;},{&quot;name&quot;:&quot;time_zone_offset&quot;,&quot;type&quot;:&quot;String&quot;,&quot;value&quot;:&quot;-05:00&quot;},{&quot;name&quot;:&quot;updated_at&quot;,&quot;type&quot;:&quot;DateTime&quot;,&quot;value&quot;:&quot;2017-07-27T04:58:49Z&quot;},{&quot;name&quot;:&quot;created_at&quot;,&quot;type&quot;:&quot;DateTime&quot;,&quot;value&quot;:&quot;2017-07-27T04:58:49Z&quot;},{&quot;name&quot;:&quot;has_reached_roster_limit&quot;,&quot;type&quot;:&quot;Boolean&quot;,&quot;value&quot;:false},{&quot;name&quot;:&quot;roster_limit&quot;,&quot;type&quot;:&quot;Integer&quot;,&quot;value&quot;:4000},{&quot;name&quot;:&quot;has_exportable_media&quot;,&quot;type&quot;:&quot;Boolean&quot;,&quot;value&quot;:false},{&quot;name&quot;:&quot;can_export_media&quot;,&quot;type&quot;:&quot;Boolean&quot;,&quot;value&quot;:false},{&quot;name&quot;:&quot;last_accessed_at&quot;,&quot;type&quot;:&quot;DateTime&quot;,&quot;value&quot;:null},{&quot;name&quot;:&quot;media_storage_used&quot;,&quot;type&quot;:&quot;Integer&quot;,&quot;value&quot;:0},{&quot;name&quot;:&quot;humanized_media_storage_used&quot;,&quot;type&quot;:&quot;String&quot;,&quot;value&quot;:&quot;0 B&quot;},{&quot;name&quot;:&quot;is_game_day&quot;,&quot;type&quot;:&quot;Boolean&quot;,&quot;value&quot;:false},{&quot;name&quot;:&quot;is_gateway_required_for_sms&quot;,&quot;type&quot;:&quot;Boolean&quot;,&quot;value&quot;:false}],&quot;rel&quot;:&quot;team-3250039&quot;,&quot;links&quot;:[{&quot;rel&quot;:&quot;assignments&quot;,&quot;href&quot;:&quot;https://api.teamsnap.com/v3/assignments/search?team_id=3250039&quot;},{&quot;rel&quot;:&quot;availabilities&quot;,&quot;href&quot;:&quot;https://api.teamsnap.com/v3/availabilities/search?team_id=3250039&quot;},{&quot;rel&quot;:&quot;broadcast_email_attachments&quot;,&quot;href&quot;:&quot;https://api.teamsnap.com/v3/broadcast_email_attachments/search?team_id=3250039&quot;},{&quot;rel&quot;:&quot;broadcast_emails&quot;,&quot;href&quot;:&quot;https://api.teamsnap.com/v3/broadcast_emails/search?team_id=3250039&quot;},{&quot;rel&quot;:&quot;broadcast_alerts&quot;,&quot;href&quot;:&quot;https://api.teamsnap.com/v3/broadcast_alerts/search?team_id=3250039&quot;},{&quot;rel&quot;:&quot;calendar_http&quot;,&quot;href&quot;:&quot;http://ical-cdn.teamsnap.com/team_schedule/c8a31dad-7cf0-48d3-bdda-98e5cc65afed.ics&quot;},{&quot;rel&quot;:&quot;calendar_http_games_only&quot;,&quot;href&quot;:&quot;http://ical-cdn.teamsnap.com/team_schedule/filter/games/c8a31dad-7cf0-48d3-bdda-98e5cc65afed.ics&quot;},{&quot;rel&quot;:&quot;calendar_webcal&quot;,&quot;href&quot;:&quot;webcal://ical-cdn.teamsnap.com/team_schedule/c8a31dad-7cf0-48d3-bdda-98e5cc65afed.ics&quot;},{&quot;rel&quot;:&quot;calendar_webcal_games_only&quot;,&quot;href&quot;:&quot;webcal://ical-cdn.teamsnap.com/team_schedule/filter/games/c8a31dad-7cf0-48d3-bdda-98e5cc65afed.ics&quot;},{&quot;rel&quot;:&quot;commissioners&quot;,&quot;href&quot;:&quot;https://api.teamsnap.com/v3/members/commissioners?team_id=3250039&quot;},{&quot;rel&quot;:&quot;contact_email_addresses&quot;,&quot;href&quot;:&quot;https://api.teamsnap.com/v3/contact_email_addresses/search?team_id=3250039&quot;},{&quot;rel&quot;:&quot;contact_phone_numbers&quot;,&quot;href&quot;:&quot;https://api.teamsnap.com/v3/contact_phone_numbers/search?team_id=3250039&quot;},{&quot;rel&quot;:&quot;contacts&quot;,&quot;href&quot;:&quot;https://api.teamsnap.com/v3/contacts/search?team_id=3250039&quot;},{&quot;rel&quot;:&quot;custom_data&quot;,&quot;href&quot;:&quot;https://api.teamsnap.com/v3/custom_data/search?team_id=3250039&quot;},{&quot;rel&quot;:&quot;custom_fields&quot;,&quot;href&quot;:&quot;https://api.teamsnap.com/v3/custom_fields/search?team_id=3250039&quot;},{&quot;rel&quot;:&quot;division_contact_email_addresses&quot;,&quot;href&quot;:&quot;https://api.teamsnap.com/v3/division_contact_email_addresses/search?team_id=3250039&quot;},{&quot;rel&quot;:&quot;division_contact_phone_numbers&quot;,&quot;href&quot;:&quot;https://api.teamsnap.com/v3/division_contact_phone_numbers/search?team_id=3250039&quot;},{&quot;rel&quot;:&quot;division_contacts&quot;,&quot;href&quot;:&quot;https://api.teamsnap.com/v3/division_contacts/search?team_id=3250039&quot;},{&quot;rel&quot;:&quot;division_locations&quot;,&quot;href&quot;:&quot;https://api.teamsnap.com/v3/division_locations/search?team_id=3250039&quot;},{&quot;rel&quot;:&quot;division_member_email_addresses&quot;,&quot;href&quot;:&quot;https://api.teamsnap.com/v3/division_member_email_addresses/search?team_id=3250039&quot;},{&quot;rel&quot;:&quot;division_member_phone_numbers&quot;,&quot;href&quot;:&quot;https://api.teamsnap.com/v3/division_member_phone_numbers/search?team_id=3250039&quot;},{&quot;rel&quot;:&quot;division_members&quot;,&quot;href&quot;:&quot;https://api.teamsnap.com/v3/division_members/search?team_id=3250039&quot;},{&quot;rel&quot;:&quot;division_members_preferences&quot;,&quot;href&quot;:&quot;https://api.teamsnap.com/v3/division_members_preferences/search?team_id=3250039&quot;},{&quot;rel&quot;:&quot;division_team_standings&quot;,&quot;href&quot;:&quot;https://api.teamsnap.com/v3/division_team_standings/search?team_id=3250039&quot;},{&quot;rel&quot;:&quot;forum_posts&quot;,&quot;href&quot;:&quot;https://api.teamsnap.com/v3/forum_posts/search?team_id=3250039&quot;},{&quot;rel&quot;:&quot;forum_subscriptions&quot;,&quot;href&quot;:&quot;https://api.teamsnap.com/v3/forum_subscriptions/search?team_id=3250039&quot;},{&quot;rel&quot;:&quot;forum_topics&quot;,&quot;href&quot;:&quot;https://api.teamsnap.com/v3/forum_topics/search?team_id=3250039&quot;},{&quot;rel&quot;:&quot;event_statistics&quot;,&quot;href&quot;:&quot;https://api.teamsnap.com/v3/event_statistics/search?team_id=3250039&quot;},{&quot;rel&quot;:&quot;events&quot;,&quot;href&quot;:&quot;https://api.teamsnap.com/v3/events/search?team_id=3250039&quot;},{&quot;rel&quot;:&quot;events_csv_export&quot;,&quot;href&quot;:&quot;https://api.teamsnap.com/v3/exports/events_csv?hs=7DnM5n5ksZe6FZ8%252FwffMKtZPuBK2mh6%252Fcc78Titv9HmnIHeuc6TufV0ia1XVOAB6iwdhGBm9%252FVJMUPEdbBDydenfWvGy0ZyMxO14F%252Fu%252BNc%252BmQtR13kG4JQBIKzQ3%252FruKGyrmwhPzOVtvRUDLWn%252BILA%253D%253D&quot;},{&quot;rel&quot;:&quot;events_overview&quot;,&quot;href&quot;:&quot;https://api.teamsnap.com/v3/events/overview?team_id=3250039&quot;},{&quot;rel&quot;:&quot;league_custom_data&quot;,&quot;href&quot;:&quot;https://api.teamsnap.com/v3/league_custom_data/search?team_id=3250039&quot;},{&quot;rel&quot;:&quot;league_custom_fields&quot;,&quot;href&quot;:&quot;https://api.teamsnap.com/v3/league_custom_fields/search?team_id=3250039&quot;},{&quot;rel&quot;:&quot;league_registrant_documents&quot;,&quot;href&quot;:&quot;https://api.teamsnap.com/v3/league_registrant_documents/search?member_id=3250039&quot;},{&quot;rel&quot;:&quot;locations&quot;,&quot;href&quot;:&quot;https://api.teamsnap.com/v3/locations/search?team_id=3250039&quot;},{&quot;rel&quot;:&quot;managers&quot;,&quot;href&quot;:&quot;https://api.teamsnap.com/v3/members/managers?team_id=3250039&quot;},{&quot;rel&quot;:&quot;member_balances&quot;,&quot;href&quot;:&quot;https://api.teamsnap.com/v3/member_balances/search?team_id=3250039&quot;},{&quot;rel&quot;:&quot;member_email_addresses&quot;,&quot;href&quot;:&quot;https://api.teamsnap.com/v3/member_email_addresses/search?team_id=3250039&quot;},{&quot;rel&quot;:&quot;member_files&quot;,&quot;href&quot;:&quot;https://api.teamsnap.com/v3/member_files/search?team_id=3250039&quot;},{&quot;rel&quot;:&quot;member_links&quot;,&quot;href&quot;:&quot;https://api.teamsnap.com/v3/member_links/search?team_id=3250039&quot;},{&quot;rel&quot;:&quot;member_payments&quot;,&quot;href&quot;:&quot;https://api.teamsnap.com/v3/member_payments/search?team_id=3250039&quot;},{&quot;rel&quot;:&quot;member_phone_numbers&quot;,&quot;href&quot;:&quot;https://api.teamsnap.com/v3/member_phone_numbers/search?team_id=3250039&quot;},{&quot;rel&quot;:&quot;member_photos&quot;,&quot;href&quot;:&quot;https://api.teamsnap.com/v3/member_photos/search?team_id=3250039&quot;},{&quot;rel&quot;:&quot;member_statistics&quot;,&quot;href&quot;:&quot;https://api.teamsnap.com/v3/member_statistics/search?team_id=3250039&quot;},{&quot;rel&quot;:&quot;members&quot;,&quot;href&quot;:&quot;https://api.teamsnap.com/v3/members/search?team_id=3250039&quot;},{&quot;rel&quot;:&quot;members_csv_export&quot;,&quot;href&quot;:&quot;https://api.teamsnap.com/v3/exports/members_csv?hs=7DnM5n5ksZe6FZ8%252FwffMKtZPuBK2mh6%252Fcc78Titv9HmnIHeuc6TufV0ia1XVOAB6iwdhGBm9%252FVJMUPEdbBDydenfWvGy0ZyMxO14F%252Fu%252BNc%252BmQtR13kG4JQBIKzQ3%252FruKGyrmwhPzOVtvRUDLWn%252BILA%253D%253D&quot;},{&quot;rel&quot;:&quot;members_preferences&quot;,&quot;href&quot;:&quot;https://api.teamsnap.com/v3/members_preferences/search?team_id=3250039&quot;},{&quot;rel&quot;:&quot;message_data&quot;,&quot;href&quot;:&quot;https://api.teamsnap.com/v3/message_data/search?team_id=3250039&quot;},{&quot;rel&quot;:&quot;messages&quot;,&quot;href&quot;:&quot;https://api.teamsnap.com/v3/messages/search?team_id=3250039&quot;},{&quot;rel&quot;:&quot;opponents&quot;,&quot;href&quot;:&quot;https://api.teamsnap.com/v3/opponents/search?team_id=3250039&quot;},{&quot;rel&quot;:&quot;opponents_results&quot;,&quot;href&quot;:&quot;https://api.teamsnap.com/v3/opponents_results/search?team_id=3250039&quot;},{&quot;rel&quot;:&quot;owner&quot;,&quot;href&quot;:&quot;https://api.teamsnap.com/v3/members/owner?team_id=3250039&quot;},{&quot;rel&quot;:&quot;payment_notes&quot;,&quot;href&quot;:&quot;https://api.teamsnap.com/v3/payment_notes/search?team_id=3250039&quot;},{&quot;rel&quot;:&quot;paypal_currency&quot;,&quot;href&quot;:&quot;https://api.teamsnap.com/v3/paypal_currencies/search?team_id=3250039&quot;},{&quot;rel&quot;:&quot;plan&quot;,&quot;href&quot;:&quot;https://api.teamsnap.com/v3/plans/17&quot;},{&quot;rel&quot;:&quot;sponsors&quot;,&quot;href&quot;:&quot;https://api.teamsnap.com/v3/sponsors/search?team_id=3250039&quot;},{&quot;rel&quot;:&quot;sport&quot;,&quot;href&quot;:&quot;https://api.teamsnap.com/v3/sports/51&quot;},{&quot;rel&quot;:&quot;statistics&quot;,&quot;href&quot;:&quot;https://api.teamsnap.com/v3/statistics/search?team_id=3250039&quot;},{&quot;rel&quot;:&quot;statistic_aggregates&quot;,&quot;href&quot;:&quot;https://api.teamsnap.com/v3/statistic_aggregates/search?team_id=3250039&quot;},{&quot;rel&quot;:&quot;statistic_data&quot;,&quot;href&quot;:&quot;https://api.teamsnap.com/v3/statistic_data/search?team_id=3250039&quot;},{&quot;rel&quot;:&quot;statistic_groups&quot;,&quot;href&quot;:&quot;https://api.teamsnap.com/v3/statistic_groups/search?team_id=3250039&quot;},{&quot;rel&quot;:&quot;team_fees&quot;,&quot;href&quot;:&quot;https://api.teamsnap.com/v3/team_fees/search?team_id=3250039&quot;},{&quot;rel&quot;:&quot;team_logo_photo_file&quot;,&quot;href&quot;:&quot;https://api.teamsnap.com/v3/photo_files/sport_logo/51-0&quot;},{&quot;rel&quot;:&quot;team_media&quot;,&quot;href&quot;:&quot;https://api.teamsnap.com/v3/team_media/search?team_id=3250039&quot;},{&quot;rel&quot;:&quot;team_medium_comments&quot;,&quot;href&quot;:&quot;https://api.teamsnap.com/v3/team_medium_comments/search?team_id=3250039&quot;},{&quot;rel&quot;:&quot;team_media_groups&quot;,&quot;href&quot;:&quot;https://api.teamsnap.com/v3/team_media_groups/search?team_id=3250039&quot;},{&quot;rel&quot;:&quot;team_paypal_preferences&quot;,&quot;href&quot;:&quot;https://api.teamsnap.com/v3/teams_paypal_preferences/3250039&quot;},{&quot;rel&quot;:&quot;team_photos&quot;,&quot;href&quot;:&quot;https://api.teamsnap.com/v3/team_photos/search&quot;},{&quot;rel&quot;:&quot;team_preferences&quot;,&quot;href&quot;:&quot;https://api.teamsnap.com/v3/teams_preferences/3250039&quot;},{&quot;rel&quot;:&quot;team_public_site&quot;,&quot;href&quot;:&quot;https://api.teamsnap.com/v3/team_public_sites/3250039&quot;},{&quot;rel&quot;:&quot;team_results&quot;,&quot;href&quot;:&quot;https://api.teamsnap.com/v3/teams_results/3250039&quot;},{&quot;rel&quot;:&quot;team_statistics&quot;,&quot;href&quot;:&quot;https://api.teamsnap.com/v3/team_statistics/search?team_id=3250039&quot;},{&quot;rel&quot;:&quot;tracked_item_statuses&quot;,&quot;href&quot;:&quot;https://api.teamsnap.com/v3/tracked_item_statuses/search?team_id=3250039&quot;},{&quot;rel&quot;:&quot;tracked_items&quot;,&quot;href&quot;:&quot;https://api.teamsnap.com/v3/tracked_items/search?team_id=3250039&quot;}],&quot;href&quot;:&quot;https://api.teamsnap.com/v3/teams/3250039&quot;},{&quot;data&quot;:[{&quot;name&quot;:&quot;id&quot;,&quot;type&quot;:&quot;String&quot;,&quot;value&quot;:3250042},{&quot;name&quot;:&quot;type&quot;,&quot;type&quot;:&quot;String&quot;,&quot;value&quot;:&quot;team&quot;},{&quot;name&quot;:&quot;active_season_team_id&quot;,&quot;type&quot;:&quot;String&quot;,&quot;value&quot;:null},{&quot;name&quot;:&quot;division_name&quot;,&quot;type&quot;:&quot;String&quot;,&quot;value&quot;:&quot;U14&quot;},{&quot;name&quot;:&quot;division_id&quot;,&quot;type&quot;:&quot;String&quot;,&quot;value&quot;:219324},{&quot;name&quot;:&quot;is_archived_season&quot;,&quot;type&quot;:&quot;Boolean&quot;,&quot;value&quot;:false},{&quot;name&quot;:&quot;is_hidden_on_dashboard&quot;,&quot;type&quot;:&quot;Boolean&quot;,&quot;value&quot;:false},{&quot;name&quot;:&quot;is_retired&quot;,&quot;type&quot;:&quot;Boolean&quot;,&quot;value&quot;:false},{&quot;name&quot;:&quot;league_name&quot;,&quot;type&quot;:&quot;String&quot;,&quot;value&quot;:&quot;City of Ottawa Ringette Association - TEST&quot;},{&quot;name&quot;:&quot;league_url&quot;,&quot;type&quot;:&quot;String&quot;,&quot;value&quot;:null},{&quot;name&quot;:&quot;is_in_league&quot;,&quot;type&quot;:&quot;Boolean&quot;,&quot;value&quot;:true},{&quot;name&quot;:&quot;location_country&quot;,&quot;type&quot;:&quot;String&quot;,&quot;value&quot;:&quot;Canada&quot;},{&quot;name&quot;:&quot;location_postal_code&quot;,&quot;type&quot;:&quot;String&quot;,&quot;value&quot;:&quot;K1N 8G2&quot;},{&quot;name&quot;:&quot;location_latitude&quot;,&quot;type&quot;:&quot;String&quot;,&quot;value&quot;:null},{&quot;name&quot;:&quot;location_longitude&quot;,&quot;type&quot;:&quot;String&quot;,&quot;value&quot;:null},{&quot;name&quot;:&quot;location_state&quot;,&quot;type&quot;:&quot;String&quot;,&quot;value&quot;:null},{&quot;name&quot;:&quot;name&quot;,&quot;type&quot;:&quot;String&quot;,&quot;value&quot;:&quot;U14A&quot;},{&quot;name&quot;:&quot;non_player_member_count&quot;,&quot;type&quot;:&quot;Integer&quot;,&quot;value&quot;:0},{&quot;name&quot;:&quot;plan_id&quot;,&quot;type&quot;:&quot;String&quot;,&quot;value&quot;:17},{&quot;name&quot;:&quot;player_member_count&quot;,&quot;type&quot;:&quot;Integer&quot;,&quot;value&quot;:0},{&quot;name&quot;:&quot;billed_at&quot;,&quot;type&quot;:&quot;DateTime&quot;,&quot;value&quot;:&quot;2017-07-27T04:58:49Z&quot;},{&quot;name&quot;:&quot;season_name&quot;,&quot;type&quot;:&quot;String&quot;,&quot;value&quot;:null},{&quot;name&quot;:&quot;sport_id&quot;,&quot;type&quot;:&quot;String&quot;,&quot;value&quot;:51},{&quot;name&quot;:&quot;time_zone&quot;,&quot;type&quot;:&quot;String&quot;,&quot;value&quot;:&quot;Eastern Time (US &amp; Canada)&quot;},{&quot;name&quot;:&quot;time_zone_description&quot;,&quot;type&quot;:&quot;String&quot;,&quot;value&quot;:&quot;Eastern Time (US &amp; Canada)&quot;},{&quot;name&quot;:&quot;time_zone_iana_name&quot;,&quot;type&quot;:&quot;String&quot;,&quot;value&quot;:&quot;America/New_York&quot;},{&quot;name&quot;:&quot;time_zone_offset&quot;,&quot;type&quot;:&quot;String&quot;,&quot;value&quot;:&quot;-05:00&quot;},{&quot;name&quot;:&quot;updated_at&quot;,&quot;type&quot;:&quot;DateTime&quot;,&quot;value&quot;:&quot;2017-07-27T04:58:49Z&quot;},{&quot;name&quot;:&quot;created_at&quot;,&quot;type&quot;:&quot;DateTime&quot;,&quot;value&quot;:&quot;2017-07-27T04:58:49Z&quot;},{&quot;name&quot;:&quot;has_reached_roster_limit&quot;,&quot;type&quot;:&quot;Boolean&quot;,&quot;value&quot;:false},{&quot;name&quot;:&quot;roster_limit&quot;,&quot;type&quot;:&quot;Integer&quot;,&quot;value&quot;:4000},{&quot;name&quot;:&quot;has_exportable_media&quot;,&quot;type&quot;:&quot;Boolean&quot;,&quot;value&quot;:false},{&quot;name&quot;:&quot;can_export_media&quot;,&quot;type&quot;:&quot;Boolean&quot;,&quot;value&quot;:false},{&quot;name&quot;:&quot;last_accessed_at&quot;,&quot;type&quot;:&quot;DateTime&quot;,&quot;value&quot;:null},{&quot;name&quot;:&quot;media_storage_used&quot;,&quot;type&quot;:&quot;Integer&quot;,&quot;value&quot;:0},{&quot;name&quot;:&quot;humanized_media_storage_used&quot;,&quot;type&quot;:&quot;String&quot;,&quot;value&quot;:&quot;0 B&quot;},{&quot;name&quot;:&quot;is_game_day&quot;,&quot;type&quot;:&quot;Boolean&quot;,&quot;value&quot;:false},{&quot;name&quot;:&quot;is_gateway_required_for_sms&quot;,&quot;type&quot;:&quot;Boolean&quot;,&quot;value&quot;:false}],&quot;rel&quot;:&quot;team-3250042&quot;,&quot;links&quot;:[{&quot;rel&quot;:&quot;assignments&quot;,&quot;href&quot;:&quot;https://api.teamsnap.com/v3/assignments/search?team_id=3250042&quot;},{&quot;rel&quot;:&quot;availabilities&quot;,&quot;href&quot;:&quot;https://api.teamsnap.com/v3/availabilities/search?team_id=3250042&quot;},{&quot;rel&quot;:&quot;broadcast_email_attachments&quot;,&quot;href&quot;:&quot;https://api.teamsnap.com/v3/broadcast_email_attachments/search?team_id=3250042&quot;},{&quot;rel&quot;:&quot;broadcast_emails&quot;,&quot;href&quot;:&quot;https://api.teamsnap.com/v3/broadcast_emails/search?team_id=3250042&quot;},{&quot;rel&quot;:&quot;broadcast_alerts&quot;,&quot;href&quot;:&quot;https://api.teamsnap.com/v3/broadcast_alerts/search?team_id=3250042&quot;},{&quot;rel&quot;:&quot;calendar_http&quot;,&quot;href&quot;:&quot;http://ical-cdn.teamsnap.com/team_schedule/ca75a6e8-240c-4be8-bcbf-c8549bc2725d.ics&quot;},{&quot;rel&quot;:&quot;calendar_http_games_only&quot;,&quot;href&quot;:&quot;http://ical-cdn.teamsnap.com/team_schedule/filter/games/ca75a6e8-240c-4be8-bcbf-c8549bc2725d.ics&quot;},{&quot;rel&quot;:&quot;calendar_webcal&quot;,&quot;href&quot;:&quot;webcal://ical-cdn.teamsnap.com/team_schedule/ca75a6e8-240c-4be8-bcbf-c8549bc2725d.ics&quot;},{&quot;rel&quot;:&quot;calendar_webcal_games_only&quot;,&quot;href&quot;:&quot;webcal://ical-cdn.teamsnap.com/team_schedule/filter/games/ca75a6e8-240c-4be8-bcbf-c8549bc2725d.ics&quot;},{&quot;rel&quot;:&quot;commissioners&quot;,&quot;href&quot;:&quot;https://api.teamsnap.com/v3/members/commissioners?team_id=3250042&quot;},{&quot;rel&quot;:&quot;contact_email_addresses&quot;,&quot;href&quot;:&quot;https://api.teamsnap.com/v3/contact_email_addresses/search?team_id=3250042&quot;},{&quot;rel&quot;:&quot;contact_phone_numbers&quot;,&quot;href&quot;:&quot;https://api.teamsnap.com/v3/contact_phone_numbers/search?team_id=3250042&quot;},{&quot;rel&quot;:&quot;contacts&quot;,&quot;href&quot;:&quot;https://api.teamsnap.com/v3/contacts/search?team_id=3250042&quot;},{&quot;rel&quot;:&quot;custom_data&quot;,&quot;href&quot;:&quot;https://api.teamsnap.com/v3/custom_data/search?team_id=3250042&quot;},{&quot;rel&quot;:&quot;custom_fields&quot;,&quot;href&quot;:&quot;https://api.teamsnap.com/v3/custom_fields/search?team_id=3250042&quot;},{&quot;rel&quot;:&quot;division_contact_email_addresses&quot;,&quot;href&quot;:&quot;https://api.teamsnap.com/v3/division_contact_email_addresses/search?team_id=3250042&quot;},{&quot;rel&quot;:&quot;division_contact_phone_numbers&quot;,&quot;href&quot;:&quot;https://api.teamsnap.com/v3/division_contact_phone_numbers/search?team_id=3250042&quot;},{&quot;rel&quot;:&quot;division_contacts&quot;,&quot;href&quot;:&quot;https://api.teamsnap.com/v3/division_contacts/search?team_id=3250042&quot;},{&quot;rel&quot;:&quot;division_locations&quot;,&quot;href&quot;:&quot;https://api.teamsnap.com/v3/division_locations/search?team_id=3250042&quot;},{&quot;rel&quot;:&quot;division_member_email_addresses&quot;,&quot;href&quot;:&quot;https://api.teamsnap.com/v3/division_member_email_addresses/search?team_id=3250042&quot;},{&quot;rel&quot;:&quot;division_member_phone_numbers&quot;,&quot;href&quot;:&quot;https://api.teamsnap.com/v3/division_member_phone_numbers/search?team_id=3250042&quot;},{&quot;rel&quot;:&quot;division_members&quot;,&quot;href&quot;:&quot;https://api.teamsnap.com/v3/division_members/search?team_id=3250042&quot;},{&quot;rel&quot;:&quot;division_members_preferences&quot;,&quot;href&quot;:&quot;https://api.teamsnap.com/v3/division_members_preferences/search?team_id=3250042&quot;},{&quot;rel&quot;:&quot;division_team_standings&quot;,&quot;href&quot;:&quot;https://api.teamsnap.com/v3/division_team_standings/search?team_id=3250042&quot;},{&quot;rel&quot;:&quot;forum_posts&quot;,&quot;href&quot;:&quot;https://api.teamsnap.com/v3/forum_posts/search?team_id=3250042&quot;},{&quot;rel&quot;:&quot;forum_subscriptions&quot;,&quot;href&quot;:&quot;https://api.teamsnap.com/v3/forum_subscriptions/search?team_id=3250042&quot;},{&quot;rel&quot;:&quot;forum_topics&quot;,&quot;href&quot;:&quot;https://api.teamsnap.com/v3/forum_topics/search?team_id=3250042&quot;},{&quot;rel&quot;:&quot;event_statistics&quot;,&quot;href&quot;:&quot;https://api.teamsnap.com/v3/event_statistics/search?team_id=3250042&quot;},{&quot;rel&quot;:&quot;events&quot;,&quot;href&quot;:&quot;https://api.teamsnap.com/v3/events/search?team_id=3250042&quot;},{&quot;rel&quot;:&quot;events_csv_export&quot;,&quot;href&quot;:&quot;https://api.teamsnap.com/v3/exports/events_csv?hs=7DnM5n5ksZe6FZ8%252FwffMKjixtEaHJPHhk2xg4HOM663Cyu7yRTS06i6OhhRQzUNDN3Jvmj%252Fkl2mUurI8brsXi0Q4S%252F9ewCS9CM3dXsBMUTIZ1%252BygOhcuewCo1zVf8sekOjszUuHgqvylXiWNEcULjQ%253D%253D&quot;},{&quot;rel&quot;:&quot;events_overview&quot;,&quot;href&quot;:&quot;https://api.teamsnap.com/v3/events/overview?team_id=3250042&quot;},{&quot;rel&quot;:&quot;league_custom_data&quot;,&quot;href&quot;:&quot;https://api.teamsnap.com/v3/league_custom_data/search?team_id=3250042&quot;},{&quot;rel&quot;:&quot;league_custom_fields&quot;,&quot;href&quot;:&quot;https://api.teamsnap.com/v3/league_custom_fields/search?team_id=3250042&quot;},{&quot;rel&quot;:&quot;league_registrant_documents&quot;,&quot;href&quot;:&quot;https://api.teamsnap.com/v3/league_registrant_documents/search?member_id=3250042&quot;},{&quot;rel&quot;:&quot;locations&quot;,&quot;href&quot;:&quot;https://api.teamsnap.com/v3/locations/search?team_id=3250042&quot;},{&quot;rel&quot;:&quot;managers&quot;,&quot;href&quot;:&quot;https://api.teamsnap.com/v3/members/managers?team_id=3250042&quot;},{&quot;rel&quot;:&quot;member_balances&quot;,&quot;href&quot;:&quot;https://api.teamsnap.com/v3/member_balances/search?team_id=3250042&quot;},{&quot;rel&quot;:&quot;member_email_addresses&quot;,&quot;href&quot;:&quot;https://api.teamsnap.com/v3/member_email_addresses/search?team_id=3250042&quot;},{&quot;rel&quot;:&quot;member_files&quot;,&quot;href&quot;:&quot;https://api.teamsnap.com/v3/member_files/search?team_id=3250042&quot;},{&quot;rel&quot;:&quot;member_links&quot;,&quot;href&quot;:&quot;https://api.teamsnap.com/v3/member_links/search?team_id=3250042&quot;},{&quot;rel&quot;:&quot;member_payments&quot;,&quot;href&quot;:&quot;https://api.teamsnap.com/v3/member_payments/search?team_id=3250042&quot;},{&quot;rel&quot;:&quot;member_phone_numbers&quot;,&quot;href&quot;:&quot;https://api.teamsnap.com/v3/member_phone_numbers/search?team_id=3250042&quot;},{&quot;rel&quot;:&quot;member_photos&quot;,&quot;href&quot;:&quot;https://api.teamsnap.com/v3/member_photos/search?team_id=3250042&quot;},{&quot;rel&quot;:&quot;member_statistics&quot;,&quot;href&quot;:&quot;https://api.teamsnap.com/v3/member_statistics/search?team_id=3250042&quot;},{&quot;rel&quot;:&quot;members&quot;,&quot;href&quot;:&quot;https://api.teamsnap.com/v3/members/search?team_id=3250042&quot;},{&quot;rel&quot;:&quot;members_csv_export&quot;,&quot;href&quot;:&quot;https://api.teamsnap.com/v3/exports/members_csv?hs=7DnM5n5ksZe6FZ8%252FwffMKjixtEaHJPHhk2xg4HOM663Cyu7yRTS06i6OhhRQzUNDN3Jvmj%252Fkl2mUurI8brsXi0Q4S%252F9ewCS9CM3dXsBMUTIZ1%252BygOhcuewCo1zVf8sekOjszUuHgqvylXiWNEcULjQ%253D%253D&quot;},{&quot;rel&quot;:&quot;members_preferences&quot;,&quot;href&quot;:&quot;https://api.teamsnap.com/v3/members_preferences/search?team_id=3250042&quot;},{&quot;rel&quot;:&quot;message_data&quot;,&quot;href&quot;:&quot;https://api.teamsnap.com/v3/message_data/search?team_id=3250042&quot;},{&quot;rel&quot;:&quot;messages&quot;,&quot;href&quot;:&quot;https://api.teamsnap.com/v3/messages/search?team_id=3250042&quot;},{&quot;rel&quot;:&quot;opponents&quot;,&quot;href&quot;:&quot;https://api.teamsnap.com/v3/opponents/search?team_id=3250042&quot;},{&quot;rel&quot;:&quot;opponents_results&quot;,&quot;href&quot;:&quot;https://api.teamsnap.com/v3/opponents_results/search?team_id=3250042&quot;},{&quot;rel&quot;:&quot;owner&quot;,&quot;href&quot;:&quot;https://api.teamsnap.com/v3/members/owner?team_id=3250042&quot;},{&quot;rel&quot;:&quot;payment_notes&quot;,&quot;href&quot;:&quot;https://api.teamsnap.com/v3/payment_notes/search?team_id=3250042&quot;},{&quot;rel&quot;:&quot;paypal_currency&quot;,&quot;href&quot;:&quot;https://api.teamsnap.com/v3/paypal_currencies/search?team_id=3250042&quot;},{&quot;rel&quot;:&quot;plan&quot;,&quot;href&quot;:&quot;https://api.teamsnap.com/v3/plans/17&quot;},{&quot;rel&quot;:&quot;sponsors&quot;,&quot;href&quot;:&quot;https://api.teamsnap.com/v3/sponsors/search?team_id=3250042&quot;},{&quot;rel&quot;:&quot;sport&quot;,&quot;href&quot;:&quot;https://api.teamsnap.com/v3/sports/51&quot;},{&quot;rel&quot;:&quot;statistics&quot;,&quot;href&quot;:&quot;https://api.teamsnap.com/v3/statistics/search?team_id=3250042&quot;},{&quot;rel&quot;:&quot;statistic_aggregates&quot;,&quot;href&quot;:&quot;https://api.teamsnap.com/v3/statistic_aggregates/search?team_id=3250042&quot;},{&quot;rel&quot;:&quot;statistic_data&quot;,&quot;href&quot;:&quot;https://api.teamsnap.com/v3/statistic_data/search?team_id=3250042&quot;},{&quot;rel&quot;:&quot;statistic_groups&quot;,&quot;href&quot;:&quot;https://api.teamsnap.com/v3/statistic_groups/search?team_id=3250042&quot;},{&quot;rel&quot;:&quot;team_fees&quot;,&quot;href&quot;:&quot;https://api.teamsnap.com/v3/team_fees/search?team_id=3250042&quot;},{&quot;rel&quot;:&quot;team_logo_photo_file&quot;,&quot;href&quot;:&quot;https://api.teamsnap.com/v3/photo_files/sport_logo/51-0&quot;},{&quot;rel&quot;:&quot;team_media&quot;,&quot;href&quot;:&quot;https://api.teamsnap.com/v3/team_media/search?team_id=3250042&quot;},{&quot;rel&quot;:&quot;team_medium_comments&quot;,&quot;href&quot;:&quot;https://api.teamsnap.com/v3/team_medium_comments/search?team_id=3250042&quot;},{&quot;rel&quot;:&quot;team_media_groups&quot;,&quot;href&quot;:&quot;https://api.teamsnap.com/v3/team_media_groups/search?team_id=3250042&quot;},{&quot;rel&quot;:&quot;team_paypal_preferences&quot;,&quot;href&quot;:&quot;https://api.teamsnap.com/v3/teams_paypal_preferences/3250042&quot;},{&quot;rel&quot;:&quot;team_photos&quot;,&quot;href&quot;:&quot;https://api.teamsnap.com/v3/team_photos/search&quot;},{&quot;rel&quot;:&quot;team_preferences&quot;,&quot;href&quot;:&quot;https://api.teamsnap.com/v3/teams_preferences/3250042&quot;},{&quot;rel&quot;:&quot;team_public_site&quot;,&quot;href&quot;:&quot;https://api.teamsnap.com/v3/team_public_sites/3250042&quot;},{&quot;rel&quot;:&quot;team_results&quot;,&quot;href&quot;:&quot;https://api.teamsnap.com/v3/teams_results/3250042&quot;},{&quot;rel&quot;:&quot;team_statistics&quot;,&quot;href&quot;:&quot;https://api.teamsnap.com/v3/team_statistics/search?team_id=3250042&quot;},{&quot;rel&quot;:&quot;tracked_item_statuses&quot;,&quot;href&quot;:&quot;https://api.teamsnap.com/v3/tracked_item_statuses/search?team_id=3250042&quot;},{&quot;rel&quot;:&quot;tracked_items&quot;,&quot;href&quot;:&quot;https://api.teamsnap.com/v3/tracked_items/search?team_id=3250042&quot;}],&quot;href&quot;:&quot;https://api.teamsnap.com/v3/teams/3250042&quot;},{&quot;data&quot;:[{&quot;name&quot;:&quot;id&quot;,&quot;type&quot;:&quot;String&quot;,&quot;value&quot;:3250044},{&quot;name&quot;:&quot;type&quot;,&quot;type&quot;:&quot;String&quot;,&quot;value&quot;:&quot;team&quot;},{&quot;name&quot;:&quot;active_season_team_id&quot;,&quot;type&quot;:&quot;String&quot;,&quot;value&quot;:null},{&quot;name&quot;:&quot;division_name&quot;,&quot;type&quot;:&quot;String&quot;,&quot;value&quot;:&quot;U14&quot;},{&quot;name&quot;:&quot;division_id&quot;,&quot;type&quot;:&quot;String&quot;,&quot;value&quot;:219324},{&quot;name&quot;:&quot;is_archived_season&quot;,&quot;type&quot;:&quot;Boolean&quot;,&quot;value&quot;:false},{&quot;name&quot;:&quot;is_hidden_on_dashboard&quot;,&quot;type&quot;:&quot;Boolean&quot;,&quot;value&quot;:false},{&quot;name&quot;:&quot;is_retired&quot;,&quot;type&quot;:&quot;Boolean&quot;,&quot;value&quot;:false},{&quot;name&quot;:&quot;league_name&quot;,&quot;type&quot;:&quot;String&quot;,&quot;value&quot;:&quot;City of Ottawa Ringette Association - TEST&quot;},{&quot;name&quot;:&quot;league_url&quot;,&quot;type&quot;:&quot;String&quot;,&quot;value&quot;:null},{&quot;name&quot;:&quot;is_in_league&quot;,&quot;type&quot;:&quot;Boolean&quot;,&quot;value&quot;:true},{&quot;name&quot;:&quot;location_country&quot;,&quot;type&quot;:&quot;String&quot;,&quot;value&quot;:&quot;Canada&quot;},{&quot;name&quot;:&quot;location_postal_code&quot;,&quot;type&quot;:&quot;String&quot;,&quot;value&quot;:&quot;K1N 8G2&quot;},{&quot;name&quot;:&quot;location_latitude&quot;,&quot;type&quot;:&quot;String&quot;,&quot;value&quot;:null},{&quot;name&quot;:&quot;location_longitude&quot;,&quot;type&quot;:&quot;String&quot;,&quot;value&quot;:null},{&quot;name&quot;:&quot;location_state&quot;,&quot;type&quot;:&quot;String&quot;,&quot;value&quot;:null},{&quot;name&quot;:&quot;name&quot;,&quot;type&quot;:&quot;String&quot;,&quot;value&quot;:&quot;U14B&quot;},{&quot;name&quot;:&quot;non_player_member_count&quot;,&quot;type&quot;:&quot;Integer&quot;,&quot;value&quot;:0},{&quot;name&quot;:&quot;plan_id&quot;,&quot;type&quot;:&quot;String&quot;,&quot;value&quot;:17},{&quot;name&quot;:&quot;player_member_count&quot;,&quot;type&quot;:&quot;Integer&quot;,&quot;value&quot;:0},{&quot;name&quot;:&quot;billed_at&quot;,&quot;type&quot;:&quot;DateTime&quot;,&quot;value&quot;:&quot;2017-07-27T04:58:50Z&quot;},{&quot;name&quot;:&quot;season_name&quot;,&quot;type&quot;:&quot;String&quot;,&quot;value&quot;:null},{&quot;name&quot;:&quot;sport_id&quot;,&quot;type&quot;:&quot;String&quot;,&quot;value&quot;:51},{&quot;name&quot;:&quot;time_zone&quot;,&quot;type&quot;:&quot;String&quot;,&quot;value&quot;:&quot;Eastern Time (US &amp; Canada)&quot;},{&quot;name&quot;:&quot;time_zone_description&quot;,&quot;type&quot;:&quot;String&quot;,&quot;value&quot;:&quot;Eastern Time (US &amp; Canada)&quot;},{&quot;name&quot;:&quot;time_zone_iana_name&quot;,&quot;type&quot;:&quot;String&quot;,&quot;value&quot;:&quot;America/New_York&quot;},{&quot;name&quot;:&quot;time_zone_offset&quot;,&quot;type&quot;:&quot;String&quot;,&quot;value&quot;:&quot;-05:00&quot;},{&quot;name&quot;:&quot;updated_at&quot;,&quot;type&quot;:&quot;DateTime&quot;,&quot;value&quot;:&quot;2017-07-27T04:58:50Z&quot;},{&quot;name&quot;:&quot;created_at&quot;,&quot;type&quot;:&quot;DateTime&quot;,&quot;value&quot;:&quot;2017-07-27T04:58:50Z&quot;},{&quot;name&quot;:&quot;has_reached_roster_limit&quot;,&quot;type&quot;:&quot;Boolean&quot;,&quot;value&quot;:false},{&quot;name&quot;:&quot;roster_limit&quot;,&quot;type&quot;:&quot;Integer&quot;,&quot;value&quot;:4000},{&quot;name&quot;:&quot;has_exportable_media&quot;,&quot;type&quot;:&quot;Boolean&quot;,&quot;value&quot;:false},{&quot;name&quot;:&quot;can_export_media&quot;,&quot;type&quot;:&quot;Boolean&quot;,&quot;value&quot;:false},{&quot;name&quot;:&quot;last_accessed_at&quot;,&quot;type&quot;:&quot;DateTime&quot;,&quot;value&quot;:null},{&quot;name&quot;:&quot;media_storage_used&quot;,&quot;type&quot;:&quot;Integer&quot;,&quot;value&quot;:0},{&quot;name&quot;:&quot;humanized_media_storage_used&quot;,&quot;type&quot;:&quot;String&quot;,&quot;value&quot;:&quot;0 B&quot;},{&quot;name&quot;:&quot;is_game_day&quot;,&quot;type&quot;:&quot;Boolean&quot;,&quot;value&quot;:false},{&quot;name&quot;:&quot;is_gateway_required_for_sms&quot;,&quot;type&quot;:&quot;Boolean&quot;,&quot;value&quot;:false}],&quot;rel&quot;:&quot;team-3250044&quot;,&quot;links&quot;:[{&quot;rel&quot;:&quot;assignments&quot;,&quot;href&quot;:&quot;https://api.teamsnap.com/v3/assignments/search?team_id=3250044&quot;},{&quot;rel&quot;:&quot;availabilities&quot;,&quot;href&quot;:&quot;https://api.teamsnap.com/v3/availabilities/search?team_id=3250044&quot;},{&quot;rel&quot;:&quot;broadcast_email_attachments&quot;,&quot;href&quot;:&quot;https://api.teamsnap.com/v3/broadcast_email_attachments/search?team_id=3250044&quot;},{&quot;rel&quot;:&quot;broadcast_emails&quot;,&quot;href&quot;:&quot;https://api.teamsnap.com/v3/broadcast_emails/search?team_id=3250044&quot;},{&quot;rel&quot;:&quot;broadcast_alerts&quot;,&quot;href&quot;:&quot;https://api.teamsnap.com/v3/broadcast_alerts/search?team_id=3250044&quot;},{&quot;rel&quot;:&quot;calendar_http&quot;,&quot;href&quot;:&quot;http://ical-cdn.teamsnap.com/team_schedule/31ea853d-9d9d-468e-bcc1-5a3d49178739.ics&quot;},{&quot;rel&quot;:&quot;calendar_http_games_only&quot;,&quot;href&quot;:&quot;http://ical-cdn.teamsnap.com/team_schedule/filter/games/31ea853d-9d9d-468e-bcc1-5a3d49178739.ics&quot;},{&quot;rel&quot;:&quot;calendar_webcal&quot;,&quot;href&quot;:&quot;webcal://ical-cdn.teamsnap.com/team_schedule/31ea853d-9d9d-468e-bcc1-5a3d49178739.ics&quot;},{&quot;rel&quot;:&quot;calendar_webcal_games_only&quot;,&quot;href&quot;:&quot;webcal://ical-cdn.teamsnap.com/team_schedule/filter/games/31ea853d-9d9d-468e-bcc1-5a3d49178739.ics&quot;},{&quot;rel&quot;:&quot;commissioners&quot;,&quot;href&quot;:&quot;https://api.teamsnap.com/v3/members/commissioners?team_id=3250044&quot;},{&quot;rel&quot;:&quot;contact_email_addresses&quot;,&quot;href&quot;:&quot;https://api.teamsnap.com/v3/contact_email_addresses/search?team_id=3250044&quot;},{&quot;rel&quot;:&quot;contact_phone_numbers&quot;,&quot;href&quot;:&quot;https://api.teamsnap.com/v3/contact_phone_numbers/search?team_id=3250044&quot;},{&quot;rel&quot;:&quot;contacts&quot;,&quot;href&quot;:&quot;https://api.teamsnap.com/v3/contacts/search?team_id=3250044&quot;},{&quot;rel&quot;:&quot;custom_data&quot;,&quot;href&quot;:&quot;https://api.teamsnap.com/v3/custom_data/search?team_id=3250044&quot;},{&quot;rel&quot;:&quot;custom_fields&quot;,&quot;href&quot;:&quot;https://api.teamsnap.com/v3/custom_fields/search?team_id=3250044&quot;},{&quot;rel&quot;:&quot;division_contact_email_addresses&quot;,&quot;href&quot;:&quot;https://api.teamsnap.com/v3/division_contact_email_addresses/search?team_id=3250044&quot;},{&quot;rel&quot;:&quot;division_contact_phone_numbers&quot;,&quot;href&quot;:&quot;https://api.teamsnap.com/v3/division_contact_phone_numbers/search?team_id=3250044&quot;},{&quot;rel&quot;:&quot;division_contacts&quot;,&quot;href&quot;:&quot;https://api.teamsnap.com/v3/division_contacts/search?team_id=3250044&quot;},{&quot;rel&quot;:&quot;division_locations&quot;,&quot;href&quot;:&quot;https://api.teamsnap.com/v3/division_locations/search?team_id=3250044&quot;},{&quot;rel&quot;:&quot;division_member_email_addresses&quot;,&quot;href&quot;:&quot;https://api.teamsnap.com/v3/division_member_email_addresses/search?team_id=3250044&quot;},{&quot;rel&quot;:&quot;division_member_phone_numbers&quot;,&quot;href&quot;:&quot;https://api.teamsnap.com/v3/division_member_phone_numbers/search?team_id=3250044&quot;},{&quot;rel&quot;:&quot;division_members&quot;,&quot;href&quot;:&quot;https://api.teamsnap.com/v3/division_members/search?team_id=3250044&quot;},{&quot;rel&quot;:&quot;division_members_preferences&quot;,&quot;href&quot;:&quot;https://api.teamsnap.com/v3/division_members_preferences/search?team_id=3250044&quot;},{&quot;rel&quot;:&quot;division_team_standings&quot;,&quot;href&quot;:&quot;https://api.teamsnap.com/v3/division_team_standings/search?team_id=3250044&quot;},{&quot;rel&quot;:&quot;forum_posts&quot;,&quot;href&quot;:&quot;https://api.teamsnap.com/v3/forum_posts/search?team_id=3250044&quot;},{&quot;rel&quot;:&quot;forum_subscriptions&quot;,&quot;href&quot;:&quot;https://api.teamsnap.com/v3/forum_subscriptions/search?team_id=3250044&quot;},{&quot;rel&quot;:&quot;forum_topics&quot;,&quot;href&quot;:&quot;https://api.teamsnap.com/v3/forum_topics/search?team_id=3250044&quot;},{&quot;rel&quot;:&quot;event_statistics&quot;,&quot;href&quot;:&quot;https://api.teamsnap.com/v3/event_statistics/search?team_id=3250044&quot;},{&quot;rel&quot;:&quot;events&quot;,&quot;href&quot;:&quot;https://api.teamsnap.com/v3/events/search?team_id=3250044&quot;},{&quot;rel&quot;:&quot;events_csv_export&quot;,&quot;href&quot;:&quot;https://api.teamsnap.com/v3/exports/events_csv?hs=7DnM5n5ksZe6FZ8%252FwffMKq8Jj3onycsoGoUWJo%252FNV%252BThp4aq3n5szkq6YcCuCJtPBRVxNFt%252F%252B0qYe8LrOwKEV1WH6G%252F20irny3qKeywRZwe3bzX49bsI%252B0rv44f3MSmBnNvMKPaWRNtmnwe%252F0DpcCw%253D%253D&quot;},{&quot;rel&quot;:&quot;events_overview&quot;,&quot;href&quot;:&quot;https://api.teamsnap.com/v3/events/overview?team_id=3250044&quot;},{&quot;rel&quot;:&quot;league_custom_data&quot;,&quot;href&quot;:&quot;https://api.teamsnap.com/v3/league_custom_data/search?team_id=3250044&quot;},{&quot;rel&quot;:&quot;league_custom_fields&quot;,&quot;href&quot;:&quot;https://api.teamsnap.com/v3/league_custom_fields/search?team_id=3250044&quot;},{&quot;rel&quot;:&quot;league_registrant_documents&quot;,&quot;href&quot;:&quot;https://api.teamsnap.com/v3/league_registrant_documents/search?member_id=3250044&quot;},{&quot;rel&quot;:&quot;locations&quot;,&quot;href&quot;:&quot;https://api.teamsnap.com/v3/locations/search?team_id=3250044&quot;},{&quot;rel&quot;:&quot;managers&quot;,&quot;href&quot;:&quot;https://api.teamsnap.com/v3/members/managers?team_id=3250044&quot;},{&quot;rel&quot;:&quot;member_balances&quot;,&quot;href&quot;:&quot;https://api.teamsnap.com/v3/member_balances/search?team_id=3250044&quot;},{&quot;rel&quot;:&quot;member_email_addresses&quot;,&quot;href&quot;:&quot;https://api.teamsnap.com/v3/member_email_addresses/search?team_id=3250044&quot;},{&quot;rel&quot;:&quot;member_files&quot;,&quot;href&quot;:&quot;https://api.teamsnap.com/v3/member_files/search?team_id=3250044&quot;},{&quot;rel&quot;:&quot;member_links&quot;,&quot;href&quot;:&quot;https://api.teamsnap.com/v3/member_links/search?team_id=3250044&quot;},{&quot;rel&quot;:&quot;member_payments&quot;,&quot;href&quot;:&quot;https://api.teamsnap.com/v3/member_payments/search?team_id=3250044&quot;},{&quot;rel&quot;:&quot;member_phone_numbers&quot;,&quot;href&quot;:&quot;https://api.teamsnap.com/v3/member_phone_numbers/search?team_id=3250044&quot;},{&quot;rel&quot;:&quot;member_photos&quot;,&quot;href&quot;:&quot;https://api.teamsnap.com/v3/member_photos/search?team_id=3250044&quot;},{&quot;rel&quot;:&quot;member_statistics&quot;,&quot;href&quot;:&quot;https://api.teamsnap.com/v3/member_statistics/search?team_id=3250044&quot;},{&quot;rel&quot;:&quot;members&quot;,&quot;href&quot;:&quot;https://api.teamsnap.com/v3/members/search?team_id=3250044&quot;},{&quot;rel&quot;:&quot;members_csv_export&quot;,&quot;href&quot;:&quot;https://api.teamsnap.com/v3/exports/members_csv?hs=7DnM5n5ksZe6FZ8%252FwffMKq8Jj3onycsoGoUWJo%252FNV%252BThp4aq3n5szkq6YcCuCJtPBRVxNFt%252F%252B0qYe8LrOwKEV1WH6G%252F20irny3qKeywRZwe3bzX49bsI%252B0rv44f3MSmBnNvMKPaWRNtmnwe%252F0DpcCw%253D%253D&quot;},{&quot;rel&quot;:&quot;members_preferences&quot;,&quot;href&quot;:&quot;https://api.teamsnap.com/v3/members_preferences/search?team_id=3250044&quot;},{&quot;rel&quot;:&quot;message_data&quot;,&quot;href&quot;:&quot;https://api.teamsnap.com/v3/message_data/search?team_id=3250044&quot;},{&quot;rel&quot;:&quot;messages&quot;,&quot;href&quot;:&quot;https://api.teamsnap.com/v3/messages/search?team_id=3250044&quot;},{&quot;rel&quot;:&quot;opponents&quot;,&quot;href&quot;:&quot;https://api.teamsnap.com/v3/opponents/search?team_id=3250044&quot;},{&quot;rel&quot;:&quot;opponents_results&quot;,&quot;href&quot;:&quot;https://api.teamsnap.com/v3/opponents_results/search?team_id=3250044&quot;},{&quot;rel&quot;:&quot;owner&quot;,&quot;href&quot;:&quot;https://api.teamsnap.com/v3/members/owner?team_id=3250044&quot;},{&quot;rel&quot;:&quot;payment_notes&quot;,&quot;href&quot;:&quot;https://api.teamsnap.com/v3/payment_notes/search?team_id=3250044&quot;},{&quot;rel&quot;:&quot;paypal_currency&quot;,&quot;href&quot;:&quot;https://api.teamsnap.com/v3/paypal_currencies/search?team_id=3250044&quot;},{&quot;rel&quot;:&quot;plan&quot;,&quot;href&quot;:&quot;https://api.teamsnap.com/v3/plans/17&quot;},{&quot;rel&quot;:&quot;sponsors&quot;,&quot;href&quot;:&quot;https://api.teamsnap.com/v3/sponsors/search?team_id=3250044&quot;},{&quot;rel&quot;:&quot;sport&quot;,&quot;href&quot;:&quot;https://api.teamsnap.com/v3/sports/51&quot;},{&quot;rel&quot;:&quot;statistics&quot;,&quot;href&quot;:&quot;https://api.teamsnap.com/v3/statistics/search?team_id=3250044&quot;},{&quot;rel&quot;:&quot;statistic_aggregates&quot;,&quot;href&quot;:&quot;https://api.teamsnap.com/v3/statistic_aggregates/search?team_id=3250044&quot;},{&quot;rel&quot;:&quot;statistic_data&quot;,&quot;href&quot;:&quot;https://api.teamsnap.com/v3/statistic_data/search?team_id=3250044&quot;},{&quot;rel&quot;:&quot;statistic_groups&quot;,&quot;href&quot;:&quot;https://api.teamsnap.com/v3/statistic_groups/search?team_id=3250044&quot;},{&quot;rel&quot;:&quot;team_fees&quot;,&quot;href&quot;:&quot;https://api.teamsnap.com/v3/team_fees/search?team_id=3250044&quot;},{&quot;rel&quot;:&quot;team_logo_photo_file&quot;,&quot;href&quot;:&quot;https://api.teamsnap.com/v3/photo_files/sport_logo/51-0&quot;},{&quot;rel&quot;:&quot;team_media&quot;,&quot;href&quot;:&quot;https://api.teamsnap.com/v3/team_media/search?team_id=3250044&quot;},{&quot;rel&quot;:&quot;team_medium_comments&quot;,&quot;href&quot;:&quot;https://api.teamsnap.com/v3/team_medium_comments/search?team_id=3250044&quot;},{&quot;rel&quot;:&quot;team_media_groups&quot;,&quot;href&quot;:&quot;https://api.teamsnap.com/v3/team_media_groups/search?team_id=3250044&quot;},{&quot;rel&quot;:&quot;team_paypal_preferences&quot;,&quot;href&quot;:&quot;https://api.teamsnap.com/v3/teams_paypal_preferences/3250044&quot;},{&quot;rel&quot;:&quot;team_photos&quot;,&quot;href&quot;:&quot;https://api.teamsnap.com/v3/team_photos/search&quot;},{&quot;rel&quot;:&quot;team_preferences&quot;,&quot;href&quot;:&quot;https://api.teamsnap.com/v3/teams_preferences/3250044&quot;},{&quot;rel&quot;:&quot;team_public_site&quot;,&quot;href&quot;:&quot;https://api.teamsnap.com/v3/team_public_sites/3250044&quot;},{&quot;rel&quot;:&quot;team_results&quot;,&quot;href&quot;:&quot;https://api.teamsnap.com/v3/teams_results/3250044&quot;},{&quot;rel&quot;:&quot;team_statistics&quot;,&quot;href&quot;:&quot;https://api.teamsnap.com/v3/team_statistics/search?team_id=3250044&quot;},{&quot;rel&quot;:&quot;tracked_item_statuses&quot;,&quot;href&quot;:&quot;https://api.teamsnap.com/v3/tracked_item_statuses/search?team_id=3250044&quot;},{&quot;rel&quot;:&quot;tracked_items&quot;,&quot;href&quot;:&quot;https://api.teamsnap.com/v3/tracked_items/search?team_id=3250044&quot;}],&quot;href&quot;:&quot;https://api.teamsnap.com/v3/teams/3250044&quot;},{&quot;data&quot;:[{&quot;name&quot;:&quot;id&quot;,&quot;type&quot;:&quot;String&quot;,&quot;value&quot;:3250047},{&quot;name&quot;:&quot;type&quot;,&quot;type&quot;:&quot;String&quot;,&quot;value&quot;:&quot;team&quot;},{&quot;name&quot;:&quot;active_season_team_id&quot;,&quot;type&quot;:&quot;String&quot;,&quot;value&quot;:null},{&quot;name&quot;:&quot;division_name&quot;,&quot;type&quot;:&quot;String&quot;,&quot;value&quot;:&quot;U14&quot;},{&quot;name&quot;:&quot;division_id&quot;,&quot;type&quot;:&quot;String&quot;,&quot;value&quot;:219324},{&quot;name&quot;:&quot;is_archived_season&quot;,&quot;type&quot;:&quot;Boolean&quot;,&quot;value&quot;:false},{&quot;name&quot;:&quot;is_hidden_on_dashboard&quot;,&quot;type&quot;:&quot;Boolean&quot;,&quot;value&quot;:false},{&quot;name&quot;:&quot;is_retired&quot;,&quot;type&quot;:&quot;Boolean&quot;,&quot;value&quot;:false},{&quot;name&quot;:&quot;league_name&quot;,&quot;type&quot;:&quot;String&quot;,&quot;value&quot;:&quot;City of Ottawa Ringette Association - TEST&quot;},{&quot;name&quot;:&quot;league_url&quot;,&quot;type&quot;:&quot;String&quot;,&quot;value&quot;:null},{&quot;name&quot;:&quot;is_in_league&quot;,&quot;type&quot;:&quot;Boolean&quot;,&quot;value&quot;:true},{&quot;name&quot;:&quot;location_country&quot;,&quot;type&quot;:&quot;String&quot;,&quot;value&quot;:&quot;Canada&quot;},{&quot;name&quot;:&quot;location_postal_code&quot;,&quot;type&quot;:&quot;String&quot;,&quot;value&quot;:&quot;K1N 8G2&quot;},{&quot;name&quot;:&quot;location_latitude&quot;,&quot;type&quot;:&quot;String&quot;,&quot;value&quot;:null},{&quot;name&quot;:&quot;location_longitude&quot;,&quot;type&quot;:&quot;String&quot;,&quot;value&quot;:null},{&quot;name&quot;:&quot;location_state&quot;,&quot;type&quot;:&quot;String&quot;,&quot;value&quot;:null},{&quot;name&quot;:&quot;name&quot;,&quot;type&quot;:&quot;String&quot;,&quot;value&quot;:&quot;U14C&quot;},{&quot;name&quot;:&quot;non_player_member_count&quot;,&quot;type&quot;:&quot;Integer&quot;,&quot;value&quot;:0},{&quot;name&quot;:&quot;plan_id&quot;,&quot;type&quot;:&quot;String&quot;,&quot;value&quot;:17},{&quot;name&quot;:&quot;player_member_count&quot;,&quot;type&quot;:&quot;Integer&quot;,&quot;value&quot;:0},{&quot;name&quot;:&quot;billed_at&quot;,&quot;type&quot;:&quot;DateTime&quot;,&quot;value&quot;:&quot;2017-07-27T04:58:50Z&quot;},{&quot;name&quot;:&quot;season_name&quot;,&quot;type&quot;:&quot;String&quot;,&quot;value&quot;:null},{&quot;name&quot;:&quot;sport_id&quot;,&quot;type&quot;:&quot;String&quot;,&quot;value&quot;:51},{&quot;name&quot;:&quot;time_zone&quot;,&quot;type&quot;:&quot;String&quot;,&quot;value&quot;:&quot;Eastern Time (US &amp; Canada)&quot;},{&quot;name&quot;:&quot;time_zone_description&quot;,&quot;type&quot;:&quot;String&quot;,&quot;value&quot;:&quot;Eastern Time (US &amp; Canada)&quot;},{&quot;name&quot;:&quot;time_zone_iana_name&quot;,&quot;type&quot;:&quot;String&quot;,&quot;value&quot;:&quot;America/New_York&quot;},{&quot;name&quot;:&quot;time_zone_offset&quot;,&quot;type&quot;:&quot;String&quot;,&quot;value&quot;:&quot;-05:00&quot;},{&quot;name&quot;:&quot;updated_at&quot;,&quot;type&quot;:&quot;DateTime&quot;,&quot;value&quot;:&quot;2017-07-27T04:58:50Z&quot;},{&quot;name&quot;:&quot;created_at&quot;,&quot;type&quot;:&quot;DateTime&quot;,&quot;value&quot;:&quot;2017-07-27T04:58:50Z&quot;},{&quot;name&quot;:&quot;has_reached_roster_limit&quot;,&quot;type&quot;:&quot;Boolean&quot;,&quot;value&quot;:false},{&quot;name&quot;:&quot;roster_limit&quot;,&quot;type&quot;:&quot;Integer&quot;,&quot;value&quot;:4000},{&quot;name&quot;:&quot;has_exportable_media&quot;,&quot;type&quot;:&quot;Boolean&quot;,&quot;value&quot;:false},{&quot;name&quot;:&quot;can_export_media&quot;,&quot;type&quot;:&quot;Boolean&quot;,&quot;value&quot;:false},{&quot;name&quot;:&quot;last_accessed_at&quot;,&quot;type&quot;:&quot;DateTime&quot;,&quot;value&quot;:null},{&quot;name&quot;:&quot;media_storage_used&quot;,&quot;type&quot;:&quot;Integer&quot;,&quot;value&quot;:0},{&quot;name&quot;:&quot;humanized_media_storage_used&quot;,&quot;type&quot;:&quot;String&quot;,&quot;value&quot;:&quot;0 B&quot;},{&quot;name&quot;:&quot;is_game_day&quot;,&quot;type&quot;:&quot;Boolean&quot;,&quot;value&quot;:false},{&quot;name&quot;:&quot;is_gateway_required_for_sms&quot;,&quot;type&quot;:&quot;Boolean&quot;,&quot;value&quot;:false}],&quot;rel&quot;:&quot;team-3250047&quot;,&quot;links&quot;:[{&quot;rel&quot;:&quot;assignments&quot;,&quot;href&quot;:&quot;https://api.teamsnap.com/v3/assignments/search?team_id=3250047&quot;},{&quot;rel&quot;:&quot;availabilities&quot;,&quot;href&quot;:&quot;https://api.teamsnap.com/v3/availabilities/search?team_id=3250047&quot;},{&quot;rel&quot;:&quot;broadcast_email_attachments&quot;,&quot;href&quot;:&quot;https://api.teamsnap.com/v3/broadcast_email_attachments/search?team_id=3250047&quot;},{&quot;rel&quot;:&quot;broadcast_emails&quot;,&quot;href&quot;:&quot;https://api.teamsnap.com/v3/broadcast_emails/search?team_id=3250047&quot;},{&quot;rel&quot;:&quot;broadcast_alerts&quot;,&quot;href&quot;:&quot;https://api.teamsnap.com/v3/broadcast_alerts/search?team_id=3250047&quot;},{&quot;rel&quot;:&quot;calendar_http&quot;,&quot;href&quot;:&quot;http://ical-cdn.teamsnap.com/team_schedule/ff9c360f-6032-48f7-b86c-d71eaf21c4fd.ics&quot;},{&quot;rel&quot;:&quot;calendar_http_games_only&quot;,&quot;href&quot;:&quot;http://ical-cdn.teamsnap.com/team_schedule/filter/games/ff9c360f-6032-48f7-b86c-d71eaf21c4fd.ics&quot;},{&quot;rel&quot;:&quot;calendar_webcal&quot;,&quot;href&quot;:&quot;webcal://ical-cdn.teamsnap.com/team_schedule/ff9c360f-6032-48f7-b86c-d71eaf21c4fd.ics&quot;},{&quot;rel&quot;:&quot;calendar_webcal_games_only&quot;,&quot;href&quot;:&quot;webcal://ical-cdn.teamsnap.com/team_schedule/filter/games/ff9c360f-6032-48f7-b86c-d71eaf21c4fd.ics&quot;},{&quot;rel&quot;:&quot;commissioners&quot;,&quot;href&quot;:&quot;https://api.teamsnap.com/v3/members/commissioners?team_id=3250047&quot;},{&quot;rel&quot;:&quot;contact_email_addresses&quot;,&quot;href&quot;:&quot;https://api.teamsnap.com/v3/contact_email_addresses/search?team_id=3250047&quot;},{&quot;rel&quot;:&quot;contact_phone_numbers&quot;,&quot;href&quot;:&quot;https://api.teamsnap.com/v3/contact_phone_numbers/search?team_id=3250047&quot;},{&quot;rel&quot;:&quot;contacts&quot;,&quot;href&quot;:&quot;https://api.teamsnap.com/v3/contacts/search?team_id=3250047&quot;},{&quot;rel&quot;:&quot;custom_data&quot;,&quot;href&quot;:&quot;https://api.teamsnap.com/v3/custom_data/search?team_id=3250047&quot;},{&quot;rel&quot;:&quot;custom_fields&quot;,&quot;href&quot;:&quot;https://api.teamsnap.com/v3/custom_fields/search?team_id=3250047&quot;},{&quot;rel&quot;:&quot;division_contact_email_addresses&quot;,&quot;href&quot;:&quot;https://api.teamsnap.com/v3/division_contact_email_addresses/search?team_id=3250047&quot;},{&quot;rel&quot;:&quot;division_contact_phone_numbers&quot;,&quot;href&quot;:&quot;https://api.teamsnap.com/v3/division_contact_phone_numbers/search?team_id=3250047&quot;},{&quot;rel&quot;:&quot;division_contacts&quot;,&quot;href&quot;:&quot;https://api.teamsnap.com/v3/division_contacts/search?team_id=3250047&quot;},{&quot;rel&quot;:&quot;division_locations&quot;,&quot;href&quot;:&quot;https://api.teamsnap.com/v3/division_locations/search?team_id=3250047&quot;},{&quot;rel&quot;:&quot;division_member_email_addresses&quot;,&quot;href&quot;:&quot;https://api.teamsnap.com/v3/division_member_email_addresses/search?team_id=3250047&quot;},{&quot;rel&quot;:&quot;division_member_phone_numbers&quot;,&quot;href&quot;:&quot;https://api.teamsnap.com/v3/division_member_phone_numbers/search?team_id=3250047&quot;},{&quot;rel&quot;:&quot;division_members&quot;,&quot;href&quot;:&quot;https://api.teamsnap.com/v3/division_members/search?team_id=3250047&quot;},{&quot;rel&quot;:&quot;division_members_preferences&quot;,&quot;href&quot;:&quot;https://api.teamsnap.com/v3/division_members_preferences/search?team_id=3250047&quot;},{&quot;rel&quot;:&quot;division_team_standings&quot;,&quot;href&quot;:&quot;https://api.teamsnap.com/v3/division_team_standings/search?team_id=3250047&quot;},{&quot;rel&quot;:&quot;forum_posts&quot;,&quot;href&quot;:&quot;https://api.teamsnap.com/v3/forum_posts/search?team_id=3250047&quot;},{&quot;rel&quot;:&quot;forum_subscriptions&quot;,&quot;href&quot;:&quot;https://api.teamsnap.com/v3/forum_subscriptions/search?team_id=3250047&quot;},{&quot;rel&quot;:&quot;forum_topics&quot;,&quot;href&quot;:&quot;https://api.teamsnap.com/v3/forum_topics/search?team_id=3250047&quot;},{&quot;rel&quot;:&quot;event_statistics&quot;,&quot;href&quot;:&quot;https://api.teamsnap.com/v3/event_statistics/search?team_id=3250047&quot;},{&quot;rel&quot;:&quot;events&quot;,&quot;href&quot;:&quot;https://api.teamsnap.com/v3/events/search?team_id=3250047&quot;},{&quot;rel&quot;:&quot;events_csv_export&quot;,&quot;href&quot;:&quot;https://api.teamsnap.com/v3/exports/events_csv?hs=7DnM5n5ksZe6FZ8%252FwffMKnn4Z0b2P6V4RCPvLKq550Eypxmj2LSVXnlWSVS7ZUcrMUAivqU6%252BVXSHE1m4lC7B0FeYz7lWjFs6HxUBXZdXI5knuCaEcIGUGuNW6km%252Bc5eW17eeW2FiJn2Lrap%252Ff0Y9Q%253D%253D&quot;},{&quot;rel&quot;:&quot;events_overview&quot;,&quot;href&quot;:&quot;https://api.teamsnap.com/v3/events/overview?team_id=3250047&quot;},{&quot;rel&quot;:&quot;league_custom_data&quot;,&quot;href&quot;:&quot;https://api.teamsnap.com/v3/league_custom_data/search?team_id=3250047&quot;},{&quot;rel&quot;:&quot;league_custom_fields&quot;,&quot;href&quot;:&quot;https://api.teamsnap.com/v3/league_custom_fields/search?team_id=3250047&quot;},{&quot;rel&quot;:&quot;league_registrant_documents&quot;,&quot;href&quot;:&quot;https://api.teamsnap.com/v3/league_registrant_documents/search?member_id=3250047&quot;},{&quot;rel&quot;:&quot;locations&quot;,&quot;href&quot;:&quot;https://api.teamsnap.com/v3/locations/search?team_id=3250047&quot;},{&quot;rel&quot;:&quot;managers&quot;,&quot;href&quot;:&quot;https://api.teamsnap.com/v3/members/managers?team_id=3250047&quot;},{&quot;rel&quot;:&quot;member_balances&quot;,&quot;href&quot;:&quot;https://api.teamsnap.com/v3/member_balances/search?team_id=3250047&quot;},{&quot;rel&quot;:&quot;member_email_addresses&quot;,&quot;href&quot;:&quot;https://api.teamsnap.com/v3/member_email_addresses/search?team_id=3250047&quot;},{&quot;rel&quot;:&quot;member_files&quot;,&quot;href&quot;:&quot;https://api.teamsnap.com/v3/member_files/search?team_id=3250047&quot;},{&quot;rel&quot;:&quot;member_links&quot;,&quot;href&quot;:&quot;https://api.teamsnap.com/v3/member_links/search?team_id=3250047&quot;},{&quot;rel&quot;:&quot;member_payments&quot;,&quot;href&quot;:&quot;https://api.teamsnap.com/v3/member_payments/search?team_id=3250047&quot;},{&quot;rel&quot;:&quot;member_phone_numbers&quot;,&quot;href&quot;:&quot;https://api.teamsnap.com/v3/member_phone_numbers/search?team_id=3250047&quot;},{&quot;rel&quot;:&quot;member_photos&quot;,&quot;href&quot;:&quot;https://api.teamsnap.com/v3/member_photos/search?team_id=3250047&quot;},{&quot;rel&quot;:&quot;member_statistics&quot;,&quot;href&quot;:&quot;https://api.teamsnap.com/v3/member_statistics/search?team_id=3250047&quot;},{&quot;rel&quot;:&quot;members&quot;,&quot;href&quot;:&quot;https://api.teamsnap.com/v3/members/search?team_id=3250047&quot;},{&quot;rel&quot;:&quot;members_csv_export&quot;,&quot;href&quot;:&quot;https://api.teamsnap.com/v3/exports/members_csv?hs=7DnM5n5ksZe6FZ8%252FwffMKnn4Z0b2P6V4RCPvLKq550Eypxmj2LSVXnlWSVS7ZUcrMUAivqU6%252BVXSHE1m4lC7B0FeYz7lWjFs6HxUBXZdXI5knuCaEcIGUGuNW6km%252Bc5eW17eeW2FiJn2Lrap%252Ff0Y9Q%253D%253D&quot;},{&quot;rel&quot;:&quot;members_preferences&quot;,&quot;href&quot;:&quot;https://api.teamsnap.com/v3/members_preferences/search?team_id=3250047&quot;},{&quot;rel&quot;:&quot;message_data&quot;,&quot;href&quot;:&quot;https://api.teamsnap.com/v3/message_data/search?team_id=3250047&quot;},{&quot;rel&quot;:&quot;messages&quot;,&quot;href&quot;:&quot;https://api.teamsnap.com/v3/messages/search?team_id=3250047&quot;},{&quot;rel&quot;:&quot;opponents&quot;,&quot;href&quot;:&quot;https://api.teamsnap.com/v3/opponents/search?team_id=3250047&quot;},{&quot;rel&quot;:&quot;opponents_results&quot;,&quot;href&quot;:&quot;https://api.teamsnap.com/v3/opponents_results/search?team_id=3250047&quot;},{&quot;rel&quot;:&quot;owner&quot;,&quot;href&quot;:&quot;https://api.teamsnap.com/v3/members/owner?team_id=3250047&quot;},{&quot;rel&quot;:&quot;payment_notes&quot;,&quot;href&quot;:&quot;https://api.teamsnap.com/v3/payment_notes/search?team_id=3250047&quot;},{&quot;rel&quot;:&quot;paypal_currency&quot;,&quot;href&quot;:&quot;https://api.teamsnap.com/v3/paypal_currencies/search?team_id=3250047&quot;},{&quot;rel&quot;:&quot;plan&quot;,&quot;href&quot;:&quot;https://api.teamsnap.com/v3/plans/17&quot;},{&quot;rel&quot;:&quot;sponsors&quot;,&quot;href&quot;:&quot;https://api.teamsnap.com/v3/sponsors/search?team_id=3250047&quot;},{&quot;rel&quot;:&quot;sport&quot;,&quot;href&quot;:&quot;https://api.teamsnap.com/v3/sports/51&quot;},{&quot;rel&quot;:&quot;statistics&quot;,&quot;href&quot;:&quot;https://api.teamsnap.com/v3/statistics/search?team_id=3250047&quot;},{&quot;rel&quot;:&quot;statistic_aggregates&quot;,&quot;href&quot;:&quot;https://api.teamsnap.com/v3/statistic_aggregates/search?team_id=3250047&quot;},{&quot;rel&quot;:&quot;statistic_data&quot;,&quot;href&quot;:&quot;https://api.teamsnap.com/v3/statistic_data/search?team_id=3250047&quot;},{&quot;rel&quot;:&quot;statistic_groups&quot;,&quot;href&quot;:&quot;https://api.teamsnap.com/v3/statistic_groups/search?team_id=3250047&quot;},{&quot;rel&quot;:&quot;team_fees&quot;,&quot;href&quot;:&quot;https://api.teamsnap.com/v3/team_fees/search?team_id=3250047&quot;},{&quot;rel&quot;:&quot;team_logo_photo_file&quot;,&quot;href&quot;:&quot;https://api.teamsnap.com/v3/photo_files/sport_logo/51-0&quot;},{&quot;rel&quot;:&quot;team_media&quot;,&quot;href&quot;:&quot;https://api.teamsnap.com/v3/team_media/search?team_id=3250047&quot;},{&quot;rel&quot;:&quot;team_medium_comments&quot;,&quot;href&quot;:&quot;https://api.teamsnap.com/v3/team_medium_comments/search?team_id=3250047&quot;},{&quot;rel&quot;:&quot;team_media_groups&quot;,&quot;href&quot;:&quot;https://api.teamsnap.com/v3/team_media_groups/search?team_id=3250047&quot;},{&quot;rel&quot;:&quot;team_paypal_preferences&quot;,&quot;href&quot;:&quot;https://api.teamsnap.com/v3/teams_paypal_preferences/3250047&quot;},{&quot;rel&quot;:&quot;team_photos&quot;,&quot;href&quot;:&quot;https://api.teamsnap.com/v3/team_photos/search&quot;},{&quot;rel&quot;:&quot;team_preferences&quot;,&quot;href&quot;:&quot;https://api.teamsnap.com/v3/teams_preferences/3250047&quot;},{&quot;rel&quot;:&quot;team_public_site&quot;,&quot;href&quot;:&quot;https://api.teamsnap.com/v3/team_public_sites/3250047&quot;},{&quot;rel&quot;:&quot;team_results&quot;,&quot;href&quot;:&quot;https://api.teamsnap.com/v3/teams_results/3250047&quot;},{&quot;rel&quot;:&quot;team_statistics&quot;,&quot;href&quot;:&quot;https://api.teamsnap.com/v3/team_statistics/search?team_id=3250047&quot;},{&quot;rel&quot;:&quot;tracked_item_statuses&quot;,&quot;href&quot;:&quot;https://api.teamsnap.com/v3/tracked_item_statuses/search?team_id=3250047&quot;},{&quot;rel&quot;:&quot;tracked_items&quot;,&quot;href&quot;:&quot;https://api.teamsnap.com/v3/tracked_items/search?team_id=3250047&quot;}],&quot;href&quot;:&quot;https://api.teamsnap.com/v3/teams/3250047&quot;}],&quot;commands&quot;:[{&quot;data&quot;:[{&quot;name&quot;:&quot;team_id&quot;,&quot;value&quot;:null},{&quot;name&quot;:&quot;contact_id&quot;,&quot;value&quot;:null},{&quot;name&quot;:&quot;member_id&quot;,&quot;value&quot;:null},{&quot;name&quot;:&quot;introduction&quot;,&quot;value&quot;:null},{&quot;name&quot;:&quot;notify_as_member_id&quot;,&quot;value&quot;:null}],&quot;rel&quot;:&quot;invite&quot;,&quot;href&quot;:&quot;https://api.teamsnap.com/v3/teams/invite&quot;,&quot;prompt&quot;:&quot;invite team members or contacts to join TeamSnap.&quot;},{&quot;data&quot;:[{&quot;name&quot;:&quot;team_id&quot;,&quot;value&quot;:null},{&quot;name&quot;:&quot;time_zone&quot;,&quot;value&quot;:null},{&quot;deprecated&quot;:true,&quot;name&quot;:&quot;offset_team_times&quot;,&quot;value&quot;:null,&quot;prompt&quot;:&quot;%{old} is deprecated and will be removed in a future version, use %{new} instead.&quot;}],&quot;rel&quot;:&quot;update_time_zone&quot;,&quot;href&quot;:&quot;https://api.teamsnap.com/v3/teams/update_time_zone&quot;,&quot;prompt&quot;:&quot;Update team&apos;s time zone. This is currently the only method of updating a team&apos;s time zone.&quot;},{&quot;data&quot;:[{&quot;name&quot;:&quot;team_id&quot;,&quot;value&quot;:null}],&quot;rel&quot;:&quot;reset_statistics&quot;,&quot;href&quot;:&quot;https://api.teamsnap.com/v3/teams/reset_statistics&quot;,&quot;prompt&quot;:&quot;Deletes all data, categories and groups for a given team_id&quot;},{&quot;data&quot;:[{&quot;name&quot;:&quot;id&quot;,&quot;value&quot;:null}],&quot;rel&quot;:&quot;invite_team_owners&quot;,&quot;href&quot;:&quot;https://api.teamsnap.com/v3/teams/invite_team_owners&quot;,&quot;prompt&quot;:&quot;Beta: (This endpoint subject to change) Allow commissioners to send invitations to all owners on active teams in the division.&quot;},{&quot;data&quot;:[{&quot;name&quot;:&quot;team_id&quot;,&quot;value&quot;:null},{&quot;name&quot;:&quot;member_id&quot;,&quot;value&quot;:null}],&quot;rel&quot;:&quot;change_owner&quot;,&quot;href&quot;:&quot;https://api.teamsnap.com/v3/teams/change_owner&quot;,&quot;prompt&quot;:&quot;Beta: (This endpoint subject to change) Allow commissioners to change the owner of a league team.&quot;},{&quot;data&quot;:[{&quot;name&quot;:&quot;team_ids&quot;,&quot;value&quot;:null}],&quot;rel&quot;:&quot;toggle_team_visibility_on_dashboard&quot;,&quot;href&quot;:&quot;https://api.teamsnap.com/v3/teams/toggle_team_visibility_on_dashboard&quot;,&quot;prompt&quot;:&quot;Toggles the visibility of teams on the list of active teams, per user. Requires a single id or a comma separated list of &apos;team_id&apos;s&quot;}]}}
Aug 05, 2017 6:33:26 PM teamsnap.apiClient.Query execute
INFO: {&quot;collection&quot;:{&quot;template&quot;:{&quot;data&quot;:[{&quot;name&quot;:&quot;type&quot;,&quot;value&quot;:&quot;event&quot;},{&quot;name&quot;:&quot;additional_location_details&quot;,&quot;value&quot;:null},{&quot;name&quot;:&quot;browser_time_zone&quot;,&quot;value&quot;:null},{&quot;name&quot;:&quot;division_location_id&quot;,&quot;value&quot;:null},{&quot;name&quot;:&quot;doesnt_count_towards_record&quot;,&quot;value&quot;:null},{&quot;name&quot;:&quot;duration_in_minutes&quot;,&quot;value&quot;:null},{&quot;name&quot;:&quot;game_type_code&quot;,&quot;value&quot;:null},{&quot;name&quot;:&quot;icon_color&quot;,&quot;value&quot;:null},{&quot;name&quot;:&quot;is_canceled&quot;,&quot;value&quot;:null},{&quot;name&quot;:&quot;is_game&quot;,&quot;value&quot;:null},{&quot;name&quot;:&quot;is_overtime&quot;,&quot;value&quot;:null},{&quot;name&quot;:&quot;is_shootout&quot;,&quot;value&quot;:null},{&quot;name&quot;:&quot;is_tbd&quot;,&quot;value&quot;:null},{&quot;name&quot;:&quot;label&quot;,&quot;value&quot;:null},{&quot;name&quot;:&quot;location_id&quot;,&quot;value&quot;:null},{&quot;name&quot;:&quot;minutes_to_arrive_early&quot;,&quot;value&quot;:null},{&quot;name&quot;:&quot;name&quot;,&quot;value&quot;:null},{&quot;name&quot;:&quot;notes&quot;,&quot;value&quot;:null},{&quot;name&quot;:&quot;notify_opponent&quot;,&quot;value&quot;:null},{&quot;name&quot;:&quot;notify_opponent_contacts_email&quot;,&quot;value&quot;:null},{&quot;name&quot;:&quot;notify_opponent_contacts_name&quot;,&quot;value&quot;:null},{&quot;name&quot;:&quot;notify_opponent_notes&quot;,&quot;value&quot;:null},{&quot;name&quot;:&quot;notify_team&quot;,&quot;value&quot;:null},{&quot;name&quot;:&quot;notify_team_as_member_id&quot;,&quot;value&quot;:null},{&quot;name&quot;:&quot;opponent_id&quot;,&quot;value&quot;:null},{&quot;name&quot;:&quot;points_for_opponent&quot;,&quot;value&quot;:null},{&quot;name&quot;:&quot;points_for_team&quot;,&quot;value&quot;:null},{&quot;name&quot;:&quot;repeating_include&quot;,&quot;value&quot;:null,&quot;prompt&quot;:&quot;When updating a repeating event, this is a required field. Values are: \&quot;all\&quot; - updates all events in this series, \&quot;future\&quot; - updates this event and all that occur after, \&quot;none\&quot; - only updates a single event.&quot;},{&quot;name&quot;:&quot;repeating_type_code&quot;,&quot;value&quot;:null,&quot;prompt&quot;:&quot;A code for the frequency of the repeated event, this is required with the \&quot;repeating_include\&quot; attribute when creating a repeating event. Valid values are: \&quot;1\&quot; - repeat an event daily, \&quot;2\&quot; - repeat an event weekly.&quot;},{&quot;name&quot;:&quot;repeating_until&quot;,&quot;value&quot;:null,&quot;prompt&quot;:&quot;A date when the repeating event should end, this is inclusive so an event will be created on this day if it falls before the next event specified by \&quot;repeating_type_code\&quot;. This attribute is required with \&quot;repeating_type_code\&quot; when creating a repeating event.&quot;},{&quot;name&quot;:&quot;results&quot;,&quot;value&quot;:null},{&quot;name&quot;:&quot;results_url&quot;,&quot;value&quot;:null},{&quot;name&quot;:&quot;shootout_points_for_opponent&quot;,&quot;value&quot;:null},{&quot;name&quot;:&quot;shootout_points_for_team&quot;,&quot;value&quot;:null},{&quot;name&quot;:&quot;start_date&quot;,&quot;value&quot;:null},{&quot;name&quot;:&quot;team_id&quot;,&quot;value&quot;:null},{&quot;name&quot;:&quot;time_zone&quot;,&quot;value&quot;:null},{&quot;name&quot;:&quot;tracks_availability&quot;,&quot;value&quot;:null},{&quot;name&quot;:&quot;uniform&quot;,&quot;value&quot;:null}]},&quot;rel&quot;:&quot;events&quot;,&quot;links&quot;:[{&quot;rel&quot;:&quot;assignments&quot;,&quot;href&quot;:&quot;https://api.teamsnap.com/v3/assignments&quot;},{&quot;rel&quot;:&quot;availabilities&quot;,&quot;href&quot;:&quot;https://api.teamsnap.com/v3/availabilities&quot;},{&quot;rel&quot;:&quot;division_location&quot;,&quot;href&quot;:&quot;https://api.teamsnap.com/v3/division_locations&quot;},{&quot;rel&quot;:&quot;event_statistics&quot;,&quot;href&quot;:&quot;https://api.teamsnap.com/v3/event_statistics&quot;},{&quot;rel&quot;:&quot;location&quot;,&quot;href&quot;:&quot;https://api.teamsnap.com/v3/locations&quot;},{&quot;rel&quot;:&quot;opponent&quot;,&quot;href&quot;:&quot;https://api.teamsnap.com/v3/opponents&quot;},{&quot;rel&quot;:&quot;statistic_data&quot;,&quot;href&quot;:&quot;https://api.teamsnap.com/v3/statistic_data&quot;},{&quot;rel&quot;:&quot;team&quot;,&quot;href&quot;:&quot;https://api.teamsnap.com/v3/teams&quot;},{&quot;rel&quot;:&quot;root&quot;,&quot;href&quot;:&quot;https://api.teamsnap.com/v3/&quot;},{&quot;rel&quot;:&quot;self&quot;,&quot;href&quot;:&quot;https://api.teamsnap.com/v3/events/search?team_id=3250039&quot;}],&quot;href&quot;:&quot;https://api.teamsnap.com/v3/events&quot;,&quot;version&quot;:&quot;3.518.0&quot;,&quot;queries&quot;:[{&quot;data&quot;:[{&quot;name&quot;:&quot;team_id&quot;,&quot;value&quot;:null},{&quot;name&quot;:&quot;location_id&quot;,&quot;value&quot;:null},{&quot;name&quot;:&quot;opponent_id&quot;,&quot;value&quot;:null},{&quot;name&quot;:&quot;started_after&quot;,&quot;value&quot;:null},{&quot;name&quot;:&quot;started_before&quot;,&quot;value&quot;:null},{&quot;name&quot;:&quot;repeating_uuid&quot;,&quot;value&quot;:null},{&quot;name&quot;:&quot;id&quot;,&quot;value&quot;:null},{&quot;name&quot;:&quot;is_game&quot;,&quot;value&quot;:null},{&quot;name&quot;:&quot;updated_since&quot;,&quot;value&quot;:null},{&quot;name&quot;:&quot;page_size&quot;,&quot;value&quot;:null,&quot;prompt&quot;:&quot;The number of items to return for each page. Sending this parameter with the query will enable paging for the returned collection.&quot;},{&quot;name&quot;:&quot;page_number&quot;,&quot;value&quot;:null,&quot;prompt&quot;:&quot;The number of the page to be returned. This requires that paging be turned on by also providing the page_size parameter.&quot;},{&quot;name&quot;:&quot;sort_start_date&quot;,&quot;value&quot;:null,&quot;prompt&quot;:&quot;Sort the returned dataset based on the start_date field, valid values are &apos;asc&apos; or &apos;desc&apos;.&quot;}],&quot;rel&quot;:&quot;search&quot;,&quot;sort&quot;:[&quot;start_date&quot;],&quot;href&quot;:&quot;https://api.teamsnap.com/v3/events/search&quot;},{&quot;data&quot;:[{&quot;name&quot;:&quot;team_id&quot;,&quot;value&quot;:null},{&quot;name&quot;:&quot;page_size&quot;,&quot;value&quot;:null,&quot;prompt&quot;:&quot;The number of items to return for each page. Sending this parameter with the query will enable paging for the returned collection.&quot;},{&quot;name&quot;:&quot;page_number&quot;,&quot;value&quot;:null,&quot;prompt&quot;:&quot;The number of the page to be returned. This requires that paging be turned on by also providing the page_size parameter.&quot;}],&quot;rel&quot;:&quot;search_games&quot;,&quot;href&quot;:&quot;https://api.teamsnap.com/v3/events/search_games&quot;},{&quot;data&quot;:[{&quot;name&quot;:&quot;team_id&quot;,&quot;value&quot;:null}],&quot;rel&quot;:&quot;overview&quot;,&quot;href&quot;:&quot;https://api.teamsnap.com/v3/events/overview&quot;}],&quot;commands&quot;:[{&quot;data&quot;:[{&quot;name&quot;:&quot;id&quot;,&quot;value&quot;:null},{&quot;name&quot;:&quot;members_to_notify&quot;,&quot;value&quot;:null},{&quot;name&quot;:&quot;notify_team_as_member_id&quot;,&quot;value&quot;:null}],&quot;rel&quot;:&quot;send_availability_reminders&quot;,&quot;href&quot;:&quot;https://api.teamsnap.com/v3/events/send_availability_reminders&quot;,&quot;prompt&quot;:&quot;members_to_notify = [member_id, member_id]&quot;},{&quot;data&quot;:[{&quot;name&quot;:&quot;id&quot;,&quot;value&quot;:null},{&quot;name&quot;:&quot;points_for_team&quot;,&quot;value&quot;:null},{&quot;name&quot;:&quot;points_for_opponent&quot;,&quot;value&quot;:null},{&quot;name&quot;:&quot;shootout_points_for_team&quot;,&quot;value&quot;:null},{&quot;name&quot;:&quot;shootout_points_for_opponent&quot;,&quot;value&quot;:null},{&quot;name&quot;:&quot;is_overtime&quot;,&quot;value&quot;:null},{&quot;name&quot;:&quot;is_shootout&quot;,&quot;value&quot;:null},{&quot;name&quot;:&quot;results&quot;,&quot;value&quot;:null},{&quot;name&quot;:&quot;results_url&quot;,&quot;value&quot;:null}],&quot;rel&quot;:&quot;update_final_score&quot;,&quot;href&quot;:&quot;https://api.teamsnap.com/v3/events/update_final_score&quot;,&quot;prompt&quot;:&quot;Update the final score for an event&quot;},{&quot;data&quot;:[{&quot;name&quot;:&quot;templates&quot;,&quot;value&quot;:null},{&quot;name&quot;:&quot;team_id&quot;,&quot;value&quot;:null},{&quot;name&quot;:&quot;notify_team_as_member_id&quot;,&quot;value&quot;:null},{&quot;name&quot;:&quot;notify_team&quot;,&quot;value&quot;:null}],&quot;rel&quot;:&quot;bulk_create&quot;,&quot;href&quot;:&quot;https://api.teamsnap.com/v3/events/bulk_create&quot;,&quot;prompt&quot;:&quot;event_ids = [event_id, event_id]&quot;}]}}
Aug 05, 2017 6:33:26 PM teamsnap.apiClient.Query execute
INFO: {&quot;collection&quot;:{&quot;template&quot;:{&quot;data&quot;:[{&quot;name&quot;:&quot;type&quot;,&quot;value&quot;:&quot;event&quot;},{&quot;name&quot;:&quot;additional_location_details&quot;,&quot;value&quot;:null},{&quot;name&quot;:&quot;browser_time_zone&quot;,&quot;value&quot;:null},{&quot;name&quot;:&quot;division_location_id&quot;,&quot;value&quot;:null},{&quot;name&quot;:&quot;doesnt_count_towards_record&quot;,&quot;value&quot;:null},{&quot;name&quot;:&quot;duration_in_minutes&quot;,&quot;value&quot;:null},{&quot;name&quot;:&quot;game_type_code&quot;,&quot;value&quot;:null},{&quot;name&quot;:&quot;icon_color&quot;,&quot;value&quot;:null},{&quot;name&quot;:&quot;is_canceled&quot;,&quot;value&quot;:null},{&quot;name&quot;:&quot;is_game&quot;,&quot;value&quot;:null},{&quot;name&quot;:&quot;is_overtime&quot;,&quot;value&quot;:null},{&quot;name&quot;:&quot;is_shootout&quot;,&quot;value&quot;:null},{&quot;name&quot;:&quot;is_tbd&quot;,&quot;value&quot;:null},{&quot;name&quot;:&quot;label&quot;,&quot;value&quot;:null},{&quot;name&quot;:&quot;location_id&quot;,&quot;value&quot;:null},{&quot;name&quot;:&quot;minutes_to_arrive_early&quot;,&quot;value&quot;:null},{&quot;name&quot;:&quot;name&quot;,&quot;value&quot;:null},{&quot;name&quot;:&quot;notes&quot;,&quot;value&quot;:null},{&quot;name&quot;:&quot;notify_opponent&quot;,&quot;value&quot;:null},{&quot;name&quot;:&quot;notify_opponent_contacts_email&quot;,&quot;value&quot;:null},{&quot;name&quot;:&quot;notify_opponent_contacts_name&quot;,&quot;value&quot;:null},{&quot;name&quot;:&quot;notify_opponent_notes&quot;,&quot;value&quot;:null},{&quot;name&quot;:&quot;notify_team&quot;,&quot;value&quot;:null},{&quot;name&quot;:&quot;notify_team_as_member_id&quot;,&quot;value&quot;:null},{&quot;name&quot;:&quot;opponent_id&quot;,&quot;value&quot;:null},{&quot;name&quot;:&quot;points_for_opponent&quot;,&quot;value&quot;:null},{&quot;name&quot;:&quot;points_for_team&quot;,&quot;value&quot;:null},{&quot;name&quot;:&quot;repeating_include&quot;,&quot;value&quot;:null,&quot;prompt&quot;:&quot;When updating a repeating event, this is a required field. Values are: \&quot;all\&quot; - updates all events in this series, \&quot;future\&quot; - updates this event and all that occur after, \&quot;none\&quot; - only updates a single event.&quot;},{&quot;name&quot;:&quot;repeating_type_code&quot;,&quot;value&quot;:null,&quot;prompt&quot;:&quot;A code for the frequency of the repeated event, this is required with the \&quot;repeating_include\&quot; attribute when creating a repeating event. Valid values are: \&quot;1\&quot; - repeat an event daily, \&quot;2\&quot; - repeat an event weekly.&quot;},{&quot;name&quot;:&quot;repeating_until&quot;,&quot;value&quot;:null,&quot;prompt&quot;:&quot;A date when the repeating event should end, this is inclusive so an event will be created on this day if it falls before the next event specified by \&quot;repeating_type_code\&quot;. This attribute is required with \&quot;repeating_type_code\&quot; when creating a repeating event.&quot;},{&quot;name&quot;:&quot;results&quot;,&quot;value&quot;:null},{&quot;name&quot;:&quot;results_url&quot;,&quot;value&quot;:null},{&quot;name&quot;:&quot;shootout_points_for_opponent&quot;,&quot;value&quot;:null},{&quot;name&quot;:&quot;shootout_points_for_team&quot;,&quot;value&quot;:null},{&quot;name&quot;:&quot;start_date&quot;,&quot;value&quot;:null},{&quot;name&quot;:&quot;team_id&quot;,&quot;value&quot;:null},{&quot;name&quot;:&quot;time_zone&quot;,&quot;value&quot;:null},{&quot;name&quot;:&quot;tracks_availability&quot;,&quot;value&quot;:null},{&quot;name&quot;:&quot;uniform&quot;,&quot;value&quot;:null}]},&quot;rel&quot;:&quot;events&quot;,&quot;links&quot;:[{&quot;rel&quot;:&quot;assignments&quot;,&quot;href&quot;:&quot;https://api.teamsnap.com/v3/assignments&quot;},{&quot;rel&quot;:&quot;availabilities&quot;,&quot;href&quot;:&quot;https://api.teamsnap.com/v3/availabilities&quot;},{&quot;rel&quot;:&quot;division_location&quot;,&quot;href&quot;:&quot;https://api.teamsnap.com/v3/division_locations&quot;},{&quot;rel&quot;:&quot;event_statistics&quot;,&quot;href&quot;:&quot;https://api.teamsnap.com/v3/event_statistics&quot;},{&quot;rel&quot;:&quot;location&quot;,&quot;href&quot;:&quot;https://api.teamsnap.com/v3/locations&quot;},{&quot;rel&quot;:&quot;opponent&quot;,&quot;href&quot;:&quot;https://api.teamsnap.com/v3/opponents&quot;},{&quot;rel&quot;:&quot;statistic_data&quot;,&quot;href&quot;:&quot;https://api.teamsnap.com/v3/statistic_data&quot;},{&quot;rel&quot;:&quot;team&quot;,&quot;href&quot;:&quot;https://api.teamsnap.com/v3/teams&quot;},{&quot;rel&quot;:&quot;root&quot;,&quot;href&quot;:&quot;https://api.teamsnap.com/v3/&quot;},{&quot;rel&quot;:&quot;self&quot;,&quot;href&quot;:&quot;https://api.teamsnap.com/v3/events/search?team_id=3250042&quot;}],&quot;href&quot;:&quot;https://api.teamsnap.com/v3/events&quot;,&quot;version&quot;:&quot;3.518.0&quot;,&quot;queries&quot;:[{&quot;data&quot;:[{&quot;name&quot;:&quot;team_id&quot;,&quot;value&quot;:null},{&quot;name&quot;:&quot;location_id&quot;,&quot;value&quot;:null},{&quot;name&quot;:&quot;opponent_id&quot;,&quot;value&quot;:null},{&quot;name&quot;:&quot;started_after&quot;,&quot;value&quot;:null},{&quot;name&quot;:&quot;started_before&quot;,&quot;value&quot;:null},{&quot;name&quot;:&quot;repeating_uuid&quot;,&quot;value&quot;:null},{&quot;name&quot;:&quot;id&quot;,&quot;value&quot;:null},{&quot;name&quot;:&quot;is_game&quot;,&quot;value&quot;:null},{&quot;name&quot;:&quot;updated_since&quot;,&quot;value&quot;:null},{&quot;name&quot;:&quot;page_size&quot;,&quot;value&quot;:null,&quot;prompt&quot;:&quot;The number of items to return for each page. Sending this parameter with the query will enable paging for the returned collection.&quot;},{&quot;name&quot;:&quot;page_number&quot;,&quot;value&quot;:null,&quot;prompt&quot;:&quot;The number of the page to be returned. This requires that paging be turned on by also providing the page_size parameter.&quot;},{&quot;name&quot;:&quot;sort_start_date&quot;,&quot;value&quot;:null,&quot;prompt&quot;:&quot;Sort the returned dataset based on the start_date field, valid values are &apos;asc&apos; or &apos;desc&apos;.&quot;}],&quot;rel&quot;:&quot;search&quot;,&quot;sort&quot;:[&quot;start_date&quot;],&quot;href&quot;:&quot;https://api.teamsnap.com/v3/events/search&quot;},{&quot;data&quot;:[{&quot;name&quot;:&quot;team_id&quot;,&quot;value&quot;:null},{&quot;name&quot;:&quot;page_size&quot;,&quot;value&quot;:null,&quot;prompt&quot;:&quot;The number of items to return for each page. Sending this parameter with the query will enable paging for the returned collection.&quot;},{&quot;name&quot;:&quot;page_number&quot;,&quot;value&quot;:null,&quot;prompt&quot;:&quot;The number of the page to be returned. This requires that paging be turned on by also providing the page_size parameter.&quot;}],&quot;rel&quot;:&quot;search_games&quot;,&quot;href&quot;:&quot;https://api.teamsnap.com/v3/events/search_games&quot;},{&quot;data&quot;:[{&quot;name&quot;:&quot;team_id&quot;,&quot;value&quot;:null}],&quot;rel&quot;:&quot;overview&quot;,&quot;href&quot;:&quot;https://api.teamsnap.com/v3/events/overview&quot;}],&quot;commands&quot;:[{&quot;data&quot;:[{&quot;name&quot;:&quot;id&quot;,&quot;value&quot;:null},{&quot;name&quot;:&quot;members_to_notify&quot;,&quot;value&quot;:null},{&quot;name&quot;:&quot;notify_team_as_member_id&quot;,&quot;value&quot;:null}],&quot;rel&quot;:&quot;send_availability_reminders&quot;,&quot;href&quot;:&quot;https://api.teamsnap.com/v3/events/send_availability_reminders&quot;,&quot;prompt&quot;:&quot;members_to_notify = [member_id, member_id]&quot;},{&quot;data&quot;:[{&quot;name&quot;:&quot;id&quot;,&quot;value&quot;:null},{&quot;name&quot;:&quot;points_for_team&quot;,&quot;value&quot;:null},{&quot;name&quot;:&quot;points_for_opponent&quot;,&quot;value&quot;:null},{&quot;name&quot;:&quot;shootout_points_for_team&quot;,&quot;value&quot;:null},{&quot;name&quot;:&quot;shootout_points_for_opponent&quot;,&quot;value&quot;:null},{&quot;name&quot;:&quot;is_overtime&quot;,&quot;value&quot;:null},{&quot;name&quot;:&quot;is_shootout&quot;,&quot;value&quot;:null},{&quot;name&quot;:&quot;results&quot;,&quot;value&quot;:null},{&quot;name&quot;:&quot;results_url&quot;,&quot;value&quot;:null}],&quot;rel&quot;:&quot;update_final_score&quot;,&quot;href&quot;:&quot;https://api.teamsnap.com/v3/events/update_final_score&quot;,&quot;prompt&quot;:&quot;Update the final score for an event&quot;},{&quot;data&quot;:[{&quot;name&quot;:&quot;templates&quot;,&quot;value&quot;:null},{&quot;name&quot;:&quot;team_id&quot;,&quot;value&quot;:null},{&quot;name&quot;:&quot;notify_team_as_member_id&quot;,&quot;value&quot;:null},{&quot;name&quot;:&quot;notify_team&quot;,&quot;value&quot;:null}],&quot;rel&quot;:&quot;bulk_create&quot;,&quot;href&quot;:&quot;https://api.teamsnap.com/v3/events/bulk_create&quot;,&quot;prompt&quot;:&quot;event_ids = [event_id, event_id]&quot;}]}}
Aug 05, 2017 6:33:26 PM teamsnap.apiClient.Query execute
INFO: {&quot;collection&quot;:{&quot;template&quot;:{&quot;data&quot;:[{&quot;name&quot;:&quot;type&quot;,&quot;value&quot;:&quot;event&quot;},{&quot;name&quot;:&quot;additional_location_details&quot;,&quot;value&quot;:null},{&quot;name&quot;:&quot;browser_time_zone&quot;,&quot;value&quot;:null},{&quot;name&quot;:&quot;division_location_id&quot;,&quot;value&quot;:null},{&quot;name&quot;:&quot;doesnt_count_towards_record&quot;,&quot;value&quot;:null},{&quot;name&quot;:&quot;duration_in_minutes&quot;,&quot;value&quot;:null},{&quot;name&quot;:&quot;game_type_code&quot;,&quot;value&quot;:null},{&quot;name&quot;:&quot;icon_color&quot;,&quot;value&quot;:null},{&quot;name&quot;:&quot;is_canceled&quot;,&quot;value&quot;:null},{&quot;name&quot;:&quot;is_game&quot;,&quot;value&quot;:null},{&quot;name&quot;:&quot;is_overtime&quot;,&quot;value&quot;:null},{&quot;name&quot;:&quot;is_shootout&quot;,&quot;value&quot;:null},{&quot;name&quot;:&quot;is_tbd&quot;,&quot;value&quot;:null},{&quot;name&quot;:&quot;label&quot;,&quot;value&quot;:null},{&quot;name&quot;:&quot;location_id&quot;,&quot;value&quot;:null},{&quot;name&quot;:&quot;minutes_to_arrive_early&quot;,&quot;value&quot;:null},{&quot;name&quot;:&quot;name&quot;,&quot;value&quot;:null},{&quot;name&quot;:&quot;notes&quot;,&quot;value&quot;:null},{&quot;name&quot;:&quot;notify_opponent&quot;,&quot;value&quot;:null},{&quot;name&quot;:&quot;notify_opponent_contacts_email&quot;,&quot;value&quot;:null},{&quot;name&quot;:&quot;notify_opponent_contacts_name&quot;,&quot;value&quot;:null},{&quot;name&quot;:&quot;notify_opponent_notes&quot;,&quot;value&quot;:null},{&quot;name&quot;:&quot;notify_team&quot;,&quot;value&quot;:null},{&quot;name&quot;:&quot;notify_team_as_member_id&quot;,&quot;value&quot;:null},{&quot;name&quot;:&quot;opponent_id&quot;,&quot;value&quot;:null},{&quot;name&quot;:&quot;points_for_opponent&quot;,&quot;value&quot;:null},{&quot;name&quot;:&quot;points_for_team&quot;,&quot;value&quot;:null},{&quot;name&quot;:&quot;repeating_include&quot;,&quot;value&quot;:null,&quot;prompt&quot;:&quot;When updating a repeating event, this is a required field. Values are: \&quot;all\&quot; - updates all events in this series, \&quot;future\&quot; - updates this event and all that occur after, \&quot;none\&quot; - only updates a single event.&quot;},{&quot;name&quot;:&quot;repeating_type_code&quot;,&quot;value&quot;:null,&quot;prompt&quot;:&quot;A code for the frequency of the repeated event, this is required with the \&quot;repeating_include\&quot; attribute when creating a repeating event. Valid values are: \&quot;1\&quot; - repeat an event daily, \&quot;2\&quot; - repeat an event weekly.&quot;},{&quot;name&quot;:&quot;repeating_until&quot;,&quot;value&quot;:null,&quot;prompt&quot;:&quot;A date when the repeating event should end, this is inclusive so an event will be created on this day if it falls before the next event specified by \&quot;repeating_type_code\&quot;. This attribute is required with \&quot;repeating_type_code\&quot; when creating a repeating event.&quot;},{&quot;name&quot;:&quot;results&quot;,&quot;value&quot;:null},{&quot;name&quot;:&quot;results_url&quot;,&quot;value&quot;:null},{&quot;name&quot;:&quot;shootout_points_for_opponent&quot;,&quot;value&quot;:null},{&quot;name&quot;:&quot;shootout_points_for_team&quot;,&quot;value&quot;:null},{&quot;name&quot;:&quot;start_date&quot;,&quot;value&quot;:null},{&quot;name&quot;:&quot;team_id&quot;,&quot;value&quot;:null},{&quot;name&quot;:&quot;time_zone&quot;,&quot;value&quot;:null},{&quot;name&quot;:&quot;tracks_availability&quot;,&quot;value&quot;:null},{&quot;name&quot;:&quot;uniform&quot;,&quot;value&quot;:null}]},&quot;rel&quot;:&quot;events&quot;,&quot;links&quot;:[{&quot;rel&quot;:&quot;assignments&quot;,&quot;href&quot;:&quot;https://api.teamsnap.com/v3/assignments&quot;},{&quot;rel&quot;:&quot;availabilities&quot;,&quot;href&quot;:&quot;https://api.teamsnap.com/v3/availabilities&quot;},{&quot;rel&quot;:&quot;division_location&quot;,&quot;href&quot;:&quot;https://api.teamsnap.com/v3/division_locations&quot;},{&quot;rel&quot;:&quot;event_statistics&quot;,&quot;href&quot;:&quot;https://api.teamsnap.com/v3/event_statistics&quot;},{&quot;rel&quot;:&quot;location&quot;,&quot;href&quot;:&quot;https://api.teamsnap.com/v3/locations&quot;},{&quot;rel&quot;:&quot;opponent&quot;,&quot;href&quot;:&quot;https://api.teamsnap.com/v3/opponents&quot;},{&quot;rel&quot;:&quot;statistic_data&quot;,&quot;href&quot;:&quot;https://api.teamsnap.com/v3/statistic_data&quot;},{&quot;rel&quot;:&quot;team&quot;,&quot;href&quot;:&quot;https://api.teamsnap.com/v3/teams&quot;},{&quot;rel&quot;:&quot;root&quot;,&quot;href&quot;:&quot;https://api.teamsnap.com/v3/&quot;},{&quot;rel&quot;:&quot;self&quot;,&quot;href&quot;:&quot;https://api.teamsnap.com/v3/events/search?team_id=3250044&quot;}],&quot;href&quot;:&quot;https://api.teamsnap.com/v3/events&quot;,&quot;version&quot;:&quot;3.518.0&quot;,&quot;queries&quot;:[{&quot;data&quot;:[{&quot;name&quot;:&quot;team_id&quot;,&quot;value&quot;:null},{&quot;name&quot;:&quot;location_id&quot;,&quot;value&quot;:null},{&quot;name&quot;:&quot;opponent_id&quot;,&quot;value&quot;:null},{&quot;name&quot;:&quot;started_after&quot;,&quot;value&quot;:null},{&quot;name&quot;:&quot;started_before&quot;,&quot;value&quot;:null},{&quot;name&quot;:&quot;repeating_uuid&quot;,&quot;value&quot;:null},{&quot;name&quot;:&quot;id&quot;,&quot;value&quot;:null},{&quot;name&quot;:&quot;is_game&quot;,&quot;value&quot;:null},{&quot;name&quot;:&quot;updated_since&quot;,&quot;value&quot;:null},{&quot;name&quot;:&quot;page_size&quot;,&quot;value&quot;:null,&quot;prompt&quot;:&quot;The number of items to return for each page. Sending this parameter with the query will enable paging for the returned collection.&quot;},{&quot;name&quot;:&quot;page_number&quot;,&quot;value&quot;:null,&quot;prompt&quot;:&quot;The number of the page to be returned. This requires that paging be turned on by also providing the page_size parameter.&quot;},{&quot;name&quot;:&quot;sort_start_date&quot;,&quot;value&quot;:null,&quot;prompt&quot;:&quot;Sort the returned dataset based on the start_date field, valid values are &apos;asc&apos; or &apos;desc&apos;.&quot;}],&quot;rel&quot;:&quot;search&quot;,&quot;sort&quot;:[&quot;start_date&quot;],&quot;href&quot;:&quot;https://api.teamsnap.com/v3/events/search&quot;},{&quot;data&quot;:[{&quot;name&quot;:&quot;team_id&quot;,&quot;value&quot;:null},{&quot;name&quot;:&quot;page_size&quot;,&quot;value&quot;:null,&quot;prompt&quot;:&quot;The number of items to return for each page. Sending this parameter with the query will enable paging for the returned collection.&quot;},{&quot;name&quot;:&quot;page_number&quot;,&quot;value&quot;:null,&quot;prompt&quot;:&quot;The number of the page to be returned. This requires that paging be turned on by also providing the page_size parameter.&quot;}],&quot;rel&quot;:&quot;search_games&quot;,&quot;href&quot;:&quot;https://api.teamsnap.com/v3/events/search_games&quot;},{&quot;data&quot;:[{&quot;name&quot;:&quot;team_id&quot;,&quot;value&quot;:null}],&quot;rel&quot;:&quot;overview&quot;,&quot;href&quot;:&quot;https://api.teamsnap.com/v3/events/overview&quot;}],&quot;commands&quot;:[{&quot;data&quot;:[{&quot;name&quot;:&quot;id&quot;,&quot;value&quot;:null},{&quot;name&quot;:&quot;members_to_notify&quot;,&quot;value&quot;:null},{&quot;name&quot;:&quot;notify_team_as_member_id&quot;,&quot;value&quot;:null}],&quot;rel&quot;:&quot;send_availability_reminders&quot;,&quot;href&quot;:&quot;https://api.teamsnap.com/v3/events/send_availability_reminders&quot;,&quot;prompt&quot;:&quot;members_to_notify = [member_id, member_id]&quot;},{&quot;data&quot;:[{&quot;name&quot;:&quot;id&quot;,&quot;value&quot;:null},{&quot;name&quot;:&quot;points_for_team&quot;,&quot;value&quot;:null},{&quot;name&quot;:&quot;points_for_opponent&quot;,&quot;value&quot;:null},{&quot;name&quot;:&quot;shootout_points_for_team&quot;,&quot;value&quot;:null},{&quot;name&quot;:&quot;shootout_points_for_opponent&quot;,&quot;value&quot;:null},{&quot;name&quot;:&quot;is_overtime&quot;,&quot;value&quot;:null},{&quot;name&quot;:&quot;is_shootout&quot;,&quot;value&quot;:null},{&quot;name&quot;:&quot;results&quot;,&quot;value&quot;:null},{&quot;name&quot;:&quot;results_url&quot;,&quot;value&quot;:null}],&quot;rel&quot;:&quot;update_final_score&quot;,&quot;href&quot;:&quot;https://api.teamsnap.com/v3/events/update_final_score&quot;,&quot;prompt&quot;:&quot;Update the final score for an event&quot;},{&quot;data&quot;:[{&quot;name&quot;:&quot;templates&quot;,&quot;value&quot;:null},{&quot;name&quot;:&quot;team_id&quot;,&quot;value&quot;:null},{&quot;name&quot;:&quot;notify_team_as_member_id&quot;,&quot;value&quot;:null},{&quot;name&quot;:&quot;notify_team&quot;,&quot;value&quot;:null}],&quot;rel&quot;:&quot;bulk_create&quot;,&quot;href&quot;:&quot;https://api.teamsnap.com/v3/events/bulk_create&quot;,&quot;prompt&quot;:&quot;event_ids = [event_id, event_id]&quot;}]}}
Aug 05, 2017 6:33:26 PM teamsnap.apiClient.Query execute
INFO: {&quot;collection&quot;:{&quot;template&quot;:{&quot;data&quot;:[{&quot;name&quot;:&quot;type&quot;,&quot;value&quot;:&quot;event&quot;},{&quot;name&quot;:&quot;additional_location_details&quot;,&quot;value&quot;:null},{&quot;name&quot;:&quot;browser_time_zone&quot;,&quot;value&quot;:null},{&quot;name&quot;:&quot;division_location_id&quot;,&quot;value&quot;:null},{&quot;name&quot;:&quot;doesnt_count_towards_record&quot;,&quot;value&quot;:null},{&quot;name&quot;:&quot;duration_in_minutes&quot;,&quot;value&quot;:null},{&quot;name&quot;:&quot;game_type_code&quot;,&quot;value&quot;:null},{&quot;name&quot;:&quot;icon_color&quot;,&quot;value&quot;:null},{&quot;name&quot;:&quot;is_canceled&quot;,&quot;value&quot;:null},{&quot;name&quot;:&quot;is_game&quot;,&quot;value&quot;:null},{&quot;name&quot;:&quot;is_overtime&quot;,&quot;value&quot;:null},{&quot;name&quot;:&quot;is_shootout&quot;,&quot;value&quot;:null},{&quot;name&quot;:&quot;is_tbd&quot;,&quot;value&quot;:null},{&quot;name&quot;:&quot;label&quot;,&quot;value&quot;:null},{&quot;name&quot;:&quot;location_id&quot;,&quot;value&quot;:null},{&quot;name&quot;:&quot;minutes_to_arrive_early&quot;,&quot;value&quot;:null},{&quot;name&quot;:&quot;name&quot;,&quot;value&quot;:null},{&quot;name&quot;:&quot;notes&quot;,&quot;value&quot;:null},{&quot;name&quot;:&quot;notify_opponent&quot;,&quot;value&quot;:null},{&quot;name&quot;:&quot;notify_opponent_contacts_email&quot;,&quot;value&quot;:null},{&quot;name&quot;:&quot;notify_opponent_contacts_name&quot;,&quot;value&quot;:null},{&quot;name&quot;:&quot;notify_opponent_notes&quot;,&quot;value&quot;:null},{&quot;name&quot;:&quot;notify_team&quot;,&quot;value&quot;:null},{&quot;name&quot;:&quot;notify_team_as_member_id&quot;,&quot;value&quot;:null},{&quot;name&quot;:&quot;opponent_id&quot;,&quot;value&quot;:null},{&quot;name&quot;:&quot;points_for_opponent&quot;,&quot;value&quot;:null},{&quot;name&quot;:&quot;points_for_team&quot;,&quot;value&quot;:null},{&quot;name&quot;:&quot;repeating_include&quot;,&quot;value&quot;:null,&quot;prompt&quot;:&quot;When updating a repeating event, this is a required field. Values are: \&quot;all\&quot; - updates all events in this series, \&quot;future\&quot; - updates this event and all that occur after, \&quot;none\&quot; - only updates a single event.&quot;},{&quot;name&quot;:&quot;repeating_type_code&quot;,&quot;value&quot;:null,&quot;prompt&quot;:&quot;A code for the frequency of the repeated event, this is required with the \&quot;repeating_include\&quot; attribute when creating a repeating event. Valid values are: \&quot;1\&quot; - repeat an event daily, \&quot;2\&quot; - repeat an event weekly.&quot;},{&quot;name&quot;:&quot;repeating_until&quot;,&quot;value&quot;:null,&quot;prompt&quot;:&quot;A date when the repeating event should end, this is inclusive so an event will be created on this day if it falls before the next event specified by \&quot;repeating_type_code\&quot;. This attribute is required with \&quot;repeating_type_code\&quot; when creating a repeating event.&quot;},{&quot;name&quot;:&quot;results&quot;,&quot;value&quot;:null},{&quot;name&quot;:&quot;results_url&quot;,&quot;value&quot;:null},{&quot;name&quot;:&quot;shootout_points_for_opponent&quot;,&quot;value&quot;:null},{&quot;name&quot;:&quot;shootout_points_for_team&quot;,&quot;value&quot;:null},{&quot;name&quot;:&quot;start_date&quot;,&quot;value&quot;:null},{&quot;name&quot;:&quot;team_id&quot;,&quot;value&quot;:null},{&quot;name&quot;:&quot;time_zone&quot;,&quot;value&quot;:null},{&quot;name&quot;:&quot;tracks_availability&quot;,&quot;value&quot;:null},{&quot;name&quot;:&quot;uniform&quot;,&quot;value&quot;:null}]},&quot;rel&quot;:&quot;events&quot;,&quot;links&quot;:[{&quot;rel&quot;:&quot;assignments&quot;,&quot;href&quot;:&quot;https://api.teamsnap.com/v3/assignments&quot;},{&quot;rel&quot;:&quot;availabilities&quot;,&quot;href&quot;:&quot;https://api.teamsnap.com/v3/availabilities&quot;},{&quot;rel&quot;:&quot;division_location&quot;,&quot;href&quot;:&quot;https://api.teamsnap.com/v3/division_locations&quot;},{&quot;rel&quot;:&quot;event_statistics&quot;,&quot;href&quot;:&quot;https://api.teamsnap.com/v3/event_statistics&quot;},{&quot;rel&quot;:&quot;location&quot;,&quot;href&quot;:&quot;https://api.teamsnap.com/v3/locations&quot;},{&quot;rel&quot;:&quot;opponent&quot;,&quot;href&quot;:&quot;https://api.teamsnap.com/v3/opponents&quot;},{&quot;rel&quot;:&quot;statistic_data&quot;,&quot;href&quot;:&quot;https://api.teamsnap.com/v3/statistic_data&quot;},{&quot;rel&quot;:&quot;team&quot;,&quot;href&quot;:&quot;https://api.teamsnap.com/v3/teams&quot;},{&quot;rel&quot;:&quot;root&quot;,&quot;href&quot;:&quot;https://api.teamsnap.com/v3/&quot;},{&quot;rel&quot;:&quot;self&quot;,&quot;href&quot;:&quot;https://api.teamsnap.com/v3/events/search?team_id=3250047&quot;}],&quot;href&quot;:&quot;https://api.teamsnap.com/v3/events&quot;,&quot;version&quot;:&quot;3.518.0&quot;,&quot;queries&quot;:[{&quot;data&quot;:[{&quot;name&quot;:&quot;team_id&quot;,&quot;value&quot;:null},{&quot;name&quot;:&quot;location_id&quot;,&quot;value&quot;:null},{&quot;name&quot;:&quot;opponent_id&quot;,&quot;value&quot;:null},{&quot;name&quot;:&quot;started_after&quot;,&quot;value&quot;:null},{&quot;name&quot;:&quot;started_before&quot;,&quot;value&quot;:null},{&quot;name&quot;:&quot;repeating_uuid&quot;,&quot;value&quot;:null},{&quot;name&quot;:&quot;id&quot;,&quot;value&quot;:null},{&quot;name&quot;:&quot;is_game&quot;,&quot;value&quot;:null},{&quot;name&quot;:&quot;updated_since&quot;,&quot;value&quot;:null},{&quot;name&quot;:&quot;page_size&quot;,&quot;value&quot;:null,&quot;prompt&quot;:&quot;The number of items to return for each page. Sending this parameter with the query will enable paging for the returned collection.&quot;},{&quot;name&quot;:&quot;page_number&quot;,&quot;value&quot;:null,&quot;prompt&quot;:&quot;The number of the page to be returned. This requires that paging be turned on by also providing the page_size parameter.&quot;},{&quot;name&quot;:&quot;sort_start_date&quot;,&quot;value&quot;:null,&quot;prompt&quot;:&quot;Sort the returned dataset based on the start_date field, valid values are &apos;asc&apos; or &apos;desc&apos;.&quot;}],&quot;rel&quot;:&quot;search&quot;,&quot;sort&quot;:[&quot;start_date&quot;],&quot;href&quot;:&quot;https://api.teamsnap.com/v3/events/search&quot;},{&quot;data&quot;:[{&quot;name&quot;:&quot;team_id&quot;,&quot;value&quot;:null},{&quot;name&quot;:&quot;page_size&quot;,&quot;value&quot;:null,&quot;prompt&quot;:&quot;The number of items to return for each page. Sending this parameter with the query will enable paging for the returned collection.&quot;},{&quot;name&quot;:&quot;page_number&quot;,&quot;value&quot;:null,&quot;prompt&quot;:&quot;The number of the page to be returned. This requires that paging be turned on by also providing the page_size parameter.&quot;}],&quot;rel&quot;:&quot;search_games&quot;,&quot;href&quot;:&quot;https://api.teamsnap.com/v3/events/search_games&quot;},{&quot;data&quot;:[{&quot;name&quot;:&quot;team_id&quot;,&quot;value&quot;:null}],&quot;rel&quot;:&quot;overview&quot;,&quot;href&quot;:&quot;https://api.teamsnap.com/v3/events/overview&quot;}],&quot;commands&quot;:[{&quot;data&quot;:[{&quot;name&quot;:&quot;id&quot;,&quot;value&quot;:null},{&quot;name&quot;:&quot;members_to_notify&quot;,&quot;value&quot;:null},{&quot;name&quot;:&quot;notify_team_as_member_id&quot;,&quot;value&quot;:null}],&quot;rel&quot;:&quot;send_availability_reminders&quot;,&quot;href&quot;:&quot;https://api.teamsnap.com/v3/events/send_availability_reminders&quot;,&quot;prompt&quot;:&quot;members_to_notify = [member_id, member_id]&quot;},{&quot;data&quot;:[{&quot;name&quot;:&quot;id&quot;,&quot;value&quot;:null},{&quot;name&quot;:&quot;points_for_team&quot;,&quot;value&quot;:null},{&quot;name&quot;:&quot;points_for_opponent&quot;,&quot;value&quot;:null},{&quot;name&quot;:&quot;shootout_points_for_team&quot;,&quot;value&quot;:null},{&quot;name&quot;:&quot;shootout_points_for_opponent&quot;,&quot;value&quot;:null},{&quot;name&quot;:&quot;is_overtime&quot;,&quot;value&quot;:null},{&quot;name&quot;:&quot;is_shootout&quot;,&quot;value&quot;:null},{&quot;name&quot;:&quot;results&quot;,&quot;value&quot;:null},{&quot;name&quot;:&quot;results_url&quot;,&quot;value&quot;:null}],&quot;rel&quot;:&quot;update_final_score&quot;,&quot;href&quot;:&quot;https://api.teamsnap.com/v3/events/update_final_score&quot;,&quot;prompt&quot;:&quot;Update the final score for an event&quot;},{&quot;data&quot;:[{&quot;name&quot;:&quot;templates&quot;,&quot;value&quot;:null},{&quot;name&quot;:&quot;team_id&quot;,&quot;value&quot;:null},{&quot;name&quot;:&quot;notify_team_as_member_id&quot;,&quot;value&quot;:null},{&quot;name&quot;:&quot;notify_team&quot;,&quot;value&quot;:null}],&quot;rel&quot;:&quot;bulk_create&quot;,&quot;href&quot;:&quot;https://api.teamsnap.com/v3/events/bulk_create&quot;,&quot;prompt&quot;:&quot;event_ids = [event_id, event_id]&quot;}]}}
Aug 05, 2017 6:33:26 PM teamsnap.apiClient.Query execute
INFO: {&quot;collection&quot;:{&quot;template&quot;:{&quot;data&quot;:[{&quot;name&quot;:&quot;event_type&quot;,&quot;value&quot;:&quot;event&quot;},{&quot;name&quot;:&quot;duration_in_minutes&quot;,&quot;value&quot;:null},{&quot;name&quot;:&quot;duration_in_hours&quot;,&quot;value&quot;:null},{&quot;name&quot;:&quot;icon_color&quot;,&quot;value&quot;:null},{&quot;name&quot;:&quot;is_canceled&quot;,&quot;value&quot;:null},{&quot;name&quot;:&quot;is_tbd&quot;,&quot;value&quot;:null},{&quot;name&quot;:&quot;label&quot;,&quot;value&quot;:null},{&quot;name&quot;:&quot;location_id&quot;,&quot;value&quot;:null},{&quot;name&quot;:&quot;additional_location_details&quot;,&quot;value&quot;:null},{&quot;name&quot;:&quot;minutes_to_arrive_early&quot;,&quot;value&quot;:null},{&quot;name&quot;:&quot;name&quot;,&quot;value&quot;:null},{&quot;name&quot;:&quot;notes&quot;,&quot;value&quot;:null},{&quot;name&quot;:&quot;notify_team&quot;,&quot;value&quot;:null},{&quot;name&quot;:&quot;notify_team_as_member_id&quot;,&quot;value&quot;:null},{&quot;name&quot;:&quot;opponent_id&quot;,&quot;value&quot;:null},{&quot;name&quot;:&quot;start_date&quot;,&quot;value&quot;:null},{&quot;name&quot;:&quot;team_id&quot;,&quot;value&quot;:null},{&quot;name&quot;:&quot;division_id&quot;,&quot;value&quot;:null},{&quot;name&quot;:&quot;time_zone&quot;,&quot;value&quot;:null},{&quot;name&quot;:&quot;game_type_code&quot;,&quot;value&quot;:null},{&quot;name&quot;:&quot;doesnt_count_towards_record&quot;,&quot;value&quot;:null},{&quot;name&quot;:&quot;is_editing_restricted&quot;,&quot;value&quot;:null,&quot;prompt&quot;:&quot;This is an optional boolean value. When set to `true`, the created event will only be editable by the oauth application that created the event. This option is restricted to first-party applicaitons&quot;}]},&quot;rel&quot;:&quot;division_events&quot;,&quot;links&quot;:[{&quot;rel&quot;:&quot;assignments&quot;,&quot;href&quot;:&quot;https://api.teamsnap.com/v3/assignments&quot;},{&quot;rel&quot;:&quot;availabilities&quot;,&quot;href&quot;:&quot;https://api.teamsnap.com/v3/availabilities&quot;},{&quot;rel&quot;:&quot;division_event_import&quot;,&quot;href&quot;:&quot;https://api.teamsnap.com/v3/division_events_imports&quot;},{&quot;rel&quot;:&quot;division_location&quot;,&quot;href&quot;:&quot;https://api.teamsnap.com/v3/division_locations&quot;},{&quot;rel&quot;:&quot;event_statistics&quot;,&quot;href&quot;:&quot;https://api.teamsnap.com/v3/event_statistics&quot;},{&quot;rel&quot;:&quot;location&quot;,&quot;href&quot;:&quot;https://api.teamsnap.com/v3/locations&quot;},{&quot;rel&quot;:&quot;opponent&quot;,&quot;href&quot;:&quot;https://api.teamsnap.com/v3/opponents&quot;},{&quot;rel&quot;:&quot;statistic_data&quot;,&quot;href&quot;:&quot;https://api.teamsnap.com/v3/statistic_data&quot;},{&quot;rel&quot;:&quot;team&quot;,&quot;href&quot;:&quot;https://api.teamsnap.com/v3/teams&quot;},{&quot;rel&quot;:&quot;root&quot;,&quot;href&quot;:&quot;https://api.teamsnap.com/v3/&quot;},{&quot;rel&quot;:&quot;self&quot;,&quot;href&quot;:&quot;https://api.teamsnap.com/v3/division_events/search?division_id=219324&quot;}],&quot;href&quot;:&quot;https://api.teamsnap.com/v3/division_events&quot;,&quot;version&quot;:&quot;3.518.0&quot;,&quot;prompt&quot;:&quot;BETA: (This endpoint subject to change) Returns a collection associated with a division&apos;s events&quot;,&quot;queries&quot;:[{&quot;data&quot;:[{&quot;name&quot;:&quot;division_id&quot;,&quot;value&quot;:null},{&quot;name&quot;:&quot;id&quot;,&quot;value&quot;:null},{&quot;name&quot;:&quot;division_event_import_id&quot;,&quot;value&quot;:null},{&quot;name&quot;:&quot;division_location_id&quot;,&quot;value&quot;:null},{&quot;name&quot;:&quot;started_after&quot;,&quot;value&quot;:null},{&quot;name&quot;:&quot;is_game&quot;,&quot;value&quot;:null},{&quot;name&quot;:&quot;repeating_uuid&quot;,&quot;value&quot;:null},{&quot;name&quot;:&quot;page_size&quot;,&quot;value&quot;:null,&quot;prompt&quot;:&quot;The number of items to return for each page. Sending this parameter with the query will enable paging for the returned collection.&quot;},{&quot;name&quot;:&quot;page_number&quot;,&quot;value&quot;:null,&quot;prompt&quot;:&quot;The number of the page to be returned. This requires that paging be turned on by also providing the page_size parameter.&quot;},{&quot;name&quot;:&quot;sort_start_date&quot;,&quot;value&quot;:null,&quot;prompt&quot;:&quot;Sort the returned dataset based on the start_date field, valid values are &apos;asc&apos; or &apos;desc&apos;.&quot;}],&quot;rel&quot;:&quot;search&quot;,&quot;href&quot;:&quot;https://api.teamsnap.com/v3/division_events/search&quot;,&quot;sort&quot;:[&quot;start_date&quot;]}]}}
Aug 05, 2017 6:33:27 PM teamsnap.apiClient.Query execute
INFO: {&quot;collection&quot;:{&quot;template&quot;:{&quot;data&quot;:[{&quot;name&quot;:&quot;name&quot;,&quot;value&quot;:null},{&quot;name&quot;:&quot;location_country&quot;,&quot;value&quot;:null},{&quot;name&quot;:&quot;location_postal_code&quot;,&quot;value&quot;:null},{&quot;name&quot;:&quot;time_zone&quot;,&quot;value&quot;:null,&quot;prompt&quot;:&quot;The time_zone parameter is required when creating a team, but for changing a team&apos;s time_zone, use the update_time_zone command&quot;},{&quot;name&quot;:&quot;sport_id&quot;,&quot;value&quot;:null},{&quot;name&quot;:&quot;division_id&quot;,&quot;value&quot;:null},{&quot;name&quot;:&quot;division_name&quot;,&quot;value&quot;:null},{&quot;name&quot;:&quot;season_name&quot;,&quot;value&quot;:null},{&quot;name&quot;:&quot;league_name&quot;,&quot;value&quot;:null},{&quot;name&quot;:&quot;league_url&quot;,&quot;value&quot;:null},{&quot;name&quot;:&quot;owner_first_name&quot;,&quot;value&quot;:null},{&quot;name&quot;:&quot;owner_last_name&quot;,&quot;value&quot;:null},{&quot;name&quot;:&quot;owner_email&quot;,&quot;value&quot;:null},{&quot;name&quot;:&quot;is_ownership_pending&quot;,&quot;value&quot;:null},{&quot;name&quot;:&quot;type&quot;,&quot;value&quot;:&quot;team&quot;}]},&quot;rel&quot;:&quot;teams&quot;,&quot;links&quot;:[{&quot;rel&quot;:&quot;active_season_team&quot;,&quot;href&quot;:&quot;https://api.teamsnap.com/v3/teams&quot;},{&quot;rel&quot;:&quot;assignments&quot;,&quot;href&quot;:&quot;https://api.teamsnap.com/v3/assignments&quot;},{&quot;rel&quot;:&quot;availabilities&quot;,&quot;href&quot;:&quot;https://api.teamsnap.com/v3/availabilities&quot;},{&quot;rel&quot;:&quot;broadcast_email_attachments&quot;,&quot;href&quot;:&quot;https://api.teamsnap.com/v3/broadcast_email_attachments&quot;},{&quot;rel&quot;:&quot;broadcast_emails&quot;,&quot;href&quot;:&quot;https://api.teamsnap.com/v3/broadcast_emails&quot;},{&quot;rel&quot;:&quot;broadcast_alerts&quot;,&quot;href&quot;:&quot;https://api.teamsnap.com/v3/broadcast_alerts&quot;},{&quot;rel&quot;:&quot;commissioners&quot;,&quot;href&quot;:&quot;https://api.teamsnap.com/v3/members&quot;},{&quot;rel&quot;:&quot;contact_email_addresses&quot;,&quot;href&quot;:&quot;https://api.teamsnap.com/v3/contact_email_addresses&quot;},{&quot;rel&quot;:&quot;contact_phone_numbers&quot;,&quot;href&quot;:&quot;https://api.teamsnap.com/v3/contact_phone_numbers&quot;},{&quot;rel&quot;:&quot;contacts&quot;,&quot;href&quot;:&quot;https://api.teamsnap.com/v3/contacts&quot;},{&quot;rel&quot;:&quot;custom_data&quot;,&quot;href&quot;:&quot;https://api.teamsnap.com/v3/custom_data&quot;},{&quot;rel&quot;:&quot;custom_fields&quot;,&quot;href&quot;:&quot;https://api.teamsnap.com/v3/custom_fields&quot;},{&quot;rel&quot;:&quot;division_contact_email_addresses&quot;,&quot;href&quot;:&quot;https://api.teamsnap.com/v3/division_contact_email_addresses&quot;},{&quot;rel&quot;:&quot;division_contact_phone_numbers&quot;,&quot;href&quot;:&quot;https://api.teamsnap.com/v3/division_contact_phone_numbers&quot;},{&quot;rel&quot;:&quot;division_contacts&quot;,&quot;href&quot;:&quot;https://api.teamsnap.com/v3/division_contacts&quot;},{&quot;rel&quot;:&quot;division_locations&quot;,&quot;href&quot;:&quot;https://api.teamsnap.com/v3/division_locations&quot;},{&quot;rel&quot;:&quot;division_member_email_addresses&quot;,&quot;href&quot;:&quot;https://api.teamsnap.com/v3/division_member_email_addresses&quot;},{&quot;rel&quot;:&quot;division_member_phone_numbers&quot;,&quot;href&quot;:&quot;https://api.teamsnap.com/v3/division_member_phone_numbers&quot;},{&quot;rel&quot;:&quot;division_members&quot;,&quot;href&quot;:&quot;https://api.teamsnap.com/v3/division_members&quot;},{&quot;rel&quot;:&quot;division_members_preferences&quot;,&quot;href&quot;:&quot;https://api.teamsnap.com/v3/division_members_preferences&quot;},{&quot;rel&quot;:&quot;division_team_standings&quot;,&quot;href&quot;:&quot;https://api.teamsnap.com/v3/division_team_standings&quot;},{&quot;rel&quot;:&quot;event_statistics&quot;,&quot;href&quot;:&quot;https://api.teamsnap.com/v3/event_statistics&quot;},{&quot;rel&quot;:&quot;events&quot;,&quot;href&quot;:&quot;https://api.teamsnap.com/v3/events&quot;},{&quot;rel&quot;:&quot;events_overview&quot;,&quot;href&quot;:&quot;https://api.teamsnap.com/v3/events/overview&quot;},{&quot;rel&quot;:&quot;forum_posts&quot;,&quot;href&quot;:&quot;https://api.teamsnap.com/v3/forum_posts&quot;},{&quot;rel&quot;:&quot;forum_subscriptions&quot;,&quot;href&quot;:&quot;https://api.teamsnap.com/v3/forum_subscriptions&quot;},{&quot;rel&quot;:&quot;forum_topics&quot;,&quot;href&quot;:&quot;https://api.teamsnap.com/v3/forum_topics&quot;},{&quot;rel&quot;:&quot;league_custom_data&quot;,&quot;href&quot;:&quot;https://api.teamsnap.com/v3/league_custom_data&quot;},{&quot;rel&quot;:&quot;league_custom_fields&quot;,&quot;href&quot;:&quot;https://api.teamsnap.com/v3/league_custom_fields&quot;},{&quot;rel&quot;:&quot;league_registrant_documents&quot;,&quot;href&quot;:&quot;https://api.teamsnap.com/v3/league_registrant_documents&quot;},{&quot;rel&quot;:&quot;locations&quot;,&quot;href&quot;:&quot;https://api.teamsnap.com/v3/locations&quot;},{&quot;rel&quot;:&quot;managers&quot;,&quot;href&quot;:&quot;https://api.teamsnap.com/v3/members&quot;},{&quot;rel&quot;:&quot;member_balances&quot;,&quot;href&quot;:&quot;https://api.teamsnap.com/v3/member_balances&quot;},{&quot;rel&quot;:&quot;member_email_addresses&quot;,&quot;href&quot;:&quot;https://api.teamsnap.com/v3/member_email_addresses&quot;},{&quot;rel&quot;:&quot;member_files&quot;,&quot;href&quot;:&quot;https://api.teamsnap.com/v3/member_files&quot;},{&quot;rel&quot;:&quot;member_links&quot;,&quot;href&quot;:&quot;https://api.teamsnap.com/v3/member_links&quot;},{&quot;rel&quot;:&quot;member_payments&quot;,&quot;href&quot;:&quot;https://api.teamsnap.com/v3/member_payments&quot;},{&quot;rel&quot;:&quot;member_phone_numbers&quot;,&quot;href&quot;:&quot;https://api.teamsnap.com/v3/member_phone_numbers&quot;},{&quot;rel&quot;:&quot;member_photos&quot;,&quot;href&quot;:&quot;https://api.teamsnap.com/v3/member_photos&quot;},{&quot;rel&quot;:&quot;member_statistics&quot;,&quot;href&quot;:&quot;https://api.teamsnap.com/v3/member_statistics&quot;},{&quot;rel&quot;:&quot;members&quot;,&quot;href&quot;:&quot;https://api.teamsnap.com/v3/members&quot;},{&quot;rel&quot;:&quot;members_preferences&quot;,&quot;href&quot;:&quot;https://api.teamsnap.com/v3/members_preferences&quot;},{&quot;rel&quot;:&quot;message_data&quot;,&quot;href&quot;:&quot;https://api.teamsnap.com/v3/message_data&quot;},{&quot;rel&quot;:&quot;messages&quot;,&quot;href&quot;:&quot;https://api.teamsnap.com/v3/messages&quot;},{&quot;rel&quot;:&quot;opponents&quot;,&quot;href&quot;:&quot;https://api.teamsnap.com/v3/opponents&quot;},{&quot;rel&quot;:&quot;opponents_results&quot;,&quot;href&quot;:&quot;https://api.teamsnap.com/v3/opponents_results&quot;},{&quot;rel&quot;:&quot;owner&quot;,&quot;href&quot;:&quot;https://api.teamsnap.com/v3/members&quot;},{&quot;rel&quot;:&quot;payment_notes&quot;,&quot;href&quot;:&quot;https://api.teamsnap.com/v3/payment_notes&quot;},{&quot;rel&quot;:&quot;paypal_currency&quot;,&quot;href&quot;:&quot;https://api.teamsnap.com/v3/paypal_currencies&quot;},{&quot;rel&quot;:&quot;plan&quot;,&quot;href&quot;:&quot;https://api.teamsnap.com/v3/plans&quot;},{&quot;rel&quot;:&quot;sponsors&quot;,&quot;href&quot;:&quot;https://api.teamsnap.com/v3/sponsors&quot;},{&quot;rel&quot;:&quot;sport&quot;,&quot;href&quot;:&quot;https://api.teamsnap.com/v3/sports&quot;},{&quot;rel&quot;:&quot;statistic&quot;,&quot;href&quot;:&quot;https://api.teamsnap.com/v3/statistics&quot;},{&quot;rel&quot;:&quot;statistic_aggregates&quot;,&quot;href&quot;:&quot;https://api.teamsnap.com/v3/statistic_aggregates&quot;},{&quot;rel&quot;:&quot;statistic_data&quot;,&quot;href&quot;:&quot;https://api.teamsnap.com/v3/statistic_data&quot;},{&quot;rel&quot;:&quot;statistic_group&quot;,&quot;href&quot;:&quot;https://api.teamsnap.com/v3/statistic_groups&quot;},{&quot;rel&quot;:&quot;team_fees&quot;,&quot;href&quot;:&quot;https://api.teamsnap.com/v3/team_fees&quot;},{&quot;rel&quot;:&quot;team_media&quot;,&quot;href&quot;:&quot;https://api.teamsnap.com/v3/team_media&quot;},{&quot;rel&quot;:&quot;team_medium_comments&quot;,&quot;href&quot;:&quot;https://api.teamsnap.com/v3/team_medium_comments&quot;},{&quot;rel&quot;:&quot;team_media_groups&quot;,&quot;href&quot;:&quot;https://api.teamsnap.com/v3/team_media_groups&quot;},{&quot;rel&quot;:&quot;team_paypal_preferences&quot;,&quot;href&quot;:&quot;https://api.teamsnap.com/v3/teams_paypal_preferences&quot;},{&quot;rel&quot;:&quot;team_photos&quot;,&quot;href&quot;:&quot;https://api.teamsnap.com/v3/team_photos&quot;},{&quot;rel&quot;:&quot;team_preferences&quot;,&quot;href&quot;:&quot;https://api.teamsnap.com/v3/teams_preferences&quot;},{&quot;rel&quot;:&quot;team_public_site&quot;,&quot;href&quot;:&quot;https://api.teamsnap.com/v3/team_public_sites&quot;},{&quot;rel&quot;:&quot;team_results&quot;,&quot;href&quot;:&quot;https://api.teamsnap.com/v3/teams_results&quot;},{&quot;rel&quot;:&quot;team_statistics&quot;,&quot;href&quot;:&quot;https://api.teamsnap.com/v3/team_statistics&quot;},{&quot;rel&quot;:&quot;tracked_item_statuses&quot;,&quot;href&quot;:&quot;https://api.teamsnap.com/v3/tracked_item_statuses&quot;},{&quot;rel&quot;:&quot;tracked_items&quot;,&quot;href&quot;:&quot;https://api.teamsnap.com/v3/tracked_items&quot;},{&quot;rel&quot;:&quot;root&quot;,&quot;href&quot;:&quot;https://api.teamsnap.com/v3/&quot;},{&quot;rel&quot;:&quot;self&quot;,&quot;href&quot;:&quot;https://api.teamsnap.com/v3/teams/search?division_id=219326&quot;}],&quot;href&quot;:&quot;https://api.teamsnap.com/v3/teams&quot;,&quot;version&quot;:&quot;3.518.0&quot;,&quot;queries&quot;:[{&quot;data&quot;:[{&quot;name&quot;:&quot;id&quot;,&quot;value&quot;:null},{&quot;name&quot;:&quot;team_id&quot;,&quot;value&quot;:null},{&quot;name&quot;:&quot;user_id&quot;,&quot;value&quot;:null},{&quot;name&quot;:&quot;division_id&quot;,&quot;value&quot;:null},{&quot;name&quot;:&quot;page_size&quot;,&quot;value&quot;:null,&quot;prompt&quot;:&quot;The number of items to return for each page. Sending this parameter with the query will enable paging for the returned collection.&quot;},{&quot;name&quot;:&quot;page_number&quot;,&quot;value&quot;:null,&quot;prompt&quot;:&quot;The number of the page to be returned. This requires that paging be turned on by also providing the page_size parameter.&quot;},{&quot;name&quot;:&quot;sort_name&quot;,&quot;value&quot;:null,&quot;prompt&quot;:&quot;Sort the returned dataset based on the name field, valid values are &apos;asc&apos; or &apos;desc&apos;.&quot;}],&quot;rel&quot;:&quot;search&quot;,&quot;href&quot;:&quot;https://api.teamsnap.com/v3/teams/search&quot;,&quot;sort&quot;:[&quot;name&quot;]},{&quot;data&quot;:[{&quot;name&quot;:&quot;sport_id&quot;,&quot;value&quot;:null}],&quot;rel&quot;:&quot;available_for_statistic_import&quot;,&quot;href&quot;:&quot;https://api.teamsnap.com/v3/teams/available_for_statistic_import&quot;,&quot;prompt&quot;:&quot;Finds all teams accessible to current user that have the provided sport_id and have at least one statistic to import&quot;},{&quot;data&quot;:[{&quot;name&quot;:&quot;user_id&quot;,&quot;value&quot;:null},{&quot;name&quot;:&quot;division_id&quot;,&quot;value&quot;:null}],&quot;rel&quot;:&quot;active_teams&quot;,&quot;href&quot;:&quot;https://api.teamsnap.com/v3/teams/active&quot;,&quot;prompt&quot;:&quot;Finds all active teams for a given user. Excludes archived seasons and retired teams.&quot;},{&quot;data&quot;:[{&quot;name&quot;:&quot;division_id&quot;,&quot;value&quot;:null},{&quot;name&quot;:&quot;user_id&quot;,&quot;value&quot;:null},{&quot;name&quot;:&quot;is_active&quot;,&quot;value&quot;:null},{&quot;name&quot;:&quot;is_commissioner&quot;,&quot;value&quot;:null},{&quot;name&quot;:&quot;page_size&quot;,&quot;value&quot;:null,&quot;prompt&quot;:&quot;The number of items to return for each page. Sending this parameter with the query will enable paging for the returned collection.&quot;},{&quot;name&quot;:&quot;page_number&quot;,&quot;value&quot;:null,&quot;prompt&quot;:&quot;The number of the page to be returned. This requires that paging be turned on by also providing the page_size parameter.&quot;}],&quot;rel&quot;:&quot;division_search&quot;,&quot;href&quot;:&quot;https://api.teamsnap.com/v3/teams/division_search&quot;,&quot;prompt&quot;:&quot;Search the teams on the division_id and its descendants or a commissioner&apos;s user_id.&quot;}],&quot;items&quot;:[{&quot;data&quot;:[{&quot;name&quot;:&quot;id&quot;,&quot;type&quot;:&quot;String&quot;,&quot;value&quot;:3250030},{&quot;name&quot;:&quot;type&quot;,&quot;type&quot;:&quot;String&quot;,&quot;value&quot;:&quot;team&quot;},{&quot;name&quot;:&quot;active_season_team_id&quot;,&quot;type&quot;:&quot;String&quot;,&quot;value&quot;:null},{&quot;name&quot;:&quot;division_name&quot;,&quot;type&quot;:&quot;String&quot;,&quot;value&quot;:&quot;U12&quot;},{&quot;name&quot;:&quot;division_id&quot;,&quot;type&quot;:&quot;String&quot;,&quot;value&quot;:219326},{&quot;name&quot;:&quot;is_archived_season&quot;,&quot;type&quot;:&quot;Boolean&quot;,&quot;value&quot;:false},{&quot;name&quot;:&quot;is_hidden_on_dashboard&quot;,&quot;type&quot;:&quot;Boolean&quot;,&quot;value&quot;:false},{&quot;name&quot;:&quot;is_retired&quot;,&quot;type&quot;:&quot;Boolean&quot;,&quot;value&quot;:false},{&quot;name&quot;:&quot;league_name&quot;,&quot;type&quot;:&quot;String&quot;,&quot;value&quot;:&quot;City of Ottawa Ringette Association - TEST&quot;},{&quot;name&quot;:&quot;league_url&quot;,&quot;type&quot;:&quot;String&quot;,&quot;value&quot;:null},{&quot;name&quot;:&quot;is_in_league&quot;,&quot;type&quot;:&quot;Boolean&quot;,&quot;value&quot;:true},{&quot;name&quot;:&quot;location_country&quot;,&quot;type&quot;:&quot;String&quot;,&quot;value&quot;:&quot;Canada&quot;},{&quot;name&quot;:&quot;location_postal_code&quot;,&quot;type&quot;:&quot;String&quot;,&quot;value&quot;:&quot;K1N 8G2&quot;},{&quot;name&quot;:&quot;location_latitude&quot;,&quot;type&quot;:&quot;String&quot;,&quot;value&quot;:null},{&quot;name&quot;:&quot;location_longitude&quot;,&quot;type&quot;:&quot;String&quot;,&quot;value&quot;:null},{&quot;name&quot;:&quot;location_state&quot;,&quot;type&quot;:&quot;String&quot;,&quot;value&quot;:null},{&quot;name&quot;:&quot;name&quot;,&quot;type&quot;:&quot;String&quot;,&quot;value&quot;:&quot;U12PPBlue&quot;},{&quot;name&quot;:&quot;non_player_member_count&quot;,&quot;type&quot;:&quot;Integer&quot;,&quot;value&quot;:0},{&quot;name&quot;:&quot;plan_id&quot;,&quot;type&quot;:&quot;String&quot;,&quot;value&quot;:17},{&quot;name&quot;:&quot;player_member_count&quot;,&quot;type&quot;:&quot;Integer&quot;,&quot;value&quot;:0},{&quot;name&quot;:&quot;billed_at&quot;,&quot;type&quot;:&quot;DateTime&quot;,&quot;value&quot;:&quot;2017-07-27T04:57:49Z&quot;},{&quot;name&quot;:&quot;season_name&quot;,&quot;type&quot;:&quot;String&quot;,&quot;value&quot;:null},{&quot;name&quot;:&quot;sport_id&quot;,&quot;type&quot;:&quot;String&quot;,&quot;value&quot;:51},{&quot;name&quot;:&quot;time_zone&quot;,&quot;type&quot;:&quot;String&quot;,&quot;value&quot;:&quot;Eastern Time (US &amp; Canada)&quot;},{&quot;name&quot;:&quot;time_zone_description&quot;,&quot;type&quot;:&quot;String&quot;,&quot;value&quot;:&quot;Eastern Time (US &amp; Canada)&quot;},{&quot;name&quot;:&quot;time_zone_iana_name&quot;,&quot;type&quot;:&quot;String&quot;,&quot;value&quot;:&quot;America/New_York&quot;},{&quot;name&quot;:&quot;time_zone_offset&quot;,&quot;type&quot;:&quot;String&quot;,&quot;value&quot;:&quot;-05:00&quot;},{&quot;name&quot;:&quot;updated_at&quot;,&quot;type&quot;:&quot;DateTime&quot;,&quot;value&quot;:&quot;2017-07-27T04:57:49Z&quot;},{&quot;name&quot;:&quot;created_at&quot;,&quot;type&quot;:&quot;DateTime&quot;,&quot;value&quot;:&quot;2017-07-27T04:57:49Z&quot;},{&quot;name&quot;:&quot;has_reached_roster_limit&quot;,&quot;type&quot;:&quot;Boolean&quot;,&quot;value&quot;:false},{&quot;name&quot;:&quot;roster_limit&quot;,&quot;type&quot;:&quot;Integer&quot;,&quot;value&quot;:4000},{&quot;name&quot;:&quot;has_exportable_media&quot;,&quot;type&quot;:&quot;Boolean&quot;,&quot;value&quot;:false},{&quot;name&quot;:&quot;can_export_media&quot;,&quot;type&quot;:&quot;Boolean&quot;,&quot;value&quot;:false},{&quot;name&quot;:&quot;last_accessed_at&quot;,&quot;type&quot;:&quot;DateTime&quot;,&quot;value&quot;:null},{&quot;name&quot;:&quot;media_storage_used&quot;,&quot;type&quot;:&quot;Integer&quot;,&quot;value&quot;:0},{&quot;name&quot;:&quot;humanized_media_storage_used&quot;,&quot;type&quot;:&quot;String&quot;,&quot;value&quot;:&quot;0 B&quot;},{&quot;name&quot;:&quot;is_game_day&quot;,&quot;type&quot;:&quot;Boolean&quot;,&quot;value&quot;:false},{&quot;name&quot;:&quot;is_gateway_required_for_sms&quot;,&quot;type&quot;:&quot;Boolean&quot;,&quot;value&quot;:false}],&quot;rel&quot;:&quot;team-3250030&quot;,&quot;links&quot;:[{&quot;rel&quot;:&quot;assignments&quot;,&quot;href&quot;:&quot;https://api.teamsnap.com/v3/assignments/search?team_id=3250030&quot;},{&quot;rel&quot;:&quot;availabilities&quot;,&quot;href&quot;:&quot;https://api.teamsnap.com/v3/availabilities/search?team_id=3250030&quot;},{&quot;rel&quot;:&quot;broadcast_email_attachments&quot;,&quot;href&quot;:&quot;https://api.teamsnap.com/v3/broadcast_email_attachments/search?team_id=3250030&quot;},{&quot;rel&quot;:&quot;broadcast_emails&quot;,&quot;href&quot;:&quot;https://api.teamsnap.com/v3/broadcast_emails/search?team_id=3250030&quot;},{&quot;rel&quot;:&quot;broadcast_alerts&quot;,&quot;href&quot;:&quot;https://api.teamsnap.com/v3/broadcast_alerts/search?team_id=3250030&quot;},{&quot;rel&quot;:&quot;calendar_http&quot;,&quot;href&quot;:&quot;http://ical-cdn.teamsnap.com/team_schedule/84578420-3c2e-4773-b1f9-d3c277576f74.ics&quot;},{&quot;rel&quot;:&quot;calendar_http_games_only&quot;,&quot;href&quot;:&quot;http://ical-cdn.teamsnap.com/team_schedule/filter/games/84578420-3c2e-4773-b1f9-d3c277576f74.ics&quot;},{&quot;rel&quot;:&quot;calendar_webcal&quot;,&quot;href&quot;:&quot;webcal://ical-cdn.teamsnap.com/team_schedule/84578420-3c2e-4773-b1f9-d3c277576f74.ics&quot;},{&quot;rel&quot;:&quot;calendar_webcal_games_only&quot;,&quot;href&quot;:&quot;webcal://ical-cdn.teamsnap.com/team_schedule/filter/games/84578420-3c2e-4773-b1f9-d3c277576f74.ics&quot;},{&quot;rel&quot;:&quot;commissioners&quot;,&quot;href&quot;:&quot;https://api.teamsnap.com/v3/members/commissioners?team_id=3250030&quot;},{&quot;rel&quot;:&quot;contact_email_addresses&quot;,&quot;href&quot;:&quot;https://api.teamsnap.com/v3/contact_email_addresses/search?team_id=3250030&quot;},{&quot;rel&quot;:&quot;contact_phone_numbers&quot;,&quot;href&quot;:&quot;https://api.teamsnap.com/v3/contact_phone_numbers/search?team_id=3250030&quot;},{&quot;rel&quot;:&quot;contacts&quot;,&quot;href&quot;:&quot;https://api.teamsnap.com/v3/contacts/search?team_id=3250030&quot;},{&quot;rel&quot;:&quot;custom_data&quot;,&quot;href&quot;:&quot;https://api.teamsnap.com/v3/custom_data/search?team_id=3250030&quot;},{&quot;rel&quot;:&quot;custom_fields&quot;,&quot;href&quot;:&quot;https://api.teamsnap.com/v3/custom_fields/search?team_id=3250030&quot;},{&quot;rel&quot;:&quot;division_contact_email_addresses&quot;,&quot;href&quot;:&quot;https://api.teamsnap.com/v3/division_contact_email_addresses/search?team_id=3250030&quot;},{&quot;rel&quot;:&quot;division_contact_phone_numbers&quot;,&quot;href&quot;:&quot;https://api.teamsnap.com/v3/division_contact_phone_numbers/search?team_id=3250030&quot;},{&quot;rel&quot;:&quot;division_contacts&quot;,&quot;href&quot;:&quot;https://api.teamsnap.com/v3/division_contacts/search?team_id=3250030&quot;},{&quot;rel&quot;:&quot;division_locations&quot;,&quot;href&quot;:&quot;https://api.teamsnap.com/v3/division_locations/search?team_id=3250030&quot;},{&quot;rel&quot;:&quot;division_member_email_addresses&quot;,&quot;href&quot;:&quot;https://api.teamsnap.com/v3/division_member_email_addresses/search?team_id=3250030&quot;},{&quot;rel&quot;:&quot;division_member_phone_numbers&quot;,&quot;href&quot;:&quot;https://api.teamsnap.com/v3/division_member_phone_numbers/search?team_id=3250030&quot;},{&quot;rel&quot;:&quot;division_members&quot;,&quot;href&quot;:&quot;https://api.teamsnap.com/v3/division_members/search?team_id=3250030&quot;},{&quot;rel&quot;:&quot;division_members_preferences&quot;,&quot;href&quot;:&quot;https://api.teamsnap.com/v3/division_members_preferences/search?team_id=3250030&quot;},{&quot;rel&quot;:&quot;division_team_standings&quot;,&quot;href&quot;:&quot;https://api.teamsnap.com/v3/division_team_standings/search?team_id=3250030&quot;},{&quot;rel&quot;:&quot;forum_posts&quot;,&quot;href&quot;:&quot;https://api.teamsnap.com/v3/forum_posts/search?team_id=3250030&quot;},{&quot;rel&quot;:&quot;forum_subscriptions&quot;,&quot;href&quot;:&quot;https://api.teamsnap.com/v3/forum_subscriptions/search?team_id=3250030&quot;},{&quot;rel&quot;:&quot;forum_topics&quot;,&quot;href&quot;:&quot;https://api.teamsnap.com/v3/forum_topics/search?team_id=3250030&quot;},{&quot;rel&quot;:&quot;event_statistics&quot;,&quot;href&quot;:&quot;https://api.teamsnap.com/v3/event_statistics/search?team_id=3250030&quot;},{&quot;rel&quot;:&quot;events&quot;,&quot;href&quot;:&quot;https://api.teamsnap.com/v3/events/search?team_id=3250030&quot;},{&quot;rel&quot;:&quot;events_csv_export&quot;,&quot;href&quot;:&quot;https://api.teamsnap.com/v3/exports/events_csv?hs=7DnM5n5ksZe6FZ8%252FwffMKslCDs775i1fz2vnzS2%252Fbu8JYfc8hheSpAhwtGNJs1ypAMHKjgpUYOCdZfc2S12ZXnVLNV85cPROA%252BpDnOfY%252BsVcfjcUWvjo82O8wKvZPDaC688NDfLvmdn4dY4qIgW%252Btg%253D%253D&quot;},{&quot;rel&quot;:&quot;events_overview&quot;,&quot;href&quot;:&quot;https://api.teamsnap.com/v3/events/overview?team_id=3250030&quot;},{&quot;rel&quot;:&quot;league_custom_data&quot;,&quot;href&quot;:&quot;https://api.teamsnap.com/v3/league_custom_data/search?team_id=3250030&quot;},{&quot;rel&quot;:&quot;league_custom_fields&quot;,&quot;href&quot;:&quot;https://api.teamsnap.com/v3/league_custom_fields/search?team_id=3250030&quot;},{&quot;rel&quot;:&quot;league_registrant_documents&quot;,&quot;href&quot;:&quot;https://api.teamsnap.com/v3/league_registrant_documents/search?member_id=3250030&quot;},{&quot;rel&quot;:&quot;locations&quot;,&quot;href&quot;:&quot;https://api.teamsnap.com/v3/locations/search?team_id=3250030&quot;},{&quot;rel&quot;:&quot;managers&quot;,&quot;href&quot;:&quot;https://api.teamsnap.com/v3/members/managers?team_id=3250030&quot;},{&quot;rel&quot;:&quot;member_balances&quot;,&quot;href&quot;:&quot;https://api.teamsnap.com/v3/member_balances/search?team_id=3250030&quot;},{&quot;rel&quot;:&quot;member_email_addresses&quot;,&quot;href&quot;:&quot;https://api.teamsnap.com/v3/member_email_addresses/search?team_id=3250030&quot;},{&quot;rel&quot;:&quot;member_files&quot;,&quot;href&quot;:&quot;https://api.teamsnap.com/v3/member_files/search?team_id=3250030&quot;},{&quot;rel&quot;:&quot;member_links&quot;,&quot;href&quot;:&quot;https://api.teamsnap.com/v3/member_links/search?team_id=3250030&quot;},{&quot;rel&quot;:&quot;member_payments&quot;,&quot;href&quot;:&quot;https://api.teamsnap.com/v3/member_payments/search?team_id=3250030&quot;},{&quot;rel&quot;:&quot;member_phone_numbers&quot;,&quot;href&quot;:&quot;https://api.teamsnap.com/v3/member_phone_numbers/search?team_id=3250030&quot;},{&quot;rel&quot;:&quot;member_photos&quot;,&quot;href&quot;:&quot;https://api.teamsnap.com/v3/member_photos/search?team_id=3250030&quot;},{&quot;rel&quot;:&quot;member_statistics&quot;,&quot;href&quot;:&quot;https://api.teamsnap.com/v3/member_statistics/search?team_id=3250030&quot;},{&quot;rel&quot;:&quot;members&quot;,&quot;href&quot;:&quot;https://api.teamsnap.com/v3/members/search?team_id=3250030&quot;},{&quot;rel&quot;:&quot;members_csv_export&quot;,&quot;href&quot;:&quot;https://api.teamsnap.com/v3/exports/members_csv?hs=7DnM5n5ksZe6FZ8%252FwffMKslCDs775i1fz2vnzS2%252Fbu8JYfc8hheSpAhwtGNJs1ypAMHKjgpUYOCdZfc2S12ZXnVLNV85cPROA%252BpDnOfY%252BsVcfjcUWvjo82O8wKvZPDaC688NDfLvmdn4dY4qIgW%252Btg%253D%253D&quot;},{&quot;rel&quot;:&quot;members_preferences&quot;,&quot;href&quot;:&quot;https://api.teamsnap.com/v3/members_preferences/search?team_id=3250030&quot;},{&quot;rel&quot;:&quot;message_data&quot;,&quot;href&quot;:&quot;https://api.teamsnap.com/v3/message_data/search?team_id=3250030&quot;},{&quot;rel&quot;:&quot;messages&quot;,&quot;href&quot;:&quot;https://api.teamsnap.com/v3/messages/search?team_id=3250030&quot;},{&quot;rel&quot;:&quot;opponents&quot;,&quot;href&quot;:&quot;https://api.teamsnap.com/v3/opponents/search?team_id=3250030&quot;},{&quot;rel&quot;:&quot;opponents_results&quot;,&quot;href&quot;:&quot;https://api.teamsnap.com/v3/opponents_results/search?team_id=3250030&quot;},{&quot;rel&quot;:&quot;owner&quot;,&quot;href&quot;:&quot;https://api.teamsnap.com/v3/members/owner?team_id=3250030&quot;},{&quot;rel&quot;:&quot;payment_notes&quot;,&quot;href&quot;:&quot;https://api.teamsnap.com/v3/payment_notes/search?team_id=3250030&quot;},{&quot;rel&quot;:&quot;paypal_currency&quot;,&quot;href&quot;:&quot;https://api.teamsnap.com/v3/paypal_currencies/search?team_id=3250030&quot;},{&quot;rel&quot;:&quot;plan&quot;,&quot;href&quot;:&quot;https://api.teamsnap.com/v3/plans/17&quot;},{&quot;rel&quot;:&quot;sponsors&quot;,&quot;href&quot;:&quot;https://api.teamsnap.com/v3/sponsors/search?team_id=3250030&quot;},{&quot;rel&quot;:&quot;sport&quot;,&quot;href&quot;:&quot;https://api.teamsnap.com/v3/sports/51&quot;},{&quot;rel&quot;:&quot;statistics&quot;,&quot;href&quot;:&quot;https://api.teamsnap.com/v3/statistics/search?team_id=3250030&quot;},{&quot;rel&quot;:&quot;statistic_aggregates&quot;,&quot;href&quot;:&quot;https://api.teamsnap.com/v3/statistic_aggregates/search?team_id=3250030&quot;},{&quot;rel&quot;:&quot;statistic_data&quot;,&quot;href&quot;:&quot;https://api.teamsnap.com/v3/statistic_data/search?team_id=3250030&quot;},{&quot;rel&quot;:&quot;statistic_groups&quot;,&quot;href&quot;:&quot;https://api.teamsnap.com/v3/statistic_groups/search?team_id=3250030&quot;},{&quot;rel&quot;:&quot;team_fees&quot;,&quot;href&quot;:&quot;https://api.teamsnap.com/v3/team_fees/search?team_id=3250030&quot;},{&quot;rel&quot;:&quot;team_logo_photo_file&quot;,&quot;href&quot;:&quot;https://api.teamsnap.com/v3/photo_files/sport_logo/51-0&quot;},{&quot;rel&quot;:&quot;team_media&quot;,&quot;href&quot;:&quot;https://api.teamsnap.com/v3/team_media/search?team_id=3250030&quot;},{&quot;rel&quot;:&quot;team_medium_comments&quot;,&quot;href&quot;:&quot;https://api.teamsnap.com/v3/team_medium_comments/search?team_id=3250030&quot;},{&quot;rel&quot;:&quot;team_media_groups&quot;,&quot;href&quot;:&quot;https://api.teamsnap.com/v3/team_media_groups/search?team_id=3250030&quot;},{&quot;rel&quot;:&quot;team_paypal_preferences&quot;,&quot;href&quot;:&quot;https://api.teamsnap.com/v3/teams_paypal_preferences/3250030&quot;},{&quot;rel&quot;:&quot;team_photos&quot;,&quot;href&quot;:&quot;https://api.teamsnap.com/v3/team_photos/search&quot;},{&quot;rel&quot;:&quot;team_preferences&quot;,&quot;href&quot;:&quot;https://api.teamsnap.com/v3/teams_preferences/3250030&quot;},{&quot;rel&quot;:&quot;team_public_site&quot;,&quot;href&quot;:&quot;https://api.teamsnap.com/v3/team_public_sites/3250030&quot;},{&quot;rel&quot;:&quot;team_results&quot;,&quot;href&quot;:&quot;https://api.teamsnap.com/v3/teams_results/3250030&quot;},{&quot;rel&quot;:&quot;team_statistics&quot;,&quot;href&quot;:&quot;https://api.teamsnap.com/v3/team_statistics/search?team_id=3250030&quot;},{&quot;rel&quot;:&quot;tracked_item_statuses&quot;,&quot;href&quot;:&quot;https://api.teamsnap.com/v3/tracked_item_statuses/search?team_id=3250030&quot;},{&quot;rel&quot;:&quot;tracked_items&quot;,&quot;href&quot;:&quot;https://api.teamsnap.com/v3/tracked_items/search?team_id=3250030&quot;}],&quot;href&quot;:&quot;https://api.teamsnap.com/v3/teams/3250030&quot;},{&quot;data&quot;:[{&quot;name&quot;:&quot;id&quot;,&quot;type&quot;:&quot;String&quot;,&quot;value&quot;:3250034},{&quot;name&quot;:&quot;type&quot;,&quot;type&quot;:&quot;String&quot;,&quot;value&quot;:&quot;team&quot;},{&quot;name&quot;:&quot;active_season_team_id&quot;,&quot;type&quot;:&quot;String&quot;,&quot;value&quot;:null},{&quot;name&quot;:&quot;division_name&quot;,&quot;type&quot;:&quot;String&quot;,&quot;value&quot;:&quot;U12&quot;},{&quot;name&quot;:&quot;division_id&quot;,&quot;type&quot;:&quot;String&quot;,&quot;value&quot;:219326},{&quot;name&quot;:&quot;is_archived_season&quot;,&quot;type&quot;:&quot;Boolean&quot;,&quot;value&quot;:false},{&quot;name&quot;:&quot;is_hidden_on_dashboard&quot;,&quot;type&quot;:&quot;Boolean&quot;,&quot;value&quot;:false},{&quot;name&quot;:&quot;is_retired&quot;,&quot;type&quot;:&quot;Boolean&quot;,&quot;value&quot;:false},{&quot;name&quot;:&quot;league_name&quot;,&quot;type&quot;:&quot;String&quot;,&quot;value&quot;:&quot;City of Ottawa Ringette Association - TEST&quot;},{&quot;name&quot;:&quot;league_url&quot;,&quot;type&quot;:&quot;String&quot;,&quot;value&quot;:null},{&quot;name&quot;:&quot;is_in_league&quot;,&quot;type&quot;:&quot;Boolean&quot;,&quot;value&quot;:true},{&quot;name&quot;:&quot;location_country&quot;,&quot;type&quot;:&quot;String&quot;,&quot;value&quot;:&quot;Canada&quot;},{&quot;name&quot;:&quot;location_postal_code&quot;,&quot;type&quot;:&quot;String&quot;,&quot;value&quot;:&quot;K1N 8G2&quot;},{&quot;name&quot;:&quot;location_latitude&quot;,&quot;type&quot;:&quot;String&quot;,&quot;value&quot;:null},{&quot;name&quot;:&quot;location_longitude&quot;,&quot;type&quot;:&quot;String&quot;,&quot;value&quot;:null},{&quot;name&quot;:&quot;location_state&quot;,&quot;type&quot;:&quot;String&quot;,&quot;value&quot;:null},{&quot;name&quot;:&quot;name&quot;,&quot;type&quot;:&quot;String&quot;,&quot;value&quot;:&quot;U12PPRed&quot;},{&quot;name&quot;:&quot;non_player_member_count&quot;,&quot;type&quot;:&quot;Integer&quot;,&quot;value&quot;:0},{&quot;name&quot;:&quot;plan_id&quot;,&quot;type&quot;:&quot;String&quot;,&quot;value&quot;:17},{&quot;name&quot;:&quot;player_member_count&quot;,&quot;type&quot;:&quot;Integer&quot;,&quot;value&quot;:0},{&quot;name&quot;:&quot;billed_at&quot;,&quot;type&quot;:&quot;DateTime&quot;,&quot;value&quot;:&quot;2017-07-27T04:57:49Z&quot;},{&quot;name&quot;:&quot;season_name&quot;,&quot;type&quot;:&quot;String&quot;,&quot;value&quot;:null},{&quot;name&quot;:&quot;sport_id&quot;,&quot;type&quot;:&quot;String&quot;,&quot;value&quot;:51},{&quot;name&quot;:&quot;time_zone&quot;,&quot;type&quot;:&quot;String&quot;,&quot;value&quot;:&quot;Eastern Time (US &amp; Canada)&quot;},{&quot;name&quot;:&quot;time_zone_description&quot;,&quot;type&quot;:&quot;String&quot;,&quot;value&quot;:&quot;Eastern Time (US &amp; Canada)&quot;},{&quot;name&quot;:&quot;time_zone_iana_name&quot;,&quot;type&quot;:&quot;String&quot;,&quot;value&quot;:&quot;America/New_York&quot;},{&quot;name&quot;:&quot;time_zone_offset&quot;,&quot;type&quot;:&quot;String&quot;,&quot;value&quot;:&quot;-05:00&quot;},{&quot;name&quot;:&quot;updated_at&quot;,&quot;type&quot;:&quot;DateTime&quot;,&quot;value&quot;:&quot;2017-07-27T04:57:49Z&quot;},{&quot;name&quot;:&quot;created_at&quot;,&quot;type&quot;:&quot;DateTime&quot;,&quot;value&quot;:&quot;2017-07-27T04:57:49Z&quot;},{&quot;name&quot;:&quot;has_reached_roster_limit&quot;,&quot;type&quot;:&quot;Boolean&quot;,&quot;value&quot;:false},{&quot;name&quot;:&quot;roster_limit&quot;,&quot;type&quot;:&quot;Integer&quot;,&quot;value&quot;:4000},{&quot;name&quot;:&quot;has_exportable_media&quot;,&quot;type&quot;:&quot;Boolean&quot;,&quot;value&quot;:false},{&quot;name&quot;:&quot;can_export_media&quot;,&quot;type&quot;:&quot;Boolean&quot;,&quot;value&quot;:false},{&quot;name&quot;:&quot;last_accessed_at&quot;,&quot;type&quot;:&quot;DateTime&quot;,&quot;value&quot;:null},{&quot;name&quot;:&quot;media_storage_used&quot;,&quot;type&quot;:&quot;Integer&quot;,&quot;value&quot;:0},{&quot;name&quot;:&quot;humanized_media_storage_used&quot;,&quot;type&quot;:&quot;String&quot;,&quot;value&quot;:&quot;0 B&quot;},{&quot;name&quot;:&quot;is_game_day&quot;,&quot;type&quot;:&quot;Boolean&quot;,&quot;value&quot;:false},{&quot;name&quot;:&quot;is_gateway_required_for_sms&quot;,&quot;type&quot;:&quot;Boolean&quot;,&quot;value&quot;:false}],&quot;rel&quot;:&quot;team-3250034&quot;,&quot;links&quot;:[{&quot;rel&quot;:&quot;assignments&quot;,&quot;href&quot;:&quot;https://api.teamsnap.com/v3/assignments/search?team_id=3250034&quot;},{&quot;rel&quot;:&quot;availabilities&quot;,&quot;href&quot;:&quot;https://api.teamsnap.com/v3/availabilities/search?team_id=3250034&quot;},{&quot;rel&quot;:&quot;broadcast_email_attachments&quot;,&quot;href&quot;:&quot;https://api.teamsnap.com/v3/broadcast_email_attachments/search?team_id=3250034&quot;},{&quot;rel&quot;:&quot;broadcast_emails&quot;,&quot;href&quot;:&quot;https://api.teamsnap.com/v3/broadcast_emails/search?team_id=3250034&quot;},{&quot;rel&quot;:&quot;broadcast_alerts&quot;,&quot;href&quot;:&quot;https://api.teamsnap.com/v3/broadcast_alerts/search?team_id=3250034&quot;},{&quot;rel&quot;:&quot;calendar_http&quot;,&quot;href&quot;:&quot;http://ical-cdn.teamsnap.com/team_schedule/e1345061-7692-4247-9404-582f4158fc65.ics&quot;},{&quot;rel&quot;:&quot;calendar_http_games_only&quot;,&quot;href&quot;:&quot;http://ical-cdn.teamsnap.com/team_schedule/filter/games/e1345061-7692-4247-9404-582f4158fc65.ics&quot;},{&quot;rel&quot;:&quot;calendar_webcal&quot;,&quot;href&quot;:&quot;webcal://ical-cdn.teamsnap.com/team_schedule/e1345061-7692-4247-9404-582f4158fc65.ics&quot;},{&quot;rel&quot;:&quot;calendar_webcal_games_only&quot;,&quot;href&quot;:&quot;webcal://ical-cdn.teamsnap.com/team_schedule/filter/games/e1345061-7692-4247-9404-582f4158fc65.ics&quot;},{&quot;rel&quot;:&quot;commissioners&quot;,&quot;href&quot;:&quot;https://api.teamsnap.com/v3/members/commissioners?team_id=3250034&quot;},{&quot;rel&quot;:&quot;contact_email_addresses&quot;,&quot;href&quot;:&quot;https://api.teamsnap.com/v3/contact_email_addresses/search?team_id=3250034&quot;},{&quot;rel&quot;:&quot;contact_phone_numbers&quot;,&quot;href&quot;:&quot;https://api.teamsnap.com/v3/contact_phone_numbers/search?team_id=3250034&quot;},{&quot;rel&quot;:&quot;contacts&quot;,&quot;href&quot;:&quot;https://api.teamsnap.com/v3/contacts/search?team_id=3250034&quot;},{&quot;rel&quot;:&quot;custom_data&quot;,&quot;href&quot;:&quot;https://api.teamsnap.com/v3/custom_data/search?team_id=3250034&quot;},{&quot;rel&quot;:&quot;custom_fields&quot;,&quot;href&quot;:&quot;https://api.teamsnap.com/v3/custom_fields/search?team_id=3250034&quot;},{&quot;rel&quot;:&quot;division_contact_email_addresses&quot;,&quot;href&quot;:&quot;https://api.teamsnap.com/v3/division_contact_email_addresses/search?team_id=3250034&quot;},{&quot;rel&quot;:&quot;division_contact_phone_numbers&quot;,&quot;href&quot;:&quot;https://api.teamsnap.com/v3/division_contact_phone_numbers/search?team_id=3250034&quot;},{&quot;rel&quot;:&quot;division_contacts&quot;,&quot;href&quot;:&quot;https://api.teamsnap.com/v3/division_contacts/search?team_id=3250034&quot;},{&quot;rel&quot;:&quot;division_locations&quot;,&quot;href&quot;:&quot;https://api.teamsnap.com/v3/division_locations/search?team_id=3250034&quot;},{&quot;rel&quot;:&quot;division_member_email_addresses&quot;,&quot;href&quot;:&quot;https://api.teamsnap.com/v3/division_member_email_addresses/search?team_id=3250034&quot;},{&quot;rel&quot;:&quot;division_member_phone_numbers&quot;,&quot;href&quot;:&quot;https://api.teamsnap.com/v3/division_member_phone_numbers/search?team_id=3250034&quot;},{&quot;rel&quot;:&quot;division_members&quot;,&quot;href&quot;:&quot;https://api.teamsnap.com/v3/division_members/search?team_id=3250034&quot;},{&quot;rel&quot;:&quot;division_members_preferences&quot;,&quot;href&quot;:&quot;https://api.teamsnap.com/v3/division_members_preferences/search?team_id=3250034&quot;},{&quot;rel&quot;:&quot;division_team_standings&quot;,&quot;href&quot;:&quot;https://api.teamsnap.com/v3/division_team_standings/search?team_id=3250034&quot;},{&quot;rel&quot;:&quot;forum_posts&quot;,&quot;href&quot;:&quot;https://api.teamsnap.com/v3/forum_posts/search?team_id=3250034&quot;},{&quot;rel&quot;:&quot;forum_subscriptions&quot;,&quot;href&quot;:&quot;https://api.teamsnap.com/v3/forum_subscriptions/search?team_id=3250034&quot;},{&quot;rel&quot;:&quot;forum_topics&quot;,&quot;href&quot;:&quot;https://api.teamsnap.com/v3/forum_topics/search?team_id=3250034&quot;},{&quot;rel&quot;:&quot;event_statistics&quot;,&quot;href&quot;:&quot;https://api.teamsnap.com/v3/event_statistics/search?team_id=3250034&quot;},{&quot;rel&quot;:&quot;events&quot;,&quot;href&quot;:&quot;https://api.teamsnap.com/v3/events/search?team_id=3250034&quot;},{&quot;rel&quot;:&quot;events_csv_export&quot;,&quot;href&quot;:&quot;https://api.teamsnap.com/v3/exports/events_csv?hs=7DnM5n5ksZe6FZ8%252FwffMKnLzogkAqi8%252B%252BR4XDaty8g8mdECIwkgsRY5oomETMZ1HyxYePDQbx3HCn2FIax78fgS36BLc%252FfP2s41n%252BaZ%252B7UECIs%252FdJ1Wo5XhMujt8I062G3zrGd6cCEohrfmj7NEKlQ%253D%253D&quot;},{&quot;rel&quot;:&quot;events_overview&quot;,&quot;href&quot;:&quot;https://api.teamsnap.com/v3/events/overview?team_id=3250034&quot;},{&quot;rel&quot;:&quot;league_custom_data&quot;,&quot;href&quot;:&quot;https://api.teamsnap.com/v3/league_custom_data/search?team_id=3250034&quot;},{&quot;rel&quot;:&quot;league_custom_fields&quot;,&quot;href&quot;:&quot;https://api.teamsnap.com/v3/league_custom_fields/search?team_id=3250034&quot;},{&quot;rel&quot;:&quot;league_registrant_documents&quot;,&quot;href&quot;:&quot;https://api.teamsnap.com/v3/league_registrant_documents/search?member_id=3250034&quot;},{&quot;rel&quot;:&quot;locations&quot;,&quot;href&quot;:&quot;https://api.teamsnap.com/v3/locations/search?team_id=3250034&quot;},{&quot;rel&quot;:&quot;managers&quot;,&quot;href&quot;:&quot;https://api.teamsnap.com/v3/members/managers?team_id=3250034&quot;},{&quot;rel&quot;:&quot;member_balances&quot;,&quot;href&quot;:&quot;https://api.teamsnap.com/v3/member_balances/search?team_id=3250034&quot;},{&quot;rel&quot;:&quot;member_email_addresses&quot;,&quot;href&quot;:&quot;https://api.teamsnap.com/v3/member_email_addresses/search?team_id=3250034&quot;},{&quot;rel&quot;:&quot;member_files&quot;,&quot;href&quot;:&quot;https://api.teamsnap.com/v3/member_files/search?team_id=3250034&quot;},{&quot;rel&quot;:&quot;member_links&quot;,&quot;href&quot;:&quot;https://api.teamsnap.com/v3/member_links/search?team_id=3250034&quot;},{&quot;rel&quot;:&quot;member_payments&quot;,&quot;href&quot;:&quot;https://api.teamsnap.com/v3/member_payments/search?team_id=3250034&quot;},{&quot;rel&quot;:&quot;member_phone_numbers&quot;,&quot;href&quot;:&quot;https://api.teamsnap.com/v3/member_phone_numbers/search?team_id=3250034&quot;},{&quot;rel&quot;:&quot;member_photos&quot;,&quot;href&quot;:&quot;https://api.teamsnap.com/v3/member_photos/search?team_id=3250034&quot;},{&quot;rel&quot;:&quot;member_statistics&quot;,&quot;href&quot;:&quot;https://api.teamsnap.com/v3/member_statistics/search?team_id=3250034&quot;},{&quot;rel&quot;:&quot;members&quot;,&quot;href&quot;:&quot;https://api.teamsnap.com/v3/members/search?team_id=3250034&quot;},{&quot;rel&quot;:&quot;members_csv_export&quot;,&quot;href&quot;:&quot;https://api.teamsnap.com/v3/exports/members_csv?hs=7DnM5n5ksZe6FZ8%252FwffMKnLzogkAqi8%252B%252BR4XDaty8g8mdECIwkgsRY5oomETMZ1HyxYePDQbx3HCn2FIax78fgS36BLc%252FfP2s41n%252BaZ%252B7UECIs%252FdJ1Wo5XhMujt8I062G3zrGd6cCEohrfmj7NEKlQ%253D%253D&quot;},{&quot;rel&quot;:&quot;members_preferences&quot;,&quot;href&quot;:&quot;https://api.teamsnap.com/v3/members_preferences/search?team_id=3250034&quot;},{&quot;rel&quot;:&quot;message_data&quot;,&quot;href&quot;:&quot;https://api.teamsnap.com/v3/message_data/search?team_id=3250034&quot;},{&quot;rel&quot;:&quot;messages&quot;,&quot;href&quot;:&quot;https://api.teamsnap.com/v3/messages/search?team_id=3250034&quot;},{&quot;rel&quot;:&quot;opponents&quot;,&quot;href&quot;:&quot;https://api.teamsnap.com/v3/opponents/search?team_id=3250034&quot;},{&quot;rel&quot;:&quot;opponents_results&quot;,&quot;href&quot;:&quot;https://api.teamsnap.com/v3/opponents_results/search?team_id=3250034&quot;},{&quot;rel&quot;:&quot;owner&quot;,&quot;href&quot;:&quot;https://api.teamsnap.com/v3/members/owner?team_id=3250034&quot;},{&quot;rel&quot;:&quot;payment_notes&quot;,&quot;href&quot;:&quot;https://api.teamsnap.com/v3/payment_notes/search?team_id=3250034&quot;},{&quot;rel&quot;:&quot;paypal_currency&quot;,&quot;href&quot;:&quot;https://api.teamsnap.com/v3/paypal_currencies/search?team_id=3250034&quot;},{&quot;rel&quot;:&quot;plan&quot;,&quot;href&quot;:&quot;https://api.teamsnap.com/v3/plans/17&quot;},{&quot;rel&quot;:&quot;sponsors&quot;,&quot;href&quot;:&quot;https://api.teamsnap.com/v3/sponsors/search?team_id=3250034&quot;},{&quot;rel&quot;:&quot;sport&quot;,&quot;href&quot;:&quot;https://api.teamsnap.com/v3/sports/51&quot;},{&quot;rel&quot;:&quot;statistics&quot;,&quot;href&quot;:&quot;https://api.teamsnap.com/v3/statistics/search?team_id=3250034&quot;},{&quot;rel&quot;:&quot;statistic_aggregates&quot;,&quot;href&quot;:&quot;https://api.teamsnap.com/v3/statistic_aggregates/search?team_id=3250034&quot;},{&quot;rel&quot;:&quot;statistic_data&quot;,&quot;href&quot;:&quot;https://api.teamsnap.com/v3/statistic_data/search?team_id=3250034&quot;},{&quot;rel&quot;:&quot;statistic_groups&quot;,&quot;href&quot;:&quot;https://api.teamsnap.com/v3/statistic_groups/search?team_id=3250034&quot;},{&quot;rel&quot;:&quot;team_fees&quot;,&quot;href&quot;:&quot;https://api.teamsnap.com/v3/team_fees/search?team_id=3250034&quot;},{&quot;rel&quot;:&quot;team_logo_photo_file&quot;,&quot;href&quot;:&quot;https://api.teamsnap.com/v3/photo_files/sport_logo/51-0&quot;},{&quot;rel&quot;:&quot;team_media&quot;,&quot;href&quot;:&quot;https://api.teamsnap.com/v3/team_media/search?team_id=3250034&quot;},{&quot;rel&quot;:&quot;team_medium_comments&quot;,&quot;href&quot;:&quot;https://api.teamsnap.com/v3/team_medium_comments/search?team_id=3250034&quot;},{&quot;rel&quot;:&quot;team_media_groups&quot;,&quot;href&quot;:&quot;https://api.teamsnap.com/v3/team_media_groups/search?team_id=3250034&quot;},{&quot;rel&quot;:&quot;team_paypal_preferences&quot;,&quot;href&quot;:&quot;https://api.teamsnap.com/v3/teams_paypal_preferences/3250034&quot;},{&quot;rel&quot;:&quot;team_photos&quot;,&quot;href&quot;:&quot;https://api.teamsnap.com/v3/team_photos/search&quot;},{&quot;rel&quot;:&quot;team_preferences&quot;,&quot;href&quot;:&quot;https://api.teamsnap.com/v3/teams_preferences/3250034&quot;},{&quot;rel&quot;:&quot;team_public_site&quot;,&quot;href&quot;:&quot;https://api.teamsnap.com/v3/team_public_sites/3250034&quot;},{&quot;rel&quot;:&quot;team_results&quot;,&quot;href&quot;:&quot;https://api.teamsnap.com/v3/teams_results/3250034&quot;},{&quot;rel&quot;:&quot;team_statistics&quot;,&quot;href&quot;:&quot;https://api.teamsnap.com/v3/team_statistics/search?team_id=3250034&quot;},{&quot;rel&quot;:&quot;tracked_item_statuses&quot;,&quot;href&quot;:&quot;https://api.teamsnap.com/v3/tracked_item_statuses/search?team_id=3250034&quot;},{&quot;rel&quot;:&quot;tracked_items&quot;,&quot;href&quot;:&quot;https://api.teamsnap.com/v3/tracked_items/search?team_id=3250034&quot;}],&quot;href&quot;:&quot;https://api.teamsnap.com/v3/teams/3250034&quot;},{&quot;data&quot;:[{&quot;name&quot;:&quot;id&quot;,&quot;type&quot;:&quot;String&quot;,&quot;value&quot;:3250035},{&quot;name&quot;:&quot;type&quot;,&quot;type&quot;:&quot;String&quot;,&quot;value&quot;:&quot;team&quot;},{&quot;name&quot;:&quot;active_season_team_id&quot;,&quot;type&quot;:&quot;String&quot;,&quot;value&quot;:null},{&quot;name&quot;:&quot;division_name&quot;,&quot;type&quot;:&quot;String&quot;,&quot;value&quot;:&quot;U12&quot;},{&quot;name&quot;:&quot;division_id&quot;,&quot;type&quot;:&quot;String&quot;,&quot;value&quot;:219326},{&quot;name&quot;:&quot;is_archived_season&quot;,&quot;type&quot;:&quot;Boolean&quot;,&quot;value&quot;:false},{&quot;name&quot;:&quot;is_hidden_on_dashboard&quot;,&quot;type&quot;:&quot;Boolean&quot;,&quot;value&quot;:false},{&quot;name&quot;:&quot;is_retired&quot;,&quot;type&quot;:&quot;Boolean&quot;,&quot;value&quot;:false},{&quot;name&quot;:&quot;league_name&quot;,&quot;type&quot;:&quot;String&quot;,&quot;value&quot;:&quot;City of Ottawa Ringette Association - TEST&quot;},{&quot;name&quot;:&quot;league_url&quot;,&quot;type&quot;:&quot;String&quot;,&quot;value&quot;:null},{&quot;name&quot;:&quot;is_in_league&quot;,&quot;type&quot;:&quot;Boolean&quot;,&quot;value&quot;:true},{&quot;name&quot;:&quot;location_country&quot;,&quot;type&quot;:&quot;String&quot;,&quot;value&quot;:&quot;Canada&quot;},{&quot;name&quot;:&quot;location_postal_code&quot;,&quot;type&quot;:&quot;String&quot;,&quot;value&quot;:&quot;K1N 8G2&quot;},{&quot;name&quot;:&quot;location_latitude&quot;,&quot;type&quot;:&quot;String&quot;,&quot;value&quot;:null},{&quot;name&quot;:&quot;location_longitude&quot;,&quot;type&quot;:&quot;String&quot;,&quot;value&quot;:null},{&quot;name&quot;:&quot;location_state&quot;,&quot;type&quot;:&quot;String&quot;,&quot;value&quot;:null},{&quot;name&quot;:&quot;name&quot;,&quot;type&quot;:&quot;String&quot;,&quot;value&quot;:&quot;U12Reg1&quot;},{&quot;name&quot;:&quot;non_player_member_count&quot;,&quot;type&quot;:&quot;Integer&quot;,&quot;value&quot;:0},{&quot;name&quot;:&quot;plan_id&quot;,&quot;type&quot;:&quot;String&quot;,&quot;value&quot;:17},{&quot;name&quot;:&quot;player_member_count&quot;,&quot;type&quot;:&quot;Integer&quot;,&quot;value&quot;:0},{&quot;name&quot;:&quot;billed_at&quot;,&quot;type&quot;:&quot;DateTime&quot;,&quot;value&quot;:&quot;2017-07-27T04:57:49Z&quot;},{&quot;name&quot;:&quot;season_name&quot;,&quot;type&quot;:&quot;String&quot;,&quot;value&quot;:null},{&quot;name&quot;:&quot;sport_id&quot;,&quot;type&quot;:&quot;String&quot;,&quot;value&quot;:51},{&quot;name&quot;:&quot;time_zone&quot;,&quot;type&quot;:&quot;String&quot;,&quot;value&quot;:&quot;Eastern Time (US &amp; Canada)&quot;},{&quot;name&quot;:&quot;time_zone_description&quot;,&quot;type&quot;:&quot;String&quot;,&quot;value&quot;:&quot;Eastern Time (US &amp; Canada)&quot;},{&quot;name&quot;:&quot;time_zone_iana_name&quot;,&quot;type&quot;:&quot;String&quot;,&quot;value&quot;:&quot;America/New_York&quot;},{&quot;name&quot;:&quot;time_zone_offset&quot;,&quot;type&quot;:&quot;String&quot;,&quot;value&quot;:&quot;-05:00&quot;},{&quot;name&quot;:&quot;updated_at&quot;,&quot;type&quot;:&quot;DateTime&quot;,&quot;value&quot;:&quot;2017-07-27T04:57:49Z&quot;},{&quot;name&quot;:&quot;created_at&quot;,&quot;type&quot;:&quot;DateTime&quot;,&quot;value&quot;:&quot;2017-07-27T04:57:49Z&quot;},{&quot;name&quot;:&quot;has_reached_roster_limit&quot;,&quot;type&quot;:&quot;Boolean&quot;,&quot;value&quot;:false},{&quot;name&quot;:&quot;roster_limit&quot;,&quot;type&quot;:&quot;Integer&quot;,&quot;value&quot;:4000},{&quot;name&quot;:&quot;has_exportable_media&quot;,&quot;type&quot;:&quot;Boolean&quot;,&quot;value&quot;:false},{&quot;name&quot;:&quot;can_export_media&quot;,&quot;type&quot;:&quot;Boolean&quot;,&quot;value&quot;:false},{&quot;name&quot;:&quot;last_accessed_at&quot;,&quot;type&quot;:&quot;DateTime&quot;,&quot;value&quot;:null},{&quot;name&quot;:&quot;media_storage_used&quot;,&quot;type&quot;:&quot;Integer&quot;,&quot;value&quot;:0},{&quot;name&quot;:&quot;humanized_media_storage_used&quot;,&quot;type&quot;:&quot;String&quot;,&quot;value&quot;:&quot;0 B&quot;},{&quot;name&quot;:&quot;is_game_day&quot;,&quot;type&quot;:&quot;Boolean&quot;,&quot;value&quot;:false},{&quot;name&quot;:&quot;is_gateway_required_for_sms&quot;,&quot;type&quot;:&quot;Boolean&quot;,&quot;value&quot;:false}],&quot;rel&quot;:&quot;team-3250035&quot;,&quot;links&quot;:[{&quot;rel&quot;:&quot;assignments&quot;,&quot;href&quot;:&quot;https://api.teamsnap.com/v3/assignments/search?team_id=3250035&quot;},{&quot;rel&quot;:&quot;availabilities&quot;,&quot;href&quot;:&quot;https://api.teamsnap.com/v3/availabilities/search?team_id=3250035&quot;},{&quot;rel&quot;:&quot;broadcast_email_attachments&quot;,&quot;href&quot;:&quot;https://api.teamsnap.com/v3/broadcast_email_attachments/search?team_id=3250035&quot;},{&quot;rel&quot;:&quot;broadcast_emails&quot;,&quot;href&quot;:&quot;https://api.teamsnap.com/v3/broadcast_emails/search?team_id=3250035&quot;},{&quot;rel&quot;:&quot;broadcast_alerts&quot;,&quot;href&quot;:&quot;https://api.teamsnap.com/v3/broadcast_alerts/search?team_id=3250035&quot;},{&quot;rel&quot;:&quot;calendar_http&quot;,&quot;href&quot;:&quot;http://ical-cdn.teamsnap.com/team_schedule/d3ac3945-8113-4a5b-839d-5e7dbd4ed58b.ics&quot;},{&quot;rel&quot;:&quot;calendar_http_games_only&quot;,&quot;href&quot;:&quot;http://ical-cdn.teamsnap.com/team_schedule/filter/games/d3ac3945-8113-4a5b-839d-5e7dbd4ed58b.ics&quot;},{&quot;rel&quot;:&quot;calendar_webcal&quot;,&quot;href&quot;:&quot;webcal://ical-cdn.teamsnap.com/team_schedule/d3ac3945-8113-4a5b-839d-5e7dbd4ed58b.ics&quot;},{&quot;rel&quot;:&quot;calendar_webcal_games_only&quot;,&quot;href&quot;:&quot;webcal://ical-cdn.teamsnap.com/team_schedule/filter/games/d3ac3945-8113-4a5b-839d-5e7dbd4ed58b.ics&quot;},{&quot;rel&quot;:&quot;commissioners&quot;,&quot;href&quot;:&quot;https://api.teamsnap.com/v3/members/commissioners?team_id=3250035&quot;},{&quot;rel&quot;:&quot;contact_email_addresses&quot;,&quot;href&quot;:&quot;https://api.teamsnap.com/v3/contact_email_addresses/search?team_id=3250035&quot;},{&quot;rel&quot;:&quot;contact_phone_numbers&quot;,&quot;href&quot;:&quot;https://api.teamsnap.com/v3/contact_phone_numbers/search?team_id=3250035&quot;},{&quot;rel&quot;:&quot;contacts&quot;,&quot;href&quot;:&quot;https://api.teamsnap.com/v3/contacts/search?team_id=3250035&quot;},{&quot;rel&quot;:&quot;custom_data&quot;,&quot;href&quot;:&quot;https://api.teamsnap.com/v3/custom_data/search?team_id=3250035&quot;},{&quot;rel&quot;:&quot;custom_fields&quot;,&quot;href&quot;:&quot;https://api.teamsnap.com/v3/custom_fields/search?team_id=3250035&quot;},{&quot;rel&quot;:&quot;division_contact_email_addresses&quot;,&quot;href&quot;:&quot;https://api.teamsnap.com/v3/division_contact_email_addresses/search?team_id=3250035&quot;},{&quot;rel&quot;:&quot;division_contact_phone_numbers&quot;,&quot;href&quot;:&quot;https://api.teamsnap.com/v3/division_contact_phone_numbers/search?team_id=3250035&quot;},{&quot;rel&quot;:&quot;division_contacts&quot;,&quot;href&quot;:&quot;https://api.teamsnap.com/v3/division_contacts/search?team_id=3250035&quot;},{&quot;rel&quot;:&quot;division_locations&quot;,&quot;href&quot;:&quot;https://api.teamsnap.com/v3/division_locations/search?team_id=3250035&quot;},{&quot;rel&quot;:&quot;division_member_email_addresses&quot;,&quot;href&quot;:&quot;https://api.teamsnap.com/v3/division_member_email_addresses/search?team_id=3250035&quot;},{&quot;rel&quot;:&quot;division_member_phone_numbers&quot;,&quot;href&quot;:&quot;https://api.teamsnap.com/v3/division_member_phone_numbers/search?team_id=3250035&quot;},{&quot;rel&quot;:&quot;division_members&quot;,&quot;href&quot;:&quot;https://api.teamsnap.com/v3/division_members/search?team_id=3250035&quot;},{&quot;rel&quot;:&quot;division_members_preferences&quot;,&quot;href&quot;:&quot;https://api.teamsnap.com/v3/division_members_preferences/search?team_id=3250035&quot;},{&quot;rel&quot;:&quot;division_team_standings&quot;,&quot;href&quot;:&quot;https://api.teamsnap.com/v3/division_team_standings/search?team_id=3250035&quot;},{&quot;rel&quot;:&quot;forum_posts&quot;,&quot;href&quot;:&quot;https://api.teamsnap.com/v3/forum_posts/search?team_id=3250035&quot;},{&quot;rel&quot;:&quot;forum_subscriptions&quot;,&quot;href&quot;:&quot;https://api.teamsnap.com/v3/forum_subscriptions/search?team_id=3250035&quot;},{&quot;rel&quot;:&quot;forum_topics&quot;,&quot;href&quot;:&quot;https://api.teamsnap.com/v3/forum_topics/search?team_id=3250035&quot;},{&quot;rel&quot;:&quot;event_statistics&quot;,&quot;href&quot;:&quot;https://api.teamsnap.com/v3/event_statistics/search?team_id=3250035&quot;},{&quot;rel&quot;:&quot;events&quot;,&quot;href&quot;:&quot;https://api.teamsnap.com/v3/events/search?team_id=3250035&quot;},{&quot;rel&quot;:&quot;events_csv_export&quot;,&quot;href&quot;:&quot;https://api.teamsnap.com/v3/exports/events_csv?hs=7DnM5n5ksZe6FZ8%252FwffMKpdHjzV97jUN1NHK3KR7x5wYo23heckKEZzjlOzdy12xHeFBHfDdM9EgWITejeZPYmYeHbRe%252B%252BNAIKOTNzWolZwDIqSAQ0JEvPLgDxf%252B4zkaXRTkbiVSjvvZyZ1P0zOn6A%253D%253D&quot;},{&quot;rel&quot;:&quot;events_overview&quot;,&quot;href&quot;:&quot;https://api.teamsnap.com/v3/events/overview?team_id=3250035&quot;},{&quot;rel&quot;:&quot;league_custom_data&quot;,&quot;href&quot;:&quot;https://api.teamsnap.com/v3/league_custom_data/search?team_id=3250035&quot;},{&quot;rel&quot;:&quot;league_custom_fields&quot;,&quot;href&quot;:&quot;https://api.teamsnap.com/v3/league_custom_fields/search?team_id=3250035&quot;},{&quot;rel&quot;:&quot;league_registrant_documents&quot;,&quot;href&quot;:&quot;https://api.teamsnap.com/v3/league_registrant_documents/search?member_id=3250035&quot;},{&quot;rel&quot;:&quot;locations&quot;,&quot;href&quot;:&quot;https://api.teamsnap.com/v3/locations/search?team_id=3250035&quot;},{&quot;rel&quot;:&quot;managers&quot;,&quot;href&quot;:&quot;https://api.teamsnap.com/v3/members/managers?team_id=3250035&quot;},{&quot;rel&quot;:&quot;member_balances&quot;,&quot;href&quot;:&quot;https://api.teamsnap.com/v3/member_balances/search?team_id=3250035&quot;},{&quot;rel&quot;:&quot;member_email_addresses&quot;,&quot;href&quot;:&quot;https://api.teamsnap.com/v3/member_email_addresses/search?team_id=3250035&quot;},{&quot;rel&quot;:&quot;member_files&quot;,&quot;href&quot;:&quot;https://api.teamsnap.com/v3/member_files/search?team_id=3250035&quot;},{&quot;rel&quot;:&quot;member_links&quot;,&quot;href&quot;:&quot;https://api.teamsnap.com/v3/member_links/search?team_id=3250035&quot;},{&quot;rel&quot;:&quot;member_payments&quot;,&quot;href&quot;:&quot;https://api.teamsnap.com/v3/member_payments/search?team_id=3250035&quot;},{&quot;rel&quot;:&quot;member_phone_numbers&quot;,&quot;href&quot;:&quot;https://api.teamsnap.com/v3/member_phone_numbers/search?team_id=3250035&quot;},{&quot;rel&quot;:&quot;member_photos&quot;,&quot;href&quot;:&quot;https://api.teamsnap.com/v3/member_photos/search?team_id=3250035&quot;},{&quot;rel&quot;:&quot;member_statistics&quot;,&quot;href&quot;:&quot;https://api.teamsnap.com/v3/member_statistics/search?team_id=3250035&quot;},{&quot;rel&quot;:&quot;members&quot;,&quot;href&quot;:&quot;https://api.teamsnap.com/v3/members/search?team_id=3250035&quot;},{&quot;rel&quot;:&quot;members_csv_export&quot;,&quot;href&quot;:&quot;https://api.teamsnap.com/v3/exports/members_csv?hs=7DnM5n5ksZe6FZ8%252FwffMKpdHjzV97jUN1NHK3KR7x5wYo23heckKEZzjlOzdy12xHeFBHfDdM9EgWITejeZPYmYeHbRe%252B%252BNAIKOTNzWolZwDIqSAQ0JEvPLgDxf%252B4zkaXRTkbiVSjvvZyZ1P0zOn6A%253D%253D&quot;},{&quot;rel&quot;:&quot;members_preferences&quot;,&quot;href&quot;:&quot;https://api.teamsnap.com/v3/members_preferences/search?team_id=3250035&quot;},{&quot;rel&quot;:&quot;message_data&quot;,&quot;href&quot;:&quot;https://api.teamsnap.com/v3/message_data/search?team_id=3250035&quot;},{&quot;rel&quot;:&quot;messages&quot;,&quot;href&quot;:&quot;https://api.teamsnap.com/v3/messages/search?team_id=3250035&quot;},{&quot;rel&quot;:&quot;opponents&quot;,&quot;href&quot;:&quot;https://api.teamsnap.com/v3/opponents/search?team_id=3250035&quot;},{&quot;rel&quot;:&quot;opponents_results&quot;,&quot;href&quot;:&quot;https://api.teamsnap.com/v3/opponents_results/search?team_id=3250035&quot;},{&quot;rel&quot;:&quot;owner&quot;,&quot;href&quot;:&quot;https://api.teamsnap.com/v3/members/owner?team_id=3250035&quot;},{&quot;rel&quot;:&quot;payment_notes&quot;,&quot;href&quot;:&quot;https://api.teamsnap.com/v3/payment_notes/search?team_id=3250035&quot;},{&quot;rel&quot;:&quot;paypal_currency&quot;,&quot;href&quot;:&quot;https://api.teamsnap.com/v3/paypal_currencies/search?team_id=3250035&quot;},{&quot;rel&quot;:&quot;plan&quot;,&quot;href&quot;:&quot;https://api.teamsnap.com/v3/plans/17&quot;},{&quot;rel&quot;:&quot;sponsors&quot;,&quot;href&quot;:&quot;https://api.teamsnap.com/v3/sponsors/search?team_id=3250035&quot;},{&quot;rel&quot;:&quot;sport&quot;,&quot;href&quot;:&quot;https://api.teamsnap.com/v3/sports/51&quot;},{&quot;rel&quot;:&quot;statistics&quot;,&quot;href&quot;:&quot;https://api.teamsnap.com/v3/statistics/search?team_id=3250035&quot;},{&quot;rel&quot;:&quot;statistic_aggregates&quot;,&quot;href&quot;:&quot;https://api.teamsnap.com/v3/statistic_aggregates/search?team_id=3250035&quot;},{&quot;rel&quot;:&quot;statistic_data&quot;,&quot;href&quot;:&quot;https://api.teamsnap.com/v3/statistic_data/search?team_id=3250035&quot;},{&quot;rel&quot;:&quot;statistic_groups&quot;,&quot;href&quot;:&quot;https://api.teamsnap.com/v3/statistic_groups/search?team_id=3250035&quot;},{&quot;rel&quot;:&quot;team_fees&quot;,&quot;href&quot;:&quot;https://api.teamsnap.com/v3/team_fees/search?team_id=3250035&quot;},{&quot;rel&quot;:&quot;team_logo_photo_file&quot;,&quot;href&quot;:&quot;https://api.teamsnap.com/v3/photo_files/sport_logo/51-0&quot;},{&quot;rel&quot;:&quot;team_media&quot;,&quot;href&quot;:&quot;https://api.teamsnap.com/v3/team_media/search?team_id=3250035&quot;},{&quot;rel&quot;:&quot;team_medium_comments&quot;,&quot;href&quot;:&quot;https://api.teamsnap.com/v3/team_medium_comments/search?team_id=3250035&quot;},{&quot;rel&quot;:&quot;team_media_groups&quot;,&quot;href&quot;:&quot;https://api.teamsnap.com/v3/team_media_groups/search?team_id=3250035&quot;},{&quot;rel&quot;:&quot;team_paypal_preferences&quot;,&quot;href&quot;:&quot;https://api.teamsnap.com/v3/teams_paypal_preferences/3250035&quot;},{&quot;rel&quot;:&quot;team_photos&quot;,&quot;href&quot;:&quot;https://api.teamsnap.com/v3/team_photos/search&quot;},{&quot;rel&quot;:&quot;team_preferences&quot;,&quot;href&quot;:&quot;https://api.teamsnap.com/v3/teams_preferences/3250035&quot;},{&quot;rel&quot;:&quot;team_public_site&quot;,&quot;href&quot;:&quot;https://api.teamsnap.com/v3/team_public_sites/3250035&quot;},{&quot;rel&quot;:&quot;team_results&quot;,&quot;href&quot;:&quot;https://api.teamsnap.com/v3/teams_results/3250035&quot;},{&quot;rel&quot;:&quot;team_statistics&quot;,&quot;href&quot;:&quot;https://api.teamsnap.com/v3/team_statistics/search?team_id=3250035&quot;},{&quot;rel&quot;:&quot;tracked_item_statuses&quot;,&quot;href&quot;:&quot;https://api.teamsnap.com/v3/tracked_item_statuses/search?team_id=3250035&quot;},{&quot;rel&quot;:&quot;tracked_items&quot;,&quot;href&quot;:&quot;https://api.teamsnap.com/v3/tracked_items/search?team_id=3250035&quot;}],&quot;href&quot;:&quot;https://api.teamsnap.com/v3/teams/3250035&quot;},{&quot;data&quot;:[{&quot;name&quot;:&quot;id&quot;,&quot;type&quot;:&quot;String&quot;,&quot;value&quot;:3250036},{&quot;name&quot;:&quot;type&quot;,&quot;type&quot;:&quot;String&quot;,&quot;value&quot;:&quot;team&quot;},{&quot;name&quot;:&quot;active_season_team_id&quot;,&quot;type&quot;:&quot;String&quot;,&quot;value&quot;:null},{&quot;name&quot;:&quot;division_name&quot;,&quot;type&quot;:&quot;String&quot;,&quot;value&quot;:&quot;U12&quot;},{&quot;name&quot;:&quot;division_id&quot;,&quot;type&quot;:&quot;String&quot;,&quot;value&quot;:219326},{&quot;name&quot;:&quot;is_archived_season&quot;,&quot;type&quot;:&quot;Boolean&quot;,&quot;value&quot;:false},{&quot;name&quot;:&quot;is_hidden_on_dashboard&quot;,&quot;type&quot;:&quot;Boolean&quot;,&quot;value&quot;:false},{&quot;name&quot;:&quot;is_retired&quot;,&quot;type&quot;:&quot;Boolean&quot;,&quot;value&quot;:false},{&quot;name&quot;:&quot;league_name&quot;,&quot;type&quot;:&quot;String&quot;,&quot;value&quot;:&quot;City of Ottawa Ringette Association - TEST&quot;},{&quot;name&quot;:&quot;league_url&quot;,&quot;type&quot;:&quot;String&quot;,&quot;value&quot;:null},{&quot;name&quot;:&quot;is_in_league&quot;,&quot;type&quot;:&quot;Boolean&quot;,&quot;value&quot;:true},{&quot;name&quot;:&quot;location_country&quot;,&quot;type&quot;:&quot;String&quot;,&quot;value&quot;:&quot;Canada&quot;},{&quot;name&quot;:&quot;location_postal_code&quot;,&quot;type&quot;:&quot;String&quot;,&quot;value&quot;:&quot;K1N 8G2&quot;},{&quot;name&quot;:&quot;location_latitude&quot;,&quot;type&quot;:&quot;String&quot;,&quot;value&quot;:null},{&quot;name&quot;:&quot;location_longitude&quot;,&quot;type&quot;:&quot;String&quot;,&quot;value&quot;:null},{&quot;name&quot;:&quot;location_state&quot;,&quot;type&quot;:&quot;String&quot;,&quot;value&quot;:null},{&quot;name&quot;:&quot;name&quot;,&quot;type&quot;:&quot;String&quot;,&quot;value&quot;:&quot;U12Reg2&quot;},{&quot;name&quot;:&quot;non_player_member_count&quot;,&quot;type&quot;:&quot;Integer&quot;,&quot;value&quot;:0},{&quot;name&quot;:&quot;plan_id&quot;,&quot;type&quot;:&quot;String&quot;,&quot;value&quot;:17},{&quot;name&quot;:&quot;player_member_count&quot;,&quot;type&quot;:&quot;Integer&quot;,&quot;value&quot;:0},{&quot;name&quot;:&quot;billed_at&quot;,&quot;type&quot;:&quot;DateTime&quot;,&quot;value&quot;:&quot;2017-07-27T04:57:50Z&quot;},{&quot;name&quot;:&quot;season_name&quot;,&quot;type&quot;:&quot;String&quot;,&quot;value&quot;:null},{&quot;name&quot;:&quot;sport_id&quot;,&quot;type&quot;:&quot;String&quot;,&quot;value&quot;:51},{&quot;name&quot;:&quot;time_zone&quot;,&quot;type&quot;:&quot;String&quot;,&quot;value&quot;:&quot;Eastern Time (US &amp; Canada)&quot;},{&quot;name&quot;:&quot;time_zone_description&quot;,&quot;type&quot;:&quot;String&quot;,&quot;value&quot;:&quot;Eastern Time (US &amp; Canada)&quot;},{&quot;name&quot;:&quot;time_zone_iana_name&quot;,&quot;type&quot;:&quot;String&quot;,&quot;value&quot;:&quot;America/New_York&quot;},{&quot;name&quot;:&quot;time_zone_offset&quot;,&quot;type&quot;:&quot;String&quot;,&quot;value&quot;:&quot;-05:00&quot;},{&quot;name&quot;:&quot;updated_at&quot;,&quot;type&quot;:&quot;DateTime&quot;,&quot;value&quot;:&quot;2017-07-27T04:57:50Z&quot;},{&quot;name&quot;:&quot;created_at&quot;,&quot;type&quot;:&quot;DateTime&quot;,&quot;value&quot;:&quot;2017-07-27T04:57:49Z&quot;},{&quot;name&quot;:&quot;has_reached_roster_limit&quot;,&quot;type&quot;:&quot;Boolean&quot;,&quot;value&quot;:false},{&quot;name&quot;:&quot;roster_limit&quot;,&quot;type&quot;:&quot;Integer&quot;,&quot;value&quot;:4000},{&quot;name&quot;:&quot;has_exportable_media&quot;,&quot;type&quot;:&quot;Boolean&quot;,&quot;value&quot;:false},{&quot;name&quot;:&quot;can_export_media&quot;,&quot;type&quot;:&quot;Boolean&quot;,&quot;value&quot;:false},{&quot;name&quot;:&quot;last_accessed_at&quot;,&quot;type&quot;:&quot;DateTime&quot;,&quot;value&quot;:null},{&quot;name&quot;:&quot;media_storage_used&quot;,&quot;type&quot;:&quot;Integer&quot;,&quot;value&quot;:0},{&quot;name&quot;:&quot;humanized_media_storage_used&quot;,&quot;type&quot;:&quot;String&quot;,&quot;value&quot;:&quot;0 B&quot;},{&quot;name&quot;:&quot;is_game_day&quot;,&quot;type&quot;:&quot;Boolean&quot;,&quot;value&quot;:false},{&quot;name&quot;:&quot;is_gateway_required_for_sms&quot;,&quot;type&quot;:&quot;Boolean&quot;,&quot;value&quot;:false}],&quot;rel&quot;:&quot;team-3250036&quot;,&quot;links&quot;:[{&quot;rel&quot;:&quot;assignments&quot;,&quot;href&quot;:&quot;https://api.teamsnap.com/v3/assignments/search?team_id=3250036&quot;},{&quot;rel&quot;:&quot;availabilities&quot;,&quot;href&quot;:&quot;https://api.teamsnap.com/v3/availabilities/search?team_id=3250036&quot;},{&quot;rel&quot;:&quot;broadcast_email_attachments&quot;,&quot;href&quot;:&quot;https://api.teamsnap.com/v3/broadcast_email_attachments/search?team_id=3250036&quot;},{&quot;rel&quot;:&quot;broadcast_emails&quot;,&quot;href&quot;:&quot;https://api.teamsnap.com/v3/broadcast_emails/search?team_id=3250036&quot;},{&quot;rel&quot;:&quot;broadcast_alerts&quot;,&quot;href&quot;:&quot;https://api.teamsnap.com/v3/broadcast_alerts/search?team_id=3250036&quot;},{&quot;rel&quot;:&quot;calendar_http&quot;,&quot;href&quot;:&quot;http://ical-cdn.teamsnap.com/team_schedule/a06e84e1-f224-408e-bc75-cfe15188d598.ics&quot;},{&quot;rel&quot;:&quot;calendar_http_games_only&quot;,&quot;href&quot;:&quot;http://ical-cdn.teamsnap.com/team_schedule/filter/games/a06e84e1-f224-408e-bc75-cfe15188d598.ics&quot;},{&quot;rel&quot;:&quot;calendar_webcal&quot;,&quot;href&quot;:&quot;webcal://ical-cdn.teamsnap.com/team_schedule/a06e84e1-f224-408e-bc75-cfe15188d598.ics&quot;},{&quot;rel&quot;:&quot;calendar_webcal_games_only&quot;,&quot;href&quot;:&quot;webcal://ical-cdn.teamsnap.com/team_schedule/filter/games/a06e84e1-f224-408e-bc75-cfe15188d598.ics&quot;},{&quot;rel&quot;:&quot;commissioners&quot;,&quot;href&quot;:&quot;https://api.teamsnap.com/v3/members/commissioners?team_id=3250036&quot;},{&quot;rel&quot;:&quot;contact_email_addresses&quot;,&quot;href&quot;:&quot;https://api.teamsnap.com/v3/contact_email_addresses/search?team_id=3250036&quot;},{&quot;rel&quot;:&quot;contact_phone_numbers&quot;,&quot;href&quot;:&quot;https://api.teamsnap.com/v3/contact_phone_numbers/search?team_id=3250036&quot;},{&quot;rel&quot;:&quot;contacts&quot;,&quot;href&quot;:&quot;https://api.teamsnap.com/v3/contacts/search?team_id=3250036&quot;},{&quot;rel&quot;:&quot;custom_data&quot;,&quot;href&quot;:&quot;https://api.teamsnap.com/v3/custom_data/search?team_id=3250036&quot;},{&quot;rel&quot;:&quot;custom_fields&quot;,&quot;href&quot;:&quot;https://api.teamsnap.com/v3/custom_fields/search?team_id=3250036&quot;},{&quot;rel&quot;:&quot;division_contact_email_addresses&quot;,&quot;href&quot;:&quot;https://api.teamsnap.com/v3/division_contact_email_addresses/search?team_id=3250036&quot;},{&quot;rel&quot;:&quot;division_contact_phone_numbers&quot;,&quot;href&quot;:&quot;https://api.teamsnap.com/v3/division_contact_phone_numbers/search?team_id=3250036&quot;},{&quot;rel&quot;:&quot;division_contacts&quot;,&quot;href&quot;:&quot;https://api.teamsnap.com/v3/division_contacts/search?team_id=3250036&quot;},{&quot;rel&quot;:&quot;division_locations&quot;,&quot;href&quot;:&quot;https://api.teamsnap.com/v3/division_locations/search?team_id=3250036&quot;},{&quot;rel&quot;:&quot;division_member_email_addresses&quot;,&quot;href&quot;:&quot;https://api.teamsnap.com/v3/division_member_email_addresses/search?team_id=3250036&quot;},{&quot;rel&quot;:&quot;division_member_phone_numbers&quot;,&quot;href&quot;:&quot;https://api.teamsnap.com/v3/division_member_phone_numbers/search?team_id=3250036&quot;},{&quot;rel&quot;:&quot;division_members&quot;,&quot;href&quot;:&quot;https://api.teamsnap.com/v3/division_members/search?team_id=3250036&quot;},{&quot;rel&quot;:&quot;division_members_preferences&quot;,&quot;href&quot;:&quot;https://api.teamsnap.com/v3/division_members_preferences/search?team_id=3250036&quot;},{&quot;rel&quot;:&quot;division_team_standings&quot;,&quot;href&quot;:&quot;https://api.teamsnap.com/v3/division_team_standings/search?team_id=3250036&quot;},{&quot;rel&quot;:&quot;forum_posts&quot;,&quot;href&quot;:&quot;https://api.teamsnap.com/v3/forum_posts/search?team_id=3250036&quot;},{&quot;rel&quot;:&quot;forum_subscriptions&quot;,&quot;href&quot;:&quot;https://api.teamsnap.com/v3/forum_subscriptions/search?team_id=3250036&quot;},{&quot;rel&quot;:&quot;forum_topics&quot;,&quot;href&quot;:&quot;https://api.teamsnap.com/v3/forum_topics/search?team_id=3250036&quot;},{&quot;rel&quot;:&quot;event_statistics&quot;,&quot;href&quot;:&quot;https://api.teamsnap.com/v3/event_statistics/search?team_id=3250036&quot;},{&quot;rel&quot;:&quot;events&quot;,&quot;href&quot;:&quot;https://api.teamsnap.com/v3/events/search?team_id=3250036&quot;},{&quot;rel&quot;:&quot;events_csv_export&quot;,&quot;href&quot;:&quot;https://api.teamsnap.com/v3/exports/events_csv?hs=7DnM5n5ksZe6FZ8%252FwffMKoPrWaQklIWu%252BgFOfiaQTy5t4HMpYoh7Lv2kMC4I8h0CJ3Zf4gHo%252Bv9HkgK6touRGLngqVq3hUbOGLc0f2SOJEgClcKuaJnNeS4uvY4MyjJzxKnY48uTlqTywST5ZsEodA%253D%253D&quot;},{&quot;rel&quot;:&quot;events_overview&quot;,&quot;href&quot;:&quot;https://api.teamsnap.com/v3/events/overview?team_id=3250036&quot;},{&quot;rel&quot;:&quot;league_custom_data&quot;,&quot;href&quot;:&quot;https://api.teamsnap.com/v3/league_custom_data/search?team_id=3250036&quot;},{&quot;rel&quot;:&quot;league_custom_fields&quot;,&quot;href&quot;:&quot;https://api.teamsnap.com/v3/league_custom_fields/search?team_id=3250036&quot;},{&quot;rel&quot;:&quot;league_registrant_documents&quot;,&quot;href&quot;:&quot;https://api.teamsnap.com/v3/league_registrant_documents/search?member_id=3250036&quot;},{&quot;rel&quot;:&quot;locations&quot;,&quot;href&quot;:&quot;https://api.teamsnap.com/v3/locations/search?team_id=3250036&quot;},{&quot;rel&quot;:&quot;managers&quot;,&quot;href&quot;:&quot;https://api.teamsnap.com/v3/members/managers?team_id=3250036&quot;},{&quot;rel&quot;:&quot;member_balances&quot;,&quot;href&quot;:&quot;https://api.teamsnap.com/v3/member_balances/search?team_id=3250036&quot;},{&quot;rel&quot;:&quot;member_email_addresses&quot;,&quot;href&quot;:&quot;https://api.teamsnap.com/v3/member_email_addresses/search?team_id=3250036&quot;},{&quot;rel&quot;:&quot;member_files&quot;,&quot;href&quot;:&quot;https://api.teamsnap.com/v3/member_files/search?team_id=3250036&quot;},{&quot;rel&quot;:&quot;member_links&quot;,&quot;href&quot;:&quot;https://api.teamsnap.com/v3/member_links/search?team_id=3250036&quot;},{&quot;rel&quot;:&quot;member_payments&quot;,&quot;href&quot;:&quot;https://api.teamsnap.com/v3/member_payments/search?team_id=3250036&quot;},{&quot;rel&quot;:&quot;member_phone_numbers&quot;,&quot;href&quot;:&quot;https://api.teamsnap.com/v3/member_phone_numbers/search?team_id=3250036&quot;},{&quot;rel&quot;:&quot;member_photos&quot;,&quot;href&quot;:&quot;https://api.teamsnap.com/v3/member_photos/search?team_id=3250036&quot;},{&quot;rel&quot;:&quot;member_statistics&quot;,&quot;href&quot;:&quot;https://api.teamsnap.com/v3/member_statistics/search?team_id=3250036&quot;},{&quot;rel&quot;:&quot;members&quot;,&quot;href&quot;:&quot;https://api.teamsnap.com/v3/members/search?team_id=3250036&quot;},{&quot;rel&quot;:&quot;members_csv_export&quot;,&quot;href&quot;:&quot;https://api.teamsnap.com/v3/exports/members_csv?hs=7DnM5n5ksZe6FZ8%252FwffMKoPrWaQklIWu%252BgFOfiaQTy5t4HMpYoh7Lv2kMC4I8h0CJ3Zf4gHo%252Bv9HkgK6touRGLngqVq3hUbOGLc0f2SOJEgClcKuaJnNeS4uvY4MyjJzxKnY48uTlqTywST5ZsEodA%253D%253D&quot;},{&quot;rel&quot;:&quot;members_preferences&quot;,&quot;href&quot;:&quot;https://api.teamsnap.com/v3/members_preferences/search?team_id=3250036&quot;},{&quot;rel&quot;:&quot;message_data&quot;,&quot;href&quot;:&quot;https://api.teamsnap.com/v3/message_data/search?team_id=3250036&quot;},{&quot;rel&quot;:&quot;messages&quot;,&quot;href&quot;:&quot;https://api.teamsnap.com/v3/messages/search?team_id=3250036&quot;},{&quot;rel&quot;:&quot;opponents&quot;,&quot;href&quot;:&quot;https://api.teamsnap.com/v3/opponents/search?team_id=3250036&quot;},{&quot;rel&quot;:&quot;opponents_results&quot;,&quot;href&quot;:&quot;https://api.teamsnap.com/v3/opponents_results/search?team_id=3250036&quot;},{&quot;rel&quot;:&quot;owner&quot;,&quot;href&quot;:&quot;https://api.teamsnap.com/v3/members/owner?team_id=3250036&quot;},{&quot;rel&quot;:&quot;payment_notes&quot;,&quot;href&quot;:&quot;https://api.teamsnap.com/v3/payment_notes/search?team_id=3250036&quot;},{&quot;rel&quot;:&quot;paypal_currency&quot;,&quot;href&quot;:&quot;https://api.teamsnap.com/v3/paypal_currencies/search?team_id=3250036&quot;},{&quot;rel&quot;:&quot;plan&quot;,&quot;href&quot;:&quot;https://api.teamsnap.com/v3/plans/17&quot;},{&quot;rel&quot;:&quot;sponsors&quot;,&quot;href&quot;:&quot;https://api.teamsnap.com/v3/sponsors/search?team_id=3250036&quot;},{&quot;rel&quot;:&quot;sport&quot;,&quot;href&quot;:&quot;https://api.teamsnap.com/v3/sports/51&quot;},{&quot;rel&quot;:&quot;statistics&quot;,&quot;href&quot;:&quot;https://api.teamsnap.com/v3/statistics/search?team_id=3250036&quot;},{&quot;rel&quot;:&quot;statistic_aggregates&quot;,&quot;href&quot;:&quot;https://api.teamsnap.com/v3/statistic_aggregates/search?team_id=3250036&quot;},{&quot;rel&quot;:&quot;statistic_data&quot;,&quot;href&quot;:&quot;https://api.teamsnap.com/v3/statistic_data/search?team_id=3250036&quot;},{&quot;rel&quot;:&quot;statistic_groups&quot;,&quot;href&quot;:&quot;https://api.teamsnap.com/v3/statistic_groups/search?team_id=3250036&quot;},{&quot;rel&quot;:&quot;team_fees&quot;,&quot;href&quot;:&quot;https://api.teamsnap.com/v3/team_fees/search?team_id=3250036&quot;},{&quot;rel&quot;:&quot;team_logo_photo_file&quot;,&quot;href&quot;:&quot;https://api.teamsnap.com/v3/photo_files/sport_logo/51-0&quot;},{&quot;rel&quot;:&quot;team_media&quot;,&quot;href&quot;:&quot;https://api.teamsnap.com/v3/team_media/search?team_id=3250036&quot;},{&quot;rel&quot;:&quot;team_medium_comments&quot;,&quot;href&quot;:&quot;https://api.teamsnap.com/v3/team_medium_comments/search?team_id=3250036&quot;},{&quot;rel&quot;:&quot;team_media_groups&quot;,&quot;href&quot;:&quot;https://api.teamsnap.com/v3/team_media_groups/search?team_id=3250036&quot;},{&quot;rel&quot;:&quot;team_paypal_preferences&quot;,&quot;href&quot;:&quot;https://api.teamsnap.com/v3/teams_paypal_preferences/3250036&quot;},{&quot;rel&quot;:&quot;team_photos&quot;,&quot;href&quot;:&quot;https://api.teamsnap.com/v3/team_photos/search&quot;},{&quot;rel&quot;:&quot;team_preferences&quot;,&quot;href&quot;:&quot;https://api.teamsnap.com/v3/teams_preferences/3250036&quot;},{&quot;rel&quot;:&quot;team_public_site&quot;,&quot;href&quot;:&quot;https://api.teamsnap.com/v3/team_public_sites/3250036&quot;},{&quot;rel&quot;:&quot;team_results&quot;,&quot;href&quot;:&quot;https://api.teamsnap.com/v3/teams_results/3250036&quot;},{&quot;rel&quot;:&quot;team_statistics&quot;,&quot;href&quot;:&quot;https://api.teamsnap.com/v3/team_statistics/search?team_id=3250036&quot;},{&quot;rel&quot;:&quot;tracked_item_statuses&quot;,&quot;href&quot;:&quot;https://api.teamsnap.com/v3/tracked_item_statuses/search?team_id=3250036&quot;},{&quot;rel&quot;:&quot;tracked_items&quot;,&quot;href&quot;:&quot;https://api.teamsnap.com/v3/tracked_items/search?team_id=3250036&quot;}],&quot;href&quot;:&quot;https://api.teamsnap.com/v3/teams/3250036&quot;}],&quot;commands&quot;:[{&quot;data&quot;:[{&quot;name&quot;:&quot;team_id&quot;,&quot;value&quot;:null},{&quot;name&quot;:&quot;contact_id&quot;,&quot;value&quot;:null},{&quot;name&quot;:&quot;member_id&quot;,&quot;value&quot;:null},{&quot;name&quot;:&quot;introduction&quot;,&quot;value&quot;:null},{&quot;name&quot;:&quot;notify_as_member_id&quot;,&quot;value&quot;:null}],&quot;rel&quot;:&quot;invite&quot;,&quot;href&quot;:&quot;https://api.teamsnap.com/v3/teams/invite&quot;,&quot;prompt&quot;:&quot;invite team members or contacts to join TeamSnap.&quot;},{&quot;data&quot;:[{&quot;name&quot;:&quot;team_id&quot;,&quot;value&quot;:null},{&quot;name&quot;:&quot;time_zone&quot;,&quot;value&quot;:null},{&quot;deprecated&quot;:true,&quot;name&quot;:&quot;offset_team_times&quot;,&quot;value&quot;:null,&quot;prompt&quot;:&quot;%{old} is deprecated and will be removed in a future version, use %{new} instead.&quot;}],&quot;rel&quot;:&quot;update_time_zone&quot;,&quot;href&quot;:&quot;https://api.teamsnap.com/v3/teams/update_time_zone&quot;,&quot;prompt&quot;:&quot;Update team&apos;s time zone. This is currently the only method of updating a team&apos;s time zone.&quot;},{&quot;data&quot;:[{&quot;name&quot;:&quot;team_id&quot;,&quot;value&quot;:null}],&quot;rel&quot;:&quot;reset_statistics&quot;,&quot;href&quot;:&quot;https://api.teamsnap.com/v3/teams/reset_statistics&quot;,&quot;prompt&quot;:&quot;Deletes all data, categories and groups for a given team_id&quot;},{&quot;data&quot;:[{&quot;name&quot;:&quot;id&quot;,&quot;value&quot;:null}],&quot;rel&quot;:&quot;invite_team_owners&quot;,&quot;href&quot;:&quot;https://api.teamsnap.com/v3/teams/invite_team_owners&quot;,&quot;prompt&quot;:&quot;Beta: (This endpoint subject to change) Allow commissioners to send invitations to all owners on active teams in the division.&quot;},{&quot;data&quot;:[{&quot;name&quot;:&quot;team_id&quot;,&quot;value&quot;:null},{&quot;name&quot;:&quot;member_id&quot;,&quot;value&quot;:null}],&quot;rel&quot;:&quot;change_owner&quot;,&quot;href&quot;:&quot;https://api.teamsnap.com/v3/teams/change_owner&quot;,&quot;prompt&quot;:&quot;Beta: (This endpoint subject to change) Allow commissioners to change the owner of a league team.&quot;},{&quot;data&quot;:[{&quot;name&quot;:&quot;team_ids&quot;,&quot;value&quot;:null}],&quot;rel&quot;:&quot;toggle_team_visibility_on_dashboard&quot;,&quot;href&quot;:&quot;https://api.teamsnap.com/v3/teams/toggle_team_visibility_on_dashboard&quot;,&quot;prompt&quot;:&quot;Toggles the visibility of teams on the list of active teams, per user. Requires a single id or a comma separated list of &apos;team_id&apos;s&quot;}]}}
Aug 05, 2017 6:33:27 PM teamsnap.apiClient.Query execute
INFO: {&quot;collection&quot;:{&quot;template&quot;:{&quot;data&quot;:[{&quot;name&quot;:&quot;type&quot;,&quot;value&quot;:&quot;event&quot;},{&quot;name&quot;:&quot;additional_location_details&quot;,&quot;value&quot;:null},{&quot;name&quot;:&quot;browser_time_zone&quot;,&quot;value&quot;:null},{&quot;name&quot;:&quot;division_location_id&quot;,&quot;value&quot;:null},{&quot;name&quot;:&quot;doesnt_count_towards_record&quot;,&quot;value&quot;:null},{&quot;name&quot;:&quot;duration_in_minutes&quot;,&quot;value&quot;:null},{&quot;name&quot;:&quot;game_type_code&quot;,&quot;value&quot;:null},{&quot;name&quot;:&quot;icon_color&quot;,&quot;value&quot;:null},{&quot;name&quot;:&quot;is_canceled&quot;,&quot;value&quot;:null},{&quot;name&quot;:&quot;is_game&quot;,&quot;value&quot;:null},{&quot;name&quot;:&quot;is_overtime&quot;,&quot;value&quot;:null},{&quot;name&quot;:&quot;is_shootout&quot;,&quot;value&quot;:null},{&quot;name&quot;:&quot;is_tbd&quot;,&quot;value&quot;:null},{&quot;name&quot;:&quot;label&quot;,&quot;value&quot;:null},{&quot;name&quot;:&quot;location_id&quot;,&quot;value&quot;:null},{&quot;name&quot;:&quot;minutes_to_arrive_early&quot;,&quot;value&quot;:null},{&quot;name&quot;:&quot;name&quot;,&quot;value&quot;:null},{&quot;name&quot;:&quot;notes&quot;,&quot;value&quot;:null},{&quot;name&quot;:&quot;notify_opponent&quot;,&quot;value&quot;:null},{&quot;name&quot;:&quot;notify_opponent_contacts_email&quot;,&quot;value&quot;:null},{&quot;name&quot;:&quot;notify_opponent_contacts_name&quot;,&quot;value&quot;:null},{&quot;name&quot;:&quot;notify_opponent_notes&quot;,&quot;value&quot;:null},{&quot;name&quot;:&quot;notify_team&quot;,&quot;value&quot;:null},{&quot;name&quot;:&quot;notify_team_as_member_id&quot;,&quot;value&quot;:null},{&quot;name&quot;:&quot;opponent_id&quot;,&quot;value&quot;:null},{&quot;name&quot;:&quot;points_for_opponent&quot;,&quot;value&quot;:null},{&quot;name&quot;:&quot;points_for_team&quot;,&quot;value&quot;:null},{&quot;name&quot;:&quot;repeating_include&quot;,&quot;value&quot;:null,&quot;prompt&quot;:&quot;When updating a repeating event, this is a required field. Values are: \&quot;all\&quot; - updates all events in this series, \&quot;future\&quot; - updates this event and all that occur after, \&quot;none\&quot; - only updates a single event.&quot;},{&quot;name&quot;:&quot;repeating_type_code&quot;,&quot;value&quot;:null,&quot;prompt&quot;:&quot;A code for the frequency of the repeated event, this is required with the \&quot;repeating_include\&quot; attribute when creating a repeating event. Valid values are: \&quot;1\&quot; - repeat an event daily, \&quot;2\&quot; - repeat an event weekly.&quot;},{&quot;name&quot;:&quot;repeating_until&quot;,&quot;value&quot;:null,&quot;prompt&quot;:&quot;A date when the repeating event should end, this is inclusive so an event will be created on this day if it falls before the next event specified by \&quot;repeating_type_code\&quot;. This attribute is required with \&quot;repeating_type_code\&quot; when creating a repeating event.&quot;},{&quot;name&quot;:&quot;results&quot;,&quot;value&quot;:null},{&quot;name&quot;:&quot;results_url&quot;,&quot;value&quot;:null},{&quot;name&quot;:&quot;shootout_points_for_opponent&quot;,&quot;value&quot;:null},{&quot;name&quot;:&quot;shootout_points_for_team&quot;,&quot;value&quot;:null},{&quot;name&quot;:&quot;start_date&quot;,&quot;value&quot;:null},{&quot;name&quot;:&quot;team_id&quot;,&quot;value&quot;:null},{&quot;name&quot;:&quot;time_zone&quot;,&quot;value&quot;:null},{&quot;name&quot;:&quot;tracks_availability&quot;,&quot;value&quot;:null},{&quot;name&quot;:&quot;uniform&quot;,&quot;value&quot;:null}]},&quot;rel&quot;:&quot;events&quot;,&quot;links&quot;:[{&quot;rel&quot;:&quot;assignments&quot;,&quot;href&quot;:&quot;https://api.teamsnap.com/v3/assignments&quot;},{&quot;rel&quot;:&quot;availabilities&quot;,&quot;href&quot;:&quot;https://api.teamsnap.com/v3/availabilities&quot;},{&quot;rel&quot;:&quot;division_location&quot;,&quot;href&quot;:&quot;https://api.teamsnap.com/v3/division_locations&quot;},{&quot;rel&quot;:&quot;event_statistics&quot;,&quot;href&quot;:&quot;https://api.teamsnap.com/v3/event_statistics&quot;},{&quot;rel&quot;:&quot;location&quot;,&quot;href&quot;:&quot;https://api.teamsnap.com/v3/locations&quot;},{&quot;rel&quot;:&quot;opponent&quot;,&quot;href&quot;:&quot;https://api.teamsnap.com/v3/opponents&quot;},{&quot;rel&quot;:&quot;statistic_data&quot;,&quot;href&quot;:&quot;https://api.teamsnap.com/v3/statistic_data&quot;},{&quot;rel&quot;:&quot;team&quot;,&quot;href&quot;:&quot;https://api.teamsnap.com/v3/teams&quot;},{&quot;rel&quot;:&quot;root&quot;,&quot;href&quot;:&quot;https://api.teamsnap.com/v3/&quot;},{&quot;rel&quot;:&quot;self&quot;,&quot;href&quot;:&quot;https://api.teamsnap.com/v3/events/search?team_id=3250030&quot;}],&quot;href&quot;:&quot;https://api.teamsnap.com/v3/events&quot;,&quot;version&quot;:&quot;3.518.0&quot;,&quot;queries&quot;:[{&quot;data&quot;:[{&quot;name&quot;:&quot;team_id&quot;,&quot;value&quot;:null},{&quot;name&quot;:&quot;location_id&quot;,&quot;value&quot;:null},{&quot;name&quot;:&quot;opponent_id&quot;,&quot;value&quot;:null},{&quot;name&quot;:&quot;started_after&quot;,&quot;value&quot;:null},{&quot;name&quot;:&quot;started_before&quot;,&quot;value&quot;:null},{&quot;name&quot;:&quot;repeating_uuid&quot;,&quot;value&quot;:null},{&quot;name&quot;:&quot;id&quot;,&quot;value&quot;:null},{&quot;name&quot;:&quot;is_game&quot;,&quot;value&quot;:null},{&quot;name&quot;:&quot;updated_since&quot;,&quot;value&quot;:null},{&quot;name&quot;:&quot;page_size&quot;,&quot;value&quot;:null,&quot;prompt&quot;:&quot;The number of items to return for each page. Sending this parameter with the query will enable paging for the returned collection.&quot;},{&quot;name&quot;:&quot;page_number&quot;,&quot;value&quot;:null,&quot;prompt&quot;:&quot;The number of the page to be returned. This requires that paging be turned on by also providing the page_size parameter.&quot;},{&quot;name&quot;:&quot;sort_start_date&quot;,&quot;value&quot;:null,&quot;prompt&quot;:&quot;Sort the returned dataset based on the start_date field, valid values are &apos;asc&apos; or &apos;desc&apos;.&quot;}],&quot;rel&quot;:&quot;search&quot;,&quot;sort&quot;:[&quot;start_date&quot;],&quot;href&quot;:&quot;https://api.teamsnap.com/v3/events/search&quot;},{&quot;data&quot;:[{&quot;name&quot;:&quot;team_id&quot;,&quot;value&quot;:null},{&quot;name&quot;:&quot;page_size&quot;,&quot;value&quot;:null,&quot;prompt&quot;:&quot;The number of items to return for each page. Sending this parameter with the query will enable paging for the returned collection.&quot;},{&quot;name&quot;:&quot;page_number&quot;,&quot;value&quot;:null,&quot;prompt&quot;:&quot;The number of the page to be returned. This requires that paging be turned on by also providing the page_size parameter.&quot;}],&quot;rel&quot;:&quot;search_games&quot;,&quot;href&quot;:&quot;https://api.teamsnap.com/v3/events/search_games&quot;},{&quot;data&quot;:[{&quot;name&quot;:&quot;team_id&quot;,&quot;value&quot;:null}],&quot;rel&quot;:&quot;overview&quot;,&quot;href&quot;:&quot;https://api.teamsnap.com/v3/events/overview&quot;}],&quot;commands&quot;:[{&quot;data&quot;:[{&quot;name&quot;:&quot;id&quot;,&quot;value&quot;:null},{&quot;name&quot;:&quot;members_to_notify&quot;,&quot;value&quot;:null},{&quot;name&quot;:&quot;notify_team_as_member_id&quot;,&quot;value&quot;:null}],&quot;rel&quot;:&quot;send_availability_reminders&quot;,&quot;href&quot;:&quot;https://api.teamsnap.com/v3/events/send_availability_reminders&quot;,&quot;prompt&quot;:&quot;members_to_notify = [member_id, member_id]&quot;},{&quot;data&quot;:[{&quot;name&quot;:&quot;id&quot;,&quot;value&quot;:null},{&quot;name&quot;:&quot;points_for_team&quot;,&quot;value&quot;:null},{&quot;name&quot;:&quot;points_for_opponent&quot;,&quot;value&quot;:null},{&quot;name&quot;:&quot;shootout_points_for_team&quot;,&quot;value&quot;:null},{&quot;name&quot;:&quot;shootout_points_for_opponent&quot;,&quot;value&quot;:null},{&quot;name&quot;:&quot;is_overtime&quot;,&quot;value&quot;:null},{&quot;name&quot;:&quot;is_shootout&quot;,&quot;value&quot;:null},{&quot;name&quot;:&quot;results&quot;,&quot;value&quot;:null},{&quot;name&quot;:&quot;results_url&quot;,&quot;value&quot;:null}],&quot;rel&quot;:&quot;update_final_score&quot;,&quot;href&quot;:&quot;https://api.teamsnap.com/v3/events/update_final_score&quot;,&quot;prompt&quot;:&quot;Update the final score for an event&quot;},{&quot;data&quot;:[{&quot;name&quot;:&quot;templates&quot;,&quot;value&quot;:null},{&quot;name&quot;:&quot;team_id&quot;,&quot;value&quot;:null},{&quot;name&quot;:&quot;notify_team_as_member_id&quot;,&quot;value&quot;:null},{&quot;name&quot;:&quot;notify_team&quot;,&quot;value&quot;:null}],&quot;rel&quot;:&quot;bulk_create&quot;,&quot;href&quot;:&quot;https://api.teamsnap.com/v3/events/bulk_create&quot;,&quot;prompt&quot;:&quot;event_ids = [event_id, event_id]&quot;}]}}
Aug 05, 2017 6:33:27 PM teamsnap.apiClient.Query execute
INFO: {&quot;collection&quot;:{&quot;template&quot;:{&quot;data&quot;:[{&quot;name&quot;:&quot;type&quot;,&quot;value&quot;:&quot;event&quot;},{&quot;name&quot;:&quot;additional_location_details&quot;,&quot;value&quot;:null},{&quot;name&quot;:&quot;browser_time_zone&quot;,&quot;value&quot;:null},{&quot;name&quot;:&quot;division_location_id&quot;,&quot;value&quot;:null},{&quot;name&quot;:&quot;doesnt_count_towards_record&quot;,&quot;value&quot;:null},{&quot;name&quot;:&quot;duration_in_minutes&quot;,&quot;value&quot;:null},{&quot;name&quot;:&quot;game_type_code&quot;,&quot;value&quot;:null},{&quot;name&quot;:&quot;icon_color&quot;,&quot;value&quot;:null},{&quot;name&quot;:&quot;is_canceled&quot;,&quot;value&quot;:null},{&quot;name&quot;:&quot;is_game&quot;,&quot;value&quot;:null},{&quot;name&quot;:&quot;is_overtime&quot;,&quot;value&quot;:null},{&quot;name&quot;:&quot;is_shootout&quot;,&quot;value&quot;:null},{&quot;name&quot;:&quot;is_tbd&quot;,&quot;value&quot;:null},{&quot;name&quot;:&quot;label&quot;,&quot;value&quot;:null},{&quot;name&quot;:&quot;location_id&quot;,&quot;value&quot;:null},{&quot;name&quot;:&quot;minutes_to_arrive_early&quot;,&quot;value&quot;:null},{&quot;name&quot;:&quot;name&quot;,&quot;value&quot;:null},{&quot;name&quot;:&quot;notes&quot;,&quot;value&quot;:null},{&quot;name&quot;:&quot;notify_opponent&quot;,&quot;value&quot;:null},{&quot;name&quot;:&quot;notify_opponent_contacts_email&quot;,&quot;value&quot;:null},{&quot;name&quot;:&quot;notify_opponent_contacts_name&quot;,&quot;value&quot;:null},{&quot;name&quot;:&quot;notify_opponent_notes&quot;,&quot;value&quot;:null},{&quot;name&quot;:&quot;notify_team&quot;,&quot;value&quot;:null},{&quot;name&quot;:&quot;notify_team_as_member_id&quot;,&quot;value&quot;:null},{&quot;name&quot;:&quot;opponent_id&quot;,&quot;value&quot;:null},{&quot;name&quot;:&quot;points_for_opponent&quot;,&quot;value&quot;:null},{&quot;name&quot;:&quot;points_for_team&quot;,&quot;value&quot;:null},{&quot;name&quot;:&quot;repeating_include&quot;,&quot;value&quot;:null,&quot;prompt&quot;:&quot;When updating a repeating event, this is a required field. Values are: \&quot;all\&quot; - updates all events in this series, \&quot;future\&quot; - updates this event and all that occur after, \&quot;none\&quot; - only updates a single event.&quot;},{&quot;name&quot;:&quot;repeating_type_code&quot;,&quot;value&quot;:null,&quot;prompt&quot;:&quot;A code for the frequency of the repeated event, this is required with the \&quot;repeating_include\&quot; attribute when creating a repeating event. Valid values are: \&quot;1\&quot; - repeat an event daily, \&quot;2\&quot; - repeat an event weekly.&quot;},{&quot;name&quot;:&quot;repeating_until&quot;,&quot;value&quot;:null,&quot;prompt&quot;:&quot;A date when the repeating event should end, this is inclusive so an event will be created on this day if it falls before the next event specified by \&quot;repeating_type_code\&quot;. This attribute is required with \&quot;repeating_type_code\&quot; when creating a repeating event.&quot;},{&quot;name&quot;:&quot;results&quot;,&quot;value&quot;:null},{&quot;name&quot;:&quot;results_url&quot;,&quot;value&quot;:null},{&quot;name&quot;:&quot;shootout_points_for_opponent&quot;,&quot;value&quot;:null},{&quot;name&quot;:&quot;shootout_points_for_team&quot;,&quot;value&quot;:null},{&quot;name&quot;:&quot;start_date&quot;,&quot;value&quot;:null},{&quot;name&quot;:&quot;team_id&quot;,&quot;value&quot;:null},{&quot;name&quot;:&quot;time_zone&quot;,&quot;value&quot;:null},{&quot;name&quot;:&quot;tracks_availability&quot;,&quot;value&quot;:null},{&quot;name&quot;:&quot;uniform&quot;,&quot;value&quot;:null}]},&quot;rel&quot;:&quot;events&quot;,&quot;links&quot;:[{&quot;rel&quot;:&quot;assignments&quot;,&quot;href&quot;:&quot;https://api.teamsnap.com/v3/assignments&quot;},{&quot;rel&quot;:&quot;availabilities&quot;,&quot;href&quot;:&quot;https://api.teamsnap.com/v3/availabilities&quot;},{&quot;rel&quot;:&quot;division_location&quot;,&quot;href&quot;:&quot;https://api.teamsnap.com/v3/division_locations&quot;},{&quot;rel&quot;:&quot;event_statistics&quot;,&quot;href&quot;:&quot;https://api.teamsnap.com/v3/event_statistics&quot;},{&quot;rel&quot;:&quot;location&quot;,&quot;href&quot;:&quot;https://api.teamsnap.com/v3/locations&quot;},{&quot;rel&quot;:&quot;opponent&quot;,&quot;href&quot;:&quot;https://api.teamsnap.com/v3/opponents&quot;},{&quot;rel&quot;:&quot;statistic_data&quot;,&quot;href&quot;:&quot;https://api.teamsnap.com/v3/statistic_data&quot;},{&quot;rel&quot;:&quot;team&quot;,&quot;href&quot;:&quot;https://api.teamsnap.com/v3/teams&quot;},{&quot;rel&quot;:&quot;root&quot;,&quot;href&quot;:&quot;https://api.teamsnap.com/v3/&quot;},{&quot;rel&quot;:&quot;self&quot;,&quot;href&quot;:&quot;https://api.teamsnap.com/v3/events/search?team_id=3250034&quot;}],&quot;href&quot;:&quot;https://api.teamsnap.com/v3/events&quot;,&quot;version&quot;:&quot;3.518.0&quot;,&quot;queries&quot;:[{&quot;data&quot;:[{&quot;name&quot;:&quot;team_id&quot;,&quot;value&quot;:null},{&quot;name&quot;:&quot;location_id&quot;,&quot;value&quot;:null},{&quot;name&quot;:&quot;opponent_id&quot;,&quot;value&quot;:null},{&quot;name&quot;:&quot;started_after&quot;,&quot;value&quot;:null},{&quot;name&quot;:&quot;started_before&quot;,&quot;value&quot;:null},{&quot;name&quot;:&quot;repeating_uuid&quot;,&quot;value&quot;:null},{&quot;name&quot;:&quot;id&quot;,&quot;value&quot;:null},{&quot;name&quot;:&quot;is_game&quot;,&quot;value&quot;:null},{&quot;name&quot;:&quot;updated_since&quot;,&quot;value&quot;:null},{&quot;name&quot;:&quot;page_size&quot;,&quot;value&quot;:null,&quot;prompt&quot;:&quot;The number of items to return for each page. Sending this parameter with the query will enable paging for the returned collection.&quot;},{&quot;name&quot;:&quot;page_number&quot;,&quot;value&quot;:null,&quot;prompt&quot;:&quot;The number of the page to be returned. This requires that paging be turned on by also providing the page_size parameter.&quot;},{&quot;name&quot;:&quot;sort_start_date&quot;,&quot;value&quot;:null,&quot;prompt&quot;:&quot;Sort the returned dataset based on the start_date field, valid values are &apos;asc&apos; or &apos;desc&apos;.&quot;}],&quot;rel&quot;:&quot;search&quot;,&quot;sort&quot;:[&quot;start_date&quot;],&quot;href&quot;:&quot;https://api.teamsnap.com/v3/events/search&quot;},{&quot;data&quot;:[{&quot;name&quot;:&quot;team_id&quot;,&quot;value&quot;:null},{&quot;name&quot;:&quot;page_size&quot;,&quot;value&quot;:null,&quot;prompt&quot;:&quot;The number of items to return for each page. Sending this parameter with the query will enable paging for the returned collection.&quot;},{&quot;name&quot;:&quot;page_number&quot;,&quot;value&quot;:null,&quot;prompt&quot;:&quot;The number of the page to be returned. This requires that paging be turned on by also providing the page_size parameter.&quot;}],&quot;rel&quot;:&quot;search_games&quot;,&quot;href&quot;:&quot;https://api.teamsnap.com/v3/events/search_games&quot;},{&quot;data&quot;:[{&quot;name&quot;:&quot;team_id&quot;,&quot;value&quot;:null}],&quot;rel&quot;:&quot;overview&quot;,&quot;href&quot;:&quot;https://api.teamsnap.com/v3/events/overview&quot;}],&quot;commands&quot;:[{&quot;data&quot;:[{&quot;name&quot;:&quot;id&quot;,&quot;value&quot;:null},{&quot;name&quot;:&quot;members_to_notify&quot;,&quot;value&quot;:null},{&quot;name&quot;:&quot;notify_team_as_member_id&quot;,&quot;value&quot;:null}],&quot;rel&quot;:&quot;send_availability_reminders&quot;,&quot;href&quot;:&quot;https://api.teamsnap.com/v3/events/send_availability_reminders&quot;,&quot;prompt&quot;:&quot;members_to_notify = [member_id, member_id]&quot;},{&quot;data&quot;:[{&quot;name&quot;:&quot;id&quot;,&quot;value&quot;:null},{&quot;name&quot;:&quot;points_for_team&quot;,&quot;value&quot;:null},{&quot;name&quot;:&quot;points_for_opponent&quot;,&quot;value&quot;:null},{&quot;name&quot;:&quot;shootout_points_for_team&quot;,&quot;value&quot;:null},{&quot;name&quot;:&quot;shootout_points_for_opponent&quot;,&quot;value&quot;:null},{&quot;name&quot;:&quot;is_overtime&quot;,&quot;value&quot;:null},{&quot;name&quot;:&quot;is_shootout&quot;,&quot;value&quot;:null},{&quot;name&quot;:&quot;results&quot;,&quot;value&quot;:null},{&quot;name&quot;:&quot;results_url&quot;,&quot;value&quot;:null}],&quot;rel&quot;:&quot;update_final_score&quot;,&quot;href&quot;:&quot;https://api.teamsnap.com/v3/events/update_final_score&quot;,&quot;prompt&quot;:&quot;Update the final score for an event&quot;},{&quot;data&quot;:[{&quot;name&quot;:&quot;templates&quot;,&quot;value&quot;:null},{&quot;name&quot;:&quot;team_id&quot;,&quot;value&quot;:null},{&quot;name&quot;:&quot;notify_team_as_member_id&quot;,&quot;value&quot;:null},{&quot;name&quot;:&quot;notify_team&quot;,&quot;value&quot;:null}],&quot;rel&quot;:&quot;bulk_create&quot;,&quot;href&quot;:&quot;https://api.teamsnap.com/v3/events/bulk_create&quot;,&quot;prompt&quot;:&quot;event_ids = [event_id, event_id]&quot;}]}}
Aug 05, 2017 6:33:27 PM teamsnap.apiClient.Query execute
INFO: {&quot;collection&quot;:{&quot;template&quot;:{&quot;data&quot;:[{&quot;name&quot;:&quot;type&quot;,&quot;value&quot;:&quot;event&quot;},{&quot;name&quot;:&quot;additional_location_details&quot;,&quot;value&quot;:null},{&quot;name&quot;:&quot;browser_time_zone&quot;,&quot;value&quot;:null},{&quot;name&quot;:&quot;division_location_id&quot;,&quot;value&quot;:null},{&quot;name&quot;:&quot;doesnt_count_towards_record&quot;,&quot;value&quot;:null},{&quot;name&quot;:&quot;duration_in_minutes&quot;,&quot;value&quot;:null},{&quot;name&quot;:&quot;game_type_code&quot;,&quot;value&quot;:null},{&quot;name&quot;:&quot;icon_color&quot;,&quot;value&quot;:null},{&quot;name&quot;:&quot;is_canceled&quot;,&quot;value&quot;:null},{&quot;name&quot;:&quot;is_game&quot;,&quot;value&quot;:null},{&quot;name&quot;:&quot;is_overtime&quot;,&quot;value&quot;:null},{&quot;name&quot;:&quot;is_shootout&quot;,&quot;value&quot;:null},{&quot;name&quot;:&quot;is_tbd&quot;,&quot;value&quot;:null},{&quot;name&quot;:&quot;label&quot;,&quot;value&quot;:null},{&quot;name&quot;:&quot;location_id&quot;,&quot;value&quot;:null},{&quot;name&quot;:&quot;minutes_to_arrive_early&quot;,&quot;value&quot;:null},{&quot;name&quot;:&quot;name&quot;,&quot;value&quot;:null},{&quot;name&quot;:&quot;notes&quot;,&quot;value&quot;:null},{&quot;name&quot;:&quot;notify_opponent&quot;,&quot;value&quot;:null},{&quot;name&quot;:&quot;notify_opponent_contacts_email&quot;,&quot;value&quot;:null},{&quot;name&quot;:&quot;notify_opponent_contacts_name&quot;,&quot;value&quot;:null},{&quot;name&quot;:&quot;notify_opponent_notes&quot;,&quot;value&quot;:null},{&quot;name&quot;:&quot;notify_team&quot;,&quot;value&quot;:null},{&quot;name&quot;:&quot;notify_team_as_member_id&quot;,&quot;value&quot;:null},{&quot;name&quot;:&quot;opponent_id&quot;,&quot;value&quot;:null},{&quot;name&quot;:&quot;points_for_opponent&quot;,&quot;value&quot;:null},{&quot;name&quot;:&quot;points_for_team&quot;,&quot;value&quot;:null},{&quot;name&quot;:&quot;repeating_include&quot;,&quot;value&quot;:null,&quot;prompt&quot;:&quot;When updating a repeating event, this is a required field. Values are: \&quot;all\&quot; - updates all events in this series, \&quot;future\&quot; - updates this event and all that occur after, \&quot;none\&quot; - only updates a single event.&quot;},{&quot;name&quot;:&quot;repeating_type_code&quot;,&quot;value&quot;:null,&quot;prompt&quot;:&quot;A code for the frequency of the repeated event, this is required with the \&quot;repeating_include\&quot; attribute when creating a repeating event. Valid values are: \&quot;1\&quot; - repeat an event daily, \&quot;2\&quot; - repeat an event weekly.&quot;},{&quot;name&quot;:&quot;repeating_until&quot;,&quot;value&quot;:null,&quot;prompt&quot;:&quot;A date when the repeating event should end, this is inclusive so an event will be created on this day if it falls before the next event specified by \&quot;repeating_type_code\&quot;. This attribute is required with \&quot;repeating_type_code\&quot; when creating a repeating event.&quot;},{&quot;name&quot;:&quot;results&quot;,&quot;value&quot;:null},{&quot;name&quot;:&quot;results_url&quot;,&quot;value&quot;:null},{&quot;name&quot;:&quot;shootout_points_for_opponent&quot;,&quot;value&quot;:null},{&quot;name&quot;:&quot;shootout_points_for_team&quot;,&quot;value&quot;:null},{&quot;name&quot;:&quot;start_date&quot;,&quot;value&quot;:null},{&quot;name&quot;:&quot;team_id&quot;,&quot;value&quot;:null},{&quot;name&quot;:&quot;time_zone&quot;,&quot;value&quot;:null},{&quot;name&quot;:&quot;tracks_availability&quot;,&quot;value&quot;:null},{&quot;name&quot;:&quot;uniform&quot;,&quot;value&quot;:null}]},&quot;rel&quot;:&quot;events&quot;,&quot;links&quot;:[{&quot;rel&quot;:&quot;assignments&quot;,&quot;href&quot;:&quot;https://api.teamsnap.com/v3/assignments&quot;},{&quot;rel&quot;:&quot;availabilities&quot;,&quot;href&quot;:&quot;https://api.teamsnap.com/v3/availabilities&quot;},{&quot;rel&quot;:&quot;division_location&quot;,&quot;href&quot;:&quot;https://api.teamsnap.com/v3/division_locations&quot;},{&quot;rel&quot;:&quot;event_statistics&quot;,&quot;href&quot;:&quot;https://api.teamsnap.com/v3/event_statistics&quot;},{&quot;rel&quot;:&quot;location&quot;,&quot;href&quot;:&quot;https://api.teamsnap.com/v3/locations&quot;},{&quot;rel&quot;:&quot;opponent&quot;,&quot;href&quot;:&quot;https://api.teamsnap.com/v3/opponents&quot;},{&quot;rel&quot;:&quot;statistic_data&quot;,&quot;href&quot;:&quot;https://api.teamsnap.com/v3/statistic_data&quot;},{&quot;rel&quot;:&quot;team&quot;,&quot;href&quot;:&quot;https://api.teamsnap.com/v3/teams&quot;},{&quot;rel&quot;:&quot;root&quot;,&quot;href&quot;:&quot;https://api.teamsnap.com/v3/&quot;},{&quot;rel&quot;:&quot;self&quot;,&quot;href&quot;:&quot;https://api.teamsnap.com/v3/events/search?team_id=3250035&quot;}],&quot;href&quot;:&quot;https://api.teamsnap.com/v3/events&quot;,&quot;version&quot;:&quot;3.518.0&quot;,&quot;queries&quot;:[{&quot;data&quot;:[{&quot;name&quot;:&quot;team_id&quot;,&quot;value&quot;:null},{&quot;name&quot;:&quot;location_id&quot;,&quot;value&quot;:null},{&quot;name&quot;:&quot;opponent_id&quot;,&quot;value&quot;:null},{&quot;name&quot;:&quot;started_after&quot;,&quot;value&quot;:null},{&quot;name&quot;:&quot;started_before&quot;,&quot;value&quot;:null},{&quot;name&quot;:&quot;repeating_uuid&quot;,&quot;value&quot;:null},{&quot;name&quot;:&quot;id&quot;,&quot;value&quot;:null},{&quot;name&quot;:&quot;is_game&quot;,&quot;value&quot;:null},{&quot;name&quot;:&quot;updated_since&quot;,&quot;value&quot;:null},{&quot;name&quot;:&quot;page_size&quot;,&quot;value&quot;:null,&quot;prompt&quot;:&quot;The number of items to return for each page. Sending this parameter with the query will enable paging for the returned collection.&quot;},{&quot;name&quot;:&quot;page_number&quot;,&quot;value&quot;:null,&quot;prompt&quot;:&quot;The number of the page to be returned. This requires that paging be turned on by also providing the page_size parameter.&quot;},{&quot;name&quot;:&quot;sort_start_date&quot;,&quot;value&quot;:null,&quot;prompt&quot;:&quot;Sort the returned dataset based on the start_date field, valid values are &apos;asc&apos; or &apos;desc&apos;.&quot;}],&quot;rel&quot;:&quot;search&quot;,&quot;sort&quot;:[&quot;start_date&quot;],&quot;href&quot;:&quot;https://api.teamsnap.com/v3/events/search&quot;},{&quot;data&quot;:[{&quot;name&quot;:&quot;team_id&quot;,&quot;value&quot;:null},{&quot;name&quot;:&quot;page_size&quot;,&quot;value&quot;:null,&quot;prompt&quot;:&quot;The number of items to return for each page. Sending this parameter with the query will enable paging for the returned collection.&quot;},{&quot;name&quot;:&quot;page_number&quot;,&quot;value&quot;:null,&quot;prompt&quot;:&quot;The number of the page to be returned. This requires that paging be turned on by also providing the page_size parameter.&quot;}],&quot;rel&quot;:&quot;search_games&quot;,&quot;href&quot;:&quot;https://api.teamsnap.com/v3/events/search_games&quot;},{&quot;data&quot;:[{&quot;name&quot;:&quot;team_id&quot;,&quot;value&quot;:null}],&quot;rel&quot;:&quot;overview&quot;,&quot;href&quot;:&quot;https://api.teamsnap.com/v3/events/overview&quot;}],&quot;commands&quot;:[{&quot;data&quot;:[{&quot;name&quot;:&quot;id&quot;,&quot;value&quot;:null},{&quot;name&quot;:&quot;members_to_notify&quot;,&quot;value&quot;:null},{&quot;name&quot;:&quot;notify_team_as_member_id&quot;,&quot;value&quot;:null}],&quot;rel&quot;:&quot;send_availability_reminders&quot;,&quot;href&quot;:&quot;https://api.teamsnap.com/v3/events/send_availability_reminders&quot;,&quot;prompt&quot;:&quot;members_to_notify = [member_id, member_id]&quot;},{&quot;data&quot;:[{&quot;name&quot;:&quot;id&quot;,&quot;value&quot;:null},{&quot;name&quot;:&quot;points_for_team&quot;,&quot;value&quot;:null},{&quot;name&quot;:&quot;points_for_opponent&quot;,&quot;value&quot;:null},{&quot;name&quot;:&quot;shootout_points_for_team&quot;,&quot;value&quot;:null},{&quot;name&quot;:&quot;shootout_points_for_opponent&quot;,&quot;value&quot;:null},{&quot;name&quot;:&quot;is_overtime&quot;,&quot;value&quot;:null},{&quot;name&quot;:&quot;is_shootout&quot;,&quot;value&quot;:null},{&quot;name&quot;:&quot;results&quot;,&quot;value&quot;:null},{&quot;name&quot;:&quot;results_url&quot;,&quot;value&quot;:null}],&quot;rel&quot;:&quot;update_final_score&quot;,&quot;href&quot;:&quot;https://api.teamsnap.com/v3/events/update_final_score&quot;,&quot;prompt&quot;:&quot;Update the final score for an event&quot;},{&quot;data&quot;:[{&quot;name&quot;:&quot;templates&quot;,&quot;value&quot;:null},{&quot;name&quot;:&quot;team_id&quot;,&quot;value&quot;:null},{&quot;name&quot;:&quot;notify_team_as_member_id&quot;,&quot;value&quot;:null},{&quot;name&quot;:&quot;notify_team&quot;,&quot;value&quot;:null}],&quot;rel&quot;:&quot;bulk_create&quot;,&quot;href&quot;:&quot;https://api.teamsnap.com/v3/events/bulk_create&quot;,&quot;prompt&quot;:&quot;event_ids = [event_id, event_id]&quot;}]}}
Aug 05, 2017 6:33:27 PM teamsnap.apiClient.Query execute
INFO: {&quot;collection&quot;:{&quot;template&quot;:{&quot;data&quot;:[{&quot;name&quot;:&quot;type&quot;,&quot;value&quot;:&quot;event&quot;},{&quot;name&quot;:&quot;additional_location_details&quot;,&quot;value&quot;:null},{&quot;name&quot;:&quot;browser_time_zone&quot;,&quot;value&quot;:null},{&quot;name&quot;:&quot;division_location_id&quot;,&quot;value&quot;:null},{&quot;name&quot;:&quot;doesnt_count_towards_record&quot;,&quot;value&quot;:null},{&quot;name&quot;:&quot;duration_in_minutes&quot;,&quot;value&quot;:null},{&quot;name&quot;:&quot;game_type_code&quot;,&quot;value&quot;:null},{&quot;name&quot;:&quot;icon_color&quot;,&quot;value&quot;:null},{&quot;name&quot;:&quot;is_canceled&quot;,&quot;value&quot;:null},{&quot;name&quot;:&quot;is_game&quot;,&quot;value&quot;:null},{&quot;name&quot;:&quot;is_overtime&quot;,&quot;value&quot;:null},{&quot;name&quot;:&quot;is_shootout&quot;,&quot;value&quot;:null},{&quot;name&quot;:&quot;is_tbd&quot;,&quot;value&quot;:null},{&quot;name&quot;:&quot;label&quot;,&quot;value&quot;:null},{&quot;name&quot;:&quot;location_id&quot;,&quot;value&quot;:null},{&quot;name&quot;:&quot;minutes_to_arrive_early&quot;,&quot;value&quot;:null},{&quot;name&quot;:&quot;name&quot;,&quot;value&quot;:null},{&quot;name&quot;:&quot;notes&quot;,&quot;value&quot;:null},{&quot;name&quot;:&quot;notify_opponent&quot;,&quot;value&quot;:null},{&quot;name&quot;:&quot;notify_opponent_contacts_email&quot;,&quot;value&quot;:null},{&quot;name&quot;:&quot;notify_opponent_contacts_name&quot;,&quot;value&quot;:null},{&quot;name&quot;:&quot;notify_opponent_notes&quot;,&quot;value&quot;:null},{&quot;name&quot;:&quot;notify_team&quot;,&quot;value&quot;:null},{&quot;name&quot;:&quot;notify_team_as_member_id&quot;,&quot;value&quot;:null},{&quot;name&quot;:&quot;opponent_id&quot;,&quot;value&quot;:null},{&quot;name&quot;:&quot;points_for_opponent&quot;,&quot;value&quot;:null},{&quot;name&quot;:&quot;points_for_team&quot;,&quot;value&quot;:null},{&quot;name&quot;:&quot;repeating_include&quot;,&quot;value&quot;:null,&quot;prompt&quot;:&quot;When updating a repeating event, this is a required field. Values are: \&quot;all\&quot; - updates all events in this series, \&quot;future\&quot; - updates this event and all that occur after, \&quot;none\&quot; - only updates a single event.&quot;},{&quot;name&quot;:&quot;repeating_type_code&quot;,&quot;value&quot;:null,&quot;prompt&quot;:&quot;A code for the frequency of the repeated event, this is required with the \&quot;repeating_include\&quot; attribute when creating a repeating event. Valid values are: \&quot;1\&quot; - repeat an event daily, \&quot;2\&quot; - repeat an event weekly.&quot;},{&quot;name&quot;:&quot;repeating_until&quot;,&quot;value&quot;:null,&quot;prompt&quot;:&quot;A date when the repeating event should end, this is inclusive so an event will be created on this day if it falls before the next event specified by \&quot;repeating_type_code\&quot;. This attribute is required with \&quot;repeating_type_code\&quot; when creating a repeating event.&quot;},{&quot;name&quot;:&quot;results&quot;,&quot;value&quot;:null},{&quot;name&quot;:&quot;results_url&quot;,&quot;value&quot;:null},{&quot;name&quot;:&quot;shootout_points_for_opponent&quot;,&quot;value&quot;:null},{&quot;name&quot;:&quot;shootout_points_for_team&quot;,&quot;value&quot;:null},{&quot;name&quot;:&quot;start_date&quot;,&quot;value&quot;:null},{&quot;name&quot;:&quot;team_id&quot;,&quot;value&quot;:null},{&quot;name&quot;:&quot;time_zone&quot;,&quot;value&quot;:null},{&quot;name&quot;:&quot;tracks_availability&quot;,&quot;value&quot;:null},{&quot;name&quot;:&quot;uniform&quot;,&quot;value&quot;:null}]},&quot;rel&quot;:&quot;events&quot;,&quot;links&quot;:[{&quot;rel&quot;:&quot;assignments&quot;,&quot;href&quot;:&quot;https://api.teamsnap.com/v3/assignments&quot;},{&quot;rel&quot;:&quot;availabilities&quot;,&quot;href&quot;:&quot;https://api.teamsnap.com/v3/availabilities&quot;},{&quot;rel&quot;:&quot;division_location&quot;,&quot;href&quot;:&quot;https://api.teamsnap.com/v3/division_locations&quot;},{&quot;rel&quot;:&quot;event_statistics&quot;,&quot;href&quot;:&quot;https://api.teamsnap.com/v3/event_statistics&quot;},{&quot;rel&quot;:&quot;location&quot;,&quot;href&quot;:&quot;https://api.teamsnap.com/v3/locations&quot;},{&quot;rel&quot;:&quot;opponent&quot;,&quot;href&quot;:&quot;https://api.teamsnap.com/v3/opponents&quot;},{&quot;rel&quot;:&quot;statistic_data&quot;,&quot;href&quot;:&quot;https://api.teamsnap.com/v3/statistic_data&quot;},{&quot;rel&quot;:&quot;team&quot;,&quot;href&quot;:&quot;https://api.teamsnap.com/v3/teams&quot;},{&quot;rel&quot;:&quot;root&quot;,&quot;href&quot;:&quot;https://api.teamsnap.com/v3/&quot;},{&quot;rel&quot;:&quot;self&quot;,&quot;href&quot;:&quot;https://api.teamsnap.com/v3/events/search?team_id=3250036&quot;}],&quot;href&quot;:&quot;https://api.teamsnap.com/v3/events&quot;,&quot;version&quot;:&quot;3.518.0&quot;,&quot;queries&quot;:[{&quot;data&quot;:[{&quot;name&quot;:&quot;team_id&quot;,&quot;value&quot;:null},{&quot;name&quot;:&quot;location_id&quot;,&quot;value&quot;:null},{&quot;name&quot;:&quot;opponent_id&quot;,&quot;value&quot;:null},{&quot;name&quot;:&quot;started_after&quot;,&quot;value&quot;:null},{&quot;name&quot;:&quot;started_before&quot;,&quot;value&quot;:null},{&quot;name&quot;:&quot;repeating_uuid&quot;,&quot;value&quot;:null},{&quot;name&quot;:&quot;id&quot;,&quot;value&quot;:null},{&quot;name&quot;:&quot;is_game&quot;,&quot;value&quot;:null},{&quot;name&quot;:&quot;updated_since&quot;,&quot;value&quot;:null},{&quot;name&quot;:&quot;page_size&quot;,&quot;value&quot;:null,&quot;prompt&quot;:&quot;The number of items to return for each page. Sending this parameter with the query will enable paging for the returned collection.&quot;},{&quot;name&quot;:&quot;page_number&quot;,&quot;value&quot;:null,&quot;prompt&quot;:&quot;The number of the page to be returned. This requires that paging be turned on by also providing the page_size parameter.&quot;},{&quot;name&quot;:&quot;sort_start_date&quot;,&quot;value&quot;:null,&quot;prompt&quot;:&quot;Sort the returned dataset based on the start_date field, valid values are &apos;asc&apos; or &apos;desc&apos;.&quot;}],&quot;rel&quot;:&quot;search&quot;,&quot;sort&quot;:[&quot;start_date&quot;],&quot;href&quot;:&quot;https://api.teamsnap.com/v3/events/search&quot;},{&quot;data&quot;:[{&quot;name&quot;:&quot;team_id&quot;,&quot;value&quot;:null},{&quot;name&quot;:&quot;page_size&quot;,&quot;value&quot;:null,&quot;prompt&quot;:&quot;The number of items to return for each page. Sending this parameter with the query will enable paging for the returned collection.&quot;},{&quot;name&quot;:&quot;page_number&quot;,&quot;value&quot;:null,&quot;prompt&quot;:&quot;The number of the page to be returned. This requires that paging be turned on by also providing the page_size parameter.&quot;}],&quot;rel&quot;:&quot;search_games&quot;,&quot;href&quot;:&quot;https://api.teamsnap.com/v3/events/search_games&quot;},{&quot;data&quot;:[{&quot;name&quot;:&quot;team_id&quot;,&quot;value&quot;:null}],&quot;rel&quot;:&quot;overview&quot;,&quot;href&quot;:&quot;https://api.teamsnap.com/v3/events/overview&quot;}],&quot;commands&quot;:[{&quot;data&quot;:[{&quot;name&quot;:&quot;id&quot;,&quot;value&quot;:null},{&quot;name&quot;:&quot;members_to_notify&quot;,&quot;value&quot;:null},{&quot;name&quot;:&quot;notify_team_as_member_id&quot;,&quot;value&quot;:null}],&quot;rel&quot;:&quot;send_availability_reminders&quot;,&quot;href&quot;:&quot;https://api.teamsnap.com/v3/events/send_availability_reminders&quot;,&quot;prompt&quot;:&quot;members_to_notify = [member_id, member_id]&quot;},{&quot;data&quot;:[{&quot;name&quot;:&quot;id&quot;,&quot;value&quot;:null},{&quot;name&quot;:&quot;points_for_team&quot;,&quot;value&quot;:null},{&quot;name&quot;:&quot;points_for_opponent&quot;,&quot;value&quot;:null},{&quot;name&quot;:&quot;shootout_points_for_team&quot;,&quot;value&quot;:null},{&quot;name&quot;:&quot;shootout_points_for_opponent&quot;,&quot;value&quot;:null},{&quot;name&quot;:&quot;is_overtime&quot;,&quot;value&quot;:null},{&quot;name&quot;:&quot;is_shootout&quot;,&quot;value&quot;:null},{&quot;name&quot;:&quot;results&quot;,&quot;value&quot;:null},{&quot;name&quot;:&quot;results_url&quot;,&quot;value&quot;:null}],&quot;rel&quot;:&quot;update_final_score&quot;,&quot;href&quot;:&quot;https://api.teamsnap.com/v3/events/update_final_score&quot;,&quot;prompt&quot;:&quot;Update the final score for an event&quot;},{&quot;data&quot;:[{&quot;name&quot;:&quot;templates&quot;,&quot;value&quot;:null},{&quot;name&quot;:&quot;team_id&quot;,&quot;value&quot;:null},{&quot;name&quot;:&quot;notify_team_as_member_id&quot;,&quot;value&quot;:null},{&quot;name&quot;:&quot;notify_team&quot;,&quot;value&quot;:null}],&quot;rel&quot;:&quot;bulk_create&quot;,&quot;href&quot;:&quot;https://api.teamsnap.com/v3/events/bulk_create&quot;,&quot;prompt&quot;:&quot;event_ids = [event_id, event_id]&quot;}]}}
Aug 05, 2017 6:33:27 PM teamsnap.apiClient.Query execute
INFO: {&quot;collection&quot;:{&quot;template&quot;:{&quot;data&quot;:[{&quot;name&quot;:&quot;event_type&quot;,&quot;value&quot;:&quot;event&quot;},{&quot;name&quot;:&quot;duration_in_minutes&quot;,&quot;value&quot;:null},{&quot;name&quot;:&quot;duration_in_hours&quot;,&quot;value&quot;:null},{&quot;name&quot;:&quot;icon_color&quot;,&quot;value&quot;:null},{&quot;name&quot;:&quot;is_canceled&quot;,&quot;value&quot;:null},{&quot;name&quot;:&quot;is_tbd&quot;,&quot;value&quot;:null},{&quot;name&quot;:&quot;label&quot;,&quot;value&quot;:null},{&quot;name&quot;:&quot;location_id&quot;,&quot;value&quot;:null},{&quot;name&quot;:&quot;additional_location_details&quot;,&quot;value&quot;:null},{&quot;name&quot;:&quot;minutes_to_arrive_early&quot;,&quot;value&quot;:null},{&quot;name&quot;:&quot;name&quot;,&quot;value&quot;:null},{&quot;name&quot;:&quot;notes&quot;,&quot;value&quot;:null},{&quot;name&quot;:&quot;notify_team&quot;,&quot;value&quot;:null},{&quot;name&quot;:&quot;notify_team_as_member_id&quot;,&quot;value&quot;:null},{&quot;name&quot;:&quot;opponent_id&quot;,&quot;value&quot;:null},{&quot;name&quot;:&quot;start_date&quot;,&quot;value&quot;:null},{&quot;name&quot;:&quot;team_id&quot;,&quot;value&quot;:null},{&quot;name&quot;:&quot;division_id&quot;,&quot;value&quot;:null},{&quot;name&quot;:&quot;time_zone&quot;,&quot;value&quot;:null},{&quot;name&quot;:&quot;game_type_code&quot;,&quot;value&quot;:null},{&quot;name&quot;:&quot;doesnt_count_towards_record&quot;,&quot;value&quot;:null},{&quot;name&quot;:&quot;is_editing_restricted&quot;,&quot;value&quot;:null,&quot;prompt&quot;:&quot;This is an optional boolean value. When set to `true`, the created event will only be editable by the oauth application that created the event. This option is restricted to first-party applicaitons&quot;}]},&quot;rel&quot;:&quot;division_events&quot;,&quot;links&quot;:[{&quot;rel&quot;:&quot;assignments&quot;,&quot;href&quot;:&quot;https://api.teamsnap.com/v3/assignments&quot;},{&quot;rel&quot;:&quot;availabilities&quot;,&quot;href&quot;:&quot;https://api.teamsnap.com/v3/availabilities&quot;},{&quot;rel&quot;:&quot;division_event_import&quot;,&quot;href&quot;:&quot;https://api.teamsnap.com/v3/division_events_imports&quot;},{&quot;rel&quot;:&quot;division_location&quot;,&quot;href&quot;:&quot;https://api.teamsnap.com/v3/division_locations&quot;},{&quot;rel&quot;:&quot;event_statistics&quot;,&quot;href&quot;:&quot;https://api.teamsnap.com/v3/event_statistics&quot;},{&quot;rel&quot;:&quot;location&quot;,&quot;href&quot;:&quot;https://api.teamsnap.com/v3/locations&quot;},{&quot;rel&quot;:&quot;opponent&quot;,&quot;href&quot;:&quot;https://api.teamsnap.com/v3/opponents&quot;},{&quot;rel&quot;:&quot;statistic_data&quot;,&quot;href&quot;:&quot;https://api.teamsnap.com/v3/statistic_data&quot;},{&quot;rel&quot;:&quot;team&quot;,&quot;href&quot;:&quot;https://api.teamsnap.com/v3/teams&quot;},{&quot;rel&quot;:&quot;root&quot;,&quot;href&quot;:&quot;https://api.teamsnap.com/v3/&quot;},{&quot;rel&quot;:&quot;self&quot;,&quot;href&quot;:&quot;https://api.teamsnap.com/v3/division_events/search?division_id=219326&quot;}],&quot;href&quot;:&quot;https://api.teamsnap.com/v3/division_events&quot;,&quot;version&quot;:&quot;3.518.0&quot;,&quot;prompt&quot;:&quot;BETA: (This endpoint subject to change) Returns a collection associated with a division&apos;s events&quot;,&quot;queries&quot;:[{&quot;data&quot;:[{&quot;name&quot;:&quot;division_id&quot;,&quot;value&quot;:null},{&quot;name&quot;:&quot;id&quot;,&quot;value&quot;:null},{&quot;name&quot;:&quot;division_event_import_id&quot;,&quot;value&quot;:null},{&quot;name&quot;:&quot;division_location_id&quot;,&quot;value&quot;:null},{&quot;name&quot;:&quot;started_after&quot;,&quot;value&quot;:null},{&quot;name&quot;:&quot;is_game&quot;,&quot;value&quot;:null},{&quot;name&quot;:&quot;repeating_uuid&quot;,&quot;value&quot;:null},{&quot;name&quot;:&quot;page_size&quot;,&quot;value&quot;:null,&quot;prompt&quot;:&quot;The number of items to return for each page. Sending this parameter with the query will enable paging for the returned collection.&quot;},{&quot;name&quot;:&quot;page_number&quot;,&quot;value&quot;:null,&quot;prompt&quot;:&quot;The number of the page to be returned. This requires that paging be turned on by also providing the page_size parameter.&quot;},{&quot;name&quot;:&quot;sort_start_date&quot;,&quot;value&quot;:null,&quot;prompt&quot;:&quot;Sort the returned dataset based on the start_date field, valid values are &apos;asc&apos; or &apos;desc&apos;.&quot;}],&quot;rel&quot;:&quot;search&quot;,&quot;href&quot;:&quot;https://api.teamsnap.com/v3/division_events/search&quot;,&quot;sort&quot;:[&quot;start_date&quot;]}]}}
Aug 05, 2017 6:33:28 PM teamsnap.apiClient.Query execute
INFO: {&quot;collection&quot;:{&quot;template&quot;:{&quot;data&quot;:[{&quot;name&quot;:&quot;name&quot;,&quot;value&quot;:null},{&quot;name&quot;:&quot;location_country&quot;,&quot;value&quot;:null},{&quot;name&quot;:&quot;location_postal_code&quot;,&quot;value&quot;:null},{&quot;name&quot;:&quot;time_zone&quot;,&quot;value&quot;:null,&quot;prompt&quot;:&quot;The time_zone parameter is required when creating a team, but for changing a team&apos;s time_zone, use the update_time_zone command&quot;},{&quot;name&quot;:&quot;sport_id&quot;,&quot;value&quot;:null},{&quot;name&quot;:&quot;division_id&quot;,&quot;value&quot;:null},{&quot;name&quot;:&quot;division_name&quot;,&quot;value&quot;:null},{&quot;name&quot;:&quot;season_name&quot;,&quot;value&quot;:null},{&quot;name&quot;:&quot;league_name&quot;,&quot;value&quot;:null},{&quot;name&quot;:&quot;league_url&quot;,&quot;value&quot;:null},{&quot;name&quot;:&quot;owner_first_name&quot;,&quot;value&quot;:null},{&quot;name&quot;:&quot;owner_last_name&quot;,&quot;value&quot;:null},{&quot;name&quot;:&quot;owner_email&quot;,&quot;value&quot;:null},{&quot;name&quot;:&quot;is_ownership_pending&quot;,&quot;value&quot;:null},{&quot;name&quot;:&quot;type&quot;,&quot;value&quot;:&quot;team&quot;}]},&quot;rel&quot;:&quot;teams&quot;,&quot;links&quot;:[{&quot;rel&quot;:&quot;active_season_team&quot;,&quot;href&quot;:&quot;https://api.teamsnap.com/v3/teams&quot;},{&quot;rel&quot;:&quot;assignments&quot;,&quot;href&quot;:&quot;https://api.teamsnap.com/v3/assignments&quot;},{&quot;rel&quot;:&quot;availabilities&quot;,&quot;href&quot;:&quot;https://api.teamsnap.com/v3/availabilities&quot;},{&quot;rel&quot;:&quot;broadcast_email_attachments&quot;,&quot;href&quot;:&quot;https://api.teamsnap.com/v3/broadcast_email_attachments&quot;},{&quot;rel&quot;:&quot;broadcast_emails&quot;,&quot;href&quot;:&quot;https://api.teamsnap.com/v3/broadcast_emails&quot;},{&quot;rel&quot;:&quot;broadcast_alerts&quot;,&quot;href&quot;:&quot;https://api.teamsnap.com/v3/broadcast_alerts&quot;},{&quot;rel&quot;:&quot;commissioners&quot;,&quot;href&quot;:&quot;https://api.teamsnap.com/v3/members&quot;},{&quot;rel&quot;:&quot;contact_email_addresses&quot;,&quot;href&quot;:&quot;https://api.teamsnap.com/v3/contact_email_addresses&quot;},{&quot;rel&quot;:&quot;contact_phone_numbers&quot;,&quot;href&quot;:&quot;https://api.teamsnap.com/v3/contact_phone_numbers&quot;},{&quot;rel&quot;:&quot;contacts&quot;,&quot;href&quot;:&quot;https://api.teamsnap.com/v3/contacts&quot;},{&quot;rel&quot;:&quot;custom_data&quot;,&quot;href&quot;:&quot;https://api.teamsnap.com/v3/custom_data&quot;},{&quot;rel&quot;:&quot;custom_fields&quot;,&quot;href&quot;:&quot;https://api.teamsnap.com/v3/custom_fields&quot;},{&quot;rel&quot;:&quot;division_contact_email_addresses&quot;,&quot;href&quot;:&quot;https://api.teamsnap.com/v3/division_contact_email_addresses&quot;},{&quot;rel&quot;:&quot;division_contact_phone_numbers&quot;,&quot;href&quot;:&quot;https://api.teamsnap.com/v3/division_contact_phone_numbers&quot;},{&quot;rel&quot;:&quot;division_contacts&quot;,&quot;href&quot;:&quot;https://api.teamsnap.com/v3/division_contacts&quot;},{&quot;rel&quot;:&quot;division_locations&quot;,&quot;href&quot;:&quot;https://api.teamsnap.com/v3/division_locations&quot;},{&quot;rel&quot;:&quot;division_member_email_addresses&quot;,&quot;href&quot;:&quot;https://api.teamsnap.com/v3/division_member_email_addresses&quot;},{&quot;rel&quot;:&quot;division_member_phone_numbers&quot;,&quot;href&quot;:&quot;https://api.teamsnap.com/v3/division_member_phone_numbers&quot;},{&quot;rel&quot;:&quot;division_members&quot;,&quot;href&quot;:&quot;https://api.teamsnap.com/v3/division_members&quot;},{&quot;rel&quot;:&quot;division_members_preferences&quot;,&quot;href&quot;:&quot;https://api.teamsnap.com/v3/division_members_preferences&quot;},{&quot;rel&quot;:&quot;division_team_standings&quot;,&quot;href&quot;:&quot;https://api.teamsnap.com/v3/division_team_standings&quot;},{&quot;rel&quot;:&quot;event_statistics&quot;,&quot;href&quot;:&quot;https://api.teamsnap.com/v3/event_statistics&quot;},{&quot;rel&quot;:&quot;events&quot;,&quot;href&quot;:&quot;https://api.teamsnap.com/v3/events&quot;},{&quot;rel&quot;:&quot;events_overview&quot;,&quot;href&quot;:&quot;https://api.teamsnap.com/v3/events/overview&quot;},{&quot;rel&quot;:&quot;forum_posts&quot;,&quot;href&quot;:&quot;https://api.teamsnap.com/v3/forum_posts&quot;},{&quot;rel&quot;:&quot;forum_subscriptions&quot;,&quot;href&quot;:&quot;https://api.teamsnap.com/v3/forum_subscriptions&quot;},{&quot;rel&quot;:&quot;forum_topics&quot;,&quot;href&quot;:&quot;https://api.teamsnap.com/v3/forum_topics&quot;},{&quot;rel&quot;:&quot;league_custom_data&quot;,&quot;href&quot;:&quot;https://api.teamsnap.com/v3/league_custom_data&quot;},{&quot;rel&quot;:&quot;league_custom_fields&quot;,&quot;href&quot;:&quot;https://api.teamsnap.com/v3/league_custom_fields&quot;},{&quot;rel&quot;:&quot;league_registrant_documents&quot;,&quot;href&quot;:&quot;https://api.teamsnap.com/v3/league_registrant_documents&quot;},{&quot;rel&quot;:&quot;locations&quot;,&quot;href&quot;:&quot;https://api.teamsnap.com/v3/locations&quot;},{&quot;rel&quot;:&quot;managers&quot;,&quot;href&quot;:&quot;https://api.teamsnap.com/v3/members&quot;},{&quot;rel&quot;:&quot;member_balances&quot;,&quot;href&quot;:&quot;https://api.teamsnap.com/v3/member_balances&quot;},{&quot;rel&quot;:&quot;member_email_addresses&quot;,&quot;href&quot;:&quot;https://api.teamsnap.com/v3/member_email_addresses&quot;},{&quot;rel&quot;:&quot;member_files&quot;,&quot;href&quot;:&quot;https://api.teamsnap.com/v3/member_files&quot;},{&quot;rel&quot;:&quot;member_links&quot;,&quot;href&quot;:&quot;https://api.teamsnap.com/v3/member_links&quot;},{&quot;rel&quot;:&quot;member_payments&quot;,&quot;href&quot;:&quot;https://api.teamsnap.com/v3/member_payments&quot;},{&quot;rel&quot;:&quot;member_phone_numbers&quot;,&quot;href&quot;:&quot;https://api.teamsnap.com/v3/member_phone_numbers&quot;},{&quot;rel&quot;:&quot;member_photos&quot;,&quot;href&quot;:&quot;https://api.teamsnap.com/v3/member_photos&quot;},{&quot;rel&quot;:&quot;member_statistics&quot;,&quot;href&quot;:&quot;https://api.teamsnap.com/v3/member_statistics&quot;},{&quot;rel&quot;:&quot;members&quot;,&quot;href&quot;:&quot;https://api.teamsnap.com/v3/members&quot;},{&quot;rel&quot;:&quot;members_preferences&quot;,&quot;href&quot;:&quot;https://api.teamsnap.com/v3/members_preferences&quot;},{&quot;rel&quot;:&quot;message_data&quot;,&quot;href&quot;:&quot;https://api.teamsnap.com/v3/message_data&quot;},{&quot;rel&quot;:&quot;messages&quot;,&quot;href&quot;:&quot;https://api.teamsnap.com/v3/messages&quot;},{&quot;rel&quot;:&quot;opponents&quot;,&quot;href&quot;:&quot;https://api.teamsnap.com/v3/opponents&quot;},{&quot;rel&quot;:&quot;opponents_results&quot;,&quot;href&quot;:&quot;https://api.teamsnap.com/v3/opponents_results&quot;},{&quot;rel&quot;:&quot;owner&quot;,&quot;href&quot;:&quot;https://api.teamsnap.com/v3/members&quot;},{&quot;rel&quot;:&quot;payment_notes&quot;,&quot;href&quot;:&quot;https://api.teamsnap.com/v3/payment_notes&quot;},{&quot;rel&quot;:&quot;paypal_currency&quot;,&quot;href&quot;:&quot;https://api.teamsnap.com/v3/paypal_currencies&quot;},{&quot;rel&quot;:&quot;plan&quot;,&quot;href&quot;:&quot;https://api.teamsnap.com/v3/plans&quot;},{&quot;rel&quot;:&quot;sponsors&quot;,&quot;href&quot;:&quot;https://api.teamsnap.com/v3/sponsors&quot;},{&quot;rel&quot;:&quot;sport&quot;,&quot;href&quot;:&quot;https://api.teamsnap.com/v3/sports&quot;},{&quot;rel&quot;:&quot;statistic&quot;,&quot;href&quot;:&quot;https://api.teamsnap.com/v3/statistics&quot;},{&quot;rel&quot;:&quot;statistic_aggregates&quot;,&quot;href&quot;:&quot;https://api.teamsnap.com/v3/statistic_aggregates&quot;},{&quot;rel&quot;:&quot;statistic_data&quot;,&quot;href&quot;:&quot;https://api.teamsnap.com/v3/statistic_data&quot;},{&quot;rel&quot;:&quot;statistic_group&quot;,&quot;href&quot;:&quot;https://api.teamsnap.com/v3/statistic_groups&quot;},{&quot;rel&quot;:&quot;team_fees&quot;,&quot;href&quot;:&quot;https://api.teamsnap.com/v3/team_fees&quot;},{&quot;rel&quot;:&quot;team_media&quot;,&quot;href&quot;:&quot;https://api.teamsnap.com/v3/team_media&quot;},{&quot;rel&quot;:&quot;team_medium_comments&quot;,&quot;href&quot;:&quot;https://api.teamsnap.com/v3/team_medium_comments&quot;},{&quot;rel&quot;:&quot;team_media_groups&quot;,&quot;href&quot;:&quot;https://api.teamsnap.com/v3/team_media_groups&quot;},{&quot;rel&quot;:&quot;team_paypal_preferences&quot;,&quot;href&quot;:&quot;https://api.teamsnap.com/v3/teams_paypal_preferences&quot;},{&quot;rel&quot;:&quot;team_photos&quot;,&quot;href&quot;:&quot;https://api.teamsnap.com/v3/team_photos&quot;},{&quot;rel&quot;:&quot;team_preferences&quot;,&quot;href&quot;:&quot;https://api.teamsnap.com/v3/teams_preferences&quot;},{&quot;rel&quot;:&quot;team_public_site&quot;,&quot;href&quot;:&quot;https://api.teamsnap.com/v3/team_public_sites&quot;},{&quot;rel&quot;:&quot;team_results&quot;,&quot;href&quot;:&quot;https://api.teamsnap.com/v3/teams_results&quot;},{&quot;rel&quot;:&quot;team_statistics&quot;,&quot;href&quot;:&quot;https://api.teamsnap.com/v3/team_statistics&quot;},{&quot;rel&quot;:&quot;tracked_item_statuses&quot;,&quot;href&quot;:&quot;https://api.teamsnap.com/v3/tracked_item_statuses&quot;},{&quot;rel&quot;:&quot;tracked_items&quot;,&quot;href&quot;:&quot;https://api.teamsnap.com/v3/tracked_items&quot;},{&quot;rel&quot;:&quot;root&quot;,&quot;href&quot;:&quot;https://api.teamsnap.com/v3/&quot;},{&quot;rel&quot;:&quot;self&quot;,&quot;href&quot;:&quot;https://api.teamsnap.com/v3/teams/search?division_id=219328&quot;}],&quot;href&quot;:&quot;https://api.teamsnap.com/v3/teams&quot;,&quot;version&quot;:&quot;3.518.0&quot;,&quot;queries&quot;:[{&quot;data&quot;:[{&quot;name&quot;:&quot;id&quot;,&quot;value&quot;:null},{&quot;name&quot;:&quot;team_id&quot;,&quot;value&quot;:null},{&quot;name&quot;:&quot;user_id&quot;,&quot;value&quot;:null},{&quot;name&quot;:&quot;division_id&quot;,&quot;value&quot;:null},{&quot;name&quot;:&quot;page_size&quot;,&quot;value&quot;:null,&quot;prompt&quot;:&quot;The number of items to return for each page. Sending this parameter with the query will enable paging for the returned collection.&quot;},{&quot;name&quot;:&quot;page_number&quot;,&quot;value&quot;:null,&quot;prompt&quot;:&quot;The number of the page to be returned. This requires that paging be turned on by also providing the page_size parameter.&quot;},{&quot;name&quot;:&quot;sort_name&quot;,&quot;value&quot;:null,&quot;prompt&quot;:&quot;Sort the returned dataset based on the name field, valid values are &apos;asc&apos; or &apos;desc&apos;.&quot;}],&quot;rel&quot;:&quot;search&quot;,&quot;href&quot;:&quot;https://api.teamsnap.com/v3/teams/search&quot;,&quot;sort&quot;:[&quot;name&quot;]},{&quot;data&quot;:[{&quot;name&quot;:&quot;sport_id&quot;,&quot;value&quot;:null}],&quot;rel&quot;:&quot;available_for_statistic_import&quot;,&quot;href&quot;:&quot;https://api.teamsnap.com/v3/teams/available_for_statistic_import&quot;,&quot;prompt&quot;:&quot;Finds all teams accessible to current user that have the provided sport_id and have at least one statistic to import&quot;},{&quot;data&quot;:[{&quot;name&quot;:&quot;user_id&quot;,&quot;value&quot;:null},{&quot;name&quot;:&quot;division_id&quot;,&quot;value&quot;:null}],&quot;rel&quot;:&quot;active_teams&quot;,&quot;href&quot;:&quot;https://api.teamsnap.com/v3/teams/active&quot;,&quot;prompt&quot;:&quot;Finds all active teams for a given user. Excludes archived seasons and retired teams.&quot;},{&quot;data&quot;:[{&quot;name&quot;:&quot;division_id&quot;,&quot;value&quot;:null},{&quot;name&quot;:&quot;user_id&quot;,&quot;value&quot;:null},{&quot;name&quot;:&quot;is_active&quot;,&quot;value&quot;:null},{&quot;name&quot;:&quot;is_commissioner&quot;,&quot;value&quot;:null},{&quot;name&quot;:&quot;page_size&quot;,&quot;value&quot;:null,&quot;prompt&quot;:&quot;The number of items to return for each page. Sending this parameter with the query will enable paging for the returned collection.&quot;},{&quot;name&quot;:&quot;page_number&quot;,&quot;value&quot;:null,&quot;prompt&quot;:&quot;The number of the page to be returned. This requires that paging be turned on by also providing the page_size parameter.&quot;}],&quot;rel&quot;:&quot;division_search&quot;,&quot;href&quot;:&quot;https://api.teamsnap.com/v3/teams/division_search&quot;,&quot;prompt&quot;:&quot;Search the teams on the division_id and its descendants or a commissioner&apos;s user_id.&quot;}],&quot;items&quot;:[{&quot;data&quot;:[{&quot;name&quot;:&quot;id&quot;,&quot;type&quot;:&quot;String&quot;,&quot;value&quot;:3250050},{&quot;name&quot;:&quot;type&quot;,&quot;type&quot;:&quot;String&quot;,&quot;value&quot;:&quot;team&quot;},{&quot;name&quot;:&quot;active_season_team_id&quot;,&quot;type&quot;:&quot;String&quot;,&quot;value&quot;:null},{&quot;name&quot;:&quot;division_name&quot;,&quot;type&quot;:&quot;String&quot;,&quot;value&quot;:&quot;Novice&quot;},{&quot;name&quot;:&quot;division_id&quot;,&quot;type&quot;:&quot;String&quot;,&quot;value&quot;:219328},{&quot;name&quot;:&quot;is_archived_season&quot;,&quot;type&quot;:&quot;Boolean&quot;,&quot;value&quot;:false},{&quot;name&quot;:&quot;is_hidden_on_dashboard&quot;,&quot;type&quot;:&quot;Boolean&quot;,&quot;value&quot;:false},{&quot;name&quot;:&quot;is_retired&quot;,&quot;type&quot;:&quot;Boolean&quot;,&quot;value&quot;:false},{&quot;name&quot;:&quot;league_name&quot;,&quot;type&quot;:&quot;String&quot;,&quot;value&quot;:&quot;City of Ottawa Ringette Association - TEST&quot;},{&quot;name&quot;:&quot;league_url&quot;,&quot;type&quot;:&quot;String&quot;,&quot;value&quot;:null},{&quot;name&quot;:&quot;is_in_league&quot;,&quot;type&quot;:&quot;Boolean&quot;,&quot;value&quot;:true},{&quot;name&quot;:&quot;location_country&quot;,&quot;type&quot;:&quot;String&quot;,&quot;value&quot;:&quot;Canada&quot;},{&quot;name&quot;:&quot;location_postal_code&quot;,&quot;type&quot;:&quot;String&quot;,&quot;value&quot;:&quot;K1N 8G2&quot;},{&quot;name&quot;:&quot;location_latitude&quot;,&quot;type&quot;:&quot;String&quot;,&quot;value&quot;:null},{&quot;name&quot;:&quot;location_longitude&quot;,&quot;type&quot;:&quot;String&quot;,&quot;value&quot;:null},{&quot;name&quot;:&quot;location_state&quot;,&quot;type&quot;:&quot;String&quot;,&quot;value&quot;:null},{&quot;name&quot;:&quot;name&quot;,&quot;type&quot;:&quot;String&quot;,&quot;value&quot;:&quot;U10&quot;},{&quot;name&quot;:&quot;non_player_member_count&quot;,&quot;type&quot;:&quot;Integer&quot;,&quot;value&quot;:0},{&quot;name&quot;:&quot;plan_id&quot;,&quot;type&quot;:&quot;String&quot;,&quot;value&quot;:17},{&quot;name&quot;:&quot;player_member_count&quot;,&quot;type&quot;:&quot;Integer&quot;,&quot;value&quot;:0},{&quot;name&quot;:&quot;billed_at&quot;,&quot;type&quot;:&quot;DateTime&quot;,&quot;value&quot;:&quot;2017-07-27T04:59:38Z&quot;},{&quot;name&quot;:&quot;season_name&quot;,&quot;type&quot;:&quot;String&quot;,&quot;value&quot;:null},{&quot;name&quot;:&quot;sport_id&quot;,&quot;type&quot;:&quot;String&quot;,&quot;value&quot;:51},{&quot;name&quot;:&quot;time_zone&quot;,&quot;type&quot;:&quot;String&quot;,&quot;value&quot;:&quot;Eastern Time (US &amp; Canada)&quot;},{&quot;name&quot;:&quot;time_zone_description&quot;,&quot;type&quot;:&quot;String&quot;,&quot;value&quot;:&quot;Eastern Time (US &amp; Canada)&quot;},{&quot;name&quot;:&quot;time_zone_iana_name&quot;,&quot;type&quot;:&quot;String&quot;,&quot;value&quot;:&quot;America/New_York&quot;},{&quot;name&quot;:&quot;time_zone_offset&quot;,&quot;type&quot;:&quot;String&quot;,&quot;value&quot;:&quot;-05:00&quot;},{&quot;name&quot;:&quot;updated_at&quot;,&quot;type&quot;:&quot;DateTime&quot;,&quot;value&quot;:&quot;2017-07-27T04:59:38Z&quot;},{&quot;name&quot;:&quot;created_at&quot;,&quot;type&quot;:&quot;DateTime&quot;,&quot;value&quot;:&quot;2017-07-27T04:59:38Z&quot;},{&quot;name&quot;:&quot;has_reached_roster_limit&quot;,&quot;type&quot;:&quot;Boolean&quot;,&quot;value&quot;:false},{&quot;name&quot;:&quot;roster_limit&quot;,&quot;type&quot;:&quot;Integer&quot;,&quot;value&quot;:4000},{&quot;name&quot;:&quot;has_exportable_media&quot;,&quot;type&quot;:&quot;Boolean&quot;,&quot;value&quot;:false},{&quot;name&quot;:&quot;can_export_media&quot;,&quot;type&quot;:&quot;Boolean&quot;,&quot;value&quot;:false},{&quot;name&quot;:&quot;last_accessed_at&quot;,&quot;type&quot;:&quot;DateTime&quot;,&quot;value&quot;:null},{&quot;name&quot;:&quot;media_storage_used&quot;,&quot;type&quot;:&quot;Integer&quot;,&quot;value&quot;:0},{&quot;name&quot;:&quot;humanized_media_storage_used&quot;,&quot;type&quot;:&quot;String&quot;,&quot;value&quot;:&quot;0 B&quot;},{&quot;name&quot;:&quot;is_game_day&quot;,&quot;type&quot;:&quot;Boolean&quot;,&quot;value&quot;:false},{&quot;name&quot;:&quot;is_gateway_required_for_sms&quot;,&quot;type&quot;:&quot;Boolean&quot;,&quot;value&quot;:false}],&quot;rel&quot;:&quot;team-3250050&quot;,&quot;links&quot;:[{&quot;rel&quot;:&quot;assignments&quot;,&quot;href&quot;:&quot;https://api.teamsnap.com/v3/assignments/search?team_id=3250050&quot;},{&quot;rel&quot;:&quot;availabilities&quot;,&quot;href&quot;:&quot;https://api.teamsnap.com/v3/availabilities/search?team_id=3250050&quot;},{&quot;rel&quot;:&quot;broadcast_email_attachments&quot;,&quot;href&quot;:&quot;https://api.teamsnap.com/v3/broadcast_email_attachments/search?team_id=3250050&quot;},{&quot;rel&quot;:&quot;broadcast_emails&quot;,&quot;href&quot;:&quot;https://api.teamsnap.com/v3/broadcast_emails/search?team_id=3250050&quot;},{&quot;rel&quot;:&quot;broadcast_alerts&quot;,&quot;href&quot;:&quot;https://api.teamsnap.com/v3/broadcast_alerts/search?team_id=3250050&quot;},{&quot;rel&quot;:&quot;calendar_http&quot;,&quot;href&quot;:&quot;http://ical-cdn.teamsnap.com/team_schedule/267f90cb-a022-4be2-92df-e33f68a9d00c.ics&quot;},{&quot;rel&quot;:&quot;calendar_http_games_only&quot;,&quot;href&quot;:&quot;http://ical-cdn.teamsnap.com/team_schedule/filter/games/267f90cb-a022-4be2-92df-e33f68a9d00c.ics&quot;},{&quot;rel&quot;:&quot;calendar_webcal&quot;,&quot;href&quot;:&quot;webcal://ical-cdn.teamsnap.com/team_schedule/267f90cb-a022-4be2-92df-e33f68a9d00c.ics&quot;},{&quot;rel&quot;:&quot;calendar_webcal_games_only&quot;,&quot;href&quot;:&quot;webcal://ical-cdn.teamsnap.com/team_schedule/filter/games/267f90cb-a022-4be2-92df-e33f68a9d00c.ics&quot;},{&quot;rel&quot;:&quot;commissioners&quot;,&quot;href&quot;:&quot;https://api.teamsnap.com/v3/members/commissioners?team_id=3250050&quot;},{&quot;rel&quot;:&quot;contact_email_addresses&quot;,&quot;href&quot;:&quot;https://api.teamsnap.com/v3/contact_email_addresses/search?team_id=3250050&quot;},{&quot;rel&quot;:&quot;contact_phone_numbers&quot;,&quot;href&quot;:&quot;https://api.teamsnap.com/v3/contact_phone_numbers/search?team_id=3250050&quot;},{&quot;rel&quot;:&quot;contacts&quot;,&quot;href&quot;:&quot;https://api.teamsnap.com/v3/contacts/search?team_id=3250050&quot;},{&quot;rel&quot;:&quot;custom_data&quot;,&quot;href&quot;:&quot;https://api.teamsnap.com/v3/custom_data/search?team_id=3250050&quot;},{&quot;rel&quot;:&quot;custom_fields&quot;,&quot;href&quot;:&quot;https://api.teamsnap.com/v3/custom_fields/search?team_id=3250050&quot;},{&quot;rel&quot;:&quot;division_contact_email_addresses&quot;,&quot;href&quot;:&quot;https://api.teamsnap.com/v3/division_contact_email_addresses/search?team_id=3250050&quot;},{&quot;rel&quot;:&quot;division_contact_phone_numbers&quot;,&quot;href&quot;:&quot;https://api.teamsnap.com/v3/division_contact_phone_numbers/search?team_id=3250050&quot;},{&quot;rel&quot;:&quot;division_contacts&quot;,&quot;href&quot;:&quot;https://api.teamsnap.com/v3/division_contacts/search?team_id=3250050&quot;},{&quot;rel&quot;:&quot;division_locations&quot;,&quot;href&quot;:&quot;https://api.teamsnap.com/v3/division_locations/search?team_id=3250050&quot;},{&quot;rel&quot;:&quot;division_member_email_addresses&quot;,&quot;href&quot;:&quot;https://api.teamsnap.com/v3/division_member_email_addresses/search?team_id=3250050&quot;},{&quot;rel&quot;:&quot;division_member_phone_numbers&quot;,&quot;href&quot;:&quot;https://api.teamsnap.com/v3/division_member_phone_numbers/search?team_id=3250050&quot;},{&quot;rel&quot;:&quot;division_members&quot;,&quot;href&quot;:&quot;https://api.teamsnap.com/v3/division_members/search?team_id=3250050&quot;},{&quot;rel&quot;:&quot;division_members_preferences&quot;,&quot;href&quot;:&quot;https://api.teamsnap.com/v3/division_members_preferences/search?team_id=3250050&quot;},{&quot;rel&quot;:&quot;division_team_standings&quot;,&quot;href&quot;:&quot;https://api.teamsnap.com/v3/division_team_standings/search?team_id=3250050&quot;},{&quot;rel&quot;:&quot;forum_posts&quot;,&quot;href&quot;:&quot;https://api.teamsnap.com/v3/forum_posts/search?team_id=3250050&quot;},{&quot;rel&quot;:&quot;forum_subscriptions&quot;,&quot;href&quot;:&quot;https://api.teamsnap.com/v3/forum_subscriptions/search?team_id=3250050&quot;},{&quot;rel&quot;:&quot;forum_topics&quot;,&quot;href&quot;:&quot;https://api.teamsnap.com/v3/forum_topics/search?team_id=3250050&quot;},{&quot;rel&quot;:&quot;event_statistics&quot;,&quot;href&quot;:&quot;https://api.teamsnap.com/v3/event_statistics/search?team_id=3250050&quot;},{&quot;rel&quot;:&quot;events&quot;,&quot;href&quot;:&quot;https://api.teamsnap.com/v3/events/search?team_id=3250050&quot;},{&quot;rel&quot;:&quot;events_csv_export&quot;,&quot;href&quot;:&quot;https://api.teamsnap.com/v3/exports/events_csv?hs=7DnM5n5ksZe6FZ8%252FwffMKuB0Kt2n7hIXtPDJA%252B97L%252F4w%252BOfu0NFZaLsvWx40JkCgnPue02o75nR9lH7pBAfl1g3Qb%252FS78SbjObjXiQ5MaBVMHhIeg7oe0jVPucEqerk4K4qMu2dzbEQZtAXfGRP5VA%253D%253D&quot;},{&quot;rel&quot;:&quot;events_overview&quot;,&quot;href&quot;:&quot;https://api.teamsnap.com/v3/events/overview?team_id=3250050&quot;},{&quot;rel&quot;:&quot;league_custom_data&quot;,&quot;href&quot;:&quot;https://api.teamsnap.com/v3/league_custom_data/search?team_id=3250050&quot;},{&quot;rel&quot;:&quot;league_custom_fields&quot;,&quot;href&quot;:&quot;https://api.teamsnap.com/v3/league_custom_fields/search?team_id=3250050&quot;},{&quot;rel&quot;:&quot;league_registrant_documents&quot;,&quot;href&quot;:&quot;https://api.teamsnap.com/v3/league_registrant_documents/search?member_id=3250050&quot;},{&quot;rel&quot;:&quot;locations&quot;,&quot;href&quot;:&quot;https://api.teamsnap.com/v3/locations/search?team_id=3250050&quot;},{&quot;rel&quot;:&quot;managers&quot;,&quot;href&quot;:&quot;https://api.teamsnap.com/v3/members/managers?team_id=3250050&quot;},{&quot;rel&quot;:&quot;member_balances&quot;,&quot;href&quot;:&quot;https://api.teamsnap.com/v3/member_balances/search?team_id=3250050&quot;},{&quot;rel&quot;:&quot;member_email_addresses&quot;,&quot;href&quot;:&quot;https://api.teamsnap.com/v3/member_email_addresses/search?team_id=3250050&quot;},{&quot;rel&quot;:&quot;member_files&quot;,&quot;href&quot;:&quot;https://api.teamsnap.com/v3/member_files/search?team_id=3250050&quot;},{&quot;rel&quot;:&quot;member_links&quot;,&quot;href&quot;:&quot;https://api.teamsnap.com/v3/member_links/search?team_id=3250050&quot;},{&quot;rel&quot;:&quot;member_payments&quot;,&quot;href&quot;:&quot;https://api.teamsnap.com/v3/member_payments/search?team_id=3250050&quot;},{&quot;rel&quot;:&quot;member_phone_numbers&quot;,&quot;href&quot;:&quot;https://api.teamsnap.com/v3/member_phone_numbers/search?team_id=3250050&quot;},{&quot;rel&quot;:&quot;member_photos&quot;,&quot;href&quot;:&quot;https://api.teamsnap.com/v3/member_photos/search?team_id=3250050&quot;},{&quot;rel&quot;:&quot;member_statistics&quot;,&quot;href&quot;:&quot;https://api.teamsnap.com/v3/member_statistics/search?team_id=3250050&quot;},{&quot;rel&quot;:&quot;members&quot;,&quot;href&quot;:&quot;https://api.teamsnap.com/v3/members/search?team_id=3250050&quot;},{&quot;rel&quot;:&quot;members_csv_export&quot;,&quot;href&quot;:&quot;https://api.teamsnap.com/v3/exports/members_csv?hs=7DnM5n5ksZe6FZ8%252FwffMKuB0Kt2n7hIXtPDJA%252B97L%252F4w%252BOfu0NFZaLsvWx40JkCgnPue02o75nR9lH7pBAfl1g3Qb%252FS78SbjObjXiQ5MaBVMHhIeg7oe0jVPucEqerk4K4qMu2dzbEQZtAXfGRP5VA%253D%253D&quot;},{&quot;rel&quot;:&quot;members_preferences&quot;,&quot;href&quot;:&quot;https://api.teamsnap.com/v3/members_preferences/search?team_id=3250050&quot;},{&quot;rel&quot;:&quot;message_data&quot;,&quot;href&quot;:&quot;https://api.teamsnap.com/v3/message_data/search?team_id=3250050&quot;},{&quot;rel&quot;:&quot;messages&quot;,&quot;href&quot;:&quot;https://api.teamsnap.com/v3/messages/search?team_id=3250050&quot;},{&quot;rel&quot;:&quot;opponents&quot;,&quot;href&quot;:&quot;https://api.teamsnap.com/v3/opponents/search?team_id=3250050&quot;},{&quot;rel&quot;:&quot;opponents_results&quot;,&quot;href&quot;:&quot;https://api.teamsnap.com/v3/opponents_results/search?team_id=3250050&quot;},{&quot;rel&quot;:&quot;owner&quot;,&quot;href&quot;:&quot;https://api.teamsnap.com/v3/members/owner?team_id=3250050&quot;},{&quot;rel&quot;:&quot;payment_notes&quot;,&quot;href&quot;:&quot;https://api.teamsnap.com/v3/payment_notes/search?team_id=3250050&quot;},{&quot;rel&quot;:&quot;paypal_currency&quot;,&quot;href&quot;:&quot;https://api.teamsnap.com/v3/paypal_currencies/search?team_id=3250050&quot;},{&quot;rel&quot;:&quot;plan&quot;,&quot;href&quot;:&quot;https://api.teamsnap.com/v3/plans/17&quot;},{&quot;rel&quot;:&quot;sponsors&quot;,&quot;href&quot;:&quot;https://api.teamsnap.com/v3/sponsors/search?team_id=3250050&quot;},{&quot;rel&quot;:&quot;sport&quot;,&quot;href&quot;:&quot;https://api.teamsnap.com/v3/sports/51&quot;},{&quot;rel&quot;:&quot;statistics&quot;,&quot;href&quot;:&quot;https://api.teamsnap.com/v3/statistics/search?team_id=3250050&quot;},{&quot;rel&quot;:&quot;statistic_aggregates&quot;,&quot;href&quot;:&quot;https://api.teamsnap.com/v3/statistic_aggregates/search?team_id=3250050&quot;},{&quot;rel&quot;:&quot;statistic_data&quot;,&quot;href&quot;:&quot;https://api.teamsnap.com/v3/statistic_data/search?team_id=3250050&quot;},{&quot;rel&quot;:&quot;statistic_groups&quot;,&quot;href&quot;:&quot;https://api.teamsnap.com/v3/statistic_groups/search?team_id=3250050&quot;},{&quot;rel&quot;:&quot;team_fees&quot;,&quot;href&quot;:&quot;https://api.teamsnap.com/v3/team_fees/search?team_id=3250050&quot;},{&quot;rel&quot;:&quot;team_logo_photo_file&quot;,&quot;href&quot;:&quot;https://api.teamsnap.com/v3/photo_files/sport_logo/51-0&quot;},{&quot;rel&quot;:&quot;team_media&quot;,&quot;href&quot;:&quot;https://api.teamsnap.com/v3/team_media/search?team_id=3250050&quot;},{&quot;rel&quot;:&quot;team_medium_comments&quot;,&quot;href&quot;:&quot;https://api.teamsnap.com/v3/team_medium_comments/search?team_id=3250050&quot;},{&quot;rel&quot;:&quot;team_media_groups&quot;,&quot;href&quot;:&quot;https://api.teamsnap.com/v3/team_media_groups/search?team_id=3250050&quot;},{&quot;rel&quot;:&quot;team_paypal_preferences&quot;,&quot;href&quot;:&quot;https://api.teamsnap.com/v3/teams_paypal_preferences/3250050&quot;},{&quot;rel&quot;:&quot;team_photos&quot;,&quot;href&quot;:&quot;https://api.teamsnap.com/v3/team_photos/search&quot;},{&quot;rel&quot;:&quot;team_preferences&quot;,&quot;href&quot;:&quot;https://api.teamsnap.com/v3/teams_preferences/3250050&quot;},{&quot;rel&quot;:&quot;team_public_site&quot;,&quot;href&quot;:&quot;https://api.teamsnap.com/v3/team_public_sites/3250050&quot;},{&quot;rel&quot;:&quot;team_results&quot;,&quot;href&quot;:&quot;https://api.teamsnap.com/v3/teams_results/3250050&quot;},{&quot;rel&quot;:&quot;team_statistics&quot;,&quot;href&quot;:&quot;https://api.teamsnap.com/v3/team_statistics/search?team_id=3250050&quot;},{&quot;rel&quot;:&quot;tracked_item_statuses&quot;,&quot;href&quot;:&quot;https://api.teamsnap.com/v3/tracked_item_statuses/search?team_id=3250050&quot;},{&quot;rel&quot;:&quot;tracked_items&quot;,&quot;href&quot;:&quot;https://api.teamsnap.com/v3/tracked_items/search?team_id=3250050&quot;}],&quot;href&quot;:&quot;https://api.teamsnap.com/v3/teams/3250050&quot;},{&quot;data&quot;:[{&quot;name&quot;:&quot;id&quot;,&quot;type&quot;:&quot;String&quot;,&quot;value&quot;:3250051},{&quot;name&quot;:&quot;type&quot;,&quot;type&quot;:&quot;String&quot;,&quot;value&quot;:&quot;team&quot;},{&quot;name&quot;:&quot;active_season_team_id&quot;,&quot;type&quot;:&quot;String&quot;,&quot;value&quot;:null},{&quot;name&quot;:&quot;division_name&quot;,&quot;type&quot;:&quot;String&quot;,&quot;value&quot;:&quot;Novice&quot;},{&quot;name&quot;:&quot;division_id&quot;,&quot;type&quot;:&quot;String&quot;,&quot;value&quot;:219328},{&quot;name&quot;:&quot;is_archived_season&quot;,&quot;type&quot;:&quot;Boolean&quot;,&quot;value&quot;:false},{&quot;name&quot;:&quot;is_hidden_on_dashboard&quot;,&quot;type&quot;:&quot;Boolean&quot;,&quot;value&quot;:false},{&quot;name&quot;:&quot;is_retired&quot;,&quot;type&quot;:&quot;Boolean&quot;,&quot;value&quot;:false},{&quot;name&quot;:&quot;league_name&quot;,&quot;type&quot;:&quot;String&quot;,&quot;value&quot;:&quot;City of Ottawa Ringette Association - TEST&quot;},{&quot;name&quot;:&quot;league_url&quot;,&quot;type&quot;:&quot;String&quot;,&quot;value&quot;:null},{&quot;name&quot;:&quot;is_in_league&quot;,&quot;type&quot;:&quot;Boolean&quot;,&quot;value&quot;:true},{&quot;name&quot;:&quot;location_country&quot;,&quot;type&quot;:&quot;String&quot;,&quot;value&quot;:&quot;Canada&quot;},{&quot;name&quot;:&quot;location_postal_code&quot;,&quot;type&quot;:&quot;String&quot;,&quot;value&quot;:&quot;K1N 8G2&quot;},{&quot;name&quot;:&quot;location_latitude&quot;,&quot;type&quot;:&quot;String&quot;,&quot;value&quot;:null},{&quot;name&quot;:&quot;location_longitude&quot;,&quot;type&quot;:&quot;String&quot;,&quot;value&quot;:null},{&quot;name&quot;:&quot;location_state&quot;,&quot;type&quot;:&quot;String&quot;,&quot;value&quot;:null},{&quot;name&quot;:&quot;name&quot;,&quot;type&quot;:&quot;String&quot;,&quot;value&quot;:&quot;U9&quot;},{&quot;name&quot;:&quot;non_player_member_count&quot;,&quot;type&quot;:&quot;Integer&quot;,&quot;value&quot;:0},{&quot;name&quot;:&quot;plan_id&quot;,&quot;type&quot;:&quot;String&quot;,&quot;value&quot;:17},{&quot;name&quot;:&quot;player_member_count&quot;,&quot;type&quot;:&quot;Integer&quot;,&quot;value&quot;:0},{&quot;name&quot;:&quot;billed_at&quot;,&quot;type&quot;:&quot;DateTime&quot;,&quot;value&quot;:&quot;2017-07-27T04:59:38Z&quot;},{&quot;name&quot;:&quot;season_name&quot;,&quot;type&quot;:&quot;String&quot;,&quot;value&quot;:null},{&quot;name&quot;:&quot;sport_id&quot;,&quot;type&quot;:&quot;String&quot;,&quot;value&quot;:51},{&quot;name&quot;:&quot;time_zone&quot;,&quot;type&quot;:&quot;String&quot;,&quot;value&quot;:&quot;Eastern Time (US &amp; Canada)&quot;},{&quot;name&quot;:&quot;time_zone_description&quot;,&quot;type&quot;:&quot;String&quot;,&quot;value&quot;:&quot;Eastern Time (US &amp; Canada)&quot;},{&quot;name&quot;:&quot;time_zone_iana_name&quot;,&quot;type&quot;:&quot;String&quot;,&quot;value&quot;:&quot;America/New_York&quot;},{&quot;name&quot;:&quot;time_zone_offset&quot;,&quot;type&quot;:&quot;String&quot;,&quot;value&quot;:&quot;-05:00&quot;},{&quot;name&quot;:&quot;updated_at&quot;,&quot;type&quot;:&quot;DateTime&quot;,&quot;value&quot;:&quot;2017-07-27T04:59:38Z&quot;},{&quot;name&quot;:&quot;created_at&quot;,&quot;type&quot;:&quot;DateTime&quot;,&quot;value&quot;:&quot;2017-07-27T04:59:38Z&quot;},{&quot;name&quot;:&quot;has_reached_roster_limit&quot;,&quot;type&quot;:&quot;Boolean&quot;,&quot;value&quot;:false},{&quot;name&quot;:&quot;roster_limit&quot;,&quot;type&quot;:&quot;Integer&quot;,&quot;value&quot;:4000},{&quot;name&quot;:&quot;has_exportable_media&quot;,&quot;type&quot;:&quot;Boolean&quot;,&quot;value&quot;:false},{&quot;name&quot;:&quot;can_export_media&quot;,&quot;type&quot;:&quot;Boolean&quot;,&quot;value&quot;:false},{&quot;name&quot;:&quot;last_accessed_at&quot;,&quot;type&quot;:&quot;DateTime&quot;,&quot;value&quot;:null},{&quot;name&quot;:&quot;media_storage_used&quot;,&quot;type&quot;:&quot;Integer&quot;,&quot;value&quot;:0},{&quot;name&quot;:&quot;humanized_media_storage_used&quot;,&quot;type&quot;:&quot;String&quot;,&quot;value&quot;:&quot;0 B&quot;},{&quot;name&quot;:&quot;is_game_day&quot;,&quot;type&quot;:&quot;Boolean&quot;,&quot;value&quot;:false},{&quot;name&quot;:&quot;is_gateway_required_for_sms&quot;,&quot;type&quot;:&quot;Boolean&quot;,&quot;value&quot;:false}],&quot;rel&quot;:&quot;team-3250051&quot;,&quot;links&quot;:[{&quot;rel&quot;:&quot;assignments&quot;,&quot;href&quot;:&quot;https://api.teamsnap.com/v3/assignments/search?team_id=3250051&quot;},{&quot;rel&quot;:&quot;availabilities&quot;,&quot;href&quot;:&quot;https://api.teamsnap.com/v3/availabilities/search?team_id=3250051&quot;},{&quot;rel&quot;:&quot;broadcast_email_attachments&quot;,&quot;href&quot;:&quot;https://api.teamsnap.com/v3/broadcast_email_attachments/search?team_id=3250051&quot;},{&quot;rel&quot;:&quot;broadcast_emails&quot;,&quot;href&quot;:&quot;https://api.teamsnap.com/v3/broadcast_emails/search?team_id=3250051&quot;},{&quot;rel&quot;:&quot;broadcast_alerts&quot;,&quot;href&quot;:&quot;https://api.teamsnap.com/v3/broadcast_alerts/search?team_id=3250051&quot;},{&quot;rel&quot;:&quot;calendar_http&quot;,&quot;href&quot;:&quot;http://ical-cdn.teamsnap.com/team_schedule/23c9da90-881f-4d98-b791-6566a70431dd.ics&quot;},{&quot;rel&quot;:&quot;calendar_http_games_only&quot;,&quot;href&quot;:&quot;http://ical-cdn.teamsnap.com/team_schedule/filter/games/23c9da90-881f-4d98-b791-6566a70431dd.ics&quot;},{&quot;rel&quot;:&quot;calendar_webcal&quot;,&quot;href&quot;:&quot;webcal://ical-cdn.teamsnap.com/team_schedule/23c9da90-881f-4d98-b791-6566a70431dd.ics&quot;},{&quot;rel&quot;:&quot;calendar_webcal_games_only&quot;,&quot;href&quot;:&quot;webcal://ical-cdn.teamsnap.com/team_schedule/filter/games/23c9da90-881f-4d98-b791-6566a70431dd.ics&quot;},{&quot;rel&quot;:&quot;commissioners&quot;,&quot;href&quot;:&quot;https://api.teamsnap.com/v3/members/commissioners?team_id=3250051&quot;},{&quot;rel&quot;:&quot;contact_email_addresses&quot;,&quot;href&quot;:&quot;https://api.teamsnap.com/v3/contact_email_addresses/search?team_id=3250051&quot;},{&quot;rel&quot;:&quot;contact_phone_numbers&quot;,&quot;href&quot;:&quot;https://api.teamsnap.com/v3/contact_phone_numbers/search?team_id=3250051&quot;},{&quot;rel&quot;:&quot;contacts&quot;,&quot;href&quot;:&quot;https://api.teamsnap.com/v3/contacts/search?team_id=3250051&quot;},{&quot;rel&quot;:&quot;custom_data&quot;,&quot;href&quot;:&quot;https://api.teamsnap.com/v3/custom_data/search?team_id=3250051&quot;},{&quot;rel&quot;:&quot;custom_fields&quot;,&quot;href&quot;:&quot;https://api.teamsnap.com/v3/custom_fields/search?team_id=3250051&quot;},{&quot;rel&quot;:&quot;division_contact_email_addresses&quot;,&quot;href&quot;:&quot;https://api.teamsnap.com/v3/division_contact_email_addresses/search?team_id=3250051&quot;},{&quot;rel&quot;:&quot;division_contact_phone_numbers&quot;,&quot;href&quot;:&quot;https://api.teamsnap.com/v3/division_contact_phone_numbers/search?team_id=3250051&quot;},{&quot;rel&quot;:&quot;division_contacts&quot;,&quot;href&quot;:&quot;https://api.teamsnap.com/v3/division_contacts/search?team_id=3250051&quot;},{&quot;rel&quot;:&quot;division_locations&quot;,&quot;href&quot;:&quot;https://api.teamsnap.com/v3/division_locations/search?team_id=3250051&quot;},{&quot;rel&quot;:&quot;division_member_email_addresses&quot;,&quot;href&quot;:&quot;https://api.teamsnap.com/v3/division_member_email_addresses/search?team_id=3250051&quot;},{&quot;rel&quot;:&quot;division_member_phone_numbers&quot;,&quot;href&quot;:&quot;https://api.teamsnap.com/v3/division_member_phone_numbers/search?team_id=3250051&quot;},{&quot;rel&quot;:&quot;division_members&quot;,&quot;href&quot;:&quot;https://api.teamsnap.com/v3/division_members/search?team_id=3250051&quot;},{&quot;rel&quot;:&quot;division_members_preferences&quot;,&quot;href&quot;:&quot;https://api.teamsnap.com/v3/division_members_preferences/search?team_id=3250051&quot;},{&quot;rel&quot;:&quot;division_team_standings&quot;,&quot;href&quot;:&quot;https://api.teamsnap.com/v3/division_team_standings/search?team_id=3250051&quot;},{&quot;rel&quot;:&quot;forum_posts&quot;,&quot;href&quot;:&quot;https://api.teamsnap.com/v3/forum_posts/search?team_id=3250051&quot;},{&quot;rel&quot;:&quot;forum_subscriptions&quot;,&quot;href&quot;:&quot;https://api.teamsnap.com/v3/forum_subscriptions/search?team_id=3250051&quot;},{&quot;rel&quot;:&quot;forum_topics&quot;,&quot;href&quot;:&quot;https://api.teamsnap.com/v3/forum_topics/search?team_id=3250051&quot;},{&quot;rel&quot;:&quot;event_statistics&quot;,&quot;href&quot;:&quot;https://api.teamsnap.com/v3/event_statistics/search?team_id=3250051&quot;},{&quot;rel&quot;:&quot;events&quot;,&quot;href&quot;:&quot;https://api.teamsnap.com/v3/events/search?team_id=3250051&quot;},{&quot;rel&quot;:&quot;events_csv_export&quot;,&quot;href&quot;:&quot;https://api.teamsnap.com/v3/exports/events_csv?hs=7DnM5n5ksZe6FZ8%252FwffMKnmFctvB%252F%252FkWtXm7QqxUTleiZ%252Fs4HBdQqEQnwCpbF7s%252BHc1gNTpywIVJwW%252FlU%252BUkDKBwBU6Vq9tXDUvowHZEIs4aKRLQLRq1TeEiR0hPTfwvWhUMGHl5HATCDLkDrGKIcg%253D%253D&quot;},{&quot;rel&quot;:&quot;events_overview&quot;,&quot;href&quot;:&quot;https://api.teamsnap.com/v3/events/overview?team_id=3250051&quot;},{&quot;rel&quot;:&quot;league_custom_data&quot;,&quot;href&quot;:&quot;https://api.teamsnap.com/v3/league_custom_data/search?team_id=3250051&quot;},{&quot;rel&quot;:&quot;league_custom_fields&quot;,&quot;href&quot;:&quot;https://api.teamsnap.com/v3/league_custom_fields/search?team_id=3250051&quot;},{&quot;rel&quot;:&quot;league_registrant_documents&quot;,&quot;href&quot;:&quot;https://api.teamsnap.com/v3/league_registrant_documents/search?member_id=3250051&quot;},{&quot;rel&quot;:&quot;locations&quot;,&quot;href&quot;:&quot;https://api.teamsnap.com/v3/locations/search?team_id=3250051&quot;},{&quot;rel&quot;:&quot;managers&quot;,&quot;href&quot;:&quot;https://api.teamsnap.com/v3/members/managers?team_id=3250051&quot;},{&quot;rel&quot;:&quot;member_balances&quot;,&quot;href&quot;:&quot;https://api.teamsnap.com/v3/member_balances/search?team_id=3250051&quot;},{&quot;rel&quot;:&quot;member_email_addresses&quot;,&quot;href&quot;:&quot;https://api.teamsnap.com/v3/member_email_addresses/search?team_id=3250051&quot;},{&quot;rel&quot;:&quot;member_files&quot;,&quot;href&quot;:&quot;https://api.teamsnap.com/v3/member_files/search?team_id=3250051&quot;},{&quot;rel&quot;:&quot;member_links&quot;,&quot;href&quot;:&quot;https://api.teamsnap.com/v3/member_links/search?team_id=3250051&quot;},{&quot;rel&quot;:&quot;member_payments&quot;,&quot;href&quot;:&quot;https://api.teamsnap.com/v3/member_payments/search?team_id=3250051&quot;},{&quot;rel&quot;:&quot;member_phone_numbers&quot;,&quot;href&quot;:&quot;https://api.teamsnap.com/v3/member_phone_numbers/search?team_id=3250051&quot;},{&quot;rel&quot;:&quot;member_photos&quot;,&quot;href&quot;:&quot;https://api.teamsnap.com/v3/member_photos/search?team_id=3250051&quot;},{&quot;rel&quot;:&quot;member_statistics&quot;,&quot;href&quot;:&quot;https://api.teamsnap.com/v3/member_statistics/search?team_id=3250051&quot;},{&quot;rel&quot;:&quot;members&quot;,&quot;href&quot;:&quot;https://api.teamsnap.com/v3/members/search?team_id=3250051&quot;},{&quot;rel&quot;:&quot;members_csv_export&quot;,&quot;href&quot;:&quot;https://api.teamsnap.com/v3/exports/members_csv?hs=7DnM5n5ksZe6FZ8%252FwffMKnmFctvB%252F%252FkWtXm7QqxUTleiZ%252Fs4HBdQqEQnwCpbF7s%252BHc1gNTpywIVJwW%252FlU%252BUkDKBwBU6Vq9tXDUvowHZEIs4aKRLQLRq1TeEiR0hPTfwvWhUMGHl5HATCDLkDrGKIcg%253D%253D&quot;},{&quot;rel&quot;:&quot;members_preferences&quot;,&quot;href&quot;:&quot;https://api.teamsnap.com/v3/members_preferences/search?team_id=3250051&quot;},{&quot;rel&quot;:&quot;message_data&quot;,&quot;href&quot;:&quot;https://api.teamsnap.com/v3/message_data/search?team_id=3250051&quot;},{&quot;rel&quot;:&quot;messages&quot;,&quot;href&quot;:&quot;https://api.teamsnap.com/v3/messages/search?team_id=3250051&quot;},{&quot;rel&quot;:&quot;opponents&quot;,&quot;href&quot;:&quot;https://api.teamsnap.com/v3/opponents/search?team_id=3250051&quot;},{&quot;rel&quot;:&quot;opponents_results&quot;,&quot;href&quot;:&quot;https://api.teamsnap.com/v3/opponents_results/search?team_id=3250051&quot;},{&quot;rel&quot;:&quot;owner&quot;,&quot;href&quot;:&quot;https://api.teamsnap.com/v3/members/owner?team_id=3250051&quot;},{&quot;rel&quot;:&quot;payment_notes&quot;,&quot;href&quot;:&quot;https://api.teamsnap.com/v3/payment_notes/search?team_id=3250051&quot;},{&quot;rel&quot;:&quot;paypal_currency&quot;,&quot;href&quot;:&quot;https://api.teamsnap.com/v3/paypal_currencies/search?team_id=3250051&quot;},{&quot;rel&quot;:&quot;plan&quot;,&quot;href&quot;:&quot;https://api.teamsnap.com/v3/plans/17&quot;},{&quot;rel&quot;:&quot;sponsors&quot;,&quot;href&quot;:&quot;https://api.teamsnap.com/v3/sponsors/search?team_id=3250051&quot;},{&quot;rel&quot;:&quot;sport&quot;,&quot;href&quot;:&quot;https://api.teamsnap.com/v3/sports/51&quot;},{&quot;rel&quot;:&quot;statistics&quot;,&quot;href&quot;:&quot;https://api.teamsnap.com/v3/statistics/search?team_id=3250051&quot;},{&quot;rel&quot;:&quot;statistic_aggregates&quot;,&quot;href&quot;:&quot;https://api.teamsnap.com/v3/statistic_aggregates/search?team_id=3250051&quot;},{&quot;rel&quot;:&quot;statistic_data&quot;,&quot;href&quot;:&quot;https://api.teamsnap.com/v3/statistic_data/search?team_id=3250051&quot;},{&quot;rel&quot;:&quot;statistic_groups&quot;,&quot;href&quot;:&quot;https://api.teamsnap.com/v3/statistic_groups/search?team_id=3250051&quot;},{&quot;rel&quot;:&quot;team_fees&quot;,&quot;href&quot;:&quot;https://api.teamsnap.com/v3/team_fees/search?team_id=3250051&quot;},{&quot;rel&quot;:&quot;team_logo_photo_file&quot;,&quot;href&quot;:&quot;https://api.teamsnap.com/v3/photo_files/sport_logo/51-0&quot;},{&quot;rel&quot;:&quot;team_media&quot;,&quot;href&quot;:&quot;https://api.teamsnap.com/v3/team_media/search?team_id=3250051&quot;},{&quot;rel&quot;:&quot;team_medium_comments&quot;,&quot;href&quot;:&quot;https://api.teamsnap.com/v3/team_medium_comments/search?team_id=3250051&quot;},{&quot;rel&quot;:&quot;team_media_groups&quot;,&quot;href&quot;:&quot;https://api.teamsnap.com/v3/team_media_groups/search?team_id=3250051&quot;},{&quot;rel&quot;:&quot;team_paypal_preferences&quot;,&quot;href&quot;:&quot;https://api.teamsnap.com/v3/teams_paypal_preferences/3250051&quot;},{&quot;rel&quot;:&quot;team_photos&quot;,&quot;href&quot;:&quot;https://api.teamsnap.com/v3/team_photos/search&quot;},{&quot;rel&quot;:&quot;team_preferences&quot;,&quot;href&quot;:&quot;https://api.teamsnap.com/v3/teams_preferences/3250051&quot;},{&quot;rel&quot;:&quot;team_public_site&quot;,&quot;href&quot;:&quot;https://api.teamsnap.com/v3/team_public_sites/3250051&quot;},{&quot;rel&quot;:&quot;team_results&quot;,&quot;href&quot;:&quot;https://api.teamsnap.com/v3/teams_results/3250051&quot;},{&quot;rel&quot;:&quot;team_statistics&quot;,&quot;href&quot;:&quot;https://api.teamsnap.com/v3/team_statistics/search?team_id=3250051&quot;},{&quot;rel&quot;:&quot;tracked_item_statuses&quot;,&quot;href&quot;:&quot;https://api.teamsnap.com/v3/tracked_item_statuses/search?team_id=3250051&quot;},{&quot;rel&quot;:&quot;tracked_items&quot;,&quot;href&quot;:&quot;https://api.teamsnap.com/v3/tracked_items/search?team_id=3250051&quot;}],&quot;href&quot;:&quot;https://api.teamsnap.com/v3/teams/3250051&quot;},{&quot;data&quot;:[{&quot;name&quot;:&quot;id&quot;,&quot;type&quot;:&quot;String&quot;,&quot;value&quot;:3250054},{&quot;name&quot;:&quot;type&quot;,&quot;type&quot;:&quot;String&quot;,&quot;value&quot;:&quot;team&quot;},{&quot;name&quot;:&quot;active_season_team_id&quot;,&quot;type&quot;:&quot;String&quot;,&quot;value&quot;:null},{&quot;name&quot;:&quot;division_name&quot;,&quot;type&quot;:&quot;String&quot;,&quot;value&quot;:&quot;Novice&quot;},{&quot;name&quot;:&quot;division_id&quot;,&quot;type&quot;:&quot;String&quot;,&quot;value&quot;:219328},{&quot;name&quot;:&quot;is_archived_season&quot;,&quot;type&quot;:&quot;Boolean&quot;,&quot;value&quot;:false},{&quot;name&quot;:&quot;is_hidden_on_dashboard&quot;,&quot;type&quot;:&quot;Boolean&quot;,&quot;value&quot;:false},{&quot;name&quot;:&quot;is_retired&quot;,&quot;type&quot;:&quot;Boolean&quot;,&quot;value&quot;:false},{&quot;name&quot;:&quot;league_name&quot;,&quot;type&quot;:&quot;String&quot;,&quot;value&quot;:&quot;City of Ottawa Ringette Association - TEST&quot;},{&quot;name&quot;:&quot;league_url&quot;,&quot;type&quot;:&quot;String&quot;,&quot;value&quot;:null},{&quot;name&quot;:&quot;is_in_league&quot;,&quot;type&quot;:&quot;Boolean&quot;,&quot;value&quot;:true},{&quot;name&quot;:&quot;location_country&quot;,&quot;type&quot;:&quot;String&quot;,&quot;value&quot;:&quot;Canada&quot;},{&quot;name&quot;:&quot;location_postal_code&quot;,&quot;type&quot;:&quot;String&quot;,&quot;value&quot;:&quot;K1N 8G2&quot;},{&quot;name&quot;:&quot;location_latitude&quot;,&quot;type&quot;:&quot;String&quot;,&quot;value&quot;:null},{&quot;name&quot;:&quot;location_longitude&quot;,&quot;type&quot;:&quot;String&quot;,&quot;value&quot;:null},{&quot;name&quot;:&quot;location_state&quot;,&quot;type&quot;:&quot;String&quot;,&quot;value&quot;:null},{&quot;name&quot;:&quot;name&quot;,&quot;type&quot;:&quot;String&quot;,&quot;value&quot;:&quot;U8&quot;},{&quot;name&quot;:&quot;non_player_member_count&quot;,&quot;type&quot;:&quot;Integer&quot;,&quot;value&quot;:0},{&quot;name&quot;:&quot;plan_id&quot;,&quot;type&quot;:&quot;String&quot;,&quot;value&quot;:17},{&quot;name&quot;:&quot;player_member_count&quot;,&quot;type&quot;:&quot;Integer&quot;,&quot;value&quot;:0},{&quot;name&quot;:&quot;billed_at&quot;,&quot;type&quot;:&quot;DateTime&quot;,&quot;value&quot;:&quot;2017-07-27T04:59:39Z&quot;},{&quot;name&quot;:&quot;season_name&quot;,&quot;type&quot;:&quot;String&quot;,&quot;value&quot;:null},{&quot;name&quot;:&quot;sport_id&quot;,&quot;type&quot;:&quot;String&quot;,&quot;value&quot;:51},{&quot;name&quot;:&quot;time_zone&quot;,&quot;type&quot;:&quot;String&quot;,&quot;value&quot;:&quot;Eastern Time (US &amp; Canada)&quot;},{&quot;name&quot;:&quot;time_zone_description&quot;,&quot;type&quot;:&quot;String&quot;,&quot;value&quot;:&quot;Eastern Time (US &amp; Canada)&quot;},{&quot;name&quot;:&quot;time_zone_iana_name&quot;,&quot;type&quot;:&quot;String&quot;,&quot;value&quot;:&quot;America/New_York&quot;},{&quot;name&quot;:&quot;time_zone_offset&quot;,&quot;type&quot;:&quot;String&quot;,&quot;value&quot;:&quot;-05:00&quot;},{&quot;name&quot;:&quot;updated_at&quot;,&quot;type&quot;:&quot;DateTime&quot;,&quot;value&quot;:&quot;2017-07-27T04:59:39Z&quot;},{&quot;name&quot;:&quot;created_at&quot;,&quot;type&quot;:&quot;DateTime&quot;,&quot;value&quot;:&quot;2017-07-27T04:59:38Z&quot;},{&quot;name&quot;:&quot;has_reached_roster_limit&quot;,&quot;type&quot;:&quot;Boolean&quot;,&quot;value&quot;:false},{&quot;name&quot;:&quot;roster_limit&quot;,&quot;type&quot;:&quot;Integer&quot;,&quot;value&quot;:4000},{&quot;name&quot;:&quot;has_exportable_media&quot;,&quot;type&quot;:&quot;Boolean&quot;,&quot;value&quot;:false},{&quot;name&quot;:&quot;can_export_media&quot;,&quot;type&quot;:&quot;Boolean&quot;,&quot;value&quot;:false},{&quot;name&quot;:&quot;last_accessed_at&quot;,&quot;type&quot;:&quot;DateTime&quot;,&quot;value&quot;:null},{&quot;name&quot;:&quot;media_storage_used&quot;,&quot;type&quot;:&quot;Integer&quot;,&quot;value&quot;:0},{&quot;name&quot;:&quot;humanized_media_storage_used&quot;,&quot;type&quot;:&quot;String&quot;,&quot;value&quot;:&quot;0 B&quot;},{&quot;name&quot;:&quot;is_game_day&quot;,&quot;type&quot;:&quot;Boolean&quot;,&quot;value&quot;:false},{&quot;name&quot;:&quot;is_gateway_required_for_sms&quot;,&quot;type&quot;:&quot;Boolean&quot;,&quot;value&quot;:false}],&quot;rel&quot;:&quot;team-3250054&quot;,&quot;links&quot;:[{&quot;rel&quot;:&quot;assignments&quot;,&quot;href&quot;:&quot;https://api.teamsnap.com/v3/assignments/search?team_id=3250054&quot;},{&quot;rel&quot;:&quot;availabilities&quot;,&quot;href&quot;:&quot;https://api.teamsnap.com/v3/availabilities/search?team_id=3250054&quot;},{&quot;rel&quot;:&quot;broadcast_email_attachments&quot;,&quot;href&quot;:&quot;https://api.teamsnap.com/v3/broadcast_email_attachments/search?team_id=3250054&quot;},{&quot;rel&quot;:&quot;broadcast_emails&quot;,&quot;href&quot;:&quot;https://api.teamsnap.com/v3/broadcast_emails/search?team_id=3250054&quot;},{&quot;rel&quot;:&quot;broadcast_alerts&quot;,&quot;href&quot;:&quot;https://api.teamsnap.com/v3/broadcast_alerts/search?team_id=3250054&quot;},{&quot;rel&quot;:&quot;calendar_http&quot;,&quot;href&quot;:&quot;http://ical-cdn.teamsnap.com/team_schedule/0c3dc77c-313b-42e3-ab28-6d1dc5488e31.ics&quot;},{&quot;rel&quot;:&quot;calendar_http_games_only&quot;,&quot;href&quot;:&quot;http://ical-cdn.teamsnap.com/team_schedule/filter/games/0c3dc77c-313b-42e3-ab28-6d1dc5488e31.ics&quot;},{&quot;rel&quot;:&quot;calendar_webcal&quot;,&quot;href&quot;:&quot;webcal://ical-cdn.teamsnap.com/team_schedule/0c3dc77c-313b-42e3-ab28-6d1dc5488e31.ics&quot;},{&quot;rel&quot;:&quot;calendar_webcal_games_only&quot;,&quot;href&quot;:&quot;webcal://ical-cdn.teamsnap.com/team_schedule/filter/games/0c3dc77c-313b-42e3-ab28-6d1dc5488e31.ics&quot;},{&quot;rel&quot;:&quot;commissioners&quot;,&quot;href&quot;:&quot;https://api.teamsnap.com/v3/members/commissioners?team_id=3250054&quot;},{&quot;rel&quot;:&quot;contact_email_addresses&quot;,&quot;href&quot;:&quot;https://api.teamsnap.com/v3/contact_email_addresses/search?team_id=3250054&quot;},{&quot;rel&quot;:&quot;contact_phone_numbers&quot;,&quot;href&quot;:&quot;https://api.teamsnap.com/v3/contact_phone_numbers/search?team_id=3250054&quot;},{&quot;rel&quot;:&quot;contacts&quot;,&quot;href&quot;:&quot;https://api.teamsnap.com/v3/contacts/search?team_id=3250054&quot;},{&quot;rel&quot;:&quot;custom_data&quot;,&quot;href&quot;:&quot;https://api.teamsnap.com/v3/custom_data/search?team_id=3250054&quot;},{&quot;rel&quot;:&quot;custom_fields&quot;,&quot;href&quot;:&quot;https://api.teamsnap.com/v3/custom_fields/search?team_id=3250054&quot;},{&quot;rel&quot;:&quot;division_contact_email_addresses&quot;,&quot;href&quot;:&quot;https://api.teamsnap.com/v3/division_contact_email_addresses/search?team_id=3250054&quot;},{&quot;rel&quot;:&quot;division_contact_phone_numbers&quot;,&quot;href&quot;:&quot;https://api.teamsnap.com/v3/division_contact_phone_numbers/search?team_id=3250054&quot;},{&quot;rel&quot;:&quot;division_contacts&quot;,&quot;href&quot;:&quot;https://api.teamsnap.com/v3/division_contacts/search?team_id=3250054&quot;},{&quot;rel&quot;:&quot;division_locations&quot;,&quot;href&quot;:&quot;https://api.teamsnap.com/v3/division_locations/search?team_id=3250054&quot;},{&quot;rel&quot;:&quot;division_member_email_addresses&quot;,&quot;href&quot;:&quot;https://api.teamsnap.com/v3/division_member_email_addresses/search?team_id=3250054&quot;},{&quot;rel&quot;:&quot;division_member_phone_numbers&quot;,&quot;href&quot;:&quot;https://api.teamsnap.com/v3/division_member_phone_numbers/search?team_id=3250054&quot;},{&quot;rel&quot;:&quot;division_members&quot;,&quot;href&quot;:&quot;https://api.teamsnap.com/v3/division_members/search?team_id=3250054&quot;},{&quot;rel&quot;:&quot;division_members_preferences&quot;,&quot;href&quot;:&quot;https://api.teamsnap.com/v3/division_members_preferences/search?team_id=3250054&quot;},{&quot;rel&quot;:&quot;division_team_standings&quot;,&quot;href&quot;:&quot;https://api.teamsnap.com/v3/division_team_standings/search?team_id=3250054&quot;},{&quot;rel&quot;:&quot;forum_posts&quot;,&quot;href&quot;:&quot;https://api.teamsnap.com/v3/forum_posts/search?team_id=3250054&quot;},{&quot;rel&quot;:&quot;forum_subscriptions&quot;,&quot;href&quot;:&quot;https://api.teamsnap.com/v3/forum_subscriptions/search?team_id=3250054&quot;},{&quot;rel&quot;:&quot;forum_topics&quot;,&quot;href&quot;:&quot;https://api.teamsnap.com/v3/forum_topics/search?team_id=3250054&quot;},{&quot;rel&quot;:&quot;event_statistics&quot;,&quot;href&quot;:&quot;https://api.teamsnap.com/v3/event_statistics/search?team_id=3250054&quot;},{&quot;rel&quot;:&quot;events&quot;,&quot;href&quot;:&quot;https://api.teamsnap.com/v3/events/search?team_id=3250054&quot;},{&quot;rel&quot;:&quot;events_csv_export&quot;,&quot;href&quot;:&quot;https://api.teamsnap.com/v3/exports/events_csv?hs=7DnM5n5ksZe6FZ8%252FwffMKt9caYFkw5BVE%252F%252B5yjT2USCw%252B9CuPknj6riWHkvhvqchqcvj2IEu1ltWyoHPO6nCARRnWh9mpP2ncCiX7kHRb%252BNkDL6ugbEPLSwfZWxrJZFpXHPfSELJJ%252BplOZV%252ByDJz6g%253D%253D&quot;},{&quot;rel&quot;:&quot;events_overview&quot;,&quot;href&quot;:&quot;https://api.teamsnap.com/v3/events/overview?team_id=3250054&quot;},{&quot;rel&quot;:&quot;league_custom_data&quot;,&quot;href&quot;:&quot;https://api.teamsnap.com/v3/league_custom_data/search?team_id=3250054&quot;},{&quot;rel&quot;:&quot;league_custom_fields&quot;,&quot;href&quot;:&quot;https://api.teamsnap.com/v3/league_custom_fields/search?team_id=3250054&quot;},{&quot;rel&quot;:&quot;league_registrant_documents&quot;,&quot;href&quot;:&quot;https://api.teamsnap.com/v3/league_registrant_documents/search?member_id=3250054&quot;},{&quot;rel&quot;:&quot;locations&quot;,&quot;href&quot;:&quot;https://api.teamsnap.com/v3/locations/search?team_id=3250054&quot;},{&quot;rel&quot;:&quot;managers&quot;,&quot;href&quot;:&quot;https://api.teamsnap.com/v3/members/managers?team_id=3250054&quot;},{&quot;rel&quot;:&quot;member_balances&quot;,&quot;href&quot;:&quot;https://api.teamsnap.com/v3/member_balances/search?team_id=3250054&quot;},{&quot;rel&quot;:&quot;member_email_addresses&quot;,&quot;href&quot;:&quot;https://api.teamsnap.com/v3/member_email_addresses/search?team_id=3250054&quot;},{&quot;rel&quot;:&quot;member_files&quot;,&quot;href&quot;:&quot;https://api.teamsnap.com/v3/member_files/search?team_id=3250054&quot;},{&quot;rel&quot;:&quot;member_links&quot;,&quot;href&quot;:&quot;https://api.teamsnap.com/v3/member_links/search?team_id=3250054&quot;},{&quot;rel&quot;:&quot;member_payments&quot;,&quot;href&quot;:&quot;https://api.teamsnap.com/v3/member_payments/search?team_id=3250054&quot;},{&quot;rel&quot;:&quot;member_phone_numbers&quot;,&quot;href&quot;:&quot;https://api.teamsnap.com/v3/member_phone_numbers/search?team_id=3250054&quot;},{&quot;rel&quot;:&quot;member_photos&quot;,&quot;href&quot;:&quot;https://api.teamsnap.com/v3/member_photos/search?team_id=3250054&quot;},{&quot;rel&quot;:&quot;member_statistics&quot;,&quot;href&quot;:&quot;https://api.teamsnap.com/v3/member_statistics/search?team_id=3250054&quot;},{&quot;rel&quot;:&quot;members&quot;,&quot;href&quot;:&quot;https://api.teamsnap.com/v3/members/search?team_id=3250054&quot;},{&quot;rel&quot;:&quot;members_csv_export&quot;,&quot;href&quot;:&quot;https://api.teamsnap.com/v3/exports/members_csv?hs=7DnM5n5ksZe6FZ8%252FwffMKt9caYFkw5BVE%252F%252B5yjT2USCw%252B9CuPknj6riWHkvhvqchqcvj2IEu1ltWyoHPO6nCARRnWh9mpP2ncCiX7kHRb%252BNkDL6ugbEPLSwfZWxrJZFpXHPfSELJJ%252BplOZV%252ByDJz6g%253D%253D&quot;},{&quot;rel&quot;:&quot;members_preferences&quot;,&quot;href&quot;:&quot;https://api.teamsnap.com/v3/members_preferences/search?team_id=3250054&quot;},{&quot;rel&quot;:&quot;message_data&quot;,&quot;href&quot;:&quot;https://api.teamsnap.com/v3/message_data/search?team_id=3250054&quot;},{&quot;rel&quot;:&quot;messages&quot;,&quot;href&quot;:&quot;https://api.teamsnap.com/v3/messages/search?team_id=3250054&quot;},{&quot;rel&quot;:&quot;opponents&quot;,&quot;href&quot;:&quot;https://api.teamsnap.com/v3/opponents/search?team_id=3250054&quot;},{&quot;rel&quot;:&quot;opponents_results&quot;,&quot;href&quot;:&quot;https://api.teamsnap.com/v3/opponents_results/search?team_id=3250054&quot;},{&quot;rel&quot;:&quot;owner&quot;,&quot;href&quot;:&quot;https://api.teamsnap.com/v3/members/owner?team_id=3250054&quot;},{&quot;rel&quot;:&quot;payment_notes&quot;,&quot;href&quot;:&quot;https://api.teamsnap.com/v3/payment_notes/search?team_id=3250054&quot;},{&quot;rel&quot;:&quot;paypal_currency&quot;,&quot;href&quot;:&quot;https://api.teamsnap.com/v3/paypal_currencies/search?team_id=3250054&quot;},{&quot;rel&quot;:&quot;plan&quot;,&quot;href&quot;:&quot;https://api.teamsnap.com/v3/plans/17&quot;},{&quot;rel&quot;:&quot;sponsors&quot;,&quot;href&quot;:&quot;https://api.teamsnap.com/v3/sponsors/search?team_id=3250054&quot;},{&quot;rel&quot;:&quot;sport&quot;,&quot;href&quot;:&quot;https://api.teamsnap.com/v3/sports/51&quot;},{&quot;rel&quot;:&quot;statistics&quot;,&quot;href&quot;:&quot;https://api.teamsnap.com/v3/statistics/search?team_id=3250054&quot;},{&quot;rel&quot;:&quot;statistic_aggregates&quot;,&quot;href&quot;:&quot;https://api.teamsnap.com/v3/statistic_aggregates/search?team_id=3250054&quot;},{&quot;rel&quot;:&quot;statistic_data&quot;,&quot;href&quot;:&quot;https://api.teamsnap.com/v3/statistic_data/search?team_id=3250054&quot;},{&quot;rel&quot;:&quot;statistic_groups&quot;,&quot;href&quot;:&quot;https://api.teamsnap.com/v3/statistic_groups/search?team_id=3250054&quot;},{&quot;rel&quot;:&quot;team_fees&quot;,&quot;href&quot;:&quot;https://api.teamsnap.com/v3/team_fees/search?team_id=3250054&quot;},{&quot;rel&quot;:&quot;team_logo_photo_file&quot;,&quot;href&quot;:&quot;https://api.teamsnap.com/v3/photo_files/sport_logo/51-0&quot;},{&quot;rel&quot;:&quot;team_media&quot;,&quot;href&quot;:&quot;https://api.teamsnap.com/v3/team_media/search?team_id=3250054&quot;},{&quot;rel&quot;:&quot;team_medium_comments&quot;,&quot;href&quot;:&quot;https://api.teamsnap.com/v3/team_medium_comments/search?team_id=3250054&quot;},{&quot;rel&quot;:&quot;team_media_groups&quot;,&quot;href&quot;:&quot;https://api.teamsnap.com/v3/team_media_groups/search?team_id=3250054&quot;},{&quot;rel&quot;:&quot;team_paypal_preferences&quot;,&quot;href&quot;:&quot;https://api.teamsnap.com/v3/teams_paypal_preferences/3250054&quot;},{&quot;rel&quot;:&quot;team_photos&quot;,&quot;href&quot;:&quot;https://api.teamsnap.com/v3/team_photos/search&quot;},{&quot;rel&quot;:&quot;team_preferences&quot;,&quot;href&quot;:&quot;https://api.teamsnap.com/v3/teams_preferences/3250054&quot;},{&quot;rel&quot;:&quot;team_public_site&quot;,&quot;href&quot;:&quot;https://api.teamsnap.com/v3/team_public_sites/3250054&quot;},{&quot;rel&quot;:&quot;team_results&quot;,&quot;href&quot;:&quot;https://api.teamsnap.com/v3/teams_results/3250054&quot;},{&quot;rel&quot;:&quot;team_statistics&quot;,&quot;href&quot;:&quot;https://api.teamsnap.com/v3/team_statistics/search?team_id=3250054&quot;},{&quot;rel&quot;:&quot;tracked_item_statuses&quot;,&quot;href&quot;:&quot;https://api.teamsnap.com/v3/tracked_item_statuses/search?team_id=3250054&quot;},{&quot;rel&quot;:&quot;tracked_items&quot;,&quot;href&quot;:&quot;https://api.teamsnap.com/v3/tracked_items/search?team_id=3250054&quot;}],&quot;href&quot;:&quot;https://api.teamsnap.com/v3/teams/3250054&quot;}],&quot;commands&quot;:[{&quot;data&quot;:[{&quot;name&quot;:&quot;team_id&quot;,&quot;value&quot;:null},{&quot;name&quot;:&quot;contact_id&quot;,&quot;value&quot;:null},{&quot;name&quot;:&quot;member_id&quot;,&quot;value&quot;:null},{&quot;name&quot;:&quot;introduction&quot;,&quot;value&quot;:null},{&quot;name&quot;:&quot;notify_as_member_id&quot;,&quot;value&quot;:null}],&quot;rel&quot;:&quot;invite&quot;,&quot;href&quot;:&quot;https://api.teamsnap.com/v3/teams/invite&quot;,&quot;prompt&quot;:&quot;invite team members or contacts to join TeamSnap.&quot;},{&quot;data&quot;:[{&quot;name&quot;:&quot;team_id&quot;,&quot;value&quot;:null},{&quot;name&quot;:&quot;time_zone&quot;,&quot;value&quot;:null},{&quot;deprecated&quot;:true,&quot;name&quot;:&quot;offset_team_times&quot;,&quot;value&quot;:null,&quot;prompt&quot;:&quot;%{old} is deprecated and will be removed in a future version, use %{new} instead.&quot;}],&quot;rel&quot;:&quot;update_time_zone&quot;,&quot;href&quot;:&quot;https://api.teamsnap.com/v3/teams/update_time_zone&quot;,&quot;prompt&quot;:&quot;Update team&apos;s time zone. This is currently the only method of updating a team&apos;s time zone.&quot;},{&quot;data&quot;:[{&quot;name&quot;:&quot;team_id&quot;,&quot;value&quot;:null}],&quot;rel&quot;:&quot;reset_statistics&quot;,&quot;href&quot;:&quot;https://api.teamsnap.com/v3/teams/reset_statistics&quot;,&quot;prompt&quot;:&quot;Deletes all data, categories and groups for a given team_id&quot;},{&quot;data&quot;:[{&quot;name&quot;:&quot;id&quot;,&quot;value&quot;:null}],&quot;rel&quot;:&quot;invite_team_owners&quot;,&quot;href&quot;:&quot;https://api.teamsnap.com/v3/teams/invite_team_owners&quot;,&quot;prompt&quot;:&quot;Beta: (This endpoint subject to change) Allow commissioners to send invitations to all owners on active teams in the division.&quot;},{&quot;data&quot;:[{&quot;name&quot;:&quot;team_id&quot;,&quot;value&quot;:null},{&quot;name&quot;:&quot;member_id&quot;,&quot;value&quot;:null}],&quot;rel&quot;:&quot;change_owner&quot;,&quot;href&quot;:&quot;https://api.teamsnap.com/v3/teams/change_owner&quot;,&quot;prompt&quot;:&quot;Beta: (This endpoint subject to change) Allow commissioners to change the owner of a league team.&quot;},{&quot;data&quot;:[{&quot;name&quot;:&quot;team_ids&quot;,&quot;value&quot;:null}],&quot;rel&quot;:&quot;toggle_team_visibility_on_dashboard&quot;,&quot;href&quot;:&quot;https://api.teamsnap.com/v3/teams/toggle_team_visibility_on_dashboard&quot;,&quot;prompt&quot;:&quot;Toggles the visibility of teams on the list of active teams, per user. Requires a single id or a comma separated list of &apos;team_id&apos;s&quot;}]}}
Aug 05, 2017 6:33:28 PM teamsnap.apiClient.Query execute
INFO: {&quot;collection&quot;:{&quot;template&quot;:{&quot;data&quot;:[{&quot;name&quot;:&quot;type&quot;,&quot;value&quot;:&quot;event&quot;},{&quot;name&quot;:&quot;additional_location_details&quot;,&quot;value&quot;:null},{&quot;name&quot;:&quot;browser_time_zone&quot;,&quot;value&quot;:null},{&quot;name&quot;:&quot;division_location_id&quot;,&quot;value&quot;:null},{&quot;name&quot;:&quot;doesnt_count_towards_record&quot;,&quot;value&quot;:null},{&quot;name&quot;:&quot;duration_in_minutes&quot;,&quot;value&quot;:null},{&quot;name&quot;:&quot;game_type_code&quot;,&quot;value&quot;:null},{&quot;name&quot;:&quot;icon_color&quot;,&quot;value&quot;:null},{&quot;name&quot;:&quot;is_canceled&quot;,&quot;value&quot;:null},{&quot;name&quot;:&quot;is_game&quot;,&quot;value&quot;:null},{&quot;name&quot;:&quot;is_overtime&quot;,&quot;value&quot;:null},{&quot;name&quot;:&quot;is_shootout&quot;,&quot;value&quot;:null},{&quot;name&quot;:&quot;is_tbd&quot;,&quot;value&quot;:null},{&quot;name&quot;:&quot;label&quot;,&quot;value&quot;:null},{&quot;name&quot;:&quot;location_id&quot;,&quot;value&quot;:null},{&quot;name&quot;:&quot;minutes_to_arrive_early&quot;,&quot;value&quot;:null},{&quot;name&quot;:&quot;name&quot;,&quot;value&quot;:null},{&quot;name&quot;:&quot;notes&quot;,&quot;value&quot;:null},{&quot;name&quot;:&quot;notify_opponent&quot;,&quot;value&quot;:null},{&quot;name&quot;:&quot;notify_opponent_contacts_email&quot;,&quot;value&quot;:null},{&quot;name&quot;:&quot;notify_opponent_contacts_name&quot;,&quot;value&quot;:null},{&quot;name&quot;:&quot;notify_opponent_notes&quot;,&quot;value&quot;:null},{&quot;name&quot;:&quot;notify_team&quot;,&quot;value&quot;:null},{&quot;name&quot;:&quot;notify_team_as_member_id&quot;,&quot;value&quot;:null},{&quot;name&quot;:&quot;opponent_id&quot;,&quot;value&quot;:null},{&quot;name&quot;:&quot;points_for_opponent&quot;,&quot;value&quot;:null},{&quot;name&quot;:&quot;points_for_team&quot;,&quot;value&quot;:null},{&quot;name&quot;:&quot;repeating_include&quot;,&quot;value&quot;:null,&quot;prompt&quot;:&quot;When updating a repeating event, this is a required field. Values are: \&quot;all\&quot; - updates all events in this series, \&quot;future\&quot; - updates this event and all that occur after, \&quot;none\&quot; - only updates a single event.&quot;},{&quot;name&quot;:&quot;repeating_type_code&quot;,&quot;value&quot;:null,&quot;prompt&quot;:&quot;A code for the frequency of the repeated event, this is required with the \&quot;repeating_include\&quot; attribute when creating a repeating event. Valid values are: \&quot;1\&quot; - repeat an event daily, \&quot;2\&quot; - repeat an event weekly.&quot;},{&quot;name&quot;:&quot;repeating_until&quot;,&quot;value&quot;:null,&quot;prompt&quot;:&quot;A date when the repeating event should end, this is inclusive so an event will be created on this day if it falls before the next event specified by \&quot;repeating_type_code\&quot;. This attribute is required with \&quot;repeating_type_code\&quot; when creating a repeating event.&quot;},{&quot;name&quot;:&quot;results&quot;,&quot;value&quot;:null},{&quot;name&quot;:&quot;results_url&quot;,&quot;value&quot;:null},{&quot;name&quot;:&quot;shootout_points_for_opponent&quot;,&quot;value&quot;:null},{&quot;name&quot;:&quot;shootout_points_for_team&quot;,&quot;value&quot;:null},{&quot;name&quot;:&quot;start_date&quot;,&quot;value&quot;:null},{&quot;name&quot;:&quot;team_id&quot;,&quot;value&quot;:null},{&quot;name&quot;:&quot;time_zone&quot;,&quot;value&quot;:null},{&quot;name&quot;:&quot;tracks_availability&quot;,&quot;value&quot;:null},{&quot;name&quot;:&quot;uniform&quot;,&quot;value&quot;:null}]},&quot;rel&quot;:&quot;events&quot;,&quot;links&quot;:[{&quot;rel&quot;:&quot;assignments&quot;,&quot;href&quot;:&quot;https://api.teamsnap.com/v3/assignments&quot;},{&quot;rel&quot;:&quot;availabilities&quot;,&quot;href&quot;:&quot;https://api.teamsnap.com/v3/availabilities&quot;},{&quot;rel&quot;:&quot;division_location&quot;,&quot;href&quot;:&quot;https://api.teamsnap.com/v3/division_locations&quot;},{&quot;rel&quot;:&quot;event_statistics&quot;,&quot;href&quot;:&quot;https://api.teamsnap.com/v3/event_statistics&quot;},{&quot;rel&quot;:&quot;location&quot;,&quot;href&quot;:&quot;https://api.teamsnap.com/v3/locations&quot;},{&quot;rel&quot;:&quot;opponent&quot;,&quot;href&quot;:&quot;https://api.teamsnap.com/v3/opponents&quot;},{&quot;rel&quot;:&quot;statistic_data&quot;,&quot;href&quot;:&quot;https://api.teamsnap.com/v3/statistic_data&quot;},{&quot;rel&quot;:&quot;team&quot;,&quot;href&quot;:&quot;https://api.teamsnap.com/v3/teams&quot;},{&quot;rel&quot;:&quot;root&quot;,&quot;href&quot;:&quot;https://api.teamsnap.com/v3/&quot;},{&quot;rel&quot;:&quot;self&quot;,&quot;href&quot;:&quot;https://api.teamsnap.com/v3/events/search?team_id=3250050&quot;}],&quot;href&quot;:&quot;https://api.teamsnap.com/v3/events&quot;,&quot;version&quot;:&quot;3.518.0&quot;,&quot;queries&quot;:[{&quot;data&quot;:[{&quot;name&quot;:&quot;team_id&quot;,&quot;value&quot;:null},{&quot;name&quot;:&quot;location_id&quot;,&quot;value&quot;:null},{&quot;name&quot;:&quot;opponent_id&quot;,&quot;value&quot;:null},{&quot;name&quot;:&quot;started_after&quot;,&quot;value&quot;:null},{&quot;name&quot;:&quot;started_before&quot;,&quot;value&quot;:null},{&quot;name&quot;:&quot;repeating_uuid&quot;,&quot;value&quot;:null},{&quot;name&quot;:&quot;id&quot;,&quot;value&quot;:null},{&quot;name&quot;:&quot;is_game&quot;,&quot;value&quot;:null},{&quot;name&quot;:&quot;updated_since&quot;,&quot;value&quot;:null},{&quot;name&quot;:&quot;page_size&quot;,&quot;value&quot;:null,&quot;prompt&quot;:&quot;The number of items to return for each page. Sending this parameter with the query will enable paging for the returned collection.&quot;},{&quot;name&quot;:&quot;page_number&quot;,&quot;value&quot;:null,&quot;prompt&quot;:&quot;The number of the page to be returned. This requires that paging be turned on by also providing the page_size parameter.&quot;},{&quot;name&quot;:&quot;sort_start_date&quot;,&quot;value&quot;:null,&quot;prompt&quot;:&quot;Sort the returned dataset based on the start_date field, valid values are &apos;asc&apos; or &apos;desc&apos;.&quot;}],&quot;rel&quot;:&quot;search&quot;,&quot;sort&quot;:[&quot;start_date&quot;],&quot;href&quot;:&quot;https://api.teamsnap.com/v3/events/search&quot;},{&quot;data&quot;:[{&quot;name&quot;:&quot;team_id&quot;,&quot;value&quot;:null},{&quot;name&quot;:&quot;page_size&quot;,&quot;value&quot;:null,&quot;prompt&quot;:&quot;The number of items to return for each page. Sending this parameter with the query will enable paging for the returned collection.&quot;},{&quot;name&quot;:&quot;page_number&quot;,&quot;value&quot;:null,&quot;prompt&quot;:&quot;The number of the page to be returned. This requires that paging be turned on by also providing the page_size parameter.&quot;}],&quot;rel&quot;:&quot;search_games&quot;,&quot;href&quot;:&quot;https://api.teamsnap.com/v3/events/search_games&quot;},{&quot;data&quot;:[{&quot;name&quot;:&quot;team_id&quot;,&quot;value&quot;:null}],&quot;rel&quot;:&quot;overview&quot;,&quot;href&quot;:&quot;https://api.teamsnap.com/v3/events/overview&quot;}],&quot;commands&quot;:[{&quot;data&quot;:[{&quot;name&quot;:&quot;id&quot;,&quot;value&quot;:null},{&quot;name&quot;:&quot;members_to_notify&quot;,&quot;value&quot;:null},{&quot;name&quot;:&quot;notify_team_as_member_id&quot;,&quot;value&quot;:null}],&quot;rel&quot;:&quot;send_availability_reminders&quot;,&quot;href&quot;:&quot;https://api.teamsnap.com/v3/events/send_availability_reminders&quot;,&quot;prompt&quot;:&quot;members_to_notify = [member_id, member_id]&quot;},{&quot;data&quot;:[{&quot;name&quot;:&quot;id&quot;,&quot;value&quot;:null},{&quot;name&quot;:&quot;points_for_team&quot;,&quot;value&quot;:null},{&quot;name&quot;:&quot;points_for_opponent&quot;,&quot;value&quot;:null},{&quot;name&quot;:&quot;shootout_points_for_team&quot;,&quot;value&quot;:null},{&quot;name&quot;:&quot;shootout_points_for_opponent&quot;,&quot;value&quot;:null},{&quot;name&quot;:&quot;is_overtime&quot;,&quot;value&quot;:null},{&quot;name&quot;:&quot;is_shootout&quot;,&quot;value&quot;:null},{&quot;name&quot;:&quot;results&quot;,&quot;value&quot;:null},{&quot;name&quot;:&quot;results_url&quot;,&quot;value&quot;:null}],&quot;rel&quot;:&quot;update_final_score&quot;,&quot;href&quot;:&quot;https://api.teamsnap.com/v3/events/update_final_score&quot;,&quot;prompt&quot;:&quot;Update the final score for an event&quot;},{&quot;data&quot;:[{&quot;name&quot;:&quot;templates&quot;,&quot;value&quot;:null},{&quot;name&quot;:&quot;team_id&quot;,&quot;value&quot;:null},{&quot;name&quot;:&quot;notify_team_as_member_id&quot;,&quot;value&quot;:null},{&quot;name&quot;:&quot;notify_team&quot;,&quot;value&quot;:null}],&quot;rel&quot;:&quot;bulk_create&quot;,&quot;href&quot;:&quot;https://api.teamsnap.com/v3/events/bulk_create&quot;,&quot;prompt&quot;:&quot;event_ids = [event_id, event_id]&quot;}]}}
Aug 05, 2017 6:33:28 PM teamsnap.apiClient.Query execute
INFO: {&quot;collection&quot;:{&quot;template&quot;:{&quot;data&quot;:[{&quot;name&quot;:&quot;type&quot;,&quot;value&quot;:&quot;event&quot;},{&quot;name&quot;:&quot;additional_location_details&quot;,&quot;value&quot;:null},{&quot;name&quot;:&quot;browser_time_zone&quot;,&quot;value&quot;:null},{&quot;name&quot;:&quot;division_location_id&quot;,&quot;value&quot;:null},{&quot;name&quot;:&quot;doesnt_count_towards_record&quot;,&quot;value&quot;:null},{&quot;name&quot;:&quot;duration_in_minutes&quot;,&quot;value&quot;:null},{&quot;name&quot;:&quot;game_type_code&quot;,&quot;value&quot;:null},{&quot;name&quot;:&quot;icon_color&quot;,&quot;value&quot;:null},{&quot;name&quot;:&quot;is_canceled&quot;,&quot;value&quot;:null},{&quot;name&quot;:&quot;is_game&quot;,&quot;value&quot;:null},{&quot;name&quot;:&quot;is_overtime&quot;,&quot;value&quot;:null},{&quot;name&quot;:&quot;is_shootout&quot;,&quot;value&quot;:null},{&quot;name&quot;:&quot;is_tbd&quot;,&quot;value&quot;:null},{&quot;name&quot;:&quot;label&quot;,&quot;value&quot;:null},{&quot;name&quot;:&quot;location_id&quot;,&quot;value&quot;:null},{&quot;name&quot;:&quot;minutes_to_arrive_early&quot;,&quot;value&quot;:null},{&quot;name&quot;:&quot;name&quot;,&quot;value&quot;:null},{&quot;name&quot;:&quot;notes&quot;,&quot;value&quot;:null},{&quot;name&quot;:&quot;notify_opponent&quot;,&quot;value&quot;:null},{&quot;name&quot;:&quot;notify_opponent_contacts_email&quot;,&quot;value&quot;:null},{&quot;name&quot;:&quot;notify_opponent_contacts_name&quot;,&quot;value&quot;:null},{&quot;name&quot;:&quot;notify_opponent_notes&quot;,&quot;value&quot;:null},{&quot;name&quot;:&quot;notify_team&quot;,&quot;value&quot;:null},{&quot;name&quot;:&quot;notify_team_as_member_id&quot;,&quot;value&quot;:null},{&quot;name&quot;:&quot;opponent_id&quot;,&quot;value&quot;:null},{&quot;name&quot;:&quot;points_for_opponent&quot;,&quot;value&quot;:null},{&quot;name&quot;:&quot;points_for_team&quot;,&quot;value&quot;:null},{&quot;name&quot;:&quot;repeating_include&quot;,&quot;value&quot;:null,&quot;prompt&quot;:&quot;When updating a repeating event, this is a required field. Values are: \&quot;all\&quot; - updates all events in this series, \&quot;future\&quot; - updates this event and all that occur after, \&quot;none\&quot; - only updates a single event.&quot;},{&quot;name&quot;:&quot;repeating_type_code&quot;,&quot;value&quot;:null,&quot;prompt&quot;:&quot;A code for the frequency of the repeated event, this is required with the \&quot;repeating_include\&quot; attribute when creating a repeating event. Valid values are: \&quot;1\&quot; - repeat an event daily, \&quot;2\&quot; - repeat an event weekly.&quot;},{&quot;name&quot;:&quot;repeating_until&quot;,&quot;value&quot;:null,&quot;prompt&quot;:&quot;A date when the repeating event should end, this is inclusive so an event will be created on this day if it falls before the next event specified by \&quot;repeating_type_code\&quot;. This attribute is required with \&quot;repeating_type_code\&quot; when creating a repeating event.&quot;},{&quot;name&quot;:&quot;results&quot;,&quot;value&quot;:null},{&quot;name&quot;:&quot;results_url&quot;,&quot;value&quot;:null},{&quot;name&quot;:&quot;shootout_points_for_opponent&quot;,&quot;value&quot;:null},{&quot;name&quot;:&quot;shootout_points_for_team&quot;,&quot;value&quot;:null},{&quot;name&quot;:&quot;start_date&quot;,&quot;value&quot;:null},{&quot;name&quot;:&quot;team_id&quot;,&quot;value&quot;:null},{&quot;name&quot;:&quot;time_zone&quot;,&quot;value&quot;:null},{&quot;name&quot;:&quot;tracks_availability&quot;,&quot;value&quot;:null},{&quot;name&quot;:&quot;uniform&quot;,&quot;value&quot;:null}]},&quot;rel&quot;:&quot;events&quot;,&quot;links&quot;:[{&quot;rel&quot;:&quot;assignments&quot;,&quot;href&quot;:&quot;https://api.teamsnap.com/v3/assignments&quot;},{&quot;rel&quot;:&quot;availabilities&quot;,&quot;href&quot;:&quot;https://api.teamsnap.com/v3/availabilities&quot;},{&quot;rel&quot;:&quot;division_location&quot;,&quot;href&quot;:&quot;https://api.teamsnap.com/v3/division_locations&quot;},{&quot;rel&quot;:&quot;event_statistics&quot;,&quot;href&quot;:&quot;https://api.teamsnap.com/v3/event_statistics&quot;},{&quot;rel&quot;:&quot;location&quot;,&quot;href&quot;:&quot;https://api.teamsnap.com/v3/locations&quot;},{&quot;rel&quot;:&quot;opponent&quot;,&quot;href&quot;:&quot;https://api.teamsnap.com/v3/opponents&quot;},{&quot;rel&quot;:&quot;statistic_data&quot;,&quot;href&quot;:&quot;https://api.teamsnap.com/v3/statistic_data&quot;},{&quot;rel&quot;:&quot;team&quot;,&quot;href&quot;:&quot;https://api.teamsnap.com/v3/teams&quot;},{&quot;rel&quot;:&quot;root&quot;,&quot;href&quot;:&quot;https://api.teamsnap.com/v3/&quot;},{&quot;rel&quot;:&quot;self&quot;,&quot;href&quot;:&quot;https://api.teamsnap.com/v3/events/search?team_id=3250051&quot;}],&quot;href&quot;:&quot;https://api.teamsnap.com/v3/events&quot;,&quot;version&quot;:&quot;3.518.0&quot;,&quot;queries&quot;:[{&quot;data&quot;:[{&quot;name&quot;:&quot;team_id&quot;,&quot;value&quot;:null},{&quot;name&quot;:&quot;location_id&quot;,&quot;value&quot;:null},{&quot;name&quot;:&quot;opponent_id&quot;,&quot;value&quot;:null},{&quot;name&quot;:&quot;started_after&quot;,&quot;value&quot;:null},{&quot;name&quot;:&quot;started_before&quot;,&quot;value&quot;:null},{&quot;name&quot;:&quot;repeating_uuid&quot;,&quot;value&quot;:null},{&quot;name&quot;:&quot;id&quot;,&quot;value&quot;:null},{&quot;name&quot;:&quot;is_game&quot;,&quot;value&quot;:null},{&quot;name&quot;:&quot;updated_since&quot;,&quot;value&quot;:null},{&quot;name&quot;:&quot;page_size&quot;,&quot;value&quot;:null,&quot;prompt&quot;:&quot;The number of items to return for each page. Sending this parameter with the query will enable paging for the returned collection.&quot;},{&quot;name&quot;:&quot;page_number&quot;,&quot;value&quot;:null,&quot;prompt&quot;:&quot;The number of the page to be returned. This requires that paging be turned on by also providing the page_size parameter.&quot;},{&quot;name&quot;:&quot;sort_start_date&quot;,&quot;value&quot;:null,&quot;prompt&quot;:&quot;Sort the returned dataset based on the start_date field, valid values are &apos;asc&apos; or &apos;desc&apos;.&quot;}],&quot;rel&quot;:&quot;search&quot;,&quot;sort&quot;:[&quot;start_date&quot;],&quot;href&quot;:&quot;https://api.teamsnap.com/v3/events/search&quot;},{&quot;data&quot;:[{&quot;name&quot;:&quot;team_id&quot;,&quot;value&quot;:null},{&quot;name&quot;:&quot;page_size&quot;,&quot;value&quot;:null,&quot;prompt&quot;:&quot;The number of items to return for each page. Sending this parameter with the query will enable paging for the returned collection.&quot;},{&quot;name&quot;:&quot;page_number&quot;,&quot;value&quot;:null,&quot;prompt&quot;:&quot;The number of the page to be returned. This requires that paging be turned on by also providing the page_size parameter.&quot;}],&quot;rel&quot;:&quot;search_games&quot;,&quot;href&quot;:&quot;https://api.teamsnap.com/v3/events/search_games&quot;},{&quot;data&quot;:[{&quot;name&quot;:&quot;team_id&quot;,&quot;value&quot;:null}],&quot;rel&quot;:&quot;overview&quot;,&quot;href&quot;:&quot;https://api.teamsnap.com/v3/events/overview&quot;}],&quot;commands&quot;:[{&quot;data&quot;:[{&quot;name&quot;:&quot;id&quot;,&quot;value&quot;:null},{&quot;name&quot;:&quot;members_to_notify&quot;,&quot;value&quot;:null},{&quot;name&quot;:&quot;notify_team_as_member_id&quot;,&quot;value&quot;:null}],&quot;rel&quot;:&quot;send_availability_reminders&quot;,&quot;href&quot;:&quot;https://api.teamsnap.com/v3/events/send_availability_reminders&quot;,&quot;prompt&quot;:&quot;members_to_notify = [member_id, member_id]&quot;},{&quot;data&quot;:[{&quot;name&quot;:&quot;id&quot;,&quot;value&quot;:null},{&quot;name&quot;:&quot;points_for_team&quot;,&quot;value&quot;:null},{&quot;name&quot;:&quot;points_for_opponent&quot;,&quot;value&quot;:null},{&quot;name&quot;:&quot;shootout_points_for_team&quot;,&quot;value&quot;:null},{&quot;name&quot;:&quot;shootout_points_for_opponent&quot;,&quot;value&quot;:null},{&quot;name&quot;:&quot;is_overtime&quot;,&quot;value&quot;:null},{&quot;name&quot;:&quot;is_shootout&quot;,&quot;value&quot;:null},{&quot;name&quot;:&quot;results&quot;,&quot;value&quot;:null},{&quot;name&quot;:&quot;results_url&quot;,&quot;value&quot;:null}],&quot;rel&quot;:&quot;update_final_score&quot;,&quot;href&quot;:&quot;https://api.teamsnap.com/v3/events/update_final_score&quot;,&quot;prompt&quot;:&quot;Update the final score for an event&quot;},{&quot;data&quot;:[{&quot;name&quot;:&quot;templates&quot;,&quot;value&quot;:null},{&quot;name&quot;:&quot;team_id&quot;,&quot;value&quot;:null},{&quot;name&quot;:&quot;notify_team_as_member_id&quot;,&quot;value&quot;:null},{&quot;name&quot;:&quot;notify_team&quot;,&quot;value&quot;:null}],&quot;rel&quot;:&quot;bulk_create&quot;,&quot;href&quot;:&quot;https://api.teamsnap.com/v3/events/bulk_create&quot;,&quot;prompt&quot;:&quot;event_ids = [event_id, event_id]&quot;}]}}
Aug 05, 2017 6:33:28 PM teamsnap.apiClient.Query execute
INFO: {&quot;collection&quot;:{&quot;template&quot;:{&quot;data&quot;:[{&quot;name&quot;:&quot;type&quot;,&quot;value&quot;:&quot;event&quot;},{&quot;name&quot;:&quot;additional_location_details&quot;,&quot;value&quot;:null},{&quot;name&quot;:&quot;browser_time_zone&quot;,&quot;value&quot;:null},{&quot;name&quot;:&quot;division_location_id&quot;,&quot;value&quot;:null},{&quot;name&quot;:&quot;doesnt_count_towards_record&quot;,&quot;value&quot;:null},{&quot;name&quot;:&quot;duration_in_minutes&quot;,&quot;value&quot;:null},{&quot;name&quot;:&quot;game_type_code&quot;,&quot;value&quot;:null},{&quot;name&quot;:&quot;icon_color&quot;,&quot;value&quot;:null},{&quot;name&quot;:&quot;is_canceled&quot;,&quot;value&quot;:null},{&quot;name&quot;:&quot;is_game&quot;,&quot;value&quot;:null},{&quot;name&quot;:&quot;is_overtime&quot;,&quot;value&quot;:null},{&quot;name&quot;:&quot;is_shootout&quot;,&quot;value&quot;:null},{&quot;name&quot;:&quot;is_tbd&quot;,&quot;value&quot;:null},{&quot;name&quot;:&quot;label&quot;,&quot;value&quot;:null},{&quot;name&quot;:&quot;location_id&quot;,&quot;value&quot;:null},{&quot;name&quot;:&quot;minutes_to_arrive_early&quot;,&quot;value&quot;:null},{&quot;name&quot;:&quot;name&quot;,&quot;value&quot;:null},{&quot;name&quot;:&quot;notes&quot;,&quot;value&quot;:null},{&quot;name&quot;:&quot;notify_opponent&quot;,&quot;value&quot;:null},{&quot;name&quot;:&quot;notify_opponent_contacts_email&quot;,&quot;value&quot;:null},{&quot;name&quot;:&quot;notify_opponent_contacts_name&quot;,&quot;value&quot;:null},{&quot;name&quot;:&quot;notify_opponent_notes&quot;,&quot;value&quot;:null},{&quot;name&quot;:&quot;notify_team&quot;,&quot;value&quot;:null},{&quot;name&quot;:&quot;notify_team_as_member_id&quot;,&quot;value&quot;:null},{&quot;name&quot;:&quot;opponent_id&quot;,&quot;value&quot;:null},{&quot;name&quot;:&quot;points_for_opponent&quot;,&quot;value&quot;:null},{&quot;name&quot;:&quot;points_for_team&quot;,&quot;value&quot;:null},{&quot;name&quot;:&quot;repeating_include&quot;,&quot;value&quot;:null,&quot;prompt&quot;:&quot;When updating a repeating event, this is a required field. Values are: \&quot;all\&quot; - updates all events in this series, \&quot;future\&quot; - updates this event and all that occur after, \&quot;none\&quot; - only updates a single event.&quot;},{&quot;name&quot;:&quot;repeating_type_code&quot;,&quot;value&quot;:null,&quot;prompt&quot;:&quot;A code for the frequency of the repeated event, this is required with the \&quot;repeating_include\&quot; attribute when creating a repeating event. Valid values are: \&quot;1\&quot; - repeat an event daily, \&quot;2\&quot; - repeat an event weekly.&quot;},{&quot;name&quot;:&quot;repeating_until&quot;,&quot;value&quot;:null,&quot;prompt&quot;:&quot;A date when the repeating event should end, this is inclusive so an event will be created on this day if it falls before the next event specified by \&quot;repeating_type_code\&quot;. This attribute is required with \&quot;repeating_type_code\&quot; when creating a repeating event.&quot;},{&quot;name&quot;:&quot;results&quot;,&quot;value&quot;:null},{&quot;name&quot;:&quot;results_url&quot;,&quot;value&quot;:null},{&quot;name&quot;:&quot;shootout_points_for_opponent&quot;,&quot;value&quot;:null},{&quot;name&quot;:&quot;shootout_points_for_team&quot;,&quot;value&quot;:null},{&quot;name&quot;:&quot;start_date&quot;,&quot;value&quot;:null},{&quot;name&quot;:&quot;team_id&quot;,&quot;value&quot;:null},{&quot;name&quot;:&quot;time_zone&quot;,&quot;value&quot;:null},{&quot;name&quot;:&quot;tracks_availability&quot;,&quot;value&quot;:null},{&quot;name&quot;:&quot;uniform&quot;,&quot;value&quot;:null}]},&quot;rel&quot;:&quot;events&quot;,&quot;links&quot;:[{&quot;rel&quot;:&quot;assignments&quot;,&quot;href&quot;:&quot;https://api.teamsnap.com/v3/assignments&quot;},{&quot;rel&quot;:&quot;availabilities&quot;,&quot;href&quot;:&quot;https://api.teamsnap.com/v3/availabilities&quot;},{&quot;rel&quot;:&quot;division_location&quot;,&quot;href&quot;:&quot;https://api.teamsnap.com/v3/division_locations&quot;},{&quot;rel&quot;:&quot;event_statistics&quot;,&quot;href&quot;:&quot;https://api.teamsnap.com/v3/event_statistics&quot;},{&quot;rel&quot;:&quot;location&quot;,&quot;href&quot;:&quot;https://api.teamsnap.com/v3/locations&quot;},{&quot;rel&quot;:&quot;opponent&quot;,&quot;href&quot;:&quot;https://api.teamsnap.com/v3/opponents&quot;},{&quot;rel&quot;:&quot;statistic_data&quot;,&quot;href&quot;:&quot;https://api.teamsnap.com/v3/statistic_data&quot;},{&quot;rel&quot;:&quot;team&quot;,&quot;href&quot;:&quot;https://api.teamsnap.com/v3/teams&quot;},{&quot;rel&quot;:&quot;root&quot;,&quot;href&quot;:&quot;https://api.teamsnap.com/v3/&quot;},{&quot;rel&quot;:&quot;self&quot;,&quot;href&quot;:&quot;https://api.teamsnap.com/v3/events/search?team_id=3250054&quot;}],&quot;href&quot;:&quot;https://api.teamsnap.com/v3/events&quot;,&quot;version&quot;:&quot;3.518.0&quot;,&quot;queries&quot;:[{&quot;data&quot;:[{&quot;name&quot;:&quot;team_id&quot;,&quot;value&quot;:null},{&quot;name&quot;:&quot;location_id&quot;,&quot;value&quot;:null},{&quot;name&quot;:&quot;opponent_id&quot;,&quot;value&quot;:null},{&quot;name&quot;:&quot;started_after&quot;,&quot;value&quot;:null},{&quot;name&quot;:&quot;started_before&quot;,&quot;value&quot;:null},{&quot;name&quot;:&quot;repeating_uuid&quot;,&quot;value&quot;:null},{&quot;name&quot;:&quot;id&quot;,&quot;value&quot;:null},{&quot;name&quot;:&quot;is_game&quot;,&quot;value&quot;:null},{&quot;name&quot;:&quot;updated_since&quot;,&quot;value&quot;:null},{&quot;name&quot;:&quot;page_size&quot;,&quot;value&quot;:null,&quot;prompt&quot;:&quot;The number of items to return for each page. Sending this parameter with the query will enable paging for the returned collection.&quot;},{&quot;name&quot;:&quot;page_number&quot;,&quot;value&quot;:null,&quot;prompt&quot;:&quot;The number of the page to be returned. This requires that paging be turned on by also providing the page_size parameter.&quot;},{&quot;name&quot;:&quot;sort_start_date&quot;,&quot;value&quot;:null,&quot;prompt&quot;:&quot;Sort the returned dataset based on the start_date field, valid values are &apos;asc&apos; or &apos;desc&apos;.&quot;}],&quot;rel&quot;:&quot;search&quot;,&quot;sort&quot;:[&quot;start_date&quot;],&quot;href&quot;:&quot;https://api.teamsnap.com/v3/events/search&quot;},{&quot;data&quot;:[{&quot;name&quot;:&quot;team_id&quot;,&quot;value&quot;:null},{&quot;name&quot;:&quot;page_size&quot;,&quot;value&quot;:null,&quot;prompt&quot;:&quot;The number of items to return for each page. Sending this parameter with the query will enable paging for the returned collection.&quot;},{&quot;name&quot;:&quot;page_number&quot;,&quot;value&quot;:null,&quot;prompt&quot;:&quot;The number of the page to be returned. This requires that paging be turned on by also providing the page_size parameter.&quot;}],&quot;rel&quot;:&quot;search_games&quot;,&quot;href&quot;:&quot;https://api.teamsnap.com/v3/events/search_games&quot;},{&quot;data&quot;:[{&quot;name&quot;:&quot;team_id&quot;,&quot;value&quot;:null}],&quot;rel&quot;:&quot;overview&quot;,&quot;href&quot;:&quot;https://api.teamsnap.com/v3/events/overview&quot;}],&quot;commands&quot;:[{&quot;data&quot;:[{&quot;name&quot;:&quot;id&quot;,&quot;value&quot;:null},{&quot;name&quot;:&quot;members_to_notify&quot;,&quot;value&quot;:null},{&quot;name&quot;:&quot;notify_team_as_member_id&quot;,&quot;value&quot;:null}],&quot;rel&quot;:&quot;send_availability_reminders&quot;,&quot;href&quot;:&quot;https://api.teamsnap.com/v3/events/send_availability_reminders&quot;,&quot;prompt&quot;:&quot;members_to_notify = [member_id, member_id]&quot;},{&quot;data&quot;:[{&quot;name&quot;:&quot;id&quot;,&quot;value&quot;:null},{&quot;name&quot;:&quot;points_for_team&quot;,&quot;value&quot;:null},{&quot;name&quot;:&quot;points_for_opponent&quot;,&quot;value&quot;:null},{&quot;name&quot;:&quot;shootout_points_for_team&quot;,&quot;value&quot;:null},{&quot;name&quot;:&quot;shootout_points_for_opponent&quot;,&quot;value&quot;:null},{&quot;name&quot;:&quot;is_overtime&quot;,&quot;value&quot;:null},{&quot;name&quot;:&quot;is_shootout&quot;,&quot;value&quot;:null},{&quot;name&quot;:&quot;results&quot;,&quot;value&quot;:null},{&quot;name&quot;:&quot;results_url&quot;,&quot;value&quot;:null}],&quot;rel&quot;:&quot;update_final_score&quot;,&quot;href&quot;:&quot;https://api.teamsnap.com/v3/events/update_final_score&quot;,&quot;prompt&quot;:&quot;Update the final score for an event&quot;},{&quot;data&quot;:[{&quot;name&quot;:&quot;templates&quot;,&quot;value&quot;:null},{&quot;name&quot;:&quot;team_id&quot;,&quot;value&quot;:null},{&quot;name&quot;:&quot;notify_team_as_member_id&quot;,&quot;value&quot;:null},{&quot;name&quot;:&quot;notify_team&quot;,&quot;value&quot;:null}],&quot;rel&quot;:&quot;bulk_create&quot;,&quot;href&quot;:&quot;https://api.teamsnap.com/v3/events/bulk_create&quot;,&quot;prompt&quot;:&quot;event_ids = [event_id, event_id]&quot;}]}}
Aug 05, 2017 6:33:28 PM teamsnap.apiClient.Query execute
INFO: {&quot;collection&quot;:{&quot;template&quot;:{&quot;data&quot;:[{&quot;name&quot;:&quot;event_type&quot;,&quot;value&quot;:&quot;event&quot;},{&quot;name&quot;:&quot;duration_in_minutes&quot;,&quot;value&quot;:null},{&quot;name&quot;:&quot;duration_in_hours&quot;,&quot;value&quot;:null},{&quot;name&quot;:&quot;icon_color&quot;,&quot;value&quot;:null},{&quot;name&quot;:&quot;is_canceled&quot;,&quot;value&quot;:null},{&quot;name&quot;:&quot;is_tbd&quot;,&quot;value&quot;:null},{&quot;name&quot;:&quot;label&quot;,&quot;value&quot;:null},{&quot;name&quot;:&quot;location_id&quot;,&quot;value&quot;:null},{&quot;name&quot;:&quot;additional_location_details&quot;,&quot;value&quot;:null},{&quot;name&quot;:&quot;minutes_to_arrive_early&quot;,&quot;value&quot;:null},{&quot;name&quot;:&quot;name&quot;,&quot;value&quot;:null},{&quot;name&quot;:&quot;notes&quot;,&quot;value&quot;:null},{&quot;name&quot;:&quot;notify_team&quot;,&quot;value&quot;:null},{&quot;name&quot;:&quot;notify_team_as_member_id&quot;,&quot;value&quot;:null},{&quot;name&quot;:&quot;opponent_id&quot;,&quot;value&quot;:null},{&quot;name&quot;:&quot;start_date&quot;,&quot;value&quot;:null},{&quot;name&quot;:&quot;team_id&quot;,&quot;value&quot;:null},{&quot;name&quot;:&quot;division_id&quot;,&quot;value&quot;:null},{&quot;name&quot;:&quot;time_zone&quot;,&quot;value&quot;:null},{&quot;name&quot;:&quot;game_type_code&quot;,&quot;value&quot;:null},{&quot;name&quot;:&quot;doesnt_count_towards_record&quot;,&quot;value&quot;:null},{&quot;name&quot;:&quot;is_editing_restricted&quot;,&quot;value&quot;:null,&quot;prompt&quot;:&quot;This is an optional boolean value. When set to `true`, the created event will only be editable by the oauth application that created the event. This option is restricted to first-party applicaitons&quot;}]},&quot;rel&quot;:&quot;division_events&quot;,&quot;links&quot;:[{&quot;rel&quot;:&quot;assignments&quot;,&quot;href&quot;:&quot;https://api.teamsnap.com/v3/assignments&quot;},{&quot;rel&quot;:&quot;availabilities&quot;,&quot;href&quot;:&quot;https://api.teamsnap.com/v3/availabilities&quot;},{&quot;rel&quot;:&quot;division_event_import&quot;,&quot;href&quot;:&quot;https://api.teamsnap.com/v3/division_events_imports&quot;},{&quot;rel&quot;:&quot;division_location&quot;,&quot;href&quot;:&quot;https://api.teamsnap.com/v3/division_locations&quot;},{&quot;rel&quot;:&quot;event_statistics&quot;,&quot;href&quot;:&quot;https://api.teamsnap.com/v3/event_statistics&quot;},{&quot;rel&quot;:&quot;location&quot;,&quot;href&quot;:&quot;https://api.teamsnap.com/v3/locations&quot;},{&quot;rel&quot;:&quot;opponent&quot;,&quot;href&quot;:&quot;https://api.teamsnap.com/v3/opponents&quot;},{&quot;rel&quot;:&quot;statistic_data&quot;,&quot;href&quot;:&quot;https://api.teamsnap.com/v3/statistic_data&quot;},{&quot;rel&quot;:&quot;team&quot;,&quot;href&quot;:&quot;https://api.teamsnap.com/v3/teams&quot;},{&quot;rel&quot;:&quot;root&quot;,&quot;href&quot;:&quot;https://api.teamsnap.com/v3/&quot;},{&quot;rel&quot;:&quot;self&quot;,&quot;href&quot;:&quot;https://api.teamsnap.com/v3/division_events/search?division_id=219328&quot;}],&quot;href&quot;:&quot;https://api.teamsnap.com/v3/division_events&quot;,&quot;version&quot;:&quot;3.518.0&quot;,&quot;prompt&quot;:&quot;BETA: (This endpoint subject to change) Returns a collection associated with a division&apos;s events&quot;,&quot;queries&quot;:[{&quot;data&quot;:[{&quot;name&quot;:&quot;division_id&quot;,&quot;value&quot;:null},{&quot;name&quot;:&quot;id&quot;,&quot;value&quot;:null},{&quot;name&quot;:&quot;division_event_import_id&quot;,&quot;value&quot;:null},{&quot;name&quot;:&quot;division_location_id&quot;,&quot;value&quot;:null},{&quot;name&quot;:&quot;started_after&quot;,&quot;value&quot;:null},{&quot;name&quot;:&quot;is_game&quot;,&quot;value&quot;:null},{&quot;name&quot;:&quot;repeating_uuid&quot;,&quot;value&quot;:null},{&quot;name&quot;:&quot;page_size&quot;,&quot;value&quot;:null,&quot;prompt&quot;:&quot;The number of items to return for each page. Sending this parameter with the query will enable paging for the returned collection.&quot;},{&quot;name&quot;:&quot;page_number&quot;,&quot;value&quot;:null,&quot;prompt&quot;:&quot;The number of the page to be returned. This requires that paging be turned on by also providing the page_size parameter.&quot;},{&quot;name&quot;:&quot;sort_start_date&quot;,&quot;value&quot;:null,&quot;prompt&quot;:&quot;Sort the returned dataset based on the start_date field, valid values are &apos;asc&apos; or &apos;desc&apos;.&quot;}],&quot;rel&quot;:&quot;search&quot;,&quot;href&quot;:&quot;https://api.teamsnap.com/v3/division_events/search&quot;,&quot;sort&quot;:[&quot;start_date&quot;]}]}}
</system-err>
  </testcase>
</testsuite>